[0.775s] Invoking command in '/home/nikita/turtlebot3_ws/build/turtlebot3_example': AMENT_PREFIX_PATH=/home/nikita/turtlebot3_ws/install/turtlebot3_msgs:${AMENT_PREFIX_PATH} CMAKE_PREFIX_PATH=/home/nikita/turtlebot3_ws/install/turtlebot3_msgs LD_LIBRARY_PATH=/home/nikita/turtlebot3_ws/install/turtlebot3_msgs/lib:/usr/lib/x86_64-linux-gnu/gazebo-11/plugins:/opt/ros/humble/opt/rviz_ogre_vendor/lib:/opt/ros/humble/lib/x86_64-linux-gnu:/opt/ros/humble/lib:/usr/lib/x86_64-linux-gnu/gazebo-11/plugins:/usr/lib/x86_64-linux-gnu/gazebo-11/plugins:/home/nikita/turtlebot3_ws/build/turtlebot3_gazebo:/home/nikita/turtlebot3_ws/build/turtlebot3_gazebo:/usr/lib/x86_64-linux-gnu/gazebo-11/plugins PYTHONPATH=/home/nikita/turtlebot3_ws/build/turtlebot3_example/prefix_override:/usr/lib/python3/dist-packages/colcon_core/task/python/colcon_distutils_commands:/home/nikita/turtlebot3_ws/install/turtlebot3_example/lib/python3.10/site-packages:/home/nikita/turtlebot3_ws/install/turtlebot3_msgs/local/lib/python3.10/dist-packages:${PYTHONPATH} /usr/bin/python3 -W ignore:setup.py install is deprecated -W ignore:easy_install command is deprecated setup.py develop --editable --build-directory /home/nikita/turtlebot3_ws/build/turtlebot3_example/build --no-deps symlink_data
[1.087s] running develop
[1.277s] running egg_info
[1.277s] creating turtlebot3_example.egg-info
[1.277s] writing turtlebot3_example.egg-info/PKG-INFO
[1.277s] writing dependency_links to turtlebot3_example.egg-info/dependency_links.txt
[1.278s] writing entry points to turtlebot3_example.egg-info/entry_points.txt
[1.278s] writing requirements to turtlebot3_example.egg-info/requires.txt
[1.281s] writing top-level names to turtlebot3_example.egg-info/top_level.txt
[1.281s] writing manifest file 'turtlebot3_example.egg-info/SOURCES.txt'
[1.281s] reading manifest file 'turtlebot3_example.egg-info/SOURCES.txt'
[1.282s] writing manifest file 'turtlebot3_example.egg-info/SOURCES.txt'
[1.284s] running build_ext
[1.285s] Creating /home/nikita/turtlebot3_ws/install/turtlebot3_example/lib/python3.10/site-packages/turtlebot3-example.egg-link (link to .)
[1.286s] Installing turtlebot3_absolute_move script to /home/nikita/turtlebot3_ws/install/turtlebot3_example/lib/turtlebot3_example
[1.286s] Installing turtlebot3_interactive_marker script to /home/nikita/turtlebot3_ws/install/turtlebot3_example/lib/turtlebot3_example
[1.286s] Installing turtlebot3_obstacle_detection script to /home/nikita/turtlebot3_ws/install/turtlebot3_example/lib/turtlebot3_example
[1.286s] Installing turtlebot3_patrol_client script to /home/nikita/turtlebot3_ws/install/turtlebot3_example/lib/turtlebot3_example
[1.286s] Installing turtlebot3_patrol_server script to /home/nikita/turtlebot3_ws/install/turtlebot3_example/lib/turtlebot3_example
[1.286s] Installing turtlebot3_relative_move script to /home/nikita/turtlebot3_ws/install/turtlebot3_example/lib/turtlebot3_example
[1.287s] 
[1.287s] Installed /home/nikita/turtlebot3_ws/build/turtlebot3_example
[1.287s] running symlink_data
[1.287s] creating /home/nikita/turtlebot3_ws/install/turtlebot3_example/share/ament_index
[1.287s] creating /home/nikita/turtlebot3_ws/install/turtlebot3_example/share/ament_index/resource_index
[1.287s] creating /home/nikita/turtlebot3_ws/install/turtlebot3_example/share/ament_index/resource_index/packages
[1.287s] symbolically linking /home/nikita/turtlebot3_ws/build/turtlebot3_example/resource/turtlebot3_example -> /home/nikita/turtlebot3_ws/install/turtlebot3_example/share/ament_index/resource_index/packages
[1.287s] symbolically linking /home/nikita/turtlebot3_ws/build/turtlebot3_example/package.xml -> /home/nikita/turtlebot3_ws/install/turtlebot3_example/share/turtlebot3_example
[1.334s] Invoked command in '/home/nikita/turtlebot3_ws/build/turtlebot3_example' returned '0': AMENT_PREFIX_PATH=/home/nikita/turtlebot3_ws/install/turtlebot3_msgs:${AMENT_PREFIX_PATH} CMAKE_PREFIX_PATH=/home/nikita/turtlebot3_ws/install/turtlebot3_msgs LD_LIBRARY_PATH=/home/nikita/turtlebot3_ws/install/turtlebot3_msgs/lib:/usr/lib/x86_64-linux-gnu/gazebo-11/plugins:/opt/ros/humble/opt/rviz_ogre_vendor/lib:/opt/ros/humble/lib/x86_64-linux-gnu:/opt/ros/humble/lib:/usr/lib/x86_64-linux-gnu/gazebo-11/plugins:/usr/lib/x86_64-linux-gnu/gazebo-11/plugins:/home/nikita/turtlebot3_ws/build/turtlebot3_gazebo:/home/nikita/turtlebot3_ws/build/turtlebot3_gazebo:/usr/lib/x86_64-linux-gnu/gazebo-11/plugins PYTHONPATH=/home/nikita/turtlebot3_ws/build/turtlebot3_example/prefix_override:/usr/lib/python3/dist-packages/colcon_core/task/python/colcon_distutils_commands:/home/nikita/turtlebot3_ws/install/turtlebot3_example/lib/python3.10/site-packages:/home/nikita/turtlebot3_ws/install/turtlebot3_msgs/local/lib/python3.10/dist-packages:${PYTHONPATH} /usr/bin/python3 -W ignore:setup.py install is deprecated -W ignore:easy_install command is deprecated setup.py develop --editable --build-directory /home/nikita/turtlebot3_ws/build/turtlebot3_example/build --no-deps symlink_data
