[2.075s] Invoking command in '/home/nikita/turtlebot3_ws/src/turtlebot3_autorace/turtlebot3_autorace_detect': PYTHONPATH=/home/nikita/turtlebot3_ws/src/build/turtlebot3_autorace_detect/prefix_override:/usr/lib/python3/dist-packages/colcon_core/task/python/colcon_distutils_commands:/home/nikita/turtlebot3_ws/src/install/turtlebot3_autorace_detect/lib/python3.10/site-packages:${PYTHONPATH} /usr/bin/python3 -W ignore:setup.py install is deprecated -W ignore:easy_install command is deprecated setup.py egg_info --egg-base ../../build/turtlebot3_autorace_detect build --build-base /home/nikita/turtlebot3_ws/src/build/turtlebot3_autorace_detect/build install --record /home/nikita/turtlebot3_ws/src/build/turtlebot3_autorace_detect/install.log --single-version-externally-managed install_data
[2.386s] running egg_info
[2.387s] creating ../../build/turtlebot3_autorace_detect/turtlebot3_autorace_detect.egg-info
[2.387s] writing ../../build/turtlebot3_autorace_detect/turtlebot3_autorace_detect.egg-info/PKG-INFO
[2.387s] writing dependency_links to ../../build/turtlebot3_autorace_detect/turtlebot3_autorace_detect.egg-info/dependency_links.txt
[2.387s] writing entry points to ../../build/turtlebot3_autorace_detect/turtlebot3_autorace_detect.egg-info/entry_points.txt
[2.388s] writing requirements to ../../build/turtlebot3_autorace_detect/turtlebot3_autorace_detect.egg-info/requires.txt
[2.388s] writing top-level names to ../../build/turtlebot3_autorace_detect/turtlebot3_autorace_detect.egg-info/top_level.txt
[2.388s] writing manifest file '../../build/turtlebot3_autorace_detect/turtlebot3_autorace_detect.egg-info/SOURCES.txt'
[2.391s] reading manifest file '../../build/turtlebot3_autorace_detect/turtlebot3_autorace_detect.egg-info/SOURCES.txt'
[2.392s] writing manifest file '../../build/turtlebot3_autorace_detect/turtlebot3_autorace_detect.egg-info/SOURCES.txt'
[2.392s] running build
[2.392s] running build_py
[2.392s] creating /home/nikita/turtlebot3_ws/src/build/turtlebot3_autorace_detect/build
[2.392s] creating /home/nikita/turtlebot3_ws/src/build/turtlebot3_autorace_detect/build/lib
[2.392s] creating /home/nikita/turtlebot3_ws/src/build/turtlebot3_autorace_detect/build/lib/turtlebot3_autorace_detect
[2.392s] copying turtlebot3_autorace_detect/__init__.py -> /home/nikita/turtlebot3_ws/src/build/turtlebot3_autorace_detect/build/lib/turtlebot3_autorace_detect
[2.393s] copying turtlebot3_autorace_detect/detect_intersection_sign.py -> /home/nikita/turtlebot3_ws/src/build/turtlebot3_autorace_detect/build/lib/turtlebot3_autorace_detect
[2.393s] copying turtlebot3_autorace_detect/detect_construction_sign.py -> /home/nikita/turtlebot3_ws/src/build/turtlebot3_autorace_detect/build/lib/turtlebot3_autorace_detect
[2.393s] copying turtlebot3_autorace_detect/detect_level_crossing_sign.py -> /home/nikita/turtlebot3_ws/src/build/turtlebot3_autorace_detect/build/lib/turtlebot3_autorace_detect
[2.393s] copying turtlebot3_autorace_detect/detect_traffic_light.py -> /home/nikita/turtlebot3_ws/src/build/turtlebot3_autorace_detect/build/lib/turtlebot3_autorace_detect
[2.394s] copying turtlebot3_autorace_detect/detect_apriltag_node.py -> /home/nikita/turtlebot3_ws/src/build/turtlebot3_autorace_detect/build/lib/turtlebot3_autorace_detect
[2.394s] copying turtlebot3_autorace_detect/detect_parking_sign.py -> /home/nikita/turtlebot3_ws/src/build/turtlebot3_autorace_detect/build/lib/turtlebot3_autorace_detect
[2.394s] copying turtlebot3_autorace_detect/detect_level_crossing.py -> /home/nikita/turtlebot3_ws/src/build/turtlebot3_autorace_detect/build/lib/turtlebot3_autorace_detect
[2.394s] copying turtlebot3_autorace_detect/detect_tunnel_sign.py -> /home/nikita/turtlebot3_ws/src/build/turtlebot3_autorace_detect/build/lib/turtlebot3_autorace_detect
[2.394s] copying turtlebot3_autorace_detect/detect_lane.py -> /home/nikita/turtlebot3_ws/src/build/turtlebot3_autorace_detect/build/lib/turtlebot3_autorace_detect
[2.395s] running install
[2.395s] running install_lib
[2.397s] creating /home/nikita/turtlebot3_ws/src/install/turtlebot3_autorace_detect/lib/python3.10/site-packages/turtlebot3_autorace_detect
[2.398s] copying /home/nikita/turtlebot3_ws/src/build/turtlebot3_autorace_detect/build/lib/turtlebot3_autorace_detect/__init__.py -> /home/nikita/turtlebot3_ws/src/install/turtlebot3_autorace_detect/lib/python3.10/site-packages/turtlebot3_autorace_detect
[2.398s] copying /home/nikita/turtlebot3_ws/src/build/turtlebot3_autorace_detect/build/lib/turtlebot3_autorace_detect/detect_intersection_sign.py -> /home/nikita/turtlebot3_ws/src/install/turtlebot3_autorace_detect/lib/python3.10/site-packages/turtlebot3_autorace_detect
[2.398s] copying /home/nikita/turtlebot3_ws/src/build/turtlebot3_autorace_detect/build/lib/turtlebot3_autorace_detect/detect_construction_sign.py -> /home/nikita/turtlebot3_ws/src/install/turtlebot3_autorace_detect/lib/python3.10/site-packages/turtlebot3_autorace_detect
[2.398s] copying /home/nikita/turtlebot3_ws/src/build/turtlebot3_autorace_detect/build/lib/turtlebot3_autorace_detect/detect_level_crossing_sign.py -> /home/nikita/turtlebot3_ws/src/install/turtlebot3_autorace_detect/lib/python3.10/site-packages/turtlebot3_autorace_detect
[2.398s] copying /home/nikita/turtlebot3_ws/src/build/turtlebot3_autorace_detect/build/lib/turtlebot3_autorace_detect/detect_traffic_light.py -> /home/nikita/turtlebot3_ws/src/install/turtlebot3_autorace_detect/lib/python3.10/site-packages/turtlebot3_autorace_detect
[2.399s] copying /home/nikita/turtlebot3_ws/src/build/turtlebot3_autorace_detect/build/lib/turtlebot3_autorace_detect/detect_apriltag_node.py -> /home/nikita/turtlebot3_ws/src/install/turtlebot3_autorace_detect/lib/python3.10/site-packages/turtlebot3_autorace_detect
[2.399s] copying /home/nikita/turtlebot3_ws/src/build/turtlebot3_autorace_detect/build/lib/turtlebot3_autorace_detect/detect_parking_sign.py -> /home/nikita/turtlebot3_ws/src/install/turtlebot3_autorace_detect/lib/python3.10/site-packages/turtlebot3_autorace_detect
[2.399s] copying /home/nikita/turtlebot3_ws/src/build/turtlebot3_autorace_detect/build/lib/turtlebot3_autorace_detect/detect_level_crossing.py -> /home/nikita/turtlebot3_ws/src/install/turtlebot3_autorace_detect/lib/python3.10/site-packages/turtlebot3_autorace_detect
[2.399s] copying /home/nikita/turtlebot3_ws/src/build/turtlebot3_autorace_detect/build/lib/turtlebot3_autorace_detect/detect_tunnel_sign.py -> /home/nikita/turtlebot3_ws/src/install/turtlebot3_autorace_detect/lib/python3.10/site-packages/turtlebot3_autorace_detect
[2.399s] copying /home/nikita/turtlebot3_ws/src/build/turtlebot3_autorace_detect/build/lib/turtlebot3_autorace_detect/detect_lane.py -> /home/nikita/turtlebot3_ws/src/install/turtlebot3_autorace_detect/lib/python3.10/site-packages/turtlebot3_autorace_detect
[2.399s] byte-compiling /home/nikita/turtlebot3_ws/src/install/turtlebot3_autorace_detect/lib/python3.10/site-packages/turtlebot3_autorace_detect/__init__.py to __init__.cpython-310.pyc
[2.399s] byte-compiling /home/nikita/turtlebot3_ws/src/install/turtlebot3_autorace_detect/lib/python3.10/site-packages/turtlebot3_autorace_detect/detect_intersection_sign.py to detect_intersection_sign.cpython-310.pyc
[2.401s] byte-compiling /home/nikita/turtlebot3_ws/src/install/turtlebot3_autorace_detect/lib/python3.10/site-packages/turtlebot3_autorace_detect/detect_construction_sign.py to detect_construction_sign.cpython-310.pyc
[2.402s] byte-compiling /home/nikita/turtlebot3_ws/src/install/turtlebot3_autorace_detect/lib/python3.10/site-packages/turtlebot3_autorace_detect/detect_level_crossing_sign.py to detect_level_crossing_sign.cpython-310.pyc
[2.403s] byte-compiling /home/nikita/turtlebot3_ws/src/install/turtlebot3_autorace_detect/lib/python3.10/site-packages/turtlebot3_autorace_detect/detect_traffic_light.py to detect_traffic_light.cpython-310.pyc
[2.405s] byte-compiling /home/nikita/turtlebot3_ws/src/install/turtlebot3_autorace_detect/lib/python3.10/site-packages/turtlebot3_autorace_detect/detect_apriltag_node.py to detect_apriltag_node.cpython-310.pyc
[2.406s] byte-compiling /home/nikita/turtlebot3_ws/src/install/turtlebot3_autorace_detect/lib/python3.10/site-packages/turtlebot3_autorace_detect/detect_parking_sign.py to detect_parking_sign.cpython-310.pyc
[2.407s] byte-compiling /home/nikita/turtlebot3_ws/src/install/turtlebot3_autorace_detect/lib/python3.10/site-packages/turtlebot3_autorace_detect/detect_level_crossing.py to detect_level_crossing.cpython-310.pyc
[2.408s] byte-compiling /home/nikita/turtlebot3_ws/src/install/turtlebot3_autorace_detect/lib/python3.10/site-packages/turtlebot3_autorace_detect/detect_tunnel_sign.py to detect_tunnel_sign.cpython-310.pyc
[2.409s] byte-compiling /home/nikita/turtlebot3_ws/src/install/turtlebot3_autorace_detect/lib/python3.10/site-packages/turtlebot3_autorace_detect/detect_lane.py to detect_lane.cpython-310.pyc
[2.412s] running install_data
[2.412s] creating /home/nikita/turtlebot3_ws/src/install/turtlebot3_autorace_detect/share/ament_index
[2.413s] creating /home/nikita/turtlebot3_ws/src/install/turtlebot3_autorace_detect/share/ament_index/resource_index
[2.413s] creating /home/nikita/turtlebot3_ws/src/install/turtlebot3_autorace_detect/share/ament_index/resource_index/packages
[2.413s] copying resource/turtlebot3_autorace_detect -> /home/nikita/turtlebot3_ws/src/install/turtlebot3_autorace_detect/share/ament_index/resource_index/packages
[2.413s] copying package.xml -> /home/nikita/turtlebot3_ws/src/install/turtlebot3_autorace_detect/share/turtlebot3_autorace_detect
[2.413s] creating /home/nikita/turtlebot3_ws/src/install/turtlebot3_autorace_detect/share/turtlebot3_autorace_detect/launch
[2.413s] copying launch/detect_traffic_light.launch.py -> /home/nikita/turtlebot3_ws/src/install/turtlebot3_autorace_detect/share/turtlebot3_autorace_detect/launch
[2.413s] copying launch/detect_sign.launch.py -> /home/nikita/turtlebot3_ws/src/install/turtlebot3_autorace_detect/share/turtlebot3_autorace_detect/launch
[2.414s] copying launch/detect_lane.launch.py -> /home/nikita/turtlebot3_ws/src/install/turtlebot3_autorace_detect/share/turtlebot3_autorace_detect/launch
[2.414s] copying launch/detect_level_crossing.launch.py -> /home/nikita/turtlebot3_ws/src/install/turtlebot3_autorace_detect/share/turtlebot3_autorace_detect/launch
[2.415s] creating /home/nikita/turtlebot3_ws/src/install/turtlebot3_autorace_detect/share/turtlebot3_autorace_detect/param
[2.415s] creating /home/nikita/turtlebot3_ws/src/install/turtlebot3_autorace_detect/share/turtlebot3_autorace_detect/param/lane
[2.415s] copying param/lane/lane.yaml -> /home/nikita/turtlebot3_ws/src/install/turtlebot3_autorace_detect/share/turtlebot3_autorace_detect/param/lane
[2.416s] creating /home/nikita/turtlebot3_ws/src/install/turtlebot3_autorace_detect/share/turtlebot3_autorace_detect/param/level
[2.416s] copying param/level/level.yaml -> /home/nikita/turtlebot3_ws/src/install/turtlebot3_autorace_detect/share/turtlebot3_autorace_detect/param/level
[2.417s] creating /home/nikita/turtlebot3_ws/src/install/turtlebot3_autorace_detect/share/turtlebot3_autorace_detect/param/traffic_light
[2.417s] copying param/traffic_light/traffic_light.yaml -> /home/nikita/turtlebot3_ws/src/install/turtlebot3_autorace_detect/share/turtlebot3_autorace_detect/param/traffic_light
[2.417s] creating /home/nikita/turtlebot3_ws/src/install/turtlebot3_autorace_detect/share/turtlebot3_autorace_detect/image
[2.417s] copying image/stop.png -> /home/nikita/turtlebot3_ws/src/install/turtlebot3_autorace_detect/share/turtlebot3_autorace_detect/image
[2.417s] copying image/parking.png -> /home/nikita/turtlebot3_ws/src/install/turtlebot3_autorace_detect/share/turtlebot3_autorace_detect/image
[2.418s] copying image/right.png -> /home/nikita/turtlebot3_ws/src/install/turtlebot3_autorace_detect/share/turtlebot3_autorace_detect/image
[2.418s] copying image/intersection.png -> /home/nikita/turtlebot3_ws/src/install/turtlebot3_autorace_detect/share/turtlebot3_autorace_detect/image
[2.418s] copying image/construction.png -> /home/nikita/turtlebot3_ws/src/install/turtlebot3_autorace_detect/share/turtlebot3_autorace_detect/image
[2.419s] copying image/left.png -> /home/nikita/turtlebot3_ws/src/install/turtlebot3_autorace_detect/share/turtlebot3_autorace_detect/image
[2.419s] copying image/tunnel.png -> /home/nikita/turtlebot3_ws/src/install/turtlebot3_autorace_detect/share/turtlebot3_autorace_detect/image
[2.420s] running install_egg_info
[2.422s] Copying ../../build/turtlebot3_autorace_detect/turtlebot3_autorace_detect.egg-info to /home/nikita/turtlebot3_ws/src/install/turtlebot3_autorace_detect/lib/python3.10/site-packages/turtlebot3_autorace_detect-1.2.1-py3.10.egg-info
[2.423s] running install_scripts
[2.449s] Installing detect_apriltag script to /home/nikita/turtlebot3_ws/src/install/turtlebot3_autorace_detect/lib/turtlebot3_autorace_detect
[2.449s] Installing detect_construction_sign script to /home/nikita/turtlebot3_ws/src/install/turtlebot3_autorace_detect/lib/turtlebot3_autorace_detect
[2.449s] Installing detect_intersection_sign script to /home/nikita/turtlebot3_ws/src/install/turtlebot3_autorace_detect/lib/turtlebot3_autorace_detect
[2.450s] Installing detect_lane script to /home/nikita/turtlebot3_ws/src/install/turtlebot3_autorace_detect/lib/turtlebot3_autorace_detect
[2.450s] Installing detect_level_crossing script to /home/nikita/turtlebot3_ws/src/install/turtlebot3_autorace_detect/lib/turtlebot3_autorace_detect
[2.450s] Installing detect_level_crossing_sign script to /home/nikita/turtlebot3_ws/src/install/turtlebot3_autorace_detect/lib/turtlebot3_autorace_detect
[2.450s] Installing detect_parking_sign script to /home/nikita/turtlebot3_ws/src/install/turtlebot3_autorace_detect/lib/turtlebot3_autorace_detect
[2.451s] Installing detect_traffic_light script to /home/nikita/turtlebot3_ws/src/install/turtlebot3_autorace_detect/lib/turtlebot3_autorace_detect
[2.451s] Installing detect_tunnel_sign script to /home/nikita/turtlebot3_ws/src/install/turtlebot3_autorace_detect/lib/turtlebot3_autorace_detect
[2.451s] writing list of installed files to '/home/nikita/turtlebot3_ws/src/build/turtlebot3_autorace_detect/install.log'
[2.554s] Invoked command in '/home/nikita/turtlebot3_ws/src/turtlebot3_autorace/turtlebot3_autorace_detect' returned '0': PYTHONPATH=/home/nikita/turtlebot3_ws/src/build/turtlebot3_autorace_detect/prefix_override:/usr/lib/python3/dist-packages/colcon_core/task/python/colcon_distutils_commands:/home/nikita/turtlebot3_ws/src/install/turtlebot3_autorace_detect/lib/python3.10/site-packages:${PYTHONPATH} /usr/bin/python3 -W ignore:setup.py install is deprecated -W ignore:easy_install command is deprecated setup.py egg_info --egg-base ../../build/turtlebot3_autorace_detect build --build-base /home/nikita/turtlebot3_ws/src/build/turtlebot3_autorace_detect/build install --record /home/nikita/turtlebot3_ws/src/build/turtlebot3_autorace_detect/install.log --single-version-externally-managed install_data
