[0.091s] Invoking command in '/home/nikita/turtlebot3_ws/build/turtlebot3_msgs': CMAKE_PREFIX_PATH=${CMAKE_PREFIX_PATH}:/home/nikita/turtlebot3_ws/install/turtlebot3_teleop:/home/nikita/turtlebot3_ws/install/turtlebot3_example:/home/nikita/turtlebot3_ws/install/turtlebot3_autorace:/home/nikita/turtlebot3_ws/install/turtlebot3_autorace_mission:/home/nikita/turtlebot3_ws/install/turtlebot3_autorace_detect:/home/nikita/turtlebot3_ws/install/turtlebot3_autorace_camera:/home/nikita/AMR_coding/install/webcam:/home/nikita/AMR_coding/install/turtle_distance_package:/home/nikita/AMR_coding/install/turtle_distance_node:/home/nikita/AMR_coding/install/trt_rect_pkg:/home/nikita/AMR_coding/install/publisher_node:/home/nikita/AMR_coding/install/my_package:/opt/ros/humble /usr/bin/cmake /home/nikita/turtlebot3_ws/src/turtlebot3_msgs -DCMAKE_INSTALL_PREFIX=/home/nikita/turtlebot3_ws/install/turtlebot3_msgs
[1.299s] -- Found action_msgs: 1.2.1 (/opt/ros/humble/share/action_msgs/cmake)
[1.299s] -- Override CMake install command with custom implementation using symlinks instead of copying resources
[1.299s] -- Found rosidl_generator_c: 3.1.6 (/opt/ros/humble/share/rosidl_generator_c/cmake)
[1.300s] -- Found rosidl_adapter: 3.1.6 (/opt/ros/humble/share/rosidl_adapter/cmake)
[1.301s] -- Found rosidl_generator_cpp: 3.1.6 (/opt/ros/humble/share/rosidl_generator_cpp/cmake)
[1.301s] -- Using all available rosidl_typesupport_c: rosidl_typesupport_fastrtps_c;rosidl_typesupport_introspection_c
[1.301s] -- Using all available rosidl_typesupport_cpp: rosidl_typesupport_fastrtps_cpp;rosidl_typesupport_introspection_cpp
[1.301s] -- Found rosidl_default_generators: 1.2.0 (/opt/ros/humble/share/rosidl_default_generators/cmake)
[1.301s] -- Found std_msgs: 4.2.4 (/opt/ros/humble/share/std_msgs/cmake)
[1.301s] -- Found geometry_msgs: 4.2.4 (/opt/ros/humble/share/geometry_msgs/cmake)
[1.301s] -- Found ament_cmake_cppcheck: 0.12.11 (/opt/ros/humble/share/ament_cmake_cppcheck/cmake)
[1.302s] -- Found ament_cmake_cpplint: 0.12.11 (/opt/ros/humble/share/ament_cmake_cpplint/cmake)
[1.302s] -- Found ament_cmake_uncrustify: 0.12.11 (/opt/ros/humble/share/ament_cmake_uncrustify/cmake)
[1.302s] -- Found ament_cmake_ros: 0.10.0 (/opt/ros/humble/share/ament_cmake_ros/cmake)
[1.993s] -- Using all available rosidl_typesupport_c: rosidl_typesupport_fastrtps_c;rosidl_typesupport_introspection_c
[2.349s] -- Using all available rosidl_typesupport_cpp: rosidl_typesupport_fastrtps_cpp;rosidl_typesupport_introspection_cpp
[2.399s] -- Found python_cmake_module: 0.10.0 (/opt/ros/humble/share/python_cmake_module/cmake)
[2.446s] -- Using PYTHON_EXECUTABLE: /usr/bin/python3
[2.446s] -- Using PYTHON_INCLUDE_DIRS: /usr/include/python3.10
[2.446s] -- Using PYTHON_LIBRARIES: /usr/lib/x86_64-linux-gnu/libpython3.10.so
[2.537s] -- Found ament_cmake_flake8: 0.12.11 (/opt/ros/humble/share/ament_cmake_flake8/cmake)
[2.540s] -- Found ament_cmake_pep257: 0.12.11 (/opt/ros/humble/share/ament_cmake_pep257/cmake)
[2.570s] -- Configuring done
[2.703s] -- Generating done
[2.723s] -- Build files have been written to: /home/nikita/turtlebot3_ws/build/turtlebot3_msgs
[2.746s] Invoked command in '/home/nikita/turtlebot3_ws/build/turtlebot3_msgs' returned '0': CMAKE_PREFIX_PATH=${CMAKE_PREFIX_PATH}:/home/nikita/turtlebot3_ws/install/turtlebot3_teleop:/home/nikita/turtlebot3_ws/install/turtlebot3_example:/home/nikita/turtlebot3_ws/install/turtlebot3_autorace:/home/nikita/turtlebot3_ws/install/turtlebot3_autorace_mission:/home/nikita/turtlebot3_ws/install/turtlebot3_autorace_detect:/home/nikita/turtlebot3_ws/install/turtlebot3_autorace_camera:/home/nikita/AMR_coding/install/webcam:/home/nikita/AMR_coding/install/turtle_distance_package:/home/nikita/AMR_coding/install/turtle_distance_node:/home/nikita/AMR_coding/install/trt_rect_pkg:/home/nikita/AMR_coding/install/publisher_node:/home/nikita/AMR_coding/install/my_package:/opt/ros/humble /usr/bin/cmake /home/nikita/turtlebot3_ws/src/turtlebot3_msgs -DCMAKE_INSTALL_PREFIX=/home/nikita/turtlebot3_ws/install/turtlebot3_msgs
[2.752s] Invoking command in '/home/nikita/turtlebot3_ws/build/turtlebot3_msgs': CMAKE_PREFIX_PATH=${CMAKE_PREFIX_PATH}:/home/nikita/turtlebot3_ws/install/turtlebot3_teleop:/home/nikita/turtlebot3_ws/install/turtlebot3_example:/home/nikita/turtlebot3_ws/install/turtlebot3_autorace:/home/nikita/turtlebot3_ws/install/turtlebot3_autorace_mission:/home/nikita/turtlebot3_ws/install/turtlebot3_autorace_detect:/home/nikita/turtlebot3_ws/install/turtlebot3_autorace_camera:/home/nikita/AMR_coding/install/webcam:/home/nikita/AMR_coding/install/turtle_distance_package:/home/nikita/AMR_coding/install/turtle_distance_node:/home/nikita/AMR_coding/install/trt_rect_pkg:/home/nikita/AMR_coding/install/publisher_node:/home/nikita/AMR_coding/install/my_package:/opt/ros/humble /usr/bin/cmake --build /home/nikita/turtlebot3_ws/build/turtlebot3_msgs -- -j8 -l8
[2.846s] [35m[1mConsolidate compiler generated dependencies of target turtlebot3_msgs__rosidl_generator_c[0m
[2.871s] [  1%] Built target turtlebot3_msgs__cpp
[2.877s] [ 12%] Built target turtlebot3_msgs__rosidl_generator_c
[2.881s] [ 12%] Built target ament_cmake_python_symlink_turtlebot3_msgs
[2.908s] [35m[1mConsolidate compiler generated dependencies of target turtlebot3_msgs__rosidl_typesupport_cpp[0m
[2.915s] [35m[1mConsolidate compiler generated dependencies of target turtlebot3_msgs__rosidl_typesupport_c[0m
[2.918s] [35m[1mConsolidate compiler generated dependencies of target turtlebot3_msgs__rosidl_typesupport_introspection_cpp[0m
[2.921s] [35m[1mConsolidate compiler generated dependencies of target turtlebot3_msgs__rosidl_typesupport_fastrtps_c[0m
[2.921s] [35m[1mConsolidate compiler generated dependencies of target turtlebot3_msgs__rosidl_typesupport_fastrtps_cpp[0m
[2.924s] [35m[1mConsolidate compiler generated dependencies of target turtlebot3_msgs__rosidl_typesupport_introspection_c[0m
[2.938s] [ 23%] Built target turtlebot3_msgs__rosidl_typesupport_c
[2.956s] [ 35%] Built target turtlebot3_msgs__rosidl_typesupport_introspection_c
[2.957s] [ 46%] Built target turtlebot3_msgs__rosidl_typesupport_introspection_cpp
[2.961s] [ 57%] Built target turtlebot3_msgs__rosidl_typesupport_fastrtps_c
[2.963s] [ 69%] Built target turtlebot3_msgs__rosidl_typesupport_cpp
[2.986s] [ 80%] Built target turtlebot3_msgs__rosidl_typesupport_fastrtps_cpp
[3.017s] [ 80%] Built target turtlebot3_msgs
[3.053s] [ 81%] Built target turtlebot3_msgs__py
[3.086s] [35m[1mConsolidate compiler generated dependencies of target turtlebot3_msgs__rosidl_generator_py[0m
[3.128s] [ 91%] Built target turtlebot3_msgs__rosidl_generator_py
[3.152s] [35m[1mConsolidate compiler generated dependencies of target turtlebot3_msgs__rosidl_typesupport_c__pyext[0m
[3.158s] [35m[1mConsolidate compiler generated dependencies of target turtlebot3_msgs__rosidl_typesupport_introspection_c__pyext[0m
[3.178s] [35m[1mConsolidate compiler generated dependencies of target turtlebot3_msgs__rosidl_typesupport_fastrtps_c__pyext[0m
[3.189s] [ 97%] Built target turtlebot3_msgs__rosidl_typesupport_introspection_c__pyext
[3.189s] [ 97%] Built target turtlebot3_msgs__rosidl_typesupport_c__pyext
[3.191s] [100%] Built target turtlebot3_msgs__rosidl_typesupport_fastrtps_c__pyext
[3.388s] running egg_info
[3.390s] writing turtlebot3_msgs.egg-info/PKG-INFO
[3.390s] writing dependency_links to turtlebot3_msgs.egg-info/dependency_links.txt
[3.391s] writing top-level names to turtlebot3_msgs.egg-info/top_level.txt
[3.395s] reading manifest file 'turtlebot3_msgs.egg-info/SOURCES.txt'
[3.402s] writing manifest file 'turtlebot3_msgs.egg-info/SOURCES.txt'
[3.464s] [100%] Built target ament_cmake_python_build_turtlebot3_msgs_egg
[3.482s] Invoked command in '/home/nikita/turtlebot3_ws/build/turtlebot3_msgs' returned '0': CMAKE_PREFIX_PATH=${CMAKE_PREFIX_PATH}:/home/nikita/turtlebot3_ws/install/turtlebot3_teleop:/home/nikita/turtlebot3_ws/install/turtlebot3_example:/home/nikita/turtlebot3_ws/install/turtlebot3_autorace:/home/nikita/turtlebot3_ws/install/turtlebot3_autorace_mission:/home/nikita/turtlebot3_ws/install/turtlebot3_autorace_detect:/home/nikita/turtlebot3_ws/install/turtlebot3_autorace_camera:/home/nikita/AMR_coding/install/webcam:/home/nikita/AMR_coding/install/turtle_distance_package:/home/nikita/AMR_coding/install/turtle_distance_node:/home/nikita/AMR_coding/install/trt_rect_pkg:/home/nikita/AMR_coding/install/publisher_node:/home/nikita/AMR_coding/install/my_package:/opt/ros/humble /usr/bin/cmake --build /home/nikita/turtlebot3_ws/build/turtlebot3_msgs -- -j8 -l8
[3.488s] Invoking command in '/home/nikita/turtlebot3_ws/build/turtlebot3_msgs': CMAKE_PREFIX_PATH=${CMAKE_PREFIX_PATH}:/home/nikita/turtlebot3_ws/install/turtlebot3_teleop:/home/nikita/turtlebot3_ws/install/turtlebot3_example:/home/nikita/turtlebot3_ws/install/turtlebot3_autorace:/home/nikita/turtlebot3_ws/install/turtlebot3_autorace_mission:/home/nikita/turtlebot3_ws/install/turtlebot3_autorace_detect:/home/nikita/turtlebot3_ws/install/turtlebot3_autorace_camera:/home/nikita/AMR_coding/install/webcam:/home/nikita/AMR_coding/install/turtle_distance_package:/home/nikita/AMR_coding/install/turtle_distance_node:/home/nikita/AMR_coding/install/trt_rect_pkg:/home/nikita/AMR_coding/install/publisher_node:/home/nikita/AMR_coding/install/my_package:/opt/ros/humble /usr/bin/cmake --install /home/nikita/turtlebot3_ws/build/turtlebot3_msgs
[3.499s] -- Install configuration: ""
[3.499s] -- Execute custom install script
[3.499s] -- Up-to-date symlink: /home/nikita/turtlebot3_ws/install/turtlebot3_msgs/share/ament_index/resource_index/rosidl_interfaces/turtlebot3_msgs
[3.514s] -- Up-to-date symlink: /home/nikita/turtlebot3_ws/install/turtlebot3_msgs/include/turtlebot3_msgs/turtlebot3_msgs/action/detail/patrol__functions.h
[3.514s] -- Up-to-date symlink: /home/nikita/turtlebot3_ws/install/turtlebot3_msgs/include/turtlebot3_msgs/turtlebot3_msgs/action/detail/patrol__struct.h
[3.514s] -- Up-to-date symlink: /home/nikita/turtlebot3_ws/install/turtlebot3_msgs/include/turtlebot3_msgs/turtlebot3_msgs/action/detail/patrol__type_support.h
[3.514s] -- Up-to-date symlink: /home/nikita/turtlebot3_ws/install/turtlebot3_msgs/include/turtlebot3_msgs/turtlebot3_msgs/action/patrol.h
[3.514s] -- Up-to-date symlink: /home/nikita/turtlebot3_ws/install/turtlebot3_msgs/include/turtlebot3_msgs/turtlebot3_msgs/msg/detail/sensor_state__functions.h
[3.514s] -- Up-to-date symlink: /home/nikita/turtlebot3_ws/install/turtlebot3_msgs/include/turtlebot3_msgs/turtlebot3_msgs/msg/detail/sensor_state__struct.h
[3.514s] -- Up-to-date symlink: /home/nikita/turtlebot3_ws/install/turtlebot3_msgs/include/turtlebot3_msgs/turtlebot3_msgs/msg/detail/sensor_state__type_support.h
[3.514s] -- Up-to-date symlink: /home/nikita/turtlebot3_ws/install/turtlebot3_msgs/include/turtlebot3_msgs/turtlebot3_msgs/msg/detail/sound__functions.h
[3.514s] -- Up-to-date symlink: /home/nikita/turtlebot3_ws/install/turtlebot3_msgs/include/turtlebot3_msgs/turtlebot3_msgs/msg/detail/sound__struct.h
[3.515s] -- Up-to-date symlink: /home/nikita/turtlebot3_ws/install/turtlebot3_msgs/include/turtlebot3_msgs/turtlebot3_msgs/msg/detail/sound__type_support.h
[3.515s] -- Up-to-date symlink: /home/nikita/turtlebot3_ws/install/turtlebot3_msgs/include/turtlebot3_msgs/turtlebot3_msgs/msg/detail/version_info__functions.h
[3.515s] -- Up-to-date symlink: /home/nikita/turtlebot3_ws/install/turtlebot3_msgs/include/turtlebot3_msgs/turtlebot3_msgs/msg/detail/version_info__struct.h
[3.515s] -- Up-to-date symlink: /home/nikita/turtlebot3_ws/install/turtlebot3_msgs/include/turtlebot3_msgs/turtlebot3_msgs/msg/detail/version_info__type_support.h
[3.515s] -- Up-to-date symlink: /home/nikita/turtlebot3_ws/install/turtlebot3_msgs/include/turtlebot3_msgs/turtlebot3_msgs/msg/rosidl_generator_c__visibility_control.h
[3.515s] -- Up-to-date symlink: /home/nikita/turtlebot3_ws/install/turtlebot3_msgs/include/turtlebot3_msgs/turtlebot3_msgs/msg/sensor_state.h
[3.515s] -- Up-to-date symlink: /home/nikita/turtlebot3_ws/install/turtlebot3_msgs/include/turtlebot3_msgs/turtlebot3_msgs/msg/sound.h
[3.515s] -- Up-to-date symlink: /home/nikita/turtlebot3_ws/install/turtlebot3_msgs/include/turtlebot3_msgs/turtlebot3_msgs/msg/version_info.h
[3.515s] -- Up-to-date symlink: /home/nikita/turtlebot3_ws/install/turtlebot3_msgs/include/turtlebot3_msgs/turtlebot3_msgs/srv/detail/dqn__functions.h
[3.515s] -- Up-to-date symlink: /home/nikita/turtlebot3_ws/install/turtlebot3_msgs/include/turtlebot3_msgs/turtlebot3_msgs/srv/detail/dqn__struct.h
[3.515s] -- Up-to-date symlink: /home/nikita/turtlebot3_ws/install/turtlebot3_msgs/include/turtlebot3_msgs/turtlebot3_msgs/srv/detail/dqn__type_support.h
[3.516s] -- Up-to-date symlink: /home/nikita/turtlebot3_ws/install/turtlebot3_msgs/include/turtlebot3_msgs/turtlebot3_msgs/srv/detail/sound__functions.h
[3.516s] -- Up-to-date symlink: /home/nikita/turtlebot3_ws/install/turtlebot3_msgs/include/turtlebot3_msgs/turtlebot3_msgs/srv/detail/sound__struct.h
[3.516s] -- Up-to-date symlink: /home/nikita/turtlebot3_ws/install/turtlebot3_msgs/include/turtlebot3_msgs/turtlebot3_msgs/srv/detail/sound__type_support.h
[3.516s] -- Up-to-date symlink: /home/nikita/turtlebot3_ws/install/turtlebot3_msgs/include/turtlebot3_msgs/turtlebot3_msgs/srv/dqn.h
[3.520s] -- Up-to-date symlink: /home/nikita/turtlebot3_ws/install/turtlebot3_msgs/include/turtlebot3_msgs/turtlebot3_msgs/srv/sound.h
[3.520s] -- Up-to-date symlink: /home/nikita/turtlebot3_ws/install/turtlebot3_msgs/share/turtlebot3_msgs/environment/library_path.sh
[3.520s] -- Up-to-date symlink: /home/nikita/turtlebot3_ws/install/turtlebot3_msgs/share/turtlebot3_msgs/environment/library_path.dsv
[3.520s] -- Up-to-date symlink: /home/nikita/turtlebot3_ws/install/turtlebot3_msgs/include/turtlebot3_msgs/turtlebot3_msgs/action/detail/patrol__rosidl_typesupport_fastrtps_c.h
[3.523s] -- Up-to-date symlink: /home/nikita/turtlebot3_ws/install/turtlebot3_msgs/include/turtlebot3_msgs/turtlebot3_msgs/msg/detail/sensor_state__rosidl_typesupport_fastrtps_c.h
[3.523s] -- Up-to-date symlink: /home/nikita/turtlebot3_ws/install/turtlebot3_msgs/include/turtlebot3_msgs/turtlebot3_msgs/msg/detail/sound__rosidl_typesupport_fastrtps_c.h
[3.523s] -- Up-to-date symlink: /home/nikita/turtlebot3_ws/install/turtlebot3_msgs/include/turtlebot3_msgs/turtlebot3_msgs/msg/detail/version_info__rosidl_typesupport_fastrtps_c.h
[3.524s] -- Up-to-date symlink: /home/nikita/turtlebot3_ws/install/turtlebot3_msgs/include/turtlebot3_msgs/turtlebot3_msgs/msg/rosidl_typesupport_fastrtps_c__visibility_control.h
[3.524s] -- Up-to-date symlink: /home/nikita/turtlebot3_ws/install/turtlebot3_msgs/include/turtlebot3_msgs/turtlebot3_msgs/srv/detail/dqn__rosidl_typesupport_fastrtps_c.h
[3.524s] -- Up-to-date symlink: /home/nikita/turtlebot3_ws/install/turtlebot3_msgs/include/turtlebot3_msgs/turtlebot3_msgs/srv/detail/sound__rosidl_typesupport_fastrtps_c.h
[3.524s] -- Up-to-date symlink: /home/nikita/turtlebot3_ws/install/turtlebot3_msgs/include/turtlebot3_msgs/turtlebot3_msgs/action/detail/patrol__builder.hpp
[3.524s] -- Up-to-date symlink: /home/nikita/turtlebot3_ws/install/turtlebot3_msgs/include/turtlebot3_msgs/turtlebot3_msgs/action/detail/patrol__struct.hpp
[3.524s] -- Up-to-date symlink: /home/nikita/turtlebot3_ws/install/turtlebot3_msgs/include/turtlebot3_msgs/turtlebot3_msgs/action/detail/patrol__traits.hpp
[3.524s] -- Up-to-date symlink: /home/nikita/turtlebot3_ws/install/turtlebot3_msgs/include/turtlebot3_msgs/turtlebot3_msgs/action/detail/patrol__type_support.hpp
[3.525s] -- Up-to-date symlink: /home/nikita/turtlebot3_ws/install/turtlebot3_msgs/include/turtlebot3_msgs/turtlebot3_msgs/action/patrol.hpp
[3.525s] -- Up-to-date symlink: /home/nikita/turtlebot3_ws/install/turtlebot3_msgs/include/turtlebot3_msgs/turtlebot3_msgs/msg/detail/sensor_state__builder.hpp
[3.525s] -- Up-to-date symlink: /home/nikita/turtlebot3_ws/install/turtlebot3_msgs/include/turtlebot3_msgs/turtlebot3_msgs/msg/detail/sensor_state__struct.hpp
[3.525s] -- Up-to-date symlink: /home/nikita/turtlebot3_ws/install/turtlebot3_msgs/include/turtlebot3_msgs/turtlebot3_msgs/msg/detail/sensor_state__traits.hpp
[3.525s] -- Up-to-date symlink: /home/nikita/turtlebot3_ws/install/turtlebot3_msgs/include/turtlebot3_msgs/turtlebot3_msgs/msg/detail/sensor_state__type_support.hpp
[3.525s] -- Up-to-date symlink: /home/nikita/turtlebot3_ws/install/turtlebot3_msgs/include/turtlebot3_msgs/turtlebot3_msgs/msg/detail/sound__builder.hpp
[3.525s] -- Up-to-date symlink: /home/nikita/turtlebot3_ws/install/turtlebot3_msgs/include/turtlebot3_msgs/turtlebot3_msgs/msg/detail/sound__struct.hpp
[3.525s] -- Up-to-date symlink: /home/nikita/turtlebot3_ws/install/turtlebot3_msgs/include/turtlebot3_msgs/turtlebot3_msgs/msg/detail/sound__traits.hpp
[3.525s] -- Up-to-date symlink: /home/nikita/turtlebot3_ws/install/turtlebot3_msgs/include/turtlebot3_msgs/turtlebot3_msgs/msg/detail/sound__type_support.hpp
[3.525s] -- Up-to-date symlink: /home/nikita/turtlebot3_ws/install/turtlebot3_msgs/include/turtlebot3_msgs/turtlebot3_msgs/msg/detail/version_info__builder.hpp
[3.525s] -- Up-to-date symlink: /home/nikita/turtlebot3_ws/install/turtlebot3_msgs/include/turtlebot3_msgs/turtlebot3_msgs/msg/detail/version_info__struct.hpp
[3.526s] -- Up-to-date symlink: /home/nikita/turtlebot3_ws/install/turtlebot3_msgs/include/turtlebot3_msgs/turtlebot3_msgs/msg/detail/version_info__traits.hpp
[3.526s] -- Up-to-date symlink: /home/nikita/turtlebot3_ws/install/turtlebot3_msgs/include/turtlebot3_msgs/turtlebot3_msgs/msg/detail/version_info__type_support.hpp
[3.526s] -- Up-to-date symlink: /home/nikita/turtlebot3_ws/install/turtlebot3_msgs/include/turtlebot3_msgs/turtlebot3_msgs/msg/rosidl_generator_cpp__visibility_control.hpp
[3.526s] -- Up-to-date symlink: /home/nikita/turtlebot3_ws/install/turtlebot3_msgs/include/turtlebot3_msgs/turtlebot3_msgs/msg/sensor_state.hpp
[3.526s] -- Up-to-date symlink: /home/nikita/turtlebot3_ws/install/turtlebot3_msgs/include/turtlebot3_msgs/turtlebot3_msgs/msg/sound.hpp
[3.526s] -- Up-to-date symlink: /home/nikita/turtlebot3_ws/install/turtlebot3_msgs/include/turtlebot3_msgs/turtlebot3_msgs/msg/version_info.hpp
[3.526s] -- Up-to-date symlink: /home/nikita/turtlebot3_ws/install/turtlebot3_msgs/include/turtlebot3_msgs/turtlebot3_msgs/srv/detail/dqn__builder.hpp
[3.526s] -- Up-to-date symlink: /home/nikita/turtlebot3_ws/install/turtlebot3_msgs/include/turtlebot3_msgs/turtlebot3_msgs/srv/detail/dqn__struct.hpp
[3.526s] -- Up-to-date symlink: /home/nikita/turtlebot3_ws/install/turtlebot3_msgs/include/turtlebot3_msgs/turtlebot3_msgs/srv/detail/dqn__traits.hpp
[3.526s] -- Up-to-date symlink: /home/nikita/turtlebot3_ws/install/turtlebot3_msgs/include/turtlebot3_msgs/turtlebot3_msgs/srv/detail/dqn__type_support.hpp
[3.526s] -- Up-to-date symlink: /home/nikita/turtlebot3_ws/install/turtlebot3_msgs/include/turtlebot3_msgs/turtlebot3_msgs/srv/detail/sound__builder.hpp
[3.526s] -- Up-to-date symlink: /home/nikita/turtlebot3_ws/install/turtlebot3_msgs/include/turtlebot3_msgs/turtlebot3_msgs/srv/detail/sound__struct.hpp
[3.526s] -- Up-to-date symlink: /home/nikita/turtlebot3_ws/install/turtlebot3_msgs/include/turtlebot3_msgs/turtlebot3_msgs/srv/detail/sound__traits.hpp
[3.527s] -- Up-to-date symlink: /home/nikita/turtlebot3_ws/install/turtlebot3_msgs/include/turtlebot3_msgs/turtlebot3_msgs/srv/detail/sound__type_support.hpp
[3.527s] -- Up-to-date symlink: /home/nikita/turtlebot3_ws/install/turtlebot3_msgs/include/turtlebot3_msgs/turtlebot3_msgs/srv/dqn.hpp
[3.527s] -- Up-to-date symlink: /home/nikita/turtlebot3_ws/install/turtlebot3_msgs/include/turtlebot3_msgs/turtlebot3_msgs/srv/sound.hpp
[3.531s] -- Up-to-date symlink: /home/nikita/turtlebot3_ws/install/turtlebot3_msgs/include/turtlebot3_msgs/turtlebot3_msgs/action/detail/patrol__rosidl_typesupport_fastrtps_cpp.hpp
[3.531s] -- Up-to-date symlink: /home/nikita/turtlebot3_ws/install/turtlebot3_msgs/include/turtlebot3_msgs/turtlebot3_msgs/msg/detail/sensor_state__rosidl_typesupport_fastrtps_cpp.hpp
[3.531s] -- Up-to-date symlink: /home/nikita/turtlebot3_ws/install/turtlebot3_msgs/include/turtlebot3_msgs/turtlebot3_msgs/msg/detail/sound__rosidl_typesupport_fastrtps_cpp.hpp
[3.531s] -- Up-to-date symlink: /home/nikita/turtlebot3_ws/install/turtlebot3_msgs/include/turtlebot3_msgs/turtlebot3_msgs/msg/detail/version_info__rosidl_typesupport_fastrtps_cpp.hpp
[3.531s] -- Up-to-date symlink: /home/nikita/turtlebot3_ws/install/turtlebot3_msgs/include/turtlebot3_msgs/turtlebot3_msgs/msg/rosidl_typesupport_fastrtps_cpp__visibility_control.h
[3.531s] -- Up-to-date symlink: /home/nikita/turtlebot3_ws/install/turtlebot3_msgs/include/turtlebot3_msgs/turtlebot3_msgs/srv/detail/dqn__rosidl_typesupport_fastrtps_cpp.hpp
[3.531s] -- Up-to-date symlink: /home/nikita/turtlebot3_ws/install/turtlebot3_msgs/include/turtlebot3_msgs/turtlebot3_msgs/srv/detail/sound__rosidl_typesupport_fastrtps_cpp.hpp
[3.531s] -- Up-to-date symlink: /home/nikita/turtlebot3_ws/install/turtlebot3_msgs/include/turtlebot3_msgs/turtlebot3_msgs/action/detail/patrol__rosidl_typesupport_introspection_c.h
[3.532s] -- Up-to-date symlink: /home/nikita/turtlebot3_ws/install/turtlebot3_msgs/include/turtlebot3_msgs/turtlebot3_msgs/msg/detail/sensor_state__rosidl_typesupport_introspection_c.h
[3.532s] -- Up-to-date symlink: /home/nikita/turtlebot3_ws/install/turtlebot3_msgs/include/turtlebot3_msgs/turtlebot3_msgs/msg/detail/sound__rosidl_typesupport_introspection_c.h
[3.532s] -- Up-to-date symlink: /home/nikita/turtlebot3_ws/install/turtlebot3_msgs/include/turtlebot3_msgs/turtlebot3_msgs/msg/detail/version_info__rosidl_typesupport_introspection_c.h
[3.532s] -- Up-to-date symlink: /home/nikita/turtlebot3_ws/install/turtlebot3_msgs/include/turtlebot3_msgs/turtlebot3_msgs/msg/rosidl_typesupport_introspection_c__visibility_control.h
[3.532s] -- Up-to-date symlink: /home/nikita/turtlebot3_ws/install/turtlebot3_msgs/include/turtlebot3_msgs/turtlebot3_msgs/srv/detail/dqn__rosidl_typesupport_introspection_c.h
[3.532s] -- Up-to-date symlink: /home/nikita/turtlebot3_ws/install/turtlebot3_msgs/include/turtlebot3_msgs/turtlebot3_msgs/srv/detail/sound__rosidl_typesupport_introspection_c.h
[3.532s] -- Up-to-date symlink: /home/nikita/turtlebot3_ws/install/turtlebot3_msgs/include/turtlebot3_msgs/turtlebot3_msgs/action/detail/patrol__rosidl_typesupport_introspection_cpp.hpp
[3.532s] -- Up-to-date symlink: /home/nikita/turtlebot3_ws/install/turtlebot3_msgs/include/turtlebot3_msgs/turtlebot3_msgs/msg/detail/sensor_state__rosidl_typesupport_introspection_cpp.hpp
[3.532s] -- Up-to-date symlink: /home/nikita/turtlebot3_ws/install/turtlebot3_msgs/include/turtlebot3_msgs/turtlebot3_msgs/msg/detail/sound__rosidl_typesupport_introspection_cpp.hpp
[3.532s] -- Up-to-date symlink: /home/nikita/turtlebot3_ws/install/turtlebot3_msgs/include/turtlebot3_msgs/turtlebot3_msgs/msg/detail/version_info__rosidl_typesupport_introspection_cpp.hpp
[3.532s] -- Up-to-date symlink: /home/nikita/turtlebot3_ws/install/turtlebot3_msgs/include/turtlebot3_msgs/turtlebot3_msgs/srv/detail/dqn__rosidl_typesupport_introspection_cpp.hpp
[3.532s] -- Up-to-date symlink: /home/nikita/turtlebot3_ws/install/turtlebot3_msgs/include/turtlebot3_msgs/turtlebot3_msgs/srv/detail/sound__rosidl_typesupport_introspection_cpp.hpp
[3.532s] -- Up-to-date symlink: /home/nikita/turtlebot3_ws/install/turtlebot3_msgs/share/turtlebot3_msgs/environment/pythonpath.sh
[3.532s] -- Up-to-date symlink: /home/nikita/turtlebot3_ws/install/turtlebot3_msgs/share/turtlebot3_msgs/environment/pythonpath.dsv
[3.533s] -- Up-to-date symlink: /home/nikita/turtlebot3_ws/install/turtlebot3_msgs/local/lib/python3.10/dist-packages/turtlebot3_msgs-2.3.0-py3.10.egg-info/PKG-INFO
[3.533s] -- Up-to-date symlink: /home/nikita/turtlebot3_ws/install/turtlebot3_msgs/local/lib/python3.10/dist-packages/turtlebot3_msgs-2.3.0-py3.10.egg-info/SOURCES.txt
[3.533s] -- Up-to-date symlink: /home/nikita/turtlebot3_ws/install/turtlebot3_msgs/local/lib/python3.10/dist-packages/turtlebot3_msgs-2.3.0-py3.10.egg-info/dependency_links.txt
[3.533s] -- Up-to-date symlink: /home/nikita/turtlebot3_ws/install/turtlebot3_msgs/local/lib/python3.10/dist-packages/turtlebot3_msgs-2.3.0-py3.10.egg-info/top_level.txt
[3.533s] -- Up-to-date symlink: /home/nikita/turtlebot3_ws/install/turtlebot3_msgs/local/lib/python3.10/dist-packages/turtlebot3_msgs/__init__.py
[3.533s] -- Up-to-date symlink: /home/nikita/turtlebot3_ws/install/turtlebot3_msgs/local/lib/python3.10/dist-packages/turtlebot3_msgs/_turtlebot3_msgs_s.ep.rosidl_typesupport_c.c
[3.533s] -- Up-to-date symlink: /home/nikita/turtlebot3_ws/install/turtlebot3_msgs/local/lib/python3.10/dist-packages/turtlebot3_msgs/_turtlebot3_msgs_s.ep.rosidl_typesupport_fastrtps_c.c
[3.533s] -- Up-to-date symlink: /home/nikita/turtlebot3_ws/install/turtlebot3_msgs/local/lib/python3.10/dist-packages/turtlebot3_msgs/_turtlebot3_msgs_s.ep.rosidl_typesupport_introspection_c.c
[3.533s] -- Up-to-date symlink: /home/nikita/turtlebot3_ws/install/turtlebot3_msgs/local/lib/python3.10/dist-packages/turtlebot3_msgs/action/__init__.py
[3.533s] -- Up-to-date symlink: /home/nikita/turtlebot3_ws/install/turtlebot3_msgs/local/lib/python3.10/dist-packages/turtlebot3_msgs/action/_patrol.py
[3.533s] -- Up-to-date symlink: /home/nikita/turtlebot3_ws/install/turtlebot3_msgs/local/lib/python3.10/dist-packages/turtlebot3_msgs/action/_patrol_s.c
[3.533s] -- Up-to-date symlink: /home/nikita/turtlebot3_ws/install/turtlebot3_msgs/local/lib/python3.10/dist-packages/turtlebot3_msgs/libturtlebot3_msgs__rosidl_generator_py.so
[3.534s] -- Up-to-date symlink: /home/nikita/turtlebot3_ws/install/turtlebot3_msgs/local/lib/python3.10/dist-packages/turtlebot3_msgs/msg/__init__.py
[3.534s] -- Up-to-date symlink: /home/nikita/turtlebot3_ws/install/turtlebot3_msgs/local/lib/python3.10/dist-packages/turtlebot3_msgs/msg/_sensor_state.py
[3.534s] -- Up-to-date symlink: /home/nikita/turtlebot3_ws/install/turtlebot3_msgs/local/lib/python3.10/dist-packages/turtlebot3_msgs/msg/_sensor_state_s.c
[3.534s] -- Up-to-date symlink: /home/nikita/turtlebot3_ws/install/turtlebot3_msgs/local/lib/python3.10/dist-packages/turtlebot3_msgs/msg/_sound.py
[3.534s] -- Up-to-date symlink: /home/nikita/turtlebot3_ws/install/turtlebot3_msgs/local/lib/python3.10/dist-packages/turtlebot3_msgs/msg/_sound_s.c
[3.534s] -- Up-to-date symlink: /home/nikita/turtlebot3_ws/install/turtlebot3_msgs/local/lib/python3.10/dist-packages/turtlebot3_msgs/msg/_version_info.py
[3.535s] -- Up-to-date symlink: /home/nikita/turtlebot3_ws/install/turtlebot3_msgs/local/lib/python3.10/dist-packages/turtlebot3_msgs/msg/_version_info_s.c
[3.535s] -- Up-to-date symlink: /home/nikita/turtlebot3_ws/install/turtlebot3_msgs/local/lib/python3.10/dist-packages/turtlebot3_msgs/srv/__init__.py
[3.535s] -- Up-to-date symlink: /home/nikita/turtlebot3_ws/install/turtlebot3_msgs/local/lib/python3.10/dist-packages/turtlebot3_msgs/srv/_dqn.py
[3.538s] -- Up-to-date symlink: /home/nikita/turtlebot3_ws/install/turtlebot3_msgs/local/lib/python3.10/dist-packages/turtlebot3_msgs/srv/_dqn_s.c
[3.538s] -- Up-to-date symlink: /home/nikita/turtlebot3_ws/install/turtlebot3_msgs/local/lib/python3.10/dist-packages/turtlebot3_msgs/srv/_sound.py
[3.538s] -- Up-to-date symlink: /home/nikita/turtlebot3_ws/install/turtlebot3_msgs/local/lib/python3.10/dist-packages/turtlebot3_msgs/srv/_sound_s.c
[3.538s] -- Up-to-date symlink: /home/nikita/turtlebot3_ws/install/turtlebot3_msgs/local/lib/python3.10/dist-packages/turtlebot3_msgs/turtlebot3_msgs_s__rosidl_typesupport_c.cpython-310-x86_64-linux-gnu.so
[3.538s] -- Up-to-date symlink: /home/nikita/turtlebot3_ws/install/turtlebot3_msgs/local/lib/python3.10/dist-packages/turtlebot3_msgs/turtlebot3_msgs_s__rosidl_typesupport_fastrtps_c.cpython-310-x86_64-linux-gnu.so
[3.539s] -- Up-to-date symlink: /home/nikita/turtlebot3_ws/install/turtlebot3_msgs/local/lib/python3.10/dist-packages/turtlebot3_msgs/turtlebot3_msgs_s__rosidl_typesupport_introspection_c.cpython-310-x86_64-linux-gnu.so
[3.539s] -- Up-to-date symlink: /home/nikita/turtlebot3_ws/install/turtlebot3_msgs/local/lib/python3.10/dist-packages/turtlebot3_msgs/turtlebot3_msgs_s__rosidl_typesupport_fastrtps_c.cpython-310-x86_64-linux-gnu.so
[3.539s] -- Up-to-date symlink: /home/nikita/turtlebot3_ws/install/turtlebot3_msgs/local/lib/python3.10/dist-packages/turtlebot3_msgs/turtlebot3_msgs_s__rosidl_typesupport_introspection_c.cpython-310-x86_64-linux-gnu.so
[3.539s] -- Up-to-date symlink: /home/nikita/turtlebot3_ws/install/turtlebot3_msgs/local/lib/python3.10/dist-packages/turtlebot3_msgs/turtlebot3_msgs_s__rosidl_typesupport_c.cpython-310-x86_64-linux-gnu.so
[3.539s] -- Up-to-date symlink: /home/nikita/turtlebot3_ws/install/turtlebot3_msgs/share/turtlebot3_msgs/msg/SensorState.idl
[3.539s] -- Up-to-date symlink: /home/nikita/turtlebot3_ws/install/turtlebot3_msgs/share/turtlebot3_msgs/msg/Sound.idl
[3.539s] -- Up-to-date symlink: /home/nikita/turtlebot3_ws/install/turtlebot3_msgs/share/turtlebot3_msgs/msg/VersionInfo.idl
[3.539s] -- Up-to-date symlink: /home/nikita/turtlebot3_ws/install/turtlebot3_msgs/share/turtlebot3_msgs/srv/Sound.idl
[3.539s] -- Up-to-date symlink: /home/nikita/turtlebot3_ws/install/turtlebot3_msgs/share/turtlebot3_msgs/srv/Dqn.idl
[3.539s] -- Up-to-date symlink: /home/nikita/turtlebot3_ws/install/turtlebot3_msgs/share/turtlebot3_msgs/action/Patrol.idl
[3.539s] -- Up-to-date symlink: /home/nikita/turtlebot3_ws/install/turtlebot3_msgs/share/turtlebot3_msgs/msg/SensorState.msg
[3.539s] -- Up-to-date symlink: /home/nikita/turtlebot3_ws/install/turtlebot3_msgs/share/turtlebot3_msgs/msg/Sound.msg
[3.539s] -- Up-to-date symlink: /home/nikita/turtlebot3_ws/install/turtlebot3_msgs/share/turtlebot3_msgs/msg/VersionInfo.msg
[3.540s] -- Up-to-date symlink: /home/nikita/turtlebot3_ws/install/turtlebot3_msgs/share/turtlebot3_msgs/srv/Sound.srv
[3.540s] -- Up-to-date symlink: /home/nikita/turtlebot3_ws/install/turtlebot3_msgs/share/turtlebot3_msgs/srv/Sound_Request.msg
[3.540s] -- Up-to-date symlink: /home/nikita/turtlebot3_ws/install/turtlebot3_msgs/share/turtlebot3_msgs/srv/Sound_Response.msg
[3.540s] -- Up-to-date symlink: /home/nikita/turtlebot3_ws/install/turtlebot3_msgs/share/turtlebot3_msgs/srv/Dqn.srv
[3.540s] -- Up-to-date symlink: /home/nikita/turtlebot3_ws/install/turtlebot3_msgs/share/turtlebot3_msgs/srv/Dqn_Request.msg
[3.540s] -- Up-to-date symlink: /home/nikita/turtlebot3_ws/install/turtlebot3_msgs/share/turtlebot3_msgs/srv/Dqn_Response.msg
[3.540s] -- Up-to-date symlink: /home/nikita/turtlebot3_ws/install/turtlebot3_msgs/share/turtlebot3_msgs/action/Patrol.action
[3.540s] -- Up-to-date symlink: /home/nikita/turtlebot3_ws/install/turtlebot3_msgs/share/ament_index/resource_index/package_run_dependencies/turtlebot3_msgs
[3.540s] -- Up-to-date symlink: /home/nikita/turtlebot3_ws/install/turtlebot3_msgs/share/ament_index/resource_index/parent_prefix_path/turtlebot3_msgs
[3.540s] -- Up-to-date symlink: /home/nikita/turtlebot3_ws/install/turtlebot3_msgs/share/turtlebot3_msgs/environment/ament_prefix_path.sh
[3.540s] -- Up-to-date symlink: /home/nikita/turtlebot3_ws/install/turtlebot3_msgs/share/turtlebot3_msgs/environment/ament_prefix_path.dsv
[3.540s] -- Up-to-date symlink: /home/nikita/turtlebot3_ws/install/turtlebot3_msgs/share/turtlebot3_msgs/environment/path.sh
[3.540s] -- Up-to-date symlink: /home/nikita/turtlebot3_ws/install/turtlebot3_msgs/share/turtlebot3_msgs/environment/path.dsv
[3.540s] -- Up-to-date symlink: /home/nikita/turtlebot3_ws/install/turtlebot3_msgs/share/turtlebot3_msgs/local_setup.bash
[3.541s] -- Up-to-date symlink: /home/nikita/turtlebot3_ws/install/turtlebot3_msgs/share/turtlebot3_msgs/local_setup.sh
[3.541s] -- Up-to-date symlink: /home/nikita/turtlebot3_ws/install/turtlebot3_msgs/share/turtlebot3_msgs/local_setup.zsh
[3.544s] -- Up-to-date symlink: /home/nikita/turtlebot3_ws/install/turtlebot3_msgs/share/turtlebot3_msgs/local_setup.dsv
[3.544s] -- Symlinking: /home/nikita/turtlebot3_ws/install/turtlebot3_msgs/share/turtlebot3_msgs/package.dsv
[3.546s] -- Up-to-date symlink: /home/nikita/turtlebot3_ws/install/turtlebot3_msgs/share/ament_index/resource_index/packages/turtlebot3_msgs
[3.546s] -- Up-to-date symlink: /home/nikita/turtlebot3_ws/install/turtlebot3_msgs/share/turtlebot3_msgs/cmake/rosidl_cmake-extras.cmake
[3.546s] -- Up-to-date symlink: /home/nikita/turtlebot3_ws/install/turtlebot3_msgs/share/turtlebot3_msgs/cmake/ament_cmake_export_dependencies-extras.cmake
[3.547s] -- Up-to-date symlink: /home/nikita/turtlebot3_ws/install/turtlebot3_msgs/share/turtlebot3_msgs/cmake/ament_cmake_export_include_directories-extras.cmake
[3.547s] -- Up-to-date symlink: /home/nikita/turtlebot3_ws/install/turtlebot3_msgs/share/turtlebot3_msgs/cmake/ament_cmake_export_libraries-extras.cmake
[3.547s] -- Up-to-date symlink: /home/nikita/turtlebot3_ws/install/turtlebot3_msgs/share/turtlebot3_msgs/cmake/ament_cmake_export_targets-extras.cmake
[3.547s] -- Up-to-date symlink: /home/nikita/turtlebot3_ws/install/turtlebot3_msgs/share/turtlebot3_msgs/cmake/rosidl_cmake_export_typesupport_targets-extras.cmake
[3.548s] -- Up-to-date symlink: /home/nikita/turtlebot3_ws/install/turtlebot3_msgs/share/turtlebot3_msgs/cmake/rosidl_cmake_export_typesupport_libraries-extras.cmake
[3.548s] -- Up-to-date symlink: /home/nikita/turtlebot3_ws/install/turtlebot3_msgs/share/turtlebot3_msgs/cmake/turtlebot3_msgsConfig.cmake
[3.548s] -- Up-to-date symlink: /home/nikita/turtlebot3_ws/install/turtlebot3_msgs/share/turtlebot3_msgs/cmake/turtlebot3_msgsConfig-version.cmake
[3.548s] -- Up-to-date symlink: /home/nikita/turtlebot3_ws/install/turtlebot3_msgs/share/turtlebot3_msgs/package.xml
[3.551s] -- Up-to-date: /home/nikita/turtlebot3_ws/install/turtlebot3_msgs/lib/libturtlebot3_msgs__rosidl_generator_c.so
[3.553s] -- Up-to-date: /home/nikita/turtlebot3_ws/install/turtlebot3_msgs/lib/libturtlebot3_msgs__rosidl_typesupport_fastrtps_c.so
[3.554s] -- Up-to-date: /home/nikita/turtlebot3_ws/install/turtlebot3_msgs/lib/libturtlebot3_msgs__rosidl_typesupport_fastrtps_cpp.so
[3.557s] -- Up-to-date: /home/nikita/turtlebot3_ws/install/turtlebot3_msgs/lib/libturtlebot3_msgs__rosidl_typesupport_introspection_c.so
[3.558s] -- Up-to-date: /home/nikita/turtlebot3_ws/install/turtlebot3_msgs/lib/libturtlebot3_msgs__rosidl_typesupport_c.so
[3.559s] -- Up-to-date: /home/nikita/turtlebot3_ws/install/turtlebot3_msgs/lib/libturtlebot3_msgs__rosidl_typesupport_introspection_cpp.so
[3.567s] -- Up-to-date: /home/nikita/turtlebot3_ws/install/turtlebot3_msgs/lib/libturtlebot3_msgs__rosidl_typesupport_cpp.so
[3.634s] Listing '/home/nikita/turtlebot3_ws/install/turtlebot3_msgs/local/lib/python3.10/dist-packages/turtlebot3_msgs'...
[3.634s] Compiling '/home/nikita/turtlebot3_ws/install/turtlebot3_msgs/local/lib/python3.10/dist-packages/turtlebot3_msgs/__init__.py'...
[3.634s] Listing '/home/nikita/turtlebot3_ws/install/turtlebot3_msgs/local/lib/python3.10/dist-packages/turtlebot3_msgs/action'...
[3.634s] Listing '/home/nikita/turtlebot3_ws/install/turtlebot3_msgs/local/lib/python3.10/dist-packages/turtlebot3_msgs/msg'...
[3.634s] Listing '/home/nikita/turtlebot3_ws/install/turtlebot3_msgs/local/lib/python3.10/dist-packages/turtlebot3_msgs/srv'...
[3.649s] -- Up-to-date: /home/nikita/turtlebot3_ws/install/turtlebot3_msgs/lib/libturtlebot3_msgs__rosidl_generator_py.so
[3.652s] -- Up-to-date: /home/nikita/turtlebot3_ws/install/turtlebot3_msgs/share/turtlebot3_msgs/cmake/export_turtlebot3_msgs__rosidl_generator_cExport.cmake
[3.652s] -- Up-to-date: /home/nikita/turtlebot3_ws/install/turtlebot3_msgs/share/turtlebot3_msgs/cmake/export_turtlebot3_msgs__rosidl_generator_cExport-noconfig.cmake
[3.653s] -- Up-to-date: /home/nikita/turtlebot3_ws/install/turtlebot3_msgs/share/turtlebot3_msgs/cmake/export_turtlebot3_msgs__rosidl_typesupport_fastrtps_cExport.cmake
[3.653s] -- Up-to-date: /home/nikita/turtlebot3_ws/install/turtlebot3_msgs/share/turtlebot3_msgs/cmake/export_turtlebot3_msgs__rosidl_typesupport_fastrtps_cExport-noconfig.cmake
[3.654s] -- Up-to-date: /home/nikita/turtlebot3_ws/install/turtlebot3_msgs/share/turtlebot3_msgs/cmake/export_turtlebot3_msgs__rosidl_generator_cppExport.cmake
[3.654s] -- Up-to-date: /home/nikita/turtlebot3_ws/install/turtlebot3_msgs/share/turtlebot3_msgs/cmake/export_turtlebot3_msgs__rosidl_typesupport_fastrtps_cppExport.cmake
[3.654s] -- Up-to-date: /home/nikita/turtlebot3_ws/install/turtlebot3_msgs/share/turtlebot3_msgs/cmake/export_turtlebot3_msgs__rosidl_typesupport_fastrtps_cppExport-noconfig.cmake
[3.654s] -- Up-to-date: /home/nikita/turtlebot3_ws/install/turtlebot3_msgs/share/turtlebot3_msgs/cmake/turtlebot3_msgs__rosidl_typesupport_introspection_cExport.cmake
[3.654s] -- Up-to-date: /home/nikita/turtlebot3_ws/install/turtlebot3_msgs/share/turtlebot3_msgs/cmake/turtlebot3_msgs__rosidl_typesupport_introspection_cExport-noconfig.cmake
[3.655s] -- Up-to-date: /home/nikita/turtlebot3_ws/install/turtlebot3_msgs/share/turtlebot3_msgs/cmake/turtlebot3_msgs__rosidl_typesupport_cExport.cmake
[3.655s] -- Up-to-date: /home/nikita/turtlebot3_ws/install/turtlebot3_msgs/share/turtlebot3_msgs/cmake/turtlebot3_msgs__rosidl_typesupport_cExport-noconfig.cmake
[3.655s] -- Up-to-date: /home/nikita/turtlebot3_ws/install/turtlebot3_msgs/share/turtlebot3_msgs/cmake/turtlebot3_msgs__rosidl_typesupport_introspection_cppExport.cmake
[3.656s] -- Up-to-date: /home/nikita/turtlebot3_ws/install/turtlebot3_msgs/share/turtlebot3_msgs/cmake/turtlebot3_msgs__rosidl_typesupport_introspection_cppExport-noconfig.cmake
[3.656s] -- Up-to-date: /home/nikita/turtlebot3_ws/install/turtlebot3_msgs/share/turtlebot3_msgs/cmake/turtlebot3_msgs__rosidl_typesupport_cppExport.cmake
[3.656s] -- Up-to-date: /home/nikita/turtlebot3_ws/install/turtlebot3_msgs/share/turtlebot3_msgs/cmake/turtlebot3_msgs__rosidl_typesupport_cppExport-noconfig.cmake
[3.657s] -- Up-to-date: /home/nikita/turtlebot3_ws/install/turtlebot3_msgs/share/turtlebot3_msgs/cmake/export_turtlebot3_msgs__rosidl_generator_pyExport.cmake
[3.657s] -- Up-to-date: /home/nikita/turtlebot3_ws/install/turtlebot3_msgs/share/turtlebot3_msgs/cmake/export_turtlebot3_msgs__rosidl_generator_pyExport-noconfig.cmake
[3.664s] Invoked command in '/home/nikita/turtlebot3_ws/build/turtlebot3_msgs' returned '0': CMAKE_PREFIX_PATH=${CMAKE_PREFIX_PATH}:/home/nikita/turtlebot3_ws/install/turtlebot3_teleop:/home/nikita/turtlebot3_ws/install/turtlebot3_example:/home/nikita/turtlebot3_ws/install/turtlebot3_autorace:/home/nikita/turtlebot3_ws/install/turtlebot3_autorace_mission:/home/nikita/turtlebot3_ws/install/turtlebot3_autorace_detect:/home/nikita/turtlebot3_ws/install/turtlebot3_autorace_camera:/home/nikita/AMR_coding/install/webcam:/home/nikita/AMR_coding/install/turtle_distance_package:/home/nikita/AMR_coding/install/turtle_distance_node:/home/nikita/AMR_coding/install/trt_rect_pkg:/home/nikita/AMR_coding/install/publisher_node:/home/nikita/AMR_coding/install/my_package:/opt/ros/humble /usr/bin/cmake --install /home/nikita/turtlebot3_ws/build/turtlebot3_msgs
