[0.020s] Invoking command in '/home/nikita/turtlebot3_ws/src/build/turtlebot3_gazebo': CMAKE_PREFIX_PATH=${CMAKE_PREFIX_PATH}:/home/nikita/turtlebot3_ws/install/turtlebot3_teleop:/home/nikita/turtlebot3_ws/install/turtlebot3_example:/home/nikita/turtlebot3_ws/install/turtlebot3_autorace:/home/nikita/turtlebot3_ws/install/turtlebot3_autorace_mission:/home/nikita/turtlebot3_ws/install/turtlebot3_autorace_detect:/home/nikita/turtlebot3_ws/install/turtlebot3_autorace_camera:/home/nikita/AMR_coding/install/webcam:/home/nikita/AMR_coding/install/turtle_distance_package:/home/nikita/AMR_coding/install/turtle_distance_node:/home/nikita/AMR_coding/install/trt_rect_pkg:/home/nikita/AMR_coding/install/publisher_node:/home/nikita/AMR_coding/install/my_package:/opt/ros/humble /usr/bin/cmake /home/nikita/turtlebot3_ws/src/turtlebot3_simulations/turtlebot3_gazebo -DCMAKE_INSTALL_PREFIX=/home/nikita/turtlebot3_ws/src/install/turtlebot3_gazebo
[0.221s] -- The C compiler identification is GNU 11.4.0
[0.447s] -- The CXX compiler identification is GNU 11.4.0
[0.465s] -- Detecting C compiler ABI info
[0.617s] -- Detecting C compiler ABI info - done
[0.635s] -- Check for working C compiler: /usr/bin/cc - skipped
[0.635s] -- Detecting C compile features
[0.635s] -- Detecting C compile features - done
[0.638s] -- Detecting CXX compiler ABI info
[0.757s] -- Detecting CXX compiler ABI info - done
[0.768s] -- Check for working CXX compiler: /usr/bin/c++ - skipped
[0.768s] -- Detecting CXX compile features
[0.769s] -- Detecting CXX compile features - done
[0.776s] -- Found ament_cmake: 1.3.11 (/opt/ros/humble/share/ament_cmake/cmake)
[0.984s] -- Found Python3: /usr/bin/python3 (found version "3.10.12") found components: Interpreter 
[1.144s] [33mCMake Warning (dev) at /usr/share/cmake-3.22/Modules/FindPackageHandleStandardArgs.cmake:438 (message):
[1.144s]   The package name passed to `find_package_handle_standard_args` (PkgConfig)
[1.145s]   does not match the name of the calling package (gazebo).  This can lead to
[1.145s]   problems in calling code that expects `find_package` result variables
[1.145s]   (e.g., `_FOUND`) to follow a certain pattern.
[1.145s] Call Stack (most recent call first):
[1.145s]   /usr/share/cmake-3.22/Modules/FindPkgConfig.cmake:99 (find_package_handle_standard_args)
[1.145s]   /usr/lib/x86_64-linux-gnu/cmake/gazebo/gazebo-config.cmake:72 (include)
[1.145s]   CMakeLists.txt:23 (find_package)
[1.145s] This warning is for project developers.  Use -Wno-dev to suppress it.
[1.145s] [0m
[1.145s] -- Found PkgConfig: /usr/bin/pkg-config (found version "0.29.2") 
[1.149s] -- Checking for module 'bullet>=2.82'
[1.167s] --   Found bullet, version 3.05
[1.300s] -- Found fcl: /usr/include (found suitable version "0.7.0", minimum required is "0.5.0") 
[1.359s] -- Found assimp: /usr/include (found version "5.2.0") 
[1.400s] -- Found DART: /usr/include (Required is at least version "6.6") found components: dart 
[1.622s] -- Found Boost: /usr/lib/x86_64-linux-gnu/cmake/Boost-1.74.0/BoostConfig.cmake (found suitable version "1.74.0", minimum required is "1.40.0") found components: thread system filesystem program_options regex iostreams date_time 
[1.653s] -- Found Protobuf: /usr/lib/x86_64-linux-gnu/libprotobuf.so (found version "3.12.4") 
[1.664s] -- Looking for ignition-math6 -- found version 6.15.1
[1.677s] -- Searching for dependencies of ignition-math6
[1.680s] -- Looking for OGRE...
[1.680s] -- OGRE_PREFIX_WATCH changed.
[1.687s] -- Checking for module 'OGRE'
[1.704s] --   Found OGRE, version 1.9.0
[1.743s] -- Found Ogre Ghadamon (1.9.0)
[1.760s] -- Found OGRE: optimized;/usr/lib/x86_64-linux-gnu/libOgreMain.so;debug;/usr/lib/x86_64-linux-gnu/libOgreMain.so
[1.771s] -- Looking for OGRE_Paging...
[1.786s] -- Found OGRE_Paging: optimized;/usr/lib/x86_64-linux-gnu/libOgrePaging.so;debug;/usr/lib/x86_64-linux-gnu/libOgrePaging.so
[1.786s] -- Looking for OGRE_Terrain...
[1.808s] -- Found OGRE_Terrain: optimized;/usr/lib/x86_64-linux-gnu/libOgreTerrain.so;debug;/usr/lib/x86_64-linux-gnu/libOgreTerrain.so
[1.808s] -- Looking for OGRE_Property...
[1.817s] -- Found OGRE_Property: optimized;/usr/lib/x86_64-linux-gnu/libOgreProperty.so;debug;/usr/lib/x86_64-linux-gnu/libOgreProperty.so
[1.817s] -- Looking for OGRE_RTShaderSystem...
[1.833s] -- Found OGRE_RTShaderSystem: optimized;/usr/lib/x86_64-linux-gnu/libOgreRTShaderSystem.so;debug;/usr/lib/x86_64-linux-gnu/libOgreRTShaderSystem.so
[1.833s] -- Looking for OGRE_Volume...
[1.849s] -- Found OGRE_Volume: optimized;/usr/lib/x86_64-linux-gnu/libOgreVolume.so;debug;/usr/lib/x86_64-linux-gnu/libOgreVolume.so
[1.849s] -- Looking for OGRE_Overlay...
[1.866s] -- Found OGRE_Overlay: optimized;/usr/lib/x86_64-linux-gnu/libOgreOverlay.so;debug;/usr/lib/x86_64-linux-gnu/libOgreOverlay.so
[2.296s] -- Looking for ignition-math6 -- found version 6.15.1
[2.300s] -- Looking for ignition-transport8 -- found version 8.2.1
[2.300s] -- Searching for dependencies of ignition-transport8
[2.322s] -- Found Protobuf: /usr/lib/x86_64-linux-gnu/libprotobuf.so (found suitable version "3.12.4", minimum required is "3") 
[2.336s] -- Config-file not installed for ZeroMQ -- checking for pkg-config
[2.342s] -- Checking for module 'libzmq >= 4'
[2.364s] --   Found libzmq , version 4.3.4
[2.420s] -- Found ZeroMQ: TRUE (Required is at least version "4") 
[2.437s] -- Checking for module 'uuid'
[2.457s] --   Found uuid, version 2.37.2
[2.530s] -- Found UUID: TRUE  
[2.544s] -- Looking for ignition-msgs5 -- found version 5.8.1
[2.544s] -- Searching for dependencies of ignition-msgs5
[2.574s] -- Looking for ignition-math6 -- found version 6.15.1
[2.584s] -- Checking for module 'tinyxml2'
[2.612s] --   Found tinyxml2, version 9.0.0
[2.699s] -- Looking for ignition-msgs5 -- found version 5.8.1
[2.710s] -- Looking for ignition-common3 -- found version 3.14.0
[2.710s] -- Searching for dependencies of ignition-common3
[2.711s] -- Looking for dlfcn.h - found
[2.713s] -- Looking for libdl - found
[2.719s] -- Found DL: TRUE  
[2.755s] -- Found tinyobjloader: /usr/lib/x86_64-linux-gnu/cmake/tinyobjloader/tinyobjloader-config.cmake (found version "2.0.0") 
[2.761s] -- Searching for <ignition-common3> component [graphics]
[2.770s] -- Looking for ignition-common3-graphics -- found version 3.14.0
[2.771s] -- Searching for dependencies of ignition-common3-graphics
[2.771s] -- Looking for ignition-math6 -- found version 6.15.1
[2.784s] -- Looking for ignition-fuel_tools4 -- found version 4.4.0
[2.785s] -- Searching for dependencies of ignition-fuel_tools4
[2.971s] -- Found CURL: /usr/lib/x86_64-linux-gnu/libcurl.so (found version "7.81.0")  
[2.989s] -- Checking for module 'jsoncpp'
[3.028s] --   Found jsoncpp, version 1.9.5
[3.119s] -- Found JSONCPP: TRUE  
[3.142s] -- Checking for module 'libzip'
[3.175s] --   Found libzip, version 1.7.3
[3.270s] -- Found ZIP: TRUE  
[3.271s] -- Looking for ignition-common3 -- found version 3.14.0
[3.272s] -- Looking for ignition-math6 -- found version 6.15.1
[3.277s] -- Looking for ignition-msgs5 -- found version 5.8.1
[3.301s] -- Found gazebo_ros_pkgs: 3.9.0 (/opt/ros/humble/share/gazebo_ros_pkgs/cmake)
[3.316s] -- Found geometry_msgs: 4.2.4 (/opt/ros/humble/share/geometry_msgs/cmake)
[3.425s] -- Found rosidl_generator_c: 3.1.6 (/opt/ros/humble/share/rosidl_generator_c/cmake)
[3.442s] -- Found rosidl_adapter: 3.1.6 (/opt/ros/humble/share/rosidl_adapter/cmake)
[3.458s] -- Found rosidl_generator_cpp: 3.1.6 (/opt/ros/humble/share/rosidl_generator_cpp/cmake)
[3.480s] -- Using all available rosidl_typesupport_c: rosidl_typesupport_fastrtps_c;rosidl_typesupport_introspection_c
[3.514s] -- Using all available rosidl_typesupport_cpp: rosidl_typesupport_fastrtps_cpp;rosidl_typesupport_introspection_cpp
[3.596s] -- Found nav_msgs: 4.2.4 (/opt/ros/humble/share/nav_msgs/cmake)
[3.655s] -- Found rclcpp: 16.0.11 (/opt/ros/humble/share/rclcpp/cmake)
[3.775s] -- Found rmw_implementation_cmake: 6.1.2 (/opt/ros/humble/share/rmw_implementation_cmake/cmake)
[3.786s] -- Found rmw_fastrtps_cpp: 6.2.7 (/opt/ros/humble/share/rmw_fastrtps_cpp/cmake)
[3.946s] -- Found OpenSSL: /usr/lib/x86_64-linux-gnu/libcrypto.so (found version "3.0.2")  
[3.984s] -- Found FastRTPS: /opt/ros/humble/include  
[4.044s] -- Using RMW implementation 'rmw_fastrtps_cpp' as default
[4.065s] -- Found Threads: TRUE  
[4.157s] -- Found sensor_msgs: 4.2.4 (/opt/ros/humble/share/sensor_msgs/cmake)
[4.195s] -- Found tf2: 0.25.12 (/opt/ros/humble/share/tf2/cmake)
[4.301s] -- Configuring done
[4.357s] -- Generating done
[4.368s] -- Build files have been written to: /home/nikita/turtlebot3_ws/src/build/turtlebot3_gazebo
[4.389s] Invoked command in '/home/nikita/turtlebot3_ws/src/build/turtlebot3_gazebo' returned '0': CMAKE_PREFIX_PATH=${CMAKE_PREFIX_PATH}:/home/nikita/turtlebot3_ws/install/turtlebot3_teleop:/home/nikita/turtlebot3_ws/install/turtlebot3_example:/home/nikita/turtlebot3_ws/install/turtlebot3_autorace:/home/nikita/turtlebot3_ws/install/turtlebot3_autorace_mission:/home/nikita/turtlebot3_ws/install/turtlebot3_autorace_detect:/home/nikita/turtlebot3_ws/install/turtlebot3_autorace_camera:/home/nikita/AMR_coding/install/webcam:/home/nikita/AMR_coding/install/turtle_distance_package:/home/nikita/AMR_coding/install/turtle_distance_node:/home/nikita/AMR_coding/install/trt_rect_pkg:/home/nikita/AMR_coding/install/publisher_node:/home/nikita/AMR_coding/install/my_package:/opt/ros/humble /usr/bin/cmake /home/nikita/turtlebot3_ws/src/turtlebot3_simulations/turtlebot3_gazebo -DCMAKE_INSTALL_PREFIX=/home/nikita/turtlebot3_ws/src/install/turtlebot3_gazebo
[4.390s] Invoking command in '/home/nikita/turtlebot3_ws/src/build/turtlebot3_gazebo': CMAKE_PREFIX_PATH=${CMAKE_PREFIX_PATH}:/home/nikita/turtlebot3_ws/install/turtlebot3_teleop:/home/nikita/turtlebot3_ws/install/turtlebot3_example:/home/nikita/turtlebot3_ws/install/turtlebot3_autorace:/home/nikita/turtlebot3_ws/install/turtlebot3_autorace_mission:/home/nikita/turtlebot3_ws/install/turtlebot3_autorace_detect:/home/nikita/turtlebot3_ws/install/turtlebot3_autorace_camera:/home/nikita/AMR_coding/install/webcam:/home/nikita/AMR_coding/install/turtle_distance_package:/home/nikita/AMR_coding/install/turtle_distance_node:/home/nikita/AMR_coding/install/trt_rect_pkg:/home/nikita/AMR_coding/install/publisher_node:/home/nikita/AMR_coding/install/my_package:/opt/ros/humble /usr/bin/cmake --build /home/nikita/turtlebot3_ws/src/build/turtlebot3_gazebo -- -j8 -l8
[4.486s] [  8%] [32mBuilding CXX object CMakeFiles/turtlebot3_drive.dir/src/turtlebot3_drive.cpp.o[0m
[4.495s] [ 25%] [32mBuilding CXX object CMakeFiles/traffic_light_plugin.dir/src/traffic_light_plugin.cpp.o[0m
[4.495s] [ 25%] [32mBuilding CXX object CMakeFiles/traffic_bar_plugin.dir/src/traffic_bar_plugin.cpp.o[0m
[4.495s] [ 33%] [32mBuilding CXX object CMakeFiles/obstacle2.dir/src/obstacle2.cpp.o[0m
[4.496s] [ 41%] [32mBuilding CXX object CMakeFiles/obstacle1.dir/src/obstacle1.cpp.o[0m
[4.500s] [ 50%] [32mBuilding CXX object CMakeFiles/obstacles.dir/src/obstacles.cpp.o[0m
[33.742s] [ 58%] [32m[1mLinking CXX executable turtlebot3_drive[0m
[34.307s] [ 66%] [32m[1mLinking CXX shared library libobstacle2.so[0m
[34.671s] [ 66%] Built target turtlebot3_drive
[34.903s] [ 75%] [32m[1mLinking CXX shared library libobstacles.so[0m
[34.933s] [ 75%] Built target obstacle2
[35.279s] [ 75%] Built target obstacles
[35.767s] [ 83%] [32m[1mLinking CXX shared library libobstacle1.so[0m
[36.077s] [ 91%] [32m[1mLinking CXX shared library libtraffic_bar_plugin.so[0m
[36.127s] [ 91%] Built target obstacle1
[36.390s] [100%] [32m[1mLinking CXX shared library libtraffic_light_plugin.so[0m
[36.422s] [100%] Built target traffic_bar_plugin
[36.800s] [100%] Built target traffic_light_plugin
[36.851s] Invoked command in '/home/nikita/turtlebot3_ws/src/build/turtlebot3_gazebo' returned '0': CMAKE_PREFIX_PATH=${CMAKE_PREFIX_PATH}:/home/nikita/turtlebot3_ws/install/turtlebot3_teleop:/home/nikita/turtlebot3_ws/install/turtlebot3_example:/home/nikita/turtlebot3_ws/install/turtlebot3_autorace:/home/nikita/turtlebot3_ws/install/turtlebot3_autorace_mission:/home/nikita/turtlebot3_ws/install/turtlebot3_autorace_detect:/home/nikita/turtlebot3_ws/install/turtlebot3_autorace_camera:/home/nikita/AMR_coding/install/webcam:/home/nikita/AMR_coding/install/turtle_distance_package:/home/nikita/AMR_coding/install/turtle_distance_node:/home/nikita/AMR_coding/install/trt_rect_pkg:/home/nikita/AMR_coding/install/publisher_node:/home/nikita/AMR_coding/install/my_package:/opt/ros/humble /usr/bin/cmake --build /home/nikita/turtlebot3_ws/src/build/turtlebot3_gazebo -- -j8 -l8
[36.857s] Invoking command in '/home/nikita/turtlebot3_ws/src/build/turtlebot3_gazebo': CMAKE_PREFIX_PATH=${CMAKE_PREFIX_PATH}:/home/nikita/turtlebot3_ws/install/turtlebot3_teleop:/home/nikita/turtlebot3_ws/install/turtlebot3_example:/home/nikita/turtlebot3_ws/install/turtlebot3_autorace:/home/nikita/turtlebot3_ws/install/turtlebot3_autorace_mission:/home/nikita/turtlebot3_ws/install/turtlebot3_autorace_detect:/home/nikita/turtlebot3_ws/install/turtlebot3_autorace_camera:/home/nikita/AMR_coding/install/webcam:/home/nikita/AMR_coding/install/turtle_distance_package:/home/nikita/AMR_coding/install/turtle_distance_node:/home/nikita/AMR_coding/install/trt_rect_pkg:/home/nikita/AMR_coding/install/publisher_node:/home/nikita/AMR_coding/install/my_package:/opt/ros/humble /usr/bin/cmake --install /home/nikita/turtlebot3_ws/src/build/turtlebot3_gazebo
[36.865s] -- Install configuration: ""
[36.865s] -- Installing: /home/nikita/turtlebot3_ws/src/install/turtlebot3_gazebo/lib/turtlebot3_gazebo/turtlebot3_drive
[36.870s] -- Set runtime path of "/home/nikita/turtlebot3_ws/src/install/turtlebot3_gazebo/lib/turtlebot3_gazebo/turtlebot3_drive" to ""
[36.871s] -- Installing: /home/nikita/turtlebot3_ws/src/install/turtlebot3_gazebo/share/turtlebot3_gazebo//launch
[36.871s] -- Installing: /home/nikita/turtlebot3_ws/src/install/turtlebot3_gazebo/share/turtlebot3_gazebo//launch/empty_world.launch.py
[36.871s] -- Installing: /home/nikita/turtlebot3_ws/src/install/turtlebot3_gazebo/share/turtlebot3_gazebo//launch/spawn_turtlebot3.launch.py
[36.872s] -- Installing: /home/nikita/turtlebot3_ws/src/install/turtlebot3_gazebo/share/turtlebot3_gazebo//launch/turtlebot3_dqn_stage2.launch.py
[36.872s] -- Installing: /home/nikita/turtlebot3_ws/src/install/turtlebot3_gazebo/share/turtlebot3_gazebo//launch/multi_robot.launch.py
[36.872s] -- Installing: /home/nikita/turtlebot3_ws/src/install/turtlebot3_gazebo/share/turtlebot3_gazebo//launch/turtlebot3_dqn_stage4.launch.py
[36.873s] -- Installing: /home/nikita/turtlebot3_ws/src/install/turtlebot3_gazebo/share/turtlebot3_gazebo//launch/turtlebot3_autorace_2020.launch.py
[36.873s] -- Installing: /home/nikita/turtlebot3_ws/src/install/turtlebot3_gazebo/share/turtlebot3_gazebo//launch/multi_spawn_turtlebot3.launch.py
[36.873s] -- Installing: /home/nikita/turtlebot3_ws/src/install/turtlebot3_gazebo/share/turtlebot3_gazebo//launch/turtlebot3_house.launch.py
[36.874s] -- Installing: /home/nikita/turtlebot3_ws/src/install/turtlebot3_gazebo/share/turtlebot3_gazebo//launch/turtlebot3_dqn_stage3.launch.py
[36.874s] -- Installing: /home/nikita/turtlebot3_ws/src/install/turtlebot3_gazebo/share/turtlebot3_gazebo//launch/turtlebot3_world.launch.py
[36.874s] -- Installing: /home/nikita/turtlebot3_ws/src/install/turtlebot3_gazebo/share/turtlebot3_gazebo//launch/robot_state_publisher.launch.py
[36.874s] -- Installing: /home/nikita/turtlebot3_ws/src/install/turtlebot3_gazebo/share/turtlebot3_gazebo//launch/turtlebot3_dqn_stage1.launch.py
[36.875s] -- Installing: /home/nikita/turtlebot3_ws/src/install/turtlebot3_gazebo/share/turtlebot3_gazebo//models
[36.875s] -- Installing: /home/nikita/turtlebot3_ws/src/install/turtlebot3_gazebo/share/turtlebot3_gazebo//models/turtlebot3_autorace_2020
[36.875s] -- Installing: /home/nikita/turtlebot3_ws/src/install/turtlebot3_gazebo/share/turtlebot3_gazebo//models/turtlebot3_autorace_2020/course
[36.875s] -- Installing: /home/nikita/turtlebot3_ws/src/install/turtlebot3_gazebo/share/turtlebot3_gazebo//models/turtlebot3_autorace_2020/course/materials
[36.876s] -- Installing: /home/nikita/turtlebot3_ws/src/install/turtlebot3_gazebo/share/turtlebot3_gazebo//models/turtlebot3_autorace_2020/course/materials/textures
[36.876s] -- Installing: /home/nikita/turtlebot3_ws/src/install/turtlebot3_gazebo/share/turtlebot3_gazebo//models/turtlebot3_autorace_2020/course/materials/textures/course.png
[36.877s] -- Installing: /home/nikita/turtlebot3_ws/src/install/turtlebot3_gazebo/share/turtlebot3_gazebo//models/turtlebot3_autorace_2020/course/materials/scripts
[36.877s] -- Installing: /home/nikita/turtlebot3_ws/src/install/turtlebot3_gazebo/share/turtlebot3_gazebo//models/turtlebot3_autorace_2020/course/materials/scripts/course.material
[36.877s] -- Installing: /home/nikita/turtlebot3_ws/src/install/turtlebot3_gazebo/share/turtlebot3_gazebo//models/turtlebot3_autorace_2020/course/model.config
[36.877s] -- Installing: /home/nikita/turtlebot3_ws/src/install/turtlebot3_gazebo/share/turtlebot3_gazebo//models/turtlebot3_autorace_2020/course/model.sdf
[36.878s] -- Installing: /home/nikita/turtlebot3_ws/src/install/turtlebot3_gazebo/share/turtlebot3_gazebo//models/turtlebot3_autorace_2020/traffic_intersection
[36.878s] -- Installing: /home/nikita/turtlebot3_ws/src/install/turtlebot3_gazebo/share/turtlebot3_gazebo//models/turtlebot3_autorace_2020/traffic_intersection/materials
[36.878s] -- Installing: /home/nikita/turtlebot3_ws/src/install/turtlebot3_gazebo/share/turtlebot3_gazebo//models/turtlebot3_autorace_2020/traffic_intersection/materials/textures
[36.879s] -- Installing: /home/nikita/turtlebot3_ws/src/install/turtlebot3_gazebo/share/turtlebot3_gazebo//models/turtlebot3_autorace_2020/traffic_intersection/materials/textures/traffic_intersection.png
[36.879s] -- Installing: /home/nikita/turtlebot3_ws/src/install/turtlebot3_gazebo/share/turtlebot3_gazebo//models/turtlebot3_autorace_2020/traffic_intersection/materials/scripts
[36.880s] -- Installing: /home/nikita/turtlebot3_ws/src/install/turtlebot3_gazebo/share/turtlebot3_gazebo//models/turtlebot3_autorace_2020/traffic_intersection/materials/scripts/traffic_intersection.material
[36.880s] -- Installing: /home/nikita/turtlebot3_ws/src/install/turtlebot3_gazebo/share/turtlebot3_gazebo//models/turtlebot3_autorace_2020/traffic_intersection/model.config
[36.880s] -- Installing: /home/nikita/turtlebot3_ws/src/install/turtlebot3_gazebo/share/turtlebot3_gazebo//models/turtlebot3_autorace_2020/traffic_intersection/model.sdf
[36.880s] -- Installing: /home/nikita/turtlebot3_ws/src/install/turtlebot3_gazebo/share/turtlebot3_gazebo//models/turtlebot3_autorace_2020/traffic_parking
[36.881s] -- Installing: /home/nikita/turtlebot3_ws/src/install/turtlebot3_gazebo/share/turtlebot3_gazebo//models/turtlebot3_autorace_2020/traffic_parking/materials
[36.881s] -- Installing: /home/nikita/turtlebot3_ws/src/install/turtlebot3_gazebo/share/turtlebot3_gazebo//models/turtlebot3_autorace_2020/traffic_parking/materials/textures
[36.881s] -- Installing: /home/nikita/turtlebot3_ws/src/install/turtlebot3_gazebo/share/turtlebot3_gazebo//models/turtlebot3_autorace_2020/traffic_parking/materials/textures/traffic_parking.png
[36.882s] -- Installing: /home/nikita/turtlebot3_ws/src/install/turtlebot3_gazebo/share/turtlebot3_gazebo//models/turtlebot3_autorace_2020/traffic_parking/materials/scripts
[36.882s] -- Installing: /home/nikita/turtlebot3_ws/src/install/turtlebot3_gazebo/share/turtlebot3_gazebo//models/turtlebot3_autorace_2020/traffic_parking/materials/scripts/traffic_parking.material
[36.882s] -- Installing: /home/nikita/turtlebot3_ws/src/install/turtlebot3_gazebo/share/turtlebot3_gazebo//models/turtlebot3_autorace_2020/traffic_parking/model.config
[36.883s] -- Installing: /home/nikita/turtlebot3_ws/src/install/turtlebot3_gazebo/share/turtlebot3_gazebo//models/turtlebot3_autorace_2020/traffic_parking/model.sdf
[36.883s] -- Installing: /home/nikita/turtlebot3_ws/src/install/turtlebot3_gazebo/share/turtlebot3_gazebo//models/turtlebot3_autorace_2020/traffic_pl_left
[36.883s] -- Installing: /home/nikita/turtlebot3_ws/src/install/turtlebot3_gazebo/share/turtlebot3_gazebo//models/turtlebot3_autorace_2020/traffic_pl_left/materials
[36.884s] -- Installing: /home/nikita/turtlebot3_ws/src/install/turtlebot3_gazebo/share/turtlebot3_gazebo//models/turtlebot3_autorace_2020/traffic_pl_left/materials/textures
[36.884s] -- Installing: /home/nikita/turtlebot3_ws/src/install/turtlebot3_gazebo/share/turtlebot3_gazebo//models/turtlebot3_autorace_2020/traffic_pl_left/materials/textures/traffic_pl_left.png
[36.885s] -- Installing: /home/nikita/turtlebot3_ws/src/install/turtlebot3_gazebo/share/turtlebot3_gazebo//models/turtlebot3_autorace_2020/traffic_pl_left/materials/scripts
[36.885s] -- Installing: /home/nikita/turtlebot3_ws/src/install/turtlebot3_gazebo/share/turtlebot3_gazebo//models/turtlebot3_autorace_2020/traffic_pl_left/materials/scripts/traffic_pl_left.material
[36.885s] -- Installing: /home/nikita/turtlebot3_ws/src/install/turtlebot3_gazebo/share/turtlebot3_gazebo//models/turtlebot3_autorace_2020/traffic_pl_left/model.config
[36.886s] -- Installing: /home/nikita/turtlebot3_ws/src/install/turtlebot3_gazebo/share/turtlebot3_gazebo//models/turtlebot3_autorace_2020/traffic_pl_left/model.sdf
[36.886s] -- Installing: /home/nikita/turtlebot3_ws/src/install/turtlebot3_gazebo/share/turtlebot3_gazebo//models/turtlebot3_autorace_2020/traffic_stop
[36.886s] -- Installing: /home/nikita/turtlebot3_ws/src/install/turtlebot3_gazebo/share/turtlebot3_gazebo//models/turtlebot3_autorace_2020/traffic_stop/materials
[36.887s] -- Installing: /home/nikita/turtlebot3_ws/src/install/turtlebot3_gazebo/share/turtlebot3_gazebo//models/turtlebot3_autorace_2020/traffic_stop/materials/textures
[36.887s] -- Installing: /home/nikita/turtlebot3_ws/src/install/turtlebot3_gazebo/share/turtlebot3_gazebo//models/turtlebot3_autorace_2020/traffic_stop/materials/textures/traffic_stop.png
[36.888s] -- Installing: /home/nikita/turtlebot3_ws/src/install/turtlebot3_gazebo/share/turtlebot3_gazebo//models/turtlebot3_autorace_2020/traffic_stop/materials/scripts
[36.888s] -- Installing: /home/nikita/turtlebot3_ws/src/install/turtlebot3_gazebo/share/turtlebot3_gazebo//models/turtlebot3_autorace_2020/traffic_stop/materials/scripts/traffic_stop.material
[36.888s] -- Installing: /home/nikita/turtlebot3_ws/src/install/turtlebot3_gazebo/share/turtlebot3_gazebo//models/turtlebot3_autorace_2020/traffic_stop/model.config
[36.889s] -- Installing: /home/nikita/turtlebot3_ws/src/install/turtlebot3_gazebo/share/turtlebot3_gazebo//models/turtlebot3_autorace_2020/traffic_stop/model.sdf
[36.889s] -- Installing: /home/nikita/turtlebot3_ws/src/install/turtlebot3_gazebo/share/turtlebot3_gazebo//models/turtlebot3_autorace_2020/traffic_right
[36.889s] -- Installing: /home/nikita/turtlebot3_ws/src/install/turtlebot3_gazebo/share/turtlebot3_gazebo//models/turtlebot3_autorace_2020/traffic_right/materials
[36.889s] -- Installing: /home/nikita/turtlebot3_ws/src/install/turtlebot3_gazebo/share/turtlebot3_gazebo//models/turtlebot3_autorace_2020/traffic_right/materials/textures
[36.890s] -- Installing: /home/nikita/turtlebot3_ws/src/install/turtlebot3_gazebo/share/turtlebot3_gazebo//models/turtlebot3_autorace_2020/traffic_right/materials/textures/traffic_right.png
[36.890s] -- Installing: /home/nikita/turtlebot3_ws/src/install/turtlebot3_gazebo/share/turtlebot3_gazebo//models/turtlebot3_autorace_2020/traffic_right/materials/scripts
[36.891s] -- Installing: /home/nikita/turtlebot3_ws/src/install/turtlebot3_gazebo/share/turtlebot3_gazebo//models/turtlebot3_autorace_2020/traffic_right/materials/scripts/traffic_right.material
[36.891s] -- Installing: /home/nikita/turtlebot3_ws/src/install/turtlebot3_gazebo/share/turtlebot3_gazebo//models/turtlebot3_autorace_2020/traffic_right/model.config
[36.891s] -- Installing: /home/nikita/turtlebot3_ws/src/install/turtlebot3_gazebo/share/turtlebot3_gazebo//models/turtlebot3_autorace_2020/traffic_right/model.sdf
[36.892s] -- Installing: /home/nikita/turtlebot3_ws/src/install/turtlebot3_gazebo/share/turtlebot3_gazebo//models/turtlebot3_autorace_2020/traffic_noentry
[36.892s] -- Installing: /home/nikita/turtlebot3_ws/src/install/turtlebot3_gazebo/share/turtlebot3_gazebo//models/turtlebot3_autorace_2020/traffic_noentry/materials
[36.892s] -- Installing: /home/nikita/turtlebot3_ws/src/install/turtlebot3_gazebo/share/turtlebot3_gazebo//models/turtlebot3_autorace_2020/traffic_noentry/materials/textures
[36.893s] -- Installing: /home/nikita/turtlebot3_ws/src/install/turtlebot3_gazebo/share/turtlebot3_gazebo//models/turtlebot3_autorace_2020/traffic_noentry/materials/textures/traffic_noentry.png
[36.893s] -- Installing: /home/nikita/turtlebot3_ws/src/install/turtlebot3_gazebo/share/turtlebot3_gazebo//models/turtlebot3_autorace_2020/traffic_noentry/materials/scripts
[36.893s] -- Installing: /home/nikita/turtlebot3_ws/src/install/turtlebot3_gazebo/share/turtlebot3_gazebo//models/turtlebot3_autorace_2020/traffic_noentry/materials/scripts/traffic_noentry.material
[36.894s] -- Installing: /home/nikita/turtlebot3_ws/src/install/turtlebot3_gazebo/share/turtlebot3_gazebo//models/turtlebot3_autorace_2020/traffic_noentry/model.config
[36.894s] -- Installing: /home/nikita/turtlebot3_ws/src/install/turtlebot3_gazebo/share/turtlebot3_gazebo//models/turtlebot3_autorace_2020/traffic_noentry/model.sdf
[36.894s] -- Installing: /home/nikita/turtlebot3_ws/src/install/turtlebot3_gazebo/share/turtlebot3_gazebo//models/turtlebot3_autorace_2020/traffic_light
[36.895s] -- Installing: /home/nikita/turtlebot3_ws/src/install/turtlebot3_gazebo/share/turtlebot3_gazebo//models/turtlebot3_autorace_2020/traffic_light/materials
[36.895s] -- Installing: /home/nikita/turtlebot3_ws/src/install/turtlebot3_gazebo/share/turtlebot3_gazebo//models/turtlebot3_autorace_2020/traffic_light/materials/textures
[36.895s] -- Installing: /home/nikita/turtlebot3_ws/src/install/turtlebot3_gazebo/share/turtlebot3_gazebo//models/turtlebot3_autorace_2020/traffic_light/materials/textures/traffic_light_green.png
[36.896s] -- Installing: /home/nikita/turtlebot3_ws/src/install/turtlebot3_gazebo/share/turtlebot3_gazebo//models/turtlebot3_autorace_2020/traffic_light/materials/textures/traffic_light.png
[36.896s] -- Installing: /home/nikita/turtlebot3_ws/src/install/turtlebot3_gazebo/share/turtlebot3_gazebo//models/turtlebot3_autorace_2020/traffic_light/materials/textures/traffic_light_yellow.png
[36.896s] -- Installing: /home/nikita/turtlebot3_ws/src/install/turtlebot3_gazebo/share/turtlebot3_gazebo//models/turtlebot3_autorace_2020/traffic_light/materials/textures/traffic_light_red.png
[36.897s] -- Installing: /home/nikita/turtlebot3_ws/src/install/turtlebot3_gazebo/share/turtlebot3_gazebo//models/turtlebot3_autorace_2020/traffic_light/materials/scripts
[36.897s] -- Installing: /home/nikita/turtlebot3_ws/src/install/turtlebot3_gazebo/share/turtlebot3_gazebo//models/turtlebot3_autorace_2020/traffic_light/materials/scripts/traffic_light.material
[36.897s] -- Installing: /home/nikita/turtlebot3_ws/src/install/turtlebot3_gazebo/share/turtlebot3_gazebo//models/turtlebot3_autorace_2020/traffic_light/model.config
[36.898s] -- Installing: /home/nikita/turtlebot3_ws/src/install/turtlebot3_gazebo/share/turtlebot3_gazebo//models/turtlebot3_autorace_2020/traffic_light/model.sdf
[36.898s] -- Installing: /home/nikita/turtlebot3_ws/src/install/turtlebot3_gazebo/share/turtlebot3_gazebo//models/turtlebot3_autorace_2020/traffic_construction
[36.898s] -- Installing: /home/nikita/turtlebot3_ws/src/install/turtlebot3_gazebo/share/turtlebot3_gazebo//models/turtlebot3_autorace_2020/traffic_construction/materials
[36.898s] -- Installing: /home/nikita/turtlebot3_ws/src/install/turtlebot3_gazebo/share/turtlebot3_gazebo//models/turtlebot3_autorace_2020/traffic_construction/materials/textures
[36.899s] -- Installing: /home/nikita/turtlebot3_ws/src/install/turtlebot3_gazebo/share/turtlebot3_gazebo//models/turtlebot3_autorace_2020/traffic_construction/materials/textures/traffic_construction.png
[36.900s] -- Installing: /home/nikita/turtlebot3_ws/src/install/turtlebot3_gazebo/share/turtlebot3_gazebo//models/turtlebot3_autorace_2020/traffic_construction/materials/scripts
[36.900s] -- Installing: /home/nikita/turtlebot3_ws/src/install/turtlebot3_gazebo/share/turtlebot3_gazebo//models/turtlebot3_autorace_2020/traffic_construction/materials/scripts/traffic_construction.material
[36.900s] -- Installing: /home/nikita/turtlebot3_ws/src/install/turtlebot3_gazebo/share/turtlebot3_gazebo//models/turtlebot3_autorace_2020/traffic_construction/model.config
[36.901s] -- Installing: /home/nikita/turtlebot3_ws/src/install/turtlebot3_gazebo/share/turtlebot3_gazebo//models/turtlebot3_autorace_2020/traffic_construction/model.sdf
[36.901s] -- Installing: /home/nikita/turtlebot3_ws/src/install/turtlebot3_gazebo/share/turtlebot3_gazebo//models/turtlebot3_autorace_2020/traffic_bar
[36.901s] -- Installing: /home/nikita/turtlebot3_ws/src/install/turtlebot3_gazebo/share/turtlebot3_gazebo//models/turtlebot3_autorace_2020/traffic_bar/materials
[36.901s] -- Installing: /home/nikita/turtlebot3_ws/src/install/turtlebot3_gazebo/share/turtlebot3_gazebo//models/turtlebot3_autorace_2020/traffic_bar/materials/textures
[36.902s] -- Installing: /home/nikita/turtlebot3_ws/src/install/turtlebot3_gazebo/share/turtlebot3_gazebo//models/turtlebot3_autorace_2020/traffic_bar/materials/textures/traffic_bar.png
[36.902s] -- Installing: /home/nikita/turtlebot3_ws/src/install/turtlebot3_gazebo/share/turtlebot3_gazebo//models/turtlebot3_autorace_2020/traffic_bar/materials/scripts
[36.902s] -- Installing: /home/nikita/turtlebot3_ws/src/install/turtlebot3_gazebo/share/turtlebot3_gazebo//models/turtlebot3_autorace_2020/traffic_bar/materials/scripts/traffic_bar.material
[36.903s] -- Installing: /home/nikita/turtlebot3_ws/src/install/turtlebot3_gazebo/share/turtlebot3_gazebo//models/turtlebot3_autorace_2020/traffic_bar/model.config
[36.903s] -- Installing: /home/nikita/turtlebot3_ws/src/install/turtlebot3_gazebo/share/turtlebot3_gazebo//models/turtlebot3_autorace_2020/traffic_bar/model.sdf
[36.903s] -- Installing: /home/nikita/turtlebot3_ws/src/install/turtlebot3_gazebo/share/turtlebot3_gazebo//models/turtlebot3_autorace_2020/checker
[36.904s] -- Installing: /home/nikita/turtlebot3_ws/src/install/turtlebot3_gazebo/share/turtlebot3_gazebo//models/turtlebot3_autorace_2020/checker/materials
[36.904s] -- Installing: /home/nikita/turtlebot3_ws/src/install/turtlebot3_gazebo/share/turtlebot3_gazebo//models/turtlebot3_autorace_2020/checker/materials/textures
[36.904s] -- Installing: /home/nikita/turtlebot3_ws/src/install/turtlebot3_gazebo/share/turtlebot3_gazebo//models/turtlebot3_autorace_2020/checker/materials/textures/checker.png
[36.904s] -- Installing: /home/nikita/turtlebot3_ws/src/install/turtlebot3_gazebo/share/turtlebot3_gazebo//models/turtlebot3_autorace_2020/checker/materials/checker.png
[36.905s] -- Installing: /home/nikita/turtlebot3_ws/src/install/turtlebot3_gazebo/share/turtlebot3_gazebo//models/turtlebot3_autorace_2020/checker/materials/scripts
[36.905s] -- Installing: /home/nikita/turtlebot3_ws/src/install/turtlebot3_gazebo/share/turtlebot3_gazebo//models/turtlebot3_autorace_2020/checker/materials/scripts/checker.material
[36.905s] -- Installing: /home/nikita/turtlebot3_ws/src/install/turtlebot3_gazebo/share/turtlebot3_gazebo//models/turtlebot3_autorace_2020/checker/model.config
[36.906s] -- Installing: /home/nikita/turtlebot3_ws/src/install/turtlebot3_gazebo/share/turtlebot3_gazebo//models/turtlebot3_autorace_2020/checker/model.sdf
[36.906s] -- Installing: /home/nikita/turtlebot3_ws/src/install/turtlebot3_gazebo/share/turtlebot3_gazebo//models/turtlebot3_autorace_2020/traffic_left
[36.906s] -- Installing: /home/nikita/turtlebot3_ws/src/install/turtlebot3_gazebo/share/turtlebot3_gazebo//models/turtlebot3_autorace_2020/traffic_left/materials
[36.907s] -- Installing: /home/nikita/turtlebot3_ws/src/install/turtlebot3_gazebo/share/turtlebot3_gazebo//models/turtlebot3_autorace_2020/traffic_left/materials/textures
[36.907s] -- Installing: /home/nikita/turtlebot3_ws/src/install/turtlebot3_gazebo/share/turtlebot3_gazebo//models/turtlebot3_autorace_2020/traffic_left/materials/textures/traffic_left.png
[36.908s] -- Installing: /home/nikita/turtlebot3_ws/src/install/turtlebot3_gazebo/share/turtlebot3_gazebo//models/turtlebot3_autorace_2020/traffic_left/materials/scripts
[36.908s] -- Installing: /home/nikita/turtlebot3_ws/src/install/turtlebot3_gazebo/share/turtlebot3_gazebo//models/turtlebot3_autorace_2020/traffic_left/materials/scripts/traffic_is_left.material
[36.908s] -- Installing: /home/nikita/turtlebot3_ws/src/install/turtlebot3_gazebo/share/turtlebot3_gazebo//models/turtlebot3_autorace_2020/traffic_left/model.config
[36.909s] -- Installing: /home/nikita/turtlebot3_ws/src/install/turtlebot3_gazebo/share/turtlebot3_gazebo//models/turtlebot3_autorace_2020/traffic_left/model.sdf
[36.909s] -- Installing: /home/nikita/turtlebot3_ws/src/install/turtlebot3_gazebo/share/turtlebot3_gazebo//models/turtlebot3_autorace_2020/traffic_tunnel
[36.909s] -- Installing: /home/nikita/turtlebot3_ws/src/install/turtlebot3_gazebo/share/turtlebot3_gazebo//models/turtlebot3_autorace_2020/traffic_tunnel/materials
[36.910s] -- Installing: /home/nikita/turtlebot3_ws/src/install/turtlebot3_gazebo/share/turtlebot3_gazebo//models/turtlebot3_autorace_2020/traffic_tunnel/materials/textures
[36.910s] -- Installing: /home/nikita/turtlebot3_ws/src/install/turtlebot3_gazebo/share/turtlebot3_gazebo//models/turtlebot3_autorace_2020/traffic_tunnel/materials/textures/tunnel.png
[36.911s] -- Installing: /home/nikita/turtlebot3_ws/src/install/turtlebot3_gazebo/share/turtlebot3_gazebo//models/turtlebot3_autorace_2020/traffic_tunnel/materials/scripts
[36.911s] -- Installing: /home/nikita/turtlebot3_ws/src/install/turtlebot3_gazebo/share/turtlebot3_gazebo//models/turtlebot3_autorace_2020/traffic_tunnel/materials/scripts/tunnel.material
[36.911s] -- Installing: /home/nikita/turtlebot3_ws/src/install/turtlebot3_gazebo/share/turtlebot3_gazebo//models/turtlebot3_autorace_2020/traffic_tunnel/model.config
[36.912s] -- Installing: /home/nikita/turtlebot3_ws/src/install/turtlebot3_gazebo/share/turtlebot3_gazebo//models/turtlebot3_autorace_2020/traffic_tunnel/model.sdf
[36.912s] -- Installing: /home/nikita/turtlebot3_ws/src/install/turtlebot3_gazebo/share/turtlebot3_gazebo//models/turtlebot3_world
[36.912s] -- Installing: /home/nikita/turtlebot3_ws/src/install/turtlebot3_gazebo/share/turtlebot3_gazebo//models/turtlebot3_world/meshes
[36.912s] -- Installing: /home/nikita/turtlebot3_ws/src/install/turtlebot3_gazebo/share/turtlebot3_gazebo//models/turtlebot3_world/meshes/wall.dae
[36.913s] -- Installing: /home/nikita/turtlebot3_ws/src/install/turtlebot3_gazebo/share/turtlebot3_gazebo//models/turtlebot3_world/meshes/hexagon.dae
[36.913s] -- Installing: /home/nikita/turtlebot3_ws/src/install/turtlebot3_gazebo/share/turtlebot3_gazebo//models/turtlebot3_world/model.config
[36.913s] -- Installing: /home/nikita/turtlebot3_ws/src/install/turtlebot3_gazebo/share/turtlebot3_gazebo//models/turtlebot3_world/model.sdf
[36.914s] -- Installing: /home/nikita/turtlebot3_ws/src/install/turtlebot3_gazebo/share/turtlebot3_gazebo//models/turtlebot3_world/model-1_4.sdf
[36.914s] -- Installing: /home/nikita/turtlebot3_ws/src/install/turtlebot3_gazebo/share/turtlebot3_gazebo//models/turtlebot3_common
[36.914s] -- Installing: /home/nikita/turtlebot3_ws/src/install/turtlebot3_gazebo/share/turtlebot3_gazebo//models/turtlebot3_common/meshes
[36.915s] -- Installing: /home/nikita/turtlebot3_ws/src/install/turtlebot3_gazebo/share/turtlebot3_gazebo//models/turtlebot3_common/meshes/sensors
[36.915s] -- Installing: /home/nikita/turtlebot3_ws/src/install/turtlebot3_gazebo/share/turtlebot3_gazebo//models/turtlebot3_common/meshes/sensors/astra.dae
[36.936s] -- Installing: /home/nikita/turtlebot3_ws/src/install/turtlebot3_gazebo/share/turtlebot3_gazebo//models/turtlebot3_common/meshes/sensors/lds.stl
[36.938s] -- Installing: /home/nikita/turtlebot3_ws/src/install/turtlebot3_gazebo/share/turtlebot3_gazebo//models/turtlebot3_common/meshes/sensors/astra.jpg
[36.938s] -- Installing: /home/nikita/turtlebot3_ws/src/install/turtlebot3_gazebo/share/turtlebot3_gazebo//models/turtlebot3_common/meshes/sensors/r200.dae
[36.939s] -- Installing: /home/nikita/turtlebot3_ws/src/install/turtlebot3_gazebo/share/turtlebot3_gazebo//models/turtlebot3_common/meshes/sensors/r200.jpg
[36.940s] -- Installing: /home/nikita/turtlebot3_ws/src/install/turtlebot3_gazebo/share/turtlebot3_gazebo//models/turtlebot3_common/meshes/bases
[36.940s] -- Installing: /home/nikita/turtlebot3_ws/src/install/turtlebot3_gazebo/share/turtlebot3_gazebo//models/turtlebot3_common/meshes/bases/waffle_pi_base.stl
[36.959s] -- Installing: /home/nikita/turtlebot3_ws/src/install/turtlebot3_gazebo/share/turtlebot3_gazebo//models/turtlebot3_common/meshes/bases/burger_base.stl
[36.969s] -- Installing: /home/nikita/turtlebot3_ws/src/install/turtlebot3_gazebo/share/turtlebot3_gazebo//models/turtlebot3_common/meshes/bases/waffle_base.stl
[37.009s] -- Installing: /home/nikita/turtlebot3_ws/src/install/turtlebot3_gazebo/share/turtlebot3_gazebo//models/turtlebot3_common/meshes/r200.dae
[37.010s] -- Installing: /home/nikita/turtlebot3_ws/src/install/turtlebot3_gazebo/share/turtlebot3_gazebo//models/turtlebot3_common/meshes/wheels
[37.010s] -- Installing: /home/nikita/turtlebot3_ws/src/install/turtlebot3_gazebo/share/turtlebot3_gazebo//models/turtlebot3_common/meshes/wheels/right_tire.stl
[37.013s] -- Installing: /home/nikita/turtlebot3_ws/src/install/turtlebot3_gazebo/share/turtlebot3_gazebo//models/turtlebot3_common/meshes/wheels/left_tire.stl
[37.016s] -- Installing: /home/nikita/turtlebot3_ws/src/install/turtlebot3_gazebo/share/turtlebot3_gazebo//models/turtlebot3_common/meshes/tire.dae
[37.017s] -- Installing: /home/nikita/turtlebot3_ws/src/install/turtlebot3_gazebo/share/turtlebot3_gazebo//models/turtlebot3_common/meshes/burger_base.dae
[37.017s] -- Installing: /home/nikita/turtlebot3_ws/src/install/turtlebot3_gazebo/share/turtlebot3_gazebo//models/turtlebot3_common/meshes/waffle_pi_base.dae
[37.018s] -- Installing: /home/nikita/turtlebot3_ws/src/install/turtlebot3_gazebo/share/turtlebot3_gazebo//models/turtlebot3_common/meshes/lds.dae
[37.018s] -- Installing: /home/nikita/turtlebot3_ws/src/install/turtlebot3_gazebo/share/turtlebot3_gazebo//models/turtlebot3_common/meshes/waffle_base.dae
[37.018s] -- Installing: /home/nikita/turtlebot3_ws/src/install/turtlebot3_gazebo/share/turtlebot3_gazebo//models/turtlebot3_common/model.config
[37.019s] -- Installing: /home/nikita/turtlebot3_ws/src/install/turtlebot3_gazebo/share/turtlebot3_gazebo//models/turtlebot3_burger
[37.019s] -- Installing: /home/nikita/turtlebot3_ws/src/install/turtlebot3_gazebo/share/turtlebot3_gazebo//models/turtlebot3_burger/model.config
[37.019s] -- Installing: /home/nikita/turtlebot3_ws/src/install/turtlebot3_gazebo/share/turtlebot3_gazebo//models/turtlebot3_burger/model.sdf
[37.020s] -- Installing: /home/nikita/turtlebot3_ws/src/install/turtlebot3_gazebo/share/turtlebot3_gazebo//models/turtlebot3_burger/model-1_4.sdf
[37.020s] -- Installing: /home/nikita/turtlebot3_ws/src/install/turtlebot3_gazebo/share/turtlebot3_gazebo//models/turtlebot3_house
[37.020s] -- Installing: /home/nikita/turtlebot3_ws/src/install/turtlebot3_gazebo/share/turtlebot3_gazebo//models/turtlebot3_house/model.config
[37.021s] -- Installing: /home/nikita/turtlebot3_ws/src/install/turtlebot3_gazebo/share/turtlebot3_gazebo//models/turtlebot3_house/model.sdf
[37.022s] -- Installing: /home/nikita/turtlebot3_ws/src/install/turtlebot3_gazebo/share/turtlebot3_gazebo//models/turtlebot3_dqn_world
[37.022s] -- Installing: /home/nikita/turtlebot3_ws/src/install/turtlebot3_gazebo/share/turtlebot3_gazebo//models/turtlebot3_dqn_world/obstacles
[37.023s] -- Installing: /home/nikita/turtlebot3_ws/src/install/turtlebot3_gazebo/share/turtlebot3_gazebo//models/turtlebot3_dqn_world/obstacles/model.config
[37.023s] -- Installing: /home/nikita/turtlebot3_ws/src/install/turtlebot3_gazebo/share/turtlebot3_gazebo//models/turtlebot3_dqn_world/obstacles/model.sdf
[37.023s] -- Installing: /home/nikita/turtlebot3_ws/src/install/turtlebot3_gazebo/share/turtlebot3_gazebo//models/turtlebot3_dqn_world/model.config
[37.023s] -- Installing: /home/nikita/turtlebot3_ws/src/install/turtlebot3_gazebo/share/turtlebot3_gazebo//models/turtlebot3_dqn_world/inner_walls
[37.024s] -- Installing: /home/nikita/turtlebot3_ws/src/install/turtlebot3_gazebo/share/turtlebot3_gazebo//models/turtlebot3_dqn_world/inner_walls/model.config
[37.024s] -- Installing: /home/nikita/turtlebot3_ws/src/install/turtlebot3_gazebo/share/turtlebot3_gazebo//models/turtlebot3_dqn_world/inner_walls/model.sdf
[37.024s] -- Installing: /home/nikita/turtlebot3_ws/src/install/turtlebot3_gazebo/share/turtlebot3_gazebo//models/turtlebot3_dqn_world/model.sdf
[37.025s] -- Installing: /home/nikita/turtlebot3_ws/src/install/turtlebot3_gazebo/share/turtlebot3_gazebo//models/turtlebot3_dqn_world/obstacle2
[37.025s] -- Installing: /home/nikita/turtlebot3_ws/src/install/turtlebot3_gazebo/share/turtlebot3_gazebo//models/turtlebot3_dqn_world/obstacle2/model.config
[37.025s] -- Installing: /home/nikita/turtlebot3_ws/src/install/turtlebot3_gazebo/share/turtlebot3_gazebo//models/turtlebot3_dqn_world/obstacle2/model.sdf
[37.026s] -- Installing: /home/nikita/turtlebot3_ws/src/install/turtlebot3_gazebo/share/turtlebot3_gazebo//models/turtlebot3_dqn_world/obstacle1
[37.026s] -- Installing: /home/nikita/turtlebot3_ws/src/install/turtlebot3_gazebo/share/turtlebot3_gazebo//models/turtlebot3_dqn_world/obstacle1/model.config
[37.026s] -- Installing: /home/nikita/turtlebot3_ws/src/install/turtlebot3_gazebo/share/turtlebot3_gazebo//models/turtlebot3_dqn_world/obstacle1/model.sdf
[37.027s] -- Installing: /home/nikita/turtlebot3_ws/src/install/turtlebot3_gazebo/share/turtlebot3_gazebo//models/turtlebot3_dqn_world/goal_box
[37.027s] -- Installing: /home/nikita/turtlebot3_ws/src/install/turtlebot3_gazebo/share/turtlebot3_gazebo//models/turtlebot3_dqn_world/goal_box/model.config
[37.027s] -- Installing: /home/nikita/turtlebot3_ws/src/install/turtlebot3_gazebo/share/turtlebot3_gazebo//models/turtlebot3_dqn_world/goal_box/model.sdf
[37.027s] -- Installing: /home/nikita/turtlebot3_ws/src/install/turtlebot3_gazebo/share/turtlebot3_gazebo//models/turtlebot3_waffle_pi
[37.028s] -- Installing: /home/nikita/turtlebot3_ws/src/install/turtlebot3_gazebo/share/turtlebot3_gazebo//models/turtlebot3_waffle_pi/model.config
[37.028s] -- Installing: /home/nikita/turtlebot3_ws/src/install/turtlebot3_gazebo/share/turtlebot3_gazebo//models/turtlebot3_waffle_pi/model.sdf
[37.028s] -- Installing: /home/nikita/turtlebot3_ws/src/install/turtlebot3_gazebo/share/turtlebot3_gazebo//models/turtlebot3_waffle_pi/model-1_4_.sdf
[37.029s] -- Installing: /home/nikita/turtlebot3_ws/src/install/turtlebot3_gazebo/share/turtlebot3_gazebo//models/turtlebot3_burger_cam
[37.029s] -- Installing: /home/nikita/turtlebot3_ws/src/install/turtlebot3_gazebo/share/turtlebot3_gazebo//models/turtlebot3_burger_cam/model.config
[37.029s] -- Installing: /home/nikita/turtlebot3_ws/src/install/turtlebot3_gazebo/share/turtlebot3_gazebo//models/turtlebot3_burger_cam/model.sdf
[37.030s] -- Installing: /home/nikita/turtlebot3_ws/src/install/turtlebot3_gazebo/share/turtlebot3_gazebo//models/turtlebot3_burger_cam/model-1_4.sdf
[37.030s] -- Installing: /home/nikita/turtlebot3_ws/src/install/turtlebot3_gazebo/share/turtlebot3_gazebo//models/turtlebot3_waffle
[37.030s] -- Installing: /home/nikita/turtlebot3_ws/src/install/turtlebot3_gazebo/share/turtlebot3_gazebo//models/turtlebot3_waffle/model.config
[37.031s] -- Installing: /home/nikita/turtlebot3_ws/src/install/turtlebot3_gazebo/share/turtlebot3_gazebo//models/turtlebot3_waffle/model.sdf
[37.031s] -- Installing: /home/nikita/turtlebot3_ws/src/install/turtlebot3_gazebo/share/turtlebot3_gazebo//models/turtlebot3_waffle/model-1_4.sdf
[37.032s] -- Installing: /home/nikita/turtlebot3_ws/src/install/turtlebot3_gazebo/share/turtlebot3_gazebo//rviz
[37.032s] -- Installing: /home/nikita/turtlebot3_ws/src/install/turtlebot3_gazebo/share/turtlebot3_gazebo//rviz/tb3_gazebo.rviz
[37.032s] -- Installing: /home/nikita/turtlebot3_ws/src/install/turtlebot3_gazebo/share/turtlebot3_gazebo//urdf
[37.032s] -- Installing: /home/nikita/turtlebot3_ws/src/install/turtlebot3_gazebo/share/turtlebot3_gazebo//urdf/turtlebot3_waffle.urdf
[37.033s] -- Installing: /home/nikita/turtlebot3_ws/src/install/turtlebot3_gazebo/share/turtlebot3_gazebo//urdf/turtlebot3_burger.urdf
[37.033s] -- Installing: /home/nikita/turtlebot3_ws/src/install/turtlebot3_gazebo/share/turtlebot3_gazebo//urdf/turtlebot3_burger_cam.urdf
[37.033s] -- Installing: /home/nikita/turtlebot3_ws/src/install/turtlebot3_gazebo/share/turtlebot3_gazebo//urdf/common_properties.urdf
[37.034s] -- Installing: /home/nikita/turtlebot3_ws/src/install/turtlebot3_gazebo/share/turtlebot3_gazebo//urdf/turtlebot3_waffle_pi.urdf
[37.034s] -- Installing: /home/nikita/turtlebot3_ws/src/install/turtlebot3_gazebo/share/turtlebot3_gazebo//worlds
[37.034s] -- Installing: /home/nikita/turtlebot3_ws/src/install/turtlebot3_gazebo/share/turtlebot3_gazebo//worlds/turtlebot3_dqn_stage1.world
[37.035s] -- Installing: /home/nikita/turtlebot3_ws/src/install/turtlebot3_gazebo/share/turtlebot3_gazebo//worlds/turtlebot3_dqn_stage3.world
[37.035s] -- Installing: /home/nikita/turtlebot3_ws/src/install/turtlebot3_gazebo/share/turtlebot3_gazebo//worlds/empty_world.world
[37.035s] -- Installing: /home/nikita/turtlebot3_ws/src/install/turtlebot3_gazebo/share/turtlebot3_gazebo//worlds/turtlebot3_autorace_2020.world
[37.036s] -- Installing: /home/nikita/turtlebot3_ws/src/install/turtlebot3_gazebo/share/turtlebot3_gazebo//worlds/turtlebot3_dqn_stage4.world
[37.036s] -- Installing: /home/nikita/turtlebot3_ws/src/install/turtlebot3_gazebo/share/turtlebot3_gazebo//worlds/turtlebot3_dqn_stage2.world
[37.037s] -- Installing: /home/nikita/turtlebot3_ws/src/install/turtlebot3_gazebo/share/turtlebot3_gazebo//worlds/turtlebot3_world.world
[37.037s] -- Installing: /home/nikita/turtlebot3_ws/src/install/turtlebot3_gazebo/share/turtlebot3_gazebo//worlds/turtlebot3_house.world
[37.037s] -- Installing: /home/nikita/turtlebot3_ws/src/install/turtlebot3_gazebo/include/
[37.038s] -- Installing: /home/nikita/turtlebot3_ws/src/install/turtlebot3_gazebo/include//turtlebot3_gazebo
[37.038s] -- Installing: /home/nikita/turtlebot3_ws/src/install/turtlebot3_gazebo/include//turtlebot3_gazebo/turtlebot3_drive.hpp
[37.038s] -- Installing: /home/nikita/turtlebot3_ws/src/install/turtlebot3_gazebo/include//turtlebot3_gazebo/obstacle2.hpp
[37.038s] -- Installing: /home/nikita/turtlebot3_ws/src/install/turtlebot3_gazebo/include//turtlebot3_gazebo/obstacle1.hpp
[37.039s] -- Installing: /home/nikita/turtlebot3_ws/src/install/turtlebot3_gazebo/include//turtlebot3_gazebo/traffic_light_plugin.hpp
[37.039s] -- Installing: /home/nikita/turtlebot3_ws/src/install/turtlebot3_gazebo/include//turtlebot3_gazebo/traffic_bar_plugin.hpp
[37.039s] -- Installing: /home/nikita/turtlebot3_ws/src/install/turtlebot3_gazebo/include//turtlebot3_gazebo/obstacles.hpp
[37.041s] -- Installing: /home/nikita/turtlebot3_ws/src/install/turtlebot3_gazebo/share/ament_index/resource_index/package_run_dependencies/turtlebot3_gazebo
[37.041s] -- Installing: /home/nikita/turtlebot3_ws/src/install/turtlebot3_gazebo/share/ament_index/resource_index/parent_prefix_path/turtlebot3_gazebo
[37.042s] -- Installing: /home/nikita/turtlebot3_ws/src/install/turtlebot3_gazebo/share/turtlebot3_gazebo/environment/ament_prefix_path.sh
[37.042s] -- Installing: /home/nikita/turtlebot3_ws/src/install/turtlebot3_gazebo/share/turtlebot3_gazebo/environment/ament_prefix_path.dsv
[37.042s] -- Installing: /home/nikita/turtlebot3_ws/src/install/turtlebot3_gazebo/share/turtlebot3_gazebo/environment/path.sh
[37.042s] -- Installing: /home/nikita/turtlebot3_ws/src/install/turtlebot3_gazebo/share/turtlebot3_gazebo/environment/path.dsv
[37.043s] -- Installing: /home/nikita/turtlebot3_ws/src/install/turtlebot3_gazebo/share/turtlebot3_gazebo/local_setup.bash
[37.043s] -- Installing: /home/nikita/turtlebot3_ws/src/install/turtlebot3_gazebo/share/turtlebot3_gazebo/local_setup.sh
[37.043s] -- Installing: /home/nikita/turtlebot3_ws/src/install/turtlebot3_gazebo/share/turtlebot3_gazebo/local_setup.zsh
[37.044s] -- Installing: /home/nikita/turtlebot3_ws/src/install/turtlebot3_gazebo/share/turtlebot3_gazebo/local_setup.dsv
[37.044s] -- Installing: /home/nikita/turtlebot3_ws/src/install/turtlebot3_gazebo/share/turtlebot3_gazebo/package.dsv
[37.045s] -- Installing: /home/nikita/turtlebot3_ws/src/install/turtlebot3_gazebo/share/ament_index/resource_index/packages/turtlebot3_gazebo
[37.045s] -- Installing: /home/nikita/turtlebot3_ws/src/install/turtlebot3_gazebo/share/turtlebot3_gazebo/cmake/ament_cmake_export_include_directories-extras.cmake
[37.045s] -- Installing: /home/nikita/turtlebot3_ws/src/install/turtlebot3_gazebo/share/turtlebot3_gazebo/cmake/ament_cmake_export_dependencies-extras.cmake
[37.046s] -- Installing: /home/nikita/turtlebot3_ws/src/install/turtlebot3_gazebo/share/turtlebot3_gazebo/cmake/turtlebot3_gazeboConfig.cmake
[37.046s] -- Installing: /home/nikita/turtlebot3_ws/src/install/turtlebot3_gazebo/share/turtlebot3_gazebo/cmake/turtlebot3_gazeboConfig-version.cmake
[37.046s] -- Installing: /home/nikita/turtlebot3_ws/src/install/turtlebot3_gazebo/share/turtlebot3_gazebo/package.xml
[37.050s] Invoked command in '/home/nikita/turtlebot3_ws/src/build/turtlebot3_gazebo' returned '0': CMAKE_PREFIX_PATH=${CMAKE_PREFIX_PATH}:/home/nikita/turtlebot3_ws/install/turtlebot3_teleop:/home/nikita/turtlebot3_ws/install/turtlebot3_example:/home/nikita/turtlebot3_ws/install/turtlebot3_autorace:/home/nikita/turtlebot3_ws/install/turtlebot3_autorace_mission:/home/nikita/turtlebot3_ws/install/turtlebot3_autorace_detect:/home/nikita/turtlebot3_ws/install/turtlebot3_autorace_camera:/home/nikita/AMR_coding/install/webcam:/home/nikita/AMR_coding/install/turtle_distance_package:/home/nikita/AMR_coding/install/turtle_distance_node:/home/nikita/AMR_coding/install/trt_rect_pkg:/home/nikita/AMR_coding/install/publisher_node:/home/nikita/AMR_coding/install/my_package:/opt/ros/humble /usr/bin/cmake --install /home/nikita/turtlebot3_ws/src/build/turtlebot3_gazebo
