[0.021s] Invoking command in '/home/nikita/turtlebot3_ws/build/turtlebot3_bringup': AMENT_PREFIX_PATH=/home/nikita/turtlebot3_ws/install/turtlebot3_node:/home/nikita/turtlebot3_ws/install/turtlebot3_msgs:/home/nikita/turtlebot3_ws/install/turtlebot3_description:/home/nikita/turtlebot3_ws/install/dynamixel_sdk:${AMENT_PREFIX_PATH} CMAKE_PREFIX_PATH=/home/nikita/turtlebot3_ws/install/turtlebot3_node:/home/nikita/turtlebot3_ws/install/turtlebot3_msgs:/home/nikita/turtlebot3_ws/install/turtlebot3_description:/home/nikita/turtlebot3_ws/install/dynamixel_sdk:/home/nikita/AMR_coding/install/webcam:/home/nikita/AMR_coding/install/turtle_distance_package:/home/nikita/AMR_coding/install/turtle_distance_node:/home/nikita/AMR_coding/install/trt_rect_pkg:/home/nikita/AMR_coding/install/publisher_node:/home/nikita/AMR_coding/install/my_package:/opt/ros/humble LD_LIBRARY_PATH=/home/nikita/turtlebot3_ws/install/turtlebot3_msgs/lib:/home/nikita/turtlebot3_ws/install/dynamixel_sdk/lib:/usr/lib/x86_64-linux-gnu/gazebo-11/plugins:/opt/ros/humble/opt/rviz_ogre_vendor/lib:/opt/ros/humble/lib/x86_64-linux-gnu:/opt/ros/humble/lib:/usr/lib/x86_64-linux-gnu/gazebo-11/plugins:/usr/lib/x86_64-linux-gnu/gazebo-11/plugins:/home/nikita/turtlebot3_ws/build/turtlebot3_gazebo:/home/nikita/turtlebot3_ws/build/turtlebot3_gazebo:/usr/lib/x86_64-linux-gnu/gazebo-11/plugins PYTHONPATH=/home/nikita/turtlebot3_ws/install/turtlebot3_msgs/local/lib/python3.10/dist-packages:/home/nikita/turtlebot3_ws/install/dynamixel_sdk/local/lib/python3.10/dist-packages:${PYTHONPATH} /usr/bin/cmake /home/nikita/turtlebot3_ws/src/turtlebot3/turtlebot3_bringup -DAMENT_CMAKE_SYMLINK_INSTALL=1 -DCMAKE_INSTALL_PREFIX=/home/nikita/turtlebot3_ws/install/turtlebot3_bringup
[0.084s] -- The C compiler identification is GNU 11.4.0
[0.150s] -- The CXX compiler identification is GNU 11.4.0
[0.159s] -- Detecting C compiler ABI info
[0.240s] -- Detecting C compiler ABI info - done
[0.250s] -- Check for working C compiler: /usr/bin/cc - skipped
[0.250s] -- Detecting C compile features
[0.251s] -- Detecting C compile features - done
[0.254s] -- Detecting CXX compiler ABI info
[0.347s] -- Detecting CXX compiler ABI info - done
[0.357s] -- Check for working CXX compiler: /usr/bin/c++ - skipped
[0.358s] -- Detecting CXX compile features
[0.358s] -- Detecting CXX compile features - done
[0.372s] -- Found ament_cmake: 1.3.11 (/opt/ros/humble/share/ament_cmake/cmake)
[0.571s] -- Found Python3: /usr/bin/python3 (found version "3.10.12") found components: Interpreter 
[0.683s] -- Override CMake install command with custom implementation using symlinks instead of copying resources
[0.830s] -- Configuring done
[0.833s] -- Generating done
[0.836s] -- Build files have been written to: /home/nikita/turtlebot3_ws/build/turtlebot3_bringup
[0.843s] Invoked command in '/home/nikita/turtlebot3_ws/build/turtlebot3_bringup' returned '0': AMENT_PREFIX_PATH=/home/nikita/turtlebot3_ws/install/turtlebot3_node:/home/nikita/turtlebot3_ws/install/turtlebot3_msgs:/home/nikita/turtlebot3_ws/install/turtlebot3_description:/home/nikita/turtlebot3_ws/install/dynamixel_sdk:${AMENT_PREFIX_PATH} CMAKE_PREFIX_PATH=/home/nikita/turtlebot3_ws/install/turtlebot3_node:/home/nikita/turtlebot3_ws/install/turtlebot3_msgs:/home/nikita/turtlebot3_ws/install/turtlebot3_description:/home/nikita/turtlebot3_ws/install/dynamixel_sdk:/home/nikita/AMR_coding/install/webcam:/home/nikita/AMR_coding/install/turtle_distance_package:/home/nikita/AMR_coding/install/turtle_distance_node:/home/nikita/AMR_coding/install/trt_rect_pkg:/home/nikita/AMR_coding/install/publisher_node:/home/nikita/AMR_coding/install/my_package:/opt/ros/humble LD_LIBRARY_PATH=/home/nikita/turtlebot3_ws/install/turtlebot3_msgs/lib:/home/nikita/turtlebot3_ws/install/dynamixel_sdk/lib:/usr/lib/x86_64-linux-gnu/gazebo-11/plugins:/opt/ros/humble/opt/rviz_ogre_vendor/lib:/opt/ros/humble/lib/x86_64-linux-gnu:/opt/ros/humble/lib:/usr/lib/x86_64-linux-gnu/gazebo-11/plugins:/usr/lib/x86_64-linux-gnu/gazebo-11/plugins:/home/nikita/turtlebot3_ws/build/turtlebot3_gazebo:/home/nikita/turtlebot3_ws/build/turtlebot3_gazebo:/usr/lib/x86_64-linux-gnu/gazebo-11/plugins PYTHONPATH=/home/nikita/turtlebot3_ws/install/turtlebot3_msgs/local/lib/python3.10/dist-packages:/home/nikita/turtlebot3_ws/install/dynamixel_sdk/local/lib/python3.10/dist-packages:${PYTHONPATH} /usr/bin/cmake /home/nikita/turtlebot3_ws/src/turtlebot3/turtlebot3_bringup -DAMENT_CMAKE_SYMLINK_INSTALL=1 -DCMAKE_INSTALL_PREFIX=/home/nikita/turtlebot3_ws/install/turtlebot3_bringup
[0.845s] Invoking command in '/home/nikita/turtlebot3_ws/build/turtlebot3_bringup': AMENT_PREFIX_PATH=/home/nikita/turtlebot3_ws/install/turtlebot3_node:/home/nikita/turtlebot3_ws/install/turtlebot3_msgs:/home/nikita/turtlebot3_ws/install/turtlebot3_description:/home/nikita/turtlebot3_ws/install/dynamixel_sdk:${AMENT_PREFIX_PATH} CMAKE_PREFIX_PATH=/home/nikita/turtlebot3_ws/install/turtlebot3_node:/home/nikita/turtlebot3_ws/install/turtlebot3_msgs:/home/nikita/turtlebot3_ws/install/turtlebot3_description:/home/nikita/turtlebot3_ws/install/dynamixel_sdk:/home/nikita/AMR_coding/install/webcam:/home/nikita/AMR_coding/install/turtle_distance_package:/home/nikita/AMR_coding/install/turtle_distance_node:/home/nikita/AMR_coding/install/trt_rect_pkg:/home/nikita/AMR_coding/install/publisher_node:/home/nikita/AMR_coding/install/my_package:/opt/ros/humble LD_LIBRARY_PATH=/home/nikita/turtlebot3_ws/install/turtlebot3_msgs/lib:/home/nikita/turtlebot3_ws/install/dynamixel_sdk/lib:/usr/lib/x86_64-linux-gnu/gazebo-11/plugins:/opt/ros/humble/opt/rviz_ogre_vendor/lib:/opt/ros/humble/lib/x86_64-linux-gnu:/opt/ros/humble/lib:/usr/lib/x86_64-linux-gnu/gazebo-11/plugins:/usr/lib/x86_64-linux-gnu/gazebo-11/plugins:/home/nikita/turtlebot3_ws/build/turtlebot3_gazebo:/home/nikita/turtlebot3_ws/build/turtlebot3_gazebo:/usr/lib/x86_64-linux-gnu/gazebo-11/plugins PYTHONPATH=/home/nikita/turtlebot3_ws/install/turtlebot3_msgs/local/lib/python3.10/dist-packages:/home/nikita/turtlebot3_ws/install/dynamixel_sdk/local/lib/python3.10/dist-packages:${PYTHONPATH} /usr/bin/cmake --build /home/nikita/turtlebot3_ws/build/turtlebot3_bringup -- -j8 -l8
[0.896s] Invoked command in '/home/nikita/turtlebot3_ws/build/turtlebot3_bringup' returned '0': AMENT_PREFIX_PATH=/home/nikita/turtlebot3_ws/install/turtlebot3_node:/home/nikita/turtlebot3_ws/install/turtlebot3_msgs:/home/nikita/turtlebot3_ws/install/turtlebot3_description:/home/nikita/turtlebot3_ws/install/dynamixel_sdk:${AMENT_PREFIX_PATH} CMAKE_PREFIX_PATH=/home/nikita/turtlebot3_ws/install/turtlebot3_node:/home/nikita/turtlebot3_ws/install/turtlebot3_msgs:/home/nikita/turtlebot3_ws/install/turtlebot3_description:/home/nikita/turtlebot3_ws/install/dynamixel_sdk:/home/nikita/AMR_coding/install/webcam:/home/nikita/AMR_coding/install/turtle_distance_package:/home/nikita/AMR_coding/install/turtle_distance_node:/home/nikita/AMR_coding/install/trt_rect_pkg:/home/nikita/AMR_coding/install/publisher_node:/home/nikita/AMR_coding/install/my_package:/opt/ros/humble LD_LIBRARY_PATH=/home/nikita/turtlebot3_ws/install/turtlebot3_msgs/lib:/home/nikita/turtlebot3_ws/install/dynamixel_sdk/lib:/usr/lib/x86_64-linux-gnu/gazebo-11/plugins:/opt/ros/humble/opt/rviz_ogre_vendor/lib:/opt/ros/humble/lib/x86_64-linux-gnu:/opt/ros/humble/lib:/usr/lib/x86_64-linux-gnu/gazebo-11/plugins:/usr/lib/x86_64-linux-gnu/gazebo-11/plugins:/home/nikita/turtlebot3_ws/build/turtlebot3_gazebo:/home/nikita/turtlebot3_ws/build/turtlebot3_gazebo:/usr/lib/x86_64-linux-gnu/gazebo-11/plugins PYTHONPATH=/home/nikita/turtlebot3_ws/install/turtlebot3_msgs/local/lib/python3.10/dist-packages:/home/nikita/turtlebot3_ws/install/dynamixel_sdk/local/lib/python3.10/dist-packages:${PYTHONPATH} /usr/bin/cmake --build /home/nikita/turtlebot3_ws/build/turtlebot3_bringup -- -j8 -l8
[0.898s] Invoking command in '/home/nikita/turtlebot3_ws/build/turtlebot3_bringup': AMENT_PREFIX_PATH=/home/nikita/turtlebot3_ws/install/turtlebot3_node:/home/nikita/turtlebot3_ws/install/turtlebot3_msgs:/home/nikita/turtlebot3_ws/install/turtlebot3_description:/home/nikita/turtlebot3_ws/install/dynamixel_sdk:${AMENT_PREFIX_PATH} CMAKE_PREFIX_PATH=/home/nikita/turtlebot3_ws/install/turtlebot3_node:/home/nikita/turtlebot3_ws/install/turtlebot3_msgs:/home/nikita/turtlebot3_ws/install/turtlebot3_description:/home/nikita/turtlebot3_ws/install/dynamixel_sdk:/home/nikita/AMR_coding/install/webcam:/home/nikita/AMR_coding/install/turtle_distance_package:/home/nikita/AMR_coding/install/turtle_distance_node:/home/nikita/AMR_coding/install/trt_rect_pkg:/home/nikita/AMR_coding/install/publisher_node:/home/nikita/AMR_coding/install/my_package:/opt/ros/humble LD_LIBRARY_PATH=/home/nikita/turtlebot3_ws/install/turtlebot3_msgs/lib:/home/nikita/turtlebot3_ws/install/dynamixel_sdk/lib:/usr/lib/x86_64-linux-gnu/gazebo-11/plugins:/opt/ros/humble/opt/rviz_ogre_vendor/lib:/opt/ros/humble/lib/x86_64-linux-gnu:/opt/ros/humble/lib:/usr/lib/x86_64-linux-gnu/gazebo-11/plugins:/usr/lib/x86_64-linux-gnu/gazebo-11/plugins:/home/nikita/turtlebot3_ws/build/turtlebot3_gazebo:/home/nikita/turtlebot3_ws/build/turtlebot3_gazebo:/usr/lib/x86_64-linux-gnu/gazebo-11/plugins PYTHONPATH=/home/nikita/turtlebot3_ws/install/turtlebot3_msgs/local/lib/python3.10/dist-packages:/home/nikita/turtlebot3_ws/install/dynamixel_sdk/local/lib/python3.10/dist-packages:${PYTHONPATH} /usr/bin/cmake --install /home/nikita/turtlebot3_ws/build/turtlebot3_bringup
[0.907s] -- Install configuration: ""
[0.908s] -- Execute custom install script
[0.908s] -- Symlinking: /home/nikita/turtlebot3_ws/install/turtlebot3_bringup/share/turtlebot3_bringup/launch/robot.launch.py
[0.918s] -- Symlinking: /home/nikita/turtlebot3_ws/install/turtlebot3_bringup/share/turtlebot3_bringup/launch/rviz2.launch.py
[0.928s] -- Symlinking: /home/nikita/turtlebot3_ws/install/turtlebot3_bringup/share/turtlebot3_bringup/launch/turtlebot3_state_publisher.launch.py
[0.938s] -- Symlinking: /home/nikita/turtlebot3_ws/install/turtlebot3_bringup/share/turtlebot3_bringup/param/burger.yaml
[0.948s] -- Symlinking: /home/nikita/turtlebot3_ws/install/turtlebot3_bringup/share/turtlebot3_bringup/param/humble/burger.yaml
[0.958s] -- Symlinking: /home/nikita/turtlebot3_ws/install/turtlebot3_bringup/share/turtlebot3_bringup/param/humble/waffle.yaml
[0.967s] -- Symlinking: /home/nikita/turtlebot3_ws/install/turtlebot3_bringup/share/turtlebot3_bringup/param/humble/waffle_pi.yaml
[0.976s] -- Symlinking: /home/nikita/turtlebot3_ws/install/turtlebot3_bringup/share/turtlebot3_bringup/param/waffle.yaml
[0.985s] -- Symlinking: /home/nikita/turtlebot3_ws/install/turtlebot3_bringup/share/turtlebot3_bringup/param/waffle_pi.yaml
[0.995s] -- Symlinking: /home/nikita/turtlebot3_ws/install/turtlebot3_bringup/share/turtlebot3_bringup/script/99-turtlebot3-cdc.rules
[1.007s] -- Symlinking: /home/nikita/turtlebot3_ws/install/turtlebot3_bringup/share/turtlebot3_bringup/script/create_udev_rules
[1.016s] -- Symlinking: /home/nikita/turtlebot3_ws/install/turtlebot3_bringup/share/ament_index/resource_index/package_run_dependencies/turtlebot3_bringup
[1.026s] -- Symlinking: /home/nikita/turtlebot3_ws/install/turtlebot3_bringup/share/ament_index/resource_index/parent_prefix_path/turtlebot3_bringup
[1.035s] -- Symlinking: /home/nikita/turtlebot3_ws/install/turtlebot3_bringup/share/turtlebot3_bringup/environment/ament_prefix_path.sh
[1.044s] -- Symlinking: /home/nikita/turtlebot3_ws/install/turtlebot3_bringup/share/turtlebot3_bringup/environment/ament_prefix_path.dsv
[1.054s] -- Symlinking: /home/nikita/turtlebot3_ws/install/turtlebot3_bringup/share/turtlebot3_bringup/environment/path.sh
[1.063s] -- Symlinking: /home/nikita/turtlebot3_ws/install/turtlebot3_bringup/share/turtlebot3_bringup/environment/path.dsv
[1.071s] -- Symlinking: /home/nikita/turtlebot3_ws/install/turtlebot3_bringup/share/turtlebot3_bringup/local_setup.bash
[1.081s] -- Symlinking: /home/nikita/turtlebot3_ws/install/turtlebot3_bringup/share/turtlebot3_bringup/local_setup.sh
[1.090s] -- Symlinking: /home/nikita/turtlebot3_ws/install/turtlebot3_bringup/share/turtlebot3_bringup/local_setup.zsh
[1.100s] -- Symlinking: /home/nikita/turtlebot3_ws/install/turtlebot3_bringup/share/turtlebot3_bringup/local_setup.dsv
[1.111s] -- Symlinking: /home/nikita/turtlebot3_ws/install/turtlebot3_bringup/share/turtlebot3_bringup/package.dsv
[1.122s] -- Symlinking: /home/nikita/turtlebot3_ws/install/turtlebot3_bringup/share/ament_index/resource_index/packages/turtlebot3_bringup
[1.132s] -- Symlinking: /home/nikita/turtlebot3_ws/install/turtlebot3_bringup/share/turtlebot3_bringup/cmake/turtlebot3_bringupConfig.cmake
[1.140s] -- Symlinking: /home/nikita/turtlebot3_ws/install/turtlebot3_bringup/share/turtlebot3_bringup/cmake/turtlebot3_bringupConfig-version.cmake
[1.149s] -- Symlinking: /home/nikita/turtlebot3_ws/install/turtlebot3_bringup/share/turtlebot3_bringup/package.xml
[1.161s] Invoked command in '/home/nikita/turtlebot3_ws/build/turtlebot3_bringup' returned '0': AMENT_PREFIX_PATH=/home/nikita/turtlebot3_ws/install/turtlebot3_node:/home/nikita/turtlebot3_ws/install/turtlebot3_msgs:/home/nikita/turtlebot3_ws/install/turtlebot3_description:/home/nikita/turtlebot3_ws/install/dynamixel_sdk:${AMENT_PREFIX_PATH} CMAKE_PREFIX_PATH=/home/nikita/turtlebot3_ws/install/turtlebot3_node:/home/nikita/turtlebot3_ws/install/turtlebot3_msgs:/home/nikita/turtlebot3_ws/install/turtlebot3_description:/home/nikita/turtlebot3_ws/install/dynamixel_sdk:/home/nikita/AMR_coding/install/webcam:/home/nikita/AMR_coding/install/turtle_distance_package:/home/nikita/AMR_coding/install/turtle_distance_node:/home/nikita/AMR_coding/install/trt_rect_pkg:/home/nikita/AMR_coding/install/publisher_node:/home/nikita/AMR_coding/install/my_package:/opt/ros/humble LD_LIBRARY_PATH=/home/nikita/turtlebot3_ws/install/turtlebot3_msgs/lib:/home/nikita/turtlebot3_ws/install/dynamixel_sdk/lib:/usr/lib/x86_64-linux-gnu/gazebo-11/plugins:/opt/ros/humble/opt/rviz_ogre_vendor/lib:/opt/ros/humble/lib/x86_64-linux-gnu:/opt/ros/humble/lib:/usr/lib/x86_64-linux-gnu/gazebo-11/plugins:/usr/lib/x86_64-linux-gnu/gazebo-11/plugins:/home/nikita/turtlebot3_ws/build/turtlebot3_gazebo:/home/nikita/turtlebot3_ws/build/turtlebot3_gazebo:/usr/lib/x86_64-linux-gnu/gazebo-11/plugins PYTHONPATH=/home/nikita/turtlebot3_ws/install/turtlebot3_msgs/local/lib/python3.10/dist-packages:/home/nikita/turtlebot3_ws/install/dynamixel_sdk/local/lib/python3.10/dist-packages:${PYTHONPATH} /usr/bin/cmake --install /home/nikita/turtlebot3_ws/build/turtlebot3_bringup
