[0.102s] Invoking command in '/home/nikita/turtlebot3_ws/build/turtlebot3_navigation2': CMAKE_PREFIX_PATH=${CMAKE_PREFIX_PATH}:/home/nikita/turtlebot3_ws/install/turtlebot3_teleop:/home/nikita/turtlebot3_ws/install/turtlebot3_example:/home/nikita/turtlebot3_ws/install/turtlebot3_autorace:/home/nikita/turtlebot3_ws/install/turtlebot3_autorace_mission:/home/nikita/turtlebot3_ws/install/turtlebot3_autorace_detect:/home/nikita/turtlebot3_ws/install/turtlebot3_autorace_camera:/home/nikita/AMR_coding/install/webcam:/home/nikita/AMR_coding/install/turtle_distance_package:/home/nikita/AMR_coding/install/turtle_distance_node:/home/nikita/AMR_coding/install/trt_rect_pkg:/home/nikita/AMR_coding/install/publisher_node:/home/nikita/AMR_coding/install/my_package:/opt/ros/humble /usr/bin/cmake --build /home/nikita/turtlebot3_ws/build/turtlebot3_navigation2 -- -j8 -l8
[0.497s] Invoked command in '/home/nikita/turtlebot3_ws/build/turtlebot3_navigation2' returned '0': CMAKE_PREFIX_PATH=${CMAKE_PREFIX_PATH}:/home/nikita/turtlebot3_ws/install/turtlebot3_teleop:/home/nikita/turtlebot3_ws/install/turtlebot3_example:/home/nikita/turtlebot3_ws/install/turtlebot3_autorace:/home/nikita/turtlebot3_ws/install/turtlebot3_autorace_mission:/home/nikita/turtlebot3_ws/install/turtlebot3_autorace_detect:/home/nikita/turtlebot3_ws/install/turtlebot3_autorace_camera:/home/nikita/AMR_coding/install/webcam:/home/nikita/AMR_coding/install/turtle_distance_package:/home/nikita/AMR_coding/install/turtle_distance_node:/home/nikita/AMR_coding/install/trt_rect_pkg:/home/nikita/AMR_coding/install/publisher_node:/home/nikita/AMR_coding/install/my_package:/opt/ros/humble /usr/bin/cmake --build /home/nikita/turtlebot3_ws/build/turtlebot3_navigation2 -- -j8 -l8
[0.498s] Invoking command in '/home/nikita/turtlebot3_ws/build/turtlebot3_navigation2': CMAKE_PREFIX_PATH=${CMAKE_PREFIX_PATH}:/home/nikita/turtlebot3_ws/install/turtlebot3_teleop:/home/nikita/turtlebot3_ws/install/turtlebot3_example:/home/nikita/turtlebot3_ws/install/turtlebot3_autorace:/home/nikita/turtlebot3_ws/install/turtlebot3_autorace_mission:/home/nikita/turtlebot3_ws/install/turtlebot3_autorace_detect:/home/nikita/turtlebot3_ws/install/turtlebot3_autorace_camera:/home/nikita/AMR_coding/install/webcam:/home/nikita/AMR_coding/install/turtle_distance_package:/home/nikita/AMR_coding/install/turtle_distance_node:/home/nikita/AMR_coding/install/trt_rect_pkg:/home/nikita/AMR_coding/install/publisher_node:/home/nikita/AMR_coding/install/my_package:/opt/ros/humble /usr/bin/cmake --install /home/nikita/turtlebot3_ws/build/turtlebot3_navigation2
[0.864s] -- Install configuration: ""
[0.864s] -- Execute custom install script
[0.864s] -- Up-to-date symlink: /home/nikita/turtlebot3_ws/install/turtlebot3_navigation2/share/turtlebot3_navigation2/launch/navigation2.launch.py
[0.864s] -- Up-to-date symlink: /home/nikita/turtlebot3_ws/install/turtlebot3_navigation2/share/turtlebot3_navigation2/map/map.pgm
[0.864s] -- Up-to-date symlink: /home/nikita/turtlebot3_ws/install/turtlebot3_navigation2/share/turtlebot3_navigation2/map/map.yaml
[0.864s] -- Up-to-date symlink: /home/nikita/turtlebot3_ws/install/turtlebot3_navigation2/share/turtlebot3_navigation2/param/burger.yaml
[0.864s] -- Up-to-date symlink: /home/nikita/turtlebot3_ws/install/turtlebot3_navigation2/share/turtlebot3_navigation2/param/burger_cam.yaml
[0.864s] -- Up-to-date symlink: /home/nikita/turtlebot3_ws/install/turtlebot3_navigation2/share/turtlebot3_navigation2/param/humble/burger.yaml
[0.864s] -- Up-to-date symlink: /home/nikita/turtlebot3_ws/install/turtlebot3_navigation2/share/turtlebot3_navigation2/param/humble/burger_cam.yaml
[0.864s] -- Up-to-date symlink: /home/nikita/turtlebot3_ws/install/turtlebot3_navigation2/share/turtlebot3_navigation2/param/humble/waffle.yaml
[0.864s] -- Up-to-date symlink: /home/nikita/turtlebot3_ws/install/turtlebot3_navigation2/share/turtlebot3_navigation2/param/humble/waffle_pi.yaml
[0.864s] -- Up-to-date symlink: /home/nikita/turtlebot3_ws/install/turtlebot3_navigation2/share/turtlebot3_navigation2/param/waffle.yaml
[0.865s] -- Up-to-date symlink: /home/nikita/turtlebot3_ws/install/turtlebot3_navigation2/share/turtlebot3_navigation2/param/waffle_pi.yaml
[0.865s] -- Up-to-date symlink: /home/nikita/turtlebot3_ws/install/turtlebot3_navigation2/share/turtlebot3_navigation2/rviz/tb3_navigation2.rviz
[0.865s] -- Up-to-date symlink: /home/nikita/turtlebot3_ws/install/turtlebot3_navigation2/share/ament_index/resource_index/package_run_dependencies/turtlebot3_navigation2
[0.865s] -- Up-to-date symlink: /home/nikita/turtlebot3_ws/install/turtlebot3_navigation2/share/ament_index/resource_index/parent_prefix_path/turtlebot3_navigation2
[0.865s] -- Up-to-date symlink: /home/nikita/turtlebot3_ws/install/turtlebot3_navigation2/share/turtlebot3_navigation2/environment/ament_prefix_path.sh
[0.865s] -- Up-to-date symlink: /home/nikita/turtlebot3_ws/install/turtlebot3_navigation2/share/turtlebot3_navigation2/environment/ament_prefix_path.dsv
[0.865s] -- Up-to-date symlink: /home/nikita/turtlebot3_ws/install/turtlebot3_navigation2/share/turtlebot3_navigation2/environment/path.sh
[0.865s] -- Up-to-date symlink: /home/nikita/turtlebot3_ws/install/turtlebot3_navigation2/share/turtlebot3_navigation2/environment/path.dsv
[0.865s] -- Up-to-date symlink: /home/nikita/turtlebot3_ws/install/turtlebot3_navigation2/share/turtlebot3_navigation2/local_setup.bash
[0.865s] -- Up-to-date symlink: /home/nikita/turtlebot3_ws/install/turtlebot3_navigation2/share/turtlebot3_navigation2/local_setup.sh
[0.866s] -- Up-to-date symlink: /home/nikita/turtlebot3_ws/install/turtlebot3_navigation2/share/turtlebot3_navigation2/local_setup.zsh
[0.866s] -- Up-to-date symlink: /home/nikita/turtlebot3_ws/install/turtlebot3_navigation2/share/turtlebot3_navigation2/local_setup.dsv
[0.866s] -- Symlinking: /home/nikita/turtlebot3_ws/install/turtlebot3_navigation2/share/turtlebot3_navigation2/package.dsv
[0.866s] -- Up-to-date symlink: /home/nikita/turtlebot3_ws/install/turtlebot3_navigation2/share/ament_index/resource_index/packages/turtlebot3_navigation2
[0.866s] -- Up-to-date symlink: /home/nikita/turtlebot3_ws/install/turtlebot3_navigation2/share/turtlebot3_navigation2/cmake/turtlebot3_navigation2Config.cmake
[0.866s] -- Up-to-date symlink: /home/nikita/turtlebot3_ws/install/turtlebot3_navigation2/share/turtlebot3_navigation2/cmake/turtlebot3_navigation2Config-version.cmake
[0.866s] -- Up-to-date symlink: /home/nikita/turtlebot3_ws/install/turtlebot3_navigation2/share/turtlebot3_navigation2/package.xml
[0.881s] Invoked command in '/home/nikita/turtlebot3_ws/build/turtlebot3_navigation2' returned '0': CMAKE_PREFIX_PATH=${CMAKE_PREFIX_PATH}:/home/nikita/turtlebot3_ws/install/turtlebot3_teleop:/home/nikita/turtlebot3_ws/install/turtlebot3_example:/home/nikita/turtlebot3_ws/install/turtlebot3_autorace:/home/nikita/turtlebot3_ws/install/turtlebot3_autorace_mission:/home/nikita/turtlebot3_ws/install/turtlebot3_autorace_detect:/home/nikita/turtlebot3_ws/install/turtlebot3_autorace_camera:/home/nikita/AMR_coding/install/webcam:/home/nikita/AMR_coding/install/turtle_distance_package:/home/nikita/AMR_coding/install/turtle_distance_node:/home/nikita/AMR_coding/install/trt_rect_pkg:/home/nikita/AMR_coding/install/publisher_node:/home/nikita/AMR_coding/install/my_package:/opt/ros/humble /usr/bin/cmake --install /home/nikita/turtlebot3_ws/build/turtlebot3_navigation2
