[0.052s] Invoking command in '/home/nikita/turtlebot3_ws/src/build/turtlebot3_description': CMAKE_PREFIX_PATH=${CMAKE_PREFIX_PATH}:/home/nikita/turtlebot3_ws/install/turtlebot3_teleop:/home/nikita/turtlebot3_ws/install/turtlebot3_example:/home/nikita/turtlebot3_ws/install/turtlebot3_autorace:/home/nikita/turtlebot3_ws/install/turtlebot3_autorace_mission:/home/nikita/turtlebot3_ws/install/turtlebot3_autorace_detect:/home/nikita/turtlebot3_ws/install/turtlebot3_autorace_camera:/home/nikita/AMR_coding/install/webcam:/home/nikita/AMR_coding/install/turtle_distance_package:/home/nikita/AMR_coding/install/turtle_distance_node:/home/nikita/AMR_coding/install/trt_rect_pkg:/home/nikita/AMR_coding/install/publisher_node:/home/nikita/AMR_coding/install/my_package:/opt/ros/humble /usr/bin/cmake /home/nikita/turtlebot3_ws/src/turtlebot3/turtlebot3_description -DCMAKE_INSTALL_PREFIX=/home/nikita/turtlebot3_ws/src/install/turtlebot3_description
[1.024s] -- The C compiler identification is GNU 11.4.0
[1.024s] -- The CXX compiler identification is GNU 11.4.0
[1.025s] -- Detecting C compiler ABI info
[1.025s] -- Detecting C compiler ABI info - done
[1.025s] -- Check for working C compiler: /usr/bin/cc - skipped
[1.025s] -- Detecting C compile features
[1.025s] -- Detecting C compile features - done
[1.025s] -- Detecting CXX compiler ABI info
[1.025s] -- Detecting CXX compiler ABI info - done
[1.025s] -- Check for working CXX compiler: /usr/bin/c++ - skipped
[1.025s] -- Detecting CXX compile features
[1.025s] -- Detecting CXX compile features - done
[1.025s] -- Found ament_cmake: 1.3.11 (/opt/ros/humble/share/ament_cmake/cmake)
[1.025s] -- Found Python3: /usr/bin/python3 (found version "3.10.12") found components: Interpreter 
[1.026s] -- Found urdf: 2.6.1 (/opt/ros/humble/share/urdf/cmake)
[1.055s] -- Configuring done
[1.056s] -- Generating done
[1.058s] -- Build files have been written to: /home/nikita/turtlebot3_ws/src/build/turtlebot3_description
[1.070s] Invoked command in '/home/nikita/turtlebot3_ws/src/build/turtlebot3_description' returned '0': CMAKE_PREFIX_PATH=${CMAKE_PREFIX_PATH}:/home/nikita/turtlebot3_ws/install/turtlebot3_teleop:/home/nikita/turtlebot3_ws/install/turtlebot3_example:/home/nikita/turtlebot3_ws/install/turtlebot3_autorace:/home/nikita/turtlebot3_ws/install/turtlebot3_autorace_mission:/home/nikita/turtlebot3_ws/install/turtlebot3_autorace_detect:/home/nikita/turtlebot3_ws/install/turtlebot3_autorace_camera:/home/nikita/AMR_coding/install/webcam:/home/nikita/AMR_coding/install/turtle_distance_package:/home/nikita/AMR_coding/install/turtle_distance_node:/home/nikita/AMR_coding/install/trt_rect_pkg:/home/nikita/AMR_coding/install/publisher_node:/home/nikita/AMR_coding/install/my_package:/opt/ros/humble /usr/bin/cmake /home/nikita/turtlebot3_ws/src/turtlebot3/turtlebot3_description -DCMAKE_INSTALL_PREFIX=/home/nikita/turtlebot3_ws/src/install/turtlebot3_description
[1.074s] Invoking command in '/home/nikita/turtlebot3_ws/src/build/turtlebot3_description': CMAKE_PREFIX_PATH=${CMAKE_PREFIX_PATH}:/home/nikita/turtlebot3_ws/install/turtlebot3_teleop:/home/nikita/turtlebot3_ws/install/turtlebot3_example:/home/nikita/turtlebot3_ws/install/turtlebot3_autorace:/home/nikita/turtlebot3_ws/install/turtlebot3_autorace_mission:/home/nikita/turtlebot3_ws/install/turtlebot3_autorace_detect:/home/nikita/turtlebot3_ws/install/turtlebot3_autorace_camera:/home/nikita/AMR_coding/install/webcam:/home/nikita/AMR_coding/install/turtle_distance_package:/home/nikita/AMR_coding/install/turtle_distance_node:/home/nikita/AMR_coding/install/trt_rect_pkg:/home/nikita/AMR_coding/install/publisher_node:/home/nikita/AMR_coding/install/my_package:/opt/ros/humble /usr/bin/cmake --build /home/nikita/turtlebot3_ws/src/build/turtlebot3_description -- -j8 -l8
[1.118s] Invoked command in '/home/nikita/turtlebot3_ws/src/build/turtlebot3_description' returned '0': CMAKE_PREFIX_PATH=${CMAKE_PREFIX_PATH}:/home/nikita/turtlebot3_ws/install/turtlebot3_teleop:/home/nikita/turtlebot3_ws/install/turtlebot3_example:/home/nikita/turtlebot3_ws/install/turtlebot3_autorace:/home/nikita/turtlebot3_ws/install/turtlebot3_autorace_mission:/home/nikita/turtlebot3_ws/install/turtlebot3_autorace_detect:/home/nikita/turtlebot3_ws/install/turtlebot3_autorace_camera:/home/nikita/AMR_coding/install/webcam:/home/nikita/AMR_coding/install/turtle_distance_package:/home/nikita/AMR_coding/install/turtle_distance_node:/home/nikita/AMR_coding/install/trt_rect_pkg:/home/nikita/AMR_coding/install/publisher_node:/home/nikita/AMR_coding/install/my_package:/opt/ros/humble /usr/bin/cmake --build /home/nikita/turtlebot3_ws/src/build/turtlebot3_description -- -j8 -l8
[1.145s] Invoking command in '/home/nikita/turtlebot3_ws/src/build/turtlebot3_description': CMAKE_PREFIX_PATH=${CMAKE_PREFIX_PATH}:/home/nikita/turtlebot3_ws/install/turtlebot3_teleop:/home/nikita/turtlebot3_ws/install/turtlebot3_example:/home/nikita/turtlebot3_ws/install/turtlebot3_autorace:/home/nikita/turtlebot3_ws/install/turtlebot3_autorace_mission:/home/nikita/turtlebot3_ws/install/turtlebot3_autorace_detect:/home/nikita/turtlebot3_ws/install/turtlebot3_autorace_camera:/home/nikita/AMR_coding/install/webcam:/home/nikita/AMR_coding/install/turtle_distance_package:/home/nikita/AMR_coding/install/turtle_distance_node:/home/nikita/AMR_coding/install/trt_rect_pkg:/home/nikita/AMR_coding/install/publisher_node:/home/nikita/AMR_coding/install/my_package:/opt/ros/humble /usr/bin/cmake --install /home/nikita/turtlebot3_ws/src/build/turtlebot3_description
[1.151s] -- Install configuration: ""
[1.151s] -- Installing: /home/nikita/turtlebot3_ws/src/install/turtlebot3_description/share/turtlebot3_description/meshes
[1.151s] -- Installing: /home/nikita/turtlebot3_ws/src/install/turtlebot3_description/share/turtlebot3_description/meshes/sensors
[1.151s] -- Installing: /home/nikita/turtlebot3_ws/src/install/turtlebot3_description/share/turtlebot3_description/meshes/sensors/astra.dae
[1.198s] -- Installing: /home/nikita/turtlebot3_ws/src/install/turtlebot3_description/share/turtlebot3_description/meshes/sensors/lds.stl
[1.203s] -- Installing: /home/nikita/turtlebot3_ws/src/install/turtlebot3_description/share/turtlebot3_description/meshes/sensors/astra.jpg
[1.206s] -- Installing: /home/nikita/turtlebot3_ws/src/install/turtlebot3_description/share/turtlebot3_description/meshes/sensors/r200.dae
[1.208s] -- Installing: /home/nikita/turtlebot3_ws/src/install/turtlebot3_description/share/turtlebot3_description/meshes/sensors/r200.jpg
[1.209s] -- Installing: /home/nikita/turtlebot3_ws/src/install/turtlebot3_description/share/turtlebot3_description/meshes/bases
[1.209s] -- Installing: /home/nikita/turtlebot3_ws/src/install/turtlebot3_description/share/turtlebot3_description/meshes/bases/waffle_pi_base.stl
[1.250s] -- Installing: /home/nikita/turtlebot3_ws/src/install/turtlebot3_description/share/turtlebot3_description/meshes/bases/burger_base.stl
[1.271s] -- Installing: /home/nikita/turtlebot3_ws/src/install/turtlebot3_description/share/turtlebot3_description/meshes/bases/waffle_base.stl
[1.354s] -- Installing: /home/nikita/turtlebot3_ws/src/install/turtlebot3_description/share/turtlebot3_description/meshes/wheels
[1.354s] -- Installing: /home/nikita/turtlebot3_ws/src/install/turtlebot3_description/share/turtlebot3_description/meshes/wheels/right_tire.stl
[1.362s] -- Installing: /home/nikita/turtlebot3_ws/src/install/turtlebot3_description/share/turtlebot3_description/meshes/wheels/left_tire.stl
[1.370s] -- Installing: /home/nikita/turtlebot3_ws/src/install/turtlebot3_description/share/turtlebot3_description/rviz
[1.370s] -- Installing: /home/nikita/turtlebot3_ws/src/install/turtlebot3_description/share/turtlebot3_description/rviz/model.rviz
[1.371s] -- Installing: /home/nikita/turtlebot3_ws/src/install/turtlebot3_description/share/turtlebot3_description/urdf
[1.371s] -- Installing: /home/nikita/turtlebot3_ws/src/install/turtlebot3_description/share/turtlebot3_description/urdf/turtlebot3_waffle.urdf
[1.376s] -- Installing: /home/nikita/turtlebot3_ws/src/install/turtlebot3_description/share/turtlebot3_description/urdf/turtlebot3_burger.urdf
[1.377s] -- Installing: /home/nikita/turtlebot3_ws/src/install/turtlebot3_description/share/turtlebot3_description/urdf/common_properties.urdf
[1.377s] -- Installing: /home/nikita/turtlebot3_ws/src/install/turtlebot3_description/share/turtlebot3_description/urdf/turtlebot3_waffle_pi.urdf
[1.378s] -- Installing: /home/nikita/turtlebot3_ws/src/install/turtlebot3_description/share/ament_index/resource_index/package_run_dependencies/turtlebot3_description
[1.378s] -- Installing: /home/nikita/turtlebot3_ws/src/install/turtlebot3_description/share/ament_index/resource_index/parent_prefix_path/turtlebot3_description
[1.378s] -- Installing: /home/nikita/turtlebot3_ws/src/install/turtlebot3_description/share/turtlebot3_description/environment/ament_prefix_path.sh
[1.379s] -- Installing: /home/nikita/turtlebot3_ws/src/install/turtlebot3_description/share/turtlebot3_description/environment/ament_prefix_path.dsv
[1.379s] -- Installing: /home/nikita/turtlebot3_ws/src/install/turtlebot3_description/share/turtlebot3_description/environment/path.sh
[1.379s] -- Installing: /home/nikita/turtlebot3_ws/src/install/turtlebot3_description/share/turtlebot3_description/environment/path.dsv
[1.379s] -- Installing: /home/nikita/turtlebot3_ws/src/install/turtlebot3_description/share/turtlebot3_description/local_setup.bash
[1.380s] -- Installing: /home/nikita/turtlebot3_ws/src/install/turtlebot3_description/share/turtlebot3_description/local_setup.sh
[1.380s] -- Installing: /home/nikita/turtlebot3_ws/src/install/turtlebot3_description/share/turtlebot3_description/local_setup.zsh
[1.380s] -- Installing: /home/nikita/turtlebot3_ws/src/install/turtlebot3_description/share/turtlebot3_description/local_setup.dsv
[1.380s] -- Installing: /home/nikita/turtlebot3_ws/src/install/turtlebot3_description/share/turtlebot3_description/package.dsv
[1.380s] -- Installing: /home/nikita/turtlebot3_ws/src/install/turtlebot3_description/share/ament_index/resource_index/packages/turtlebot3_description
[1.380s] -- Installing: /home/nikita/turtlebot3_ws/src/install/turtlebot3_description/share/turtlebot3_description/cmake/turtlebot3_descriptionConfig.cmake
[1.380s] -- Installing: /home/nikita/turtlebot3_ws/src/install/turtlebot3_description/share/turtlebot3_description/cmake/turtlebot3_descriptionConfig-version.cmake
[1.384s] -- Installing: /home/nikita/turtlebot3_ws/src/install/turtlebot3_description/share/turtlebot3_description/package.xml
[1.397s] Invoked command in '/home/nikita/turtlebot3_ws/src/build/turtlebot3_description' returned '0': CMAKE_PREFIX_PATH=${CMAKE_PREFIX_PATH}:/home/nikita/turtlebot3_ws/install/turtlebot3_teleop:/home/nikita/turtlebot3_ws/install/turtlebot3_example:/home/nikita/turtlebot3_ws/install/turtlebot3_autorace:/home/nikita/turtlebot3_ws/install/turtlebot3_autorace_mission:/home/nikita/turtlebot3_ws/install/turtlebot3_autorace_detect:/home/nikita/turtlebot3_ws/install/turtlebot3_autorace_camera:/home/nikita/AMR_coding/install/webcam:/home/nikita/AMR_coding/install/turtle_distance_package:/home/nikita/AMR_coding/install/turtle_distance_node:/home/nikita/AMR_coding/install/trt_rect_pkg:/home/nikita/AMR_coding/install/publisher_node:/home/nikita/AMR_coding/install/my_package:/opt/ros/humble /usr/bin/cmake --install /home/nikita/turtlebot3_ws/src/build/turtlebot3_description
