[1.418s] Invoking command in '/home/nikita/turtlebot3_ws/src/turtlebot3/turtlebot3_teleop': PYTHONPATH=/home/nikita/turtlebot3_ws/build/turtlebot3_teleop/prefix_override:/usr/lib/python3/dist-packages/colcon_core/task/python/colcon_distutils_commands:/home/nikita/turtlebot3_ws/install/turtlebot3_teleop/lib/python3.10/site-packages:${PYTHONPATH} /usr/bin/python3 -W ignore:setup.py install is deprecated -W ignore:easy_install command is deprecated setup.py egg_info --egg-base ../../../build/turtlebot3_teleop build --build-base /home/nikita/turtlebot3_ws/build/turtlebot3_teleop/build install --record /home/nikita/turtlebot3_ws/build/turtlebot3_teleop/install.log --single-version-externally-managed install_data
[1.692s] running egg_info
[1.692s] writing ../../../build/turtlebot3_teleop/turtlebot3_teleop.egg-info/PKG-INFO
[1.693s] writing dependency_links to ../../../build/turtlebot3_teleop/turtlebot3_teleop.egg-info/dependency_links.txt
[1.693s] writing entry points to ../../../build/turtlebot3_teleop/turtlebot3_teleop.egg-info/entry_points.txt
[1.693s] writing requirements to ../../../build/turtlebot3_teleop/turtlebot3_teleop.egg-info/requires.txt
[1.693s] writing top-level names to ../../../build/turtlebot3_teleop/turtlebot3_teleop.egg-info/top_level.txt
[1.695s] reading manifest file '../../../build/turtlebot3_teleop/turtlebot3_teleop.egg-info/SOURCES.txt'
[1.696s] writing manifest file '../../../build/turtlebot3_teleop/turtlebot3_teleop.egg-info/SOURCES.txt'
[1.696s] running build
[1.696s] running build_py
[1.696s] running install
[1.697s] running install_lib
[1.698s] running install_data
[1.698s] running install_egg_info
[1.701s] removing '/home/nikita/turtlebot3_ws/install/turtlebot3_teleop/lib/python3.10/site-packages/turtlebot3_teleop-2.2.8-py3.10.egg-info' (and everything under it)
[1.702s] Copying ../../../build/turtlebot3_teleop/turtlebot3_teleop.egg-info to /home/nikita/turtlebot3_ws/install/turtlebot3_teleop/lib/python3.10/site-packages/turtlebot3_teleop-2.2.8-py3.10.egg-info
[1.702s] running install_scripts
[1.725s] Installing teleop_keyboard script to /home/nikita/turtlebot3_ws/install/turtlebot3_teleop/lib/turtlebot3_teleop
[1.725s] writing list of installed files to '/home/nikita/turtlebot3_ws/build/turtlebot3_teleop/install.log'
[1.757s] Invoked command in '/home/nikita/turtlebot3_ws/src/turtlebot3/turtlebot3_teleop' returned '0': PYTHONPATH=/home/nikita/turtlebot3_ws/build/turtlebot3_teleop/prefix_override:/usr/lib/python3/dist-packages/colcon_core/task/python/colcon_distutils_commands:/home/nikita/turtlebot3_ws/install/turtlebot3_teleop/lib/python3.10/site-packages:${PYTHONPATH} /usr/bin/python3 -W ignore:setup.py install is deprecated -W ignore:easy_install command is deprecated setup.py egg_info --egg-base ../../../build/turtlebot3_teleop build --build-base /home/nikita/turtlebot3_ws/build/turtlebot3_teleop/build install --record /home/nikita/turtlebot3_ws/build/turtlebot3_teleop/install.log --single-version-externally-managed install_data
