[0.025s] Invoking command in '/home/nikita/turtlebot3_ws/build/turtlebot3_fake_node': CMAKE_PREFIX_PATH=/home/nikita/turtlebot3_ws/install/turtlebot3_msgs:/home/nikita/turtlebot3_ws/install/turtlebot3:/home/nikita/turtlebot3_ws/install/turtlebot3_bringup:/home/nikita/turtlebot3_ws/install/turtlebot3_node:/home/nikita/turtlebot3_ws/install/turtlebot3_navigation2:/home/nikita/turtlebot3_ws/install/turtlebot3_description:/home/nikita/turtlebot3_ws/install/turtlebot3_cartographer:/home/nikita/turtlebot3_ws/install/dynamixel_sdk_examples:/home/nikita/turtlebot3_ws/install/dynamixel_sdk_custom_interfaces:/home/nikita/turtlebot3_ws/install/dynamixel_sdk:/home/nikita/turtlebot3_ws/install/turtlebot3_teleop:/home/nikita/turtlebot3_ws/install/turtlebot3_example:/home/nikita/turtlebot3_ws/install/turtlebot3_autorace:/home/nikita/turtlebot3_ws/install/turtlebot3_autorace_mission:/home/nikita/turtlebot3_ws/install/turtlebot3_autorace_detect:/home/nikita/turtlebot3_ws/install/turtlebot3_autorace_camera:/home/nikita/AMR_coding/install/webcam:/home/nikita/AMR_coding/install/turtle_distance_package:/home/nikita/AMR_coding/install/turtle_distance_node:/home/nikita/AMR_coding/install/trt_rect_pkg:/home/nikita/AMR_coding/install/publisher_node:/home/nikita/AMR_coding/install/my_package:/opt/ros/humble LD_LIBRARY_PATH=/home/nikita/turtlebot3_ws/install/turtlebot3_msgs/lib:/home/nikita/turtlebot3_ws/install/dynamixel_sdk_custom_interfaces/lib:/home/nikita/turtlebot3_ws/install/dynamixel_sdk/lib:/usr/lib/x86_64-linux-gnu/gazebo-11/plugins:/opt/ros/humble/opt/rviz_ogre_vendor/lib:/opt/ros/humble/lib/x86_64-linux-gnu:/opt/ros/humble/lib:/usr/lib/x86_64-linux-gnu/gazebo-11/plugins:/usr/lib/x86_64-linux-gnu/gazebo-11/plugins:/home/nikita/turtlebot3_ws/build/turtlebot3_gazebo:/home/nikita/turtlebot3_ws/build/turtlebot3_gazebo:/usr/lib/x86_64-linux-gnu/gazebo-11/plugins /usr/bin/cmake /home/nikita/turtlebot3_ws/src/turtlebot3_simulations/turtlebot3_fake_node -DAMENT_CMAKE_SYMLINK_INSTALL=1 -DCMAKE_INSTALL_PREFIX=/home/nikita/turtlebot3_ws/install/turtlebot3_fake_node
[0.100s] -- The C compiler identification is GNU 11.4.0
[0.195s] -- The CXX compiler identification is GNU 11.4.0
[0.212s] -- Detecting C compiler ABI info
[0.344s] -- Detecting C compiler ABI info - done
[0.360s] -- Check for working C compiler: /usr/bin/cc - skipped
[0.360s] -- Detecting C compile features
[0.361s] -- Detecting C compile features - done
[0.365s] -- Detecting CXX compiler ABI info
[0.469s] -- Detecting CXX compiler ABI info - done
[0.481s] -- Check for working CXX compiler: /usr/bin/c++ - skipped
[0.481s] -- Detecting CXX compile features
[0.481s] -- Detecting CXX compile features - done
[0.488s] -- Found ament_cmake: 1.3.11 (/opt/ros/humble/share/ament_cmake/cmake)
[0.775s] -- Found Python3: /usr/bin/python3 (found version "3.10.12") found components: Interpreter 
[0.874s] -- Override CMake install command with custom implementation using symlinks instead of copying resources
[0.942s] -- Found geometry_msgs: 4.2.4 (/opt/ros/humble/share/geometry_msgs/cmake)
[1.019s] -- Found rosidl_generator_c: 3.1.6 (/opt/ros/humble/share/rosidl_generator_c/cmake)
[1.032s] -- Found rosidl_adapter: 3.1.6 (/opt/ros/humble/share/rosidl_adapter/cmake)
[1.049s] -- Found rosidl_generator_cpp: 3.1.6 (/opt/ros/humble/share/rosidl_generator_cpp/cmake)
[1.077s] -- Using all available rosidl_typesupport_c: rosidl_typesupport_fastrtps_c;rosidl_typesupport_introspection_c
[1.111s] -- Using all available rosidl_typesupport_cpp: rosidl_typesupport_fastrtps_cpp;rosidl_typesupport_introspection_cpp
[1.182s] -- Found nav_msgs: 4.2.4 (/opt/ros/humble/share/nav_msgs/cmake)
[1.218s] -- Found rclcpp: 16.0.11 (/opt/ros/humble/share/rclcpp/cmake)
[1.302s] -- Found rmw_implementation_cmake: 6.1.2 (/opt/ros/humble/share/rmw_implementation_cmake/cmake)
[1.311s] -- Found rmw_fastrtps_cpp: 6.2.7 (/opt/ros/humble/share/rmw_fastrtps_cpp/cmake)
[1.461s] -- Found OpenSSL: /usr/lib/x86_64-linux-gnu/libcrypto.so (found version "3.0.2")  
[1.504s] -- Found FastRTPS: /opt/ros/humble/include  
[1.563s] -- Using RMW implementation 'rmw_fastrtps_cpp' as default
[1.583s] -- Looking for pthread.h
[1.680s] -- Looking for pthread.h - found
[1.680s] -- Performing Test CMAKE_HAVE_LIBC_PTHREAD
[1.774s] -- Performing Test CMAKE_HAVE_LIBC_PTHREAD - Success
[1.775s] -- Found Threads: TRUE  
[1.851s] -- Found sensor_msgs: 4.2.4 (/opt/ros/humble/share/sensor_msgs/cmake)
[1.886s] -- Found tf2: 0.25.12 (/opt/ros/humble/share/tf2/cmake)
[1.907s] -- Found tf2_msgs: 0.25.12 (/opt/ros/humble/share/tf2_msgs/cmake)
[1.976s] -- Found turtlebot3_msgs: 2.3.0 (/home/nikita/turtlebot3_ws/install/turtlebot3_msgs/share/turtlebot3_msgs/cmake)
[2.110s] -- Configuring done
[2.127s] -- Generating done
[2.133s] -- Build files have been written to: /home/nikita/turtlebot3_ws/build/turtlebot3_fake_node
[2.151s] Invoked command in '/home/nikita/turtlebot3_ws/build/turtlebot3_fake_node' returned '0': CMAKE_PREFIX_PATH=/home/nikita/turtlebot3_ws/install/turtlebot3_msgs:/home/nikita/turtlebot3_ws/install/turtlebot3:/home/nikita/turtlebot3_ws/install/turtlebot3_bringup:/home/nikita/turtlebot3_ws/install/turtlebot3_node:/home/nikita/turtlebot3_ws/install/turtlebot3_navigation2:/home/nikita/turtlebot3_ws/install/turtlebot3_description:/home/nikita/turtlebot3_ws/install/turtlebot3_cartographer:/home/nikita/turtlebot3_ws/install/dynamixel_sdk_examples:/home/nikita/turtlebot3_ws/install/dynamixel_sdk_custom_interfaces:/home/nikita/turtlebot3_ws/install/dynamixel_sdk:/home/nikita/turtlebot3_ws/install/turtlebot3_teleop:/home/nikita/turtlebot3_ws/install/turtlebot3_example:/home/nikita/turtlebot3_ws/install/turtlebot3_autorace:/home/nikita/turtlebot3_ws/install/turtlebot3_autorace_mission:/home/nikita/turtlebot3_ws/install/turtlebot3_autorace_detect:/home/nikita/turtlebot3_ws/install/turtlebot3_autorace_camera:/home/nikita/AMR_coding/install/webcam:/home/nikita/AMR_coding/install/turtle_distance_package:/home/nikita/AMR_coding/install/turtle_distance_node:/home/nikita/AMR_coding/install/trt_rect_pkg:/home/nikita/AMR_coding/install/publisher_node:/home/nikita/AMR_coding/install/my_package:/opt/ros/humble LD_LIBRARY_PATH=/home/nikita/turtlebot3_ws/install/turtlebot3_msgs/lib:/home/nikita/turtlebot3_ws/install/dynamixel_sdk_custom_interfaces/lib:/home/nikita/turtlebot3_ws/install/dynamixel_sdk/lib:/usr/lib/x86_64-linux-gnu/gazebo-11/plugins:/opt/ros/humble/opt/rviz_ogre_vendor/lib:/opt/ros/humble/lib/x86_64-linux-gnu:/opt/ros/humble/lib:/usr/lib/x86_64-linux-gnu/gazebo-11/plugins:/usr/lib/x86_64-linux-gnu/gazebo-11/plugins:/home/nikita/turtlebot3_ws/build/turtlebot3_gazebo:/home/nikita/turtlebot3_ws/build/turtlebot3_gazebo:/usr/lib/x86_64-linux-gnu/gazebo-11/plugins /usr/bin/cmake /home/nikita/turtlebot3_ws/src/turtlebot3_simulations/turtlebot3_fake_node -DAMENT_CMAKE_SYMLINK_INSTALL=1 -DCMAKE_INSTALL_PREFIX=/home/nikita/turtlebot3_ws/install/turtlebot3_fake_node
[2.151s] Invoking command in '/home/nikita/turtlebot3_ws/build/turtlebot3_fake_node': CMAKE_PREFIX_PATH=/home/nikita/turtlebot3_ws/install/turtlebot3_msgs:/home/nikita/turtlebot3_ws/install/turtlebot3:/home/nikita/turtlebot3_ws/install/turtlebot3_bringup:/home/nikita/turtlebot3_ws/install/turtlebot3_node:/home/nikita/turtlebot3_ws/install/turtlebot3_navigation2:/home/nikita/turtlebot3_ws/install/turtlebot3_description:/home/nikita/turtlebot3_ws/install/turtlebot3_cartographer:/home/nikita/turtlebot3_ws/install/dynamixel_sdk_examples:/home/nikita/turtlebot3_ws/install/dynamixel_sdk_custom_interfaces:/home/nikita/turtlebot3_ws/install/dynamixel_sdk:/home/nikita/turtlebot3_ws/install/turtlebot3_teleop:/home/nikita/turtlebot3_ws/install/turtlebot3_example:/home/nikita/turtlebot3_ws/install/turtlebot3_autorace:/home/nikita/turtlebot3_ws/install/turtlebot3_autorace_mission:/home/nikita/turtlebot3_ws/install/turtlebot3_autorace_detect:/home/nikita/turtlebot3_ws/install/turtlebot3_autorace_camera:/home/nikita/AMR_coding/install/webcam:/home/nikita/AMR_coding/install/turtle_distance_package:/home/nikita/AMR_coding/install/turtle_distance_node:/home/nikita/AMR_coding/install/trt_rect_pkg:/home/nikita/AMR_coding/install/publisher_node:/home/nikita/AMR_coding/install/my_package:/opt/ros/humble LD_LIBRARY_PATH=/home/nikita/turtlebot3_ws/install/turtlebot3_msgs/lib:/home/nikita/turtlebot3_ws/install/dynamixel_sdk_custom_interfaces/lib:/home/nikita/turtlebot3_ws/install/dynamixel_sdk/lib:/usr/lib/x86_64-linux-gnu/gazebo-11/plugins:/opt/ros/humble/opt/rviz_ogre_vendor/lib:/opt/ros/humble/lib/x86_64-linux-gnu:/opt/ros/humble/lib:/usr/lib/x86_64-linux-gnu/gazebo-11/plugins:/usr/lib/x86_64-linux-gnu/gazebo-11/plugins:/home/nikita/turtlebot3_ws/build/turtlebot3_gazebo:/home/nikita/turtlebot3_ws/build/turtlebot3_gazebo:/usr/lib/x86_64-linux-gnu/gazebo-11/plugins /usr/bin/cmake --build /home/nikita/turtlebot3_ws/build/turtlebot3_fake_node -- -j8 -l8
[2.222s] [ 50%] [32mBuilding CXX object CMakeFiles/turtlebot3_fake_node.dir/src/turtlebot3_fake_node.cpp.o[0m
[15.931s] [100%] [32m[1mLinking CXX executable turtlebot3_fake_node[0m
[17.407s] [100%] Built target turtlebot3_fake_node
[17.442s] Invoked command in '/home/nikita/turtlebot3_ws/build/turtlebot3_fake_node' returned '0': CMAKE_PREFIX_PATH=/home/nikita/turtlebot3_ws/install/turtlebot3_msgs:/home/nikita/turtlebot3_ws/install/turtlebot3:/home/nikita/turtlebot3_ws/install/turtlebot3_bringup:/home/nikita/turtlebot3_ws/install/turtlebot3_node:/home/nikita/turtlebot3_ws/install/turtlebot3_navigation2:/home/nikita/turtlebot3_ws/install/turtlebot3_description:/home/nikita/turtlebot3_ws/install/turtlebot3_cartographer:/home/nikita/turtlebot3_ws/install/dynamixel_sdk_examples:/home/nikita/turtlebot3_ws/install/dynamixel_sdk_custom_interfaces:/home/nikita/turtlebot3_ws/install/dynamixel_sdk:/home/nikita/turtlebot3_ws/install/turtlebot3_teleop:/home/nikita/turtlebot3_ws/install/turtlebot3_example:/home/nikita/turtlebot3_ws/install/turtlebot3_autorace:/home/nikita/turtlebot3_ws/install/turtlebot3_autorace_mission:/home/nikita/turtlebot3_ws/install/turtlebot3_autorace_detect:/home/nikita/turtlebot3_ws/install/turtlebot3_autorace_camera:/home/nikita/AMR_coding/install/webcam:/home/nikita/AMR_coding/install/turtle_distance_package:/home/nikita/AMR_coding/install/turtle_distance_node:/home/nikita/AMR_coding/install/trt_rect_pkg:/home/nikita/AMR_coding/install/publisher_node:/home/nikita/AMR_coding/install/my_package:/opt/ros/humble LD_LIBRARY_PATH=/home/nikita/turtlebot3_ws/install/turtlebot3_msgs/lib:/home/nikita/turtlebot3_ws/install/dynamixel_sdk_custom_interfaces/lib:/home/nikita/turtlebot3_ws/install/dynamixel_sdk/lib:/usr/lib/x86_64-linux-gnu/gazebo-11/plugins:/opt/ros/humble/opt/rviz_ogre_vendor/lib:/opt/ros/humble/lib/x86_64-linux-gnu:/opt/ros/humble/lib:/usr/lib/x86_64-linux-gnu/gazebo-11/plugins:/usr/lib/x86_64-linux-gnu/gazebo-11/plugins:/home/nikita/turtlebot3_ws/build/turtlebot3_gazebo:/home/nikita/turtlebot3_ws/build/turtlebot3_gazebo:/usr/lib/x86_64-linux-gnu/gazebo-11/plugins /usr/bin/cmake --build /home/nikita/turtlebot3_ws/build/turtlebot3_fake_node -- -j8 -l8
[17.451s] Invoking command in '/home/nikita/turtlebot3_ws/build/turtlebot3_fake_node': CMAKE_PREFIX_PATH=/home/nikita/turtlebot3_ws/install/turtlebot3_msgs:/home/nikita/turtlebot3_ws/install/turtlebot3:/home/nikita/turtlebot3_ws/install/turtlebot3_bringup:/home/nikita/turtlebot3_ws/install/turtlebot3_node:/home/nikita/turtlebot3_ws/install/turtlebot3_navigation2:/home/nikita/turtlebot3_ws/install/turtlebot3_description:/home/nikita/turtlebot3_ws/install/turtlebot3_cartographer:/home/nikita/turtlebot3_ws/install/dynamixel_sdk_examples:/home/nikita/turtlebot3_ws/install/dynamixel_sdk_custom_interfaces:/home/nikita/turtlebot3_ws/install/dynamixel_sdk:/home/nikita/turtlebot3_ws/install/turtlebot3_teleop:/home/nikita/turtlebot3_ws/install/turtlebot3_example:/home/nikita/turtlebot3_ws/install/turtlebot3_autorace:/home/nikita/turtlebot3_ws/install/turtlebot3_autorace_mission:/home/nikita/turtlebot3_ws/install/turtlebot3_autorace_detect:/home/nikita/turtlebot3_ws/install/turtlebot3_autorace_camera:/home/nikita/AMR_coding/install/webcam:/home/nikita/AMR_coding/install/turtle_distance_package:/home/nikita/AMR_coding/install/turtle_distance_node:/home/nikita/AMR_coding/install/trt_rect_pkg:/home/nikita/AMR_coding/install/publisher_node:/home/nikita/AMR_coding/install/my_package:/opt/ros/humble LD_LIBRARY_PATH=/home/nikita/turtlebot3_ws/install/turtlebot3_msgs/lib:/home/nikita/turtlebot3_ws/install/dynamixel_sdk_custom_interfaces/lib:/home/nikita/turtlebot3_ws/install/dynamixel_sdk/lib:/usr/lib/x86_64-linux-gnu/gazebo-11/plugins:/opt/ros/humble/opt/rviz_ogre_vendor/lib:/opt/ros/humble/lib/x86_64-linux-gnu:/opt/ros/humble/lib:/usr/lib/x86_64-linux-gnu/gazebo-11/plugins:/usr/lib/x86_64-linux-gnu/gazebo-11/plugins:/home/nikita/turtlebot3_ws/build/turtlebot3_gazebo:/home/nikita/turtlebot3_ws/build/turtlebot3_gazebo:/usr/lib/x86_64-linux-gnu/gazebo-11/plugins /usr/bin/cmake --install /home/nikita/turtlebot3_ws/build/turtlebot3_fake_node
[17.479s] -- Install configuration: ""
[17.479s] -- Execute custom install script
[17.483s] -- Symlinking: /home/nikita/turtlebot3_ws/install/turtlebot3_fake_node/lib/turtlebot3_fake_node/turtlebot3_fake_node
[17.507s] -- Symlinking: /home/nikita/turtlebot3_ws/install/turtlebot3_fake_node/share/turtlebot3_fake_node/launch/rviz2.launch.py
[17.532s] -- Symlinking: /home/nikita/turtlebot3_ws/install/turtlebot3_fake_node/share/turtlebot3_fake_node/launch/turtlebot3_fake_node.launch.py
[17.555s] -- Symlinking: /home/nikita/turtlebot3_ws/install/turtlebot3_fake_node/share/turtlebot3_fake_node/param/burger.yaml
[17.578s] -- Symlinking: /home/nikita/turtlebot3_ws/install/turtlebot3_fake_node/share/turtlebot3_fake_node/param/waffle.yaml
[17.599s] -- Symlinking: /home/nikita/turtlebot3_ws/install/turtlebot3_fake_node/share/turtlebot3_fake_node/param/waffle_pi.yaml
[17.622s] -- Symlinking: /home/nikita/turtlebot3_ws/install/turtlebot3_fake_node/include//turtlebot3_fake_node/turtlebot3_fake_node.hpp
[17.641s] -- Symlinking: /home/nikita/turtlebot3_ws/install/turtlebot3_fake_node/share/ament_index/resource_index/package_run_dependencies/turtlebot3_fake_node
[17.659s] -- Symlinking: /home/nikita/turtlebot3_ws/install/turtlebot3_fake_node/share/ament_index/resource_index/parent_prefix_path/turtlebot3_fake_node
[17.680s] -- Symlinking: /home/nikita/turtlebot3_ws/install/turtlebot3_fake_node/share/turtlebot3_fake_node/environment/ament_prefix_path.sh
[17.698s] -- Symlinking: /home/nikita/turtlebot3_ws/install/turtlebot3_fake_node/share/turtlebot3_fake_node/environment/ament_prefix_path.dsv
[17.722s] -- Symlinking: /home/nikita/turtlebot3_ws/install/turtlebot3_fake_node/share/turtlebot3_fake_node/environment/path.sh
[17.740s] -- Symlinking: /home/nikita/turtlebot3_ws/install/turtlebot3_fake_node/share/turtlebot3_fake_node/environment/path.dsv
[17.762s] -- Symlinking: /home/nikita/turtlebot3_ws/install/turtlebot3_fake_node/share/turtlebot3_fake_node/local_setup.bash
[17.788s] -- Symlinking: /home/nikita/turtlebot3_ws/install/turtlebot3_fake_node/share/turtlebot3_fake_node/local_setup.sh
[17.804s] -- Symlinking: /home/nikita/turtlebot3_ws/install/turtlebot3_fake_node/share/turtlebot3_fake_node/local_setup.zsh
[17.831s] -- Symlinking: /home/nikita/turtlebot3_ws/install/turtlebot3_fake_node/share/turtlebot3_fake_node/local_setup.dsv
[17.848s] -- Symlinking: /home/nikita/turtlebot3_ws/install/turtlebot3_fake_node/share/turtlebot3_fake_node/package.dsv
[17.870s] -- Symlinking: /home/nikita/turtlebot3_ws/install/turtlebot3_fake_node/share/ament_index/resource_index/packages/turtlebot3_fake_node
[17.892s] -- Symlinking: /home/nikita/turtlebot3_ws/install/turtlebot3_fake_node/share/turtlebot3_fake_node/cmake/ament_cmake_export_include_directories-extras.cmake
[17.911s] -- Symlinking: /home/nikita/turtlebot3_ws/install/turtlebot3_fake_node/share/turtlebot3_fake_node/cmake/ament_cmake_export_dependencies-extras.cmake
[17.928s] -- Symlinking: /home/nikita/turtlebot3_ws/install/turtlebot3_fake_node/share/turtlebot3_fake_node/cmake/turtlebot3_fake_nodeConfig.cmake
[17.948s] -- Symlinking: /home/nikita/turtlebot3_ws/install/turtlebot3_fake_node/share/turtlebot3_fake_node/cmake/turtlebot3_fake_nodeConfig-version.cmake
[17.976s] -- Symlinking: /home/nikita/turtlebot3_ws/install/turtlebot3_fake_node/share/turtlebot3_fake_node/package.xml
[18.008s] Invoked command in '/home/nikita/turtlebot3_ws/build/turtlebot3_fake_node' returned '0': CMAKE_PREFIX_PATH=/home/nikita/turtlebot3_ws/install/turtlebot3_msgs:/home/nikita/turtlebot3_ws/install/turtlebot3:/home/nikita/turtlebot3_ws/install/turtlebot3_bringup:/home/nikita/turtlebot3_ws/install/turtlebot3_node:/home/nikita/turtlebot3_ws/install/turtlebot3_navigation2:/home/nikita/turtlebot3_ws/install/turtlebot3_description:/home/nikita/turtlebot3_ws/install/turtlebot3_cartographer:/home/nikita/turtlebot3_ws/install/dynamixel_sdk_examples:/home/nikita/turtlebot3_ws/install/dynamixel_sdk_custom_interfaces:/home/nikita/turtlebot3_ws/install/dynamixel_sdk:/home/nikita/turtlebot3_ws/install/turtlebot3_teleop:/home/nikita/turtlebot3_ws/install/turtlebot3_example:/home/nikita/turtlebot3_ws/install/turtlebot3_autorace:/home/nikita/turtlebot3_ws/install/turtlebot3_autorace_mission:/home/nikita/turtlebot3_ws/install/turtlebot3_autorace_detect:/home/nikita/turtlebot3_ws/install/turtlebot3_autorace_camera:/home/nikita/AMR_coding/install/webcam:/home/nikita/AMR_coding/install/turtle_distance_package:/home/nikita/AMR_coding/install/turtle_distance_node:/home/nikita/AMR_coding/install/trt_rect_pkg:/home/nikita/AMR_coding/install/publisher_node:/home/nikita/AMR_coding/install/my_package:/opt/ros/humble LD_LIBRARY_PATH=/home/nikita/turtlebot3_ws/install/turtlebot3_msgs/lib:/home/nikita/turtlebot3_ws/install/dynamixel_sdk_custom_interfaces/lib:/home/nikita/turtlebot3_ws/install/dynamixel_sdk/lib:/usr/lib/x86_64-linux-gnu/gazebo-11/plugins:/opt/ros/humble/opt/rviz_ogre_vendor/lib:/opt/ros/humble/lib/x86_64-linux-gnu:/opt/ros/humble/lib:/usr/lib/x86_64-linux-gnu/gazebo-11/plugins:/usr/lib/x86_64-linux-gnu/gazebo-11/plugins:/home/nikita/turtlebot3_ws/build/turtlebot3_gazebo:/home/nikita/turtlebot3_ws/build/turtlebot3_gazebo:/usr/lib/x86_64-linux-gnu/gazebo-11/plugins /usr/bin/cmake --install /home/nikita/turtlebot3_ws/build/turtlebot3_fake_node
