[1.176s] Invoking command in '/home/nikita/turtlebot3_ws/src/turtlebot3/turtlebot3_teleop': PYTHONPATH=/home/nikita/turtlebot3_ws/src/build/turtlebot3_teleop/prefix_override:/usr/lib/python3/dist-packages/colcon_core/task/python/colcon_distutils_commands:/home/nikita/turtlebot3_ws/src/install/turtlebot3_teleop/lib/python3.10/site-packages:${PYTHONPATH} /usr/bin/python3 -W ignore:setup.py install is deprecated -W ignore:easy_install command is deprecated setup.py egg_info --egg-base ../../build/turtlebot3_teleop build --build-base /home/nikita/turtlebot3_ws/src/build/turtlebot3_teleop/build install --record /home/nikita/turtlebot3_ws/src/build/turtlebot3_teleop/install.log --single-version-externally-managed install_data
[1.488s] running egg_info
[1.489s] creating ../../build/turtlebot3_teleop/turtlebot3_teleop.egg-info
[1.489s] writing ../../build/turtlebot3_teleop/turtlebot3_teleop.egg-info/PKG-INFO
[1.493s] writing dependency_links to ../../build/turtlebot3_teleop/turtlebot3_teleop.egg-info/dependency_links.txt
[1.493s] writing entry points to ../../build/turtlebot3_teleop/turtlebot3_teleop.egg-info/entry_points.txt
[1.493s] writing requirements to ../../build/turtlebot3_teleop/turtlebot3_teleop.egg-info/requires.txt
[1.493s] writing top-level names to ../../build/turtlebot3_teleop/turtlebot3_teleop.egg-info/top_level.txt
[1.493s] writing manifest file '../../build/turtlebot3_teleop/turtlebot3_teleop.egg-info/SOURCES.txt'
[1.494s] reading manifest file '../../build/turtlebot3_teleop/turtlebot3_teleop.egg-info/SOURCES.txt'
[1.494s] writing manifest file '../../build/turtlebot3_teleop/turtlebot3_teleop.egg-info/SOURCES.txt'
[1.494s] running build
[1.494s] running build_py
[1.494s] creating /home/nikita/turtlebot3_ws/src/build/turtlebot3_teleop/build
[1.494s] creating /home/nikita/turtlebot3_ws/src/build/turtlebot3_teleop/build/lib
[1.494s] creating /home/nikita/turtlebot3_ws/src/build/turtlebot3_teleop/build/lib/turtlebot3_teleop
[1.494s] copying turtlebot3_teleop/__init__.py -> /home/nikita/turtlebot3_ws/src/build/turtlebot3_teleop/build/lib/turtlebot3_teleop
[1.494s] creating /home/nikita/turtlebot3_ws/src/build/turtlebot3_teleop/build/lib/turtlebot3_teleop/script
[1.494s] copying turtlebot3_teleop/script/__init__.py -> /home/nikita/turtlebot3_ws/src/build/turtlebot3_teleop/build/lib/turtlebot3_teleop/script
[1.495s] copying turtlebot3_teleop/script/teleop_keyboard.py -> /home/nikita/turtlebot3_ws/src/build/turtlebot3_teleop/build/lib/turtlebot3_teleop/script
[1.496s] running install
[1.496s] running install_lib
[1.497s] creating /home/nikita/turtlebot3_ws/src/install/turtlebot3_teleop/lib/python3.10/site-packages/turtlebot3_teleop
[1.497s] copying /home/nikita/turtlebot3_ws/src/build/turtlebot3_teleop/build/lib/turtlebot3_teleop/__init__.py -> /home/nikita/turtlebot3_ws/src/install/turtlebot3_teleop/lib/python3.10/site-packages/turtlebot3_teleop
[1.497s] creating /home/nikita/turtlebot3_ws/src/install/turtlebot3_teleop/lib/python3.10/site-packages/turtlebot3_teleop/script
[1.499s] copying /home/nikita/turtlebot3_ws/src/build/turtlebot3_teleop/build/lib/turtlebot3_teleop/script/__init__.py -> /home/nikita/turtlebot3_ws/src/install/turtlebot3_teleop/lib/python3.10/site-packages/turtlebot3_teleop/script
[1.499s] copying /home/nikita/turtlebot3_ws/src/build/turtlebot3_teleop/build/lib/turtlebot3_teleop/script/teleop_keyboard.py -> /home/nikita/turtlebot3_ws/src/install/turtlebot3_teleop/lib/python3.10/site-packages/turtlebot3_teleop/script
[1.499s] byte-compiling /home/nikita/turtlebot3_ws/src/install/turtlebot3_teleop/lib/python3.10/site-packages/turtlebot3_teleop/__init__.py to __init__.cpython-310.pyc
[1.499s] byte-compiling /home/nikita/turtlebot3_ws/src/install/turtlebot3_teleop/lib/python3.10/site-packages/turtlebot3_teleop/script/__init__.py to __init__.cpython-310.pyc
[1.499s] byte-compiling /home/nikita/turtlebot3_ws/src/install/turtlebot3_teleop/lib/python3.10/site-packages/turtlebot3_teleop/script/teleop_keyboard.py to teleop_keyboard.cpython-310.pyc
[1.503s] running install_data
[1.504s] creating /home/nikita/turtlebot3_ws/src/install/turtlebot3_teleop/share/ament_index
[1.504s] creating /home/nikita/turtlebot3_ws/src/install/turtlebot3_teleop/share/ament_index/resource_index
[1.504s] creating /home/nikita/turtlebot3_ws/src/install/turtlebot3_teleop/share/ament_index/resource_index/packages
[1.504s] copying resource/turtlebot3_teleop -> /home/nikita/turtlebot3_ws/src/install/turtlebot3_teleop/share/ament_index/resource_index/packages
[1.504s] copying package.xml -> /home/nikita/turtlebot3_ws/src/install/turtlebot3_teleop/share/turtlebot3_teleop
[1.505s] running install_egg_info
[1.505s] Copying ../../build/turtlebot3_teleop/turtlebot3_teleop.egg-info to /home/nikita/turtlebot3_ws/src/install/turtlebot3_teleop/lib/python3.10/site-packages/turtlebot3_teleop-2.2.8-py3.10.egg-info
[1.507s] running install_scripts
[1.537s] Installing teleop_keyboard script to /home/nikita/turtlebot3_ws/src/install/turtlebot3_teleop/lib/turtlebot3_teleop
[1.538s] writing list of installed files to '/home/nikita/turtlebot3_ws/src/build/turtlebot3_teleop/install.log'
[1.580s] Invoked command in '/home/nikita/turtlebot3_ws/src/turtlebot3/turtlebot3_teleop' returned '0': PYTHONPATH=/home/nikita/turtlebot3_ws/src/build/turtlebot3_teleop/prefix_override:/usr/lib/python3/dist-packages/colcon_core/task/python/colcon_distutils_commands:/home/nikita/turtlebot3_ws/src/install/turtlebot3_teleop/lib/python3.10/site-packages:${PYTHONPATH} /usr/bin/python3 -W ignore:setup.py install is deprecated -W ignore:easy_install command is deprecated setup.py egg_info --egg-base ../../build/turtlebot3_teleop build --build-base /home/nikita/turtlebot3_ws/src/build/turtlebot3_teleop/build install --record /home/nikita/turtlebot3_ws/src/build/turtlebot3_teleop/install.log --single-version-externally-managed install_data
