[0.014s] Invoking command in '/home/nikita/turtlebot3_ws/build/turtlebot3_gazebo': CMAKE_PREFIX_PATH=${CMAKE_PREFIX_PATH}:/home/nikita/turtlebot3_ws/install/turtlebot3_teleop:/home/nikita/turtlebot3_ws/install/turtlebot3_example:/home/nikita/turtlebot3_ws/install/turtlebot3_autorace:/home/nikita/turtlebot3_ws/install/turtlebot3_autorace_mission:/home/nikita/turtlebot3_ws/install/turtlebot3_autorace_detect:/home/nikita/turtlebot3_ws/install/turtlebot3_autorace_camera:/home/nikita/AMR_coding/install/webcam:/home/nikita/AMR_coding/install/turtle_distance_package:/home/nikita/AMR_coding/install/turtle_distance_node:/home/nikita/AMR_coding/install/trt_rect_pkg:/home/nikita/AMR_coding/install/publisher_node:/home/nikita/AMR_coding/install/my_package:/opt/ros/humble /usr/bin/cmake /home/nikita/turtlebot3_ws/src/turtlebot3_simulations/turtlebot3_gazebo -DAMENT_CMAKE_SYMLINK_INSTALL=1 -DCMAKE_INSTALL_PREFIX=/home/nikita/turtlebot3_ws/install/turtlebot3_gazebo
[0.098s] -- The C compiler identification is GNU 11.4.0
[0.181s] -- The CXX compiler identification is GNU 11.4.0
[0.189s] -- Detecting C compiler ABI info
[0.302s] -- Detecting C compiler ABI info - done
[0.314s] -- Check for working C compiler: /usr/bin/cc - skipped
[0.314s] -- Detecting C compile features
[0.314s] -- Detecting C compile features - done
[0.318s] -- Detecting CXX compiler ABI info
[0.432s] -- Detecting CXX compiler ABI info - done
[0.449s] -- Check for working CXX compiler: /usr/bin/c++ - skipped
[0.452s] -- Detecting CXX compile features
[0.452s] -- Detecting CXX compile features - done
[0.456s] -- Found ament_cmake: 1.3.11 (/opt/ros/humble/share/ament_cmake/cmake)
[0.679s] -- Found Python3: /usr/bin/python3 (found version "3.10.12") found components: Interpreter 
[0.770s] -- Override CMake install command with custom implementation using symlinks instead of copying resources
[0.861s] [33mCMake Warning (dev) at /usr/share/cmake-3.22/Modules/FindPackageHandleStandardArgs.cmake:438 (message):
[0.861s]   The package name passed to `find_package_handle_standard_args` (PkgConfig)
[0.861s]   does not match the name of the calling package (gazebo).  This can lead to
[0.861s]   problems in calling code that expects `find_package` result variables
[0.861s]   (e.g., `_FOUND`) to follow a certain pattern.
[0.861s] Call Stack (most recent call first):
[0.861s]   /usr/share/cmake-3.22/Modules/FindPkgConfig.cmake:99 (find_package_handle_standard_args)
[0.861s]   /usr/lib/x86_64-linux-gnu/cmake/gazebo/gazebo-config.cmake:72 (include)
[0.861s]   CMakeLists.txt:23 (find_package)
[0.861s] This warning is for project developers.  Use -Wno-dev to suppress it.
[0.862s] [0m
[0.862s] -- Found PkgConfig: /usr/bin/pkg-config (found version "0.29.2") 
[0.865s] -- Checking for module 'bullet>=2.82'
[0.884s] --   Found bullet, version 3.05
[1.066s] -- Found fcl: /usr/include (found suitable version "0.7.0", minimum required is "0.5.0") 
[1.159s] -- Found assimp: /usr/include (found version "5.2.0") 
[1.210s] -- Found DART: /usr/include (Required is at least version "6.6") found components: dart 
[1.500s] -- Found Boost: /usr/lib/x86_64-linux-gnu/cmake/Boost-1.74.0/BoostConfig.cmake (found suitable version "1.74.0", minimum required is "1.40.0") found components: thread system filesystem program_options regex iostreams date_time 
[1.543s] -- Found Protobuf: /usr/lib/x86_64-linux-gnu/libprotobuf.so (found version "3.12.4") 
[1.558s] -- Looking for ignition-math6 -- found version 6.15.1
[1.575s] -- Searching for dependencies of ignition-math6
[1.579s] -- Looking for OGRE...
[1.579s] -- OGRE_PREFIX_WATCH changed.
[1.587s] -- Checking for module 'OGRE'
[1.622s] --   Found OGRE, version 1.9.0
[1.691s] -- Found Ogre Ghadamon (1.9.0)
[1.717s] -- Found OGRE: optimized;/usr/lib/x86_64-linux-gnu/libOgreMain.so;debug;/usr/lib/x86_64-linux-gnu/libOgreMain.so
[1.728s] -- Looking for OGRE_Paging...
[1.744s] -- Found OGRE_Paging: optimized;/usr/lib/x86_64-linux-gnu/libOgrePaging.so;debug;/usr/lib/x86_64-linux-gnu/libOgrePaging.so
[1.744s] -- Looking for OGRE_Terrain...
[1.757s] -- Found OGRE_Terrain: optimized;/usr/lib/x86_64-linux-gnu/libOgreTerrain.so;debug;/usr/lib/x86_64-linux-gnu/libOgreTerrain.so
[1.758s] -- Looking for OGRE_Property...
[1.771s] -- Found OGRE_Property: optimized;/usr/lib/x86_64-linux-gnu/libOgreProperty.so;debug;/usr/lib/x86_64-linux-gnu/libOgreProperty.so
[1.771s] -- Looking for OGRE_RTShaderSystem...
[1.785s] -- Found OGRE_RTShaderSystem: optimized;/usr/lib/x86_64-linux-gnu/libOgreRTShaderSystem.so;debug;/usr/lib/x86_64-linux-gnu/libOgreRTShaderSystem.so
[1.785s] -- Looking for OGRE_Volume...
[1.798s] -- Found OGRE_Volume: optimized;/usr/lib/x86_64-linux-gnu/libOgreVolume.so;debug;/usr/lib/x86_64-linux-gnu/libOgreVolume.so
[1.798s] -- Looking for OGRE_Overlay...
[1.811s] -- Found OGRE_Overlay: optimized;/usr/lib/x86_64-linux-gnu/libOgreOverlay.so;debug;/usr/lib/x86_64-linux-gnu/libOgreOverlay.so
[2.126s] -- Looking for ignition-math6 -- found version 6.15.1
[2.132s] -- Looking for ignition-transport8 -- found version 8.2.1
[2.132s] -- Searching for dependencies of ignition-transport8
[2.157s] -- Found Protobuf: /usr/lib/x86_64-linux-gnu/libprotobuf.so (found suitable version "3.12.4", minimum required is "3") 
[2.173s] -- Config-file not installed for ZeroMQ -- checking for pkg-config
[2.184s] -- Checking for module 'libzmq >= 4'
[2.208s] --   Found libzmq , version 4.3.4
[2.261s] -- Found ZeroMQ: TRUE (Required is at least version "4") 
[2.271s] -- Checking for module 'uuid'
[2.291s] --   Found uuid, version 2.37.2
[2.341s] -- Found UUID: TRUE  
[2.347s] -- Looking for ignition-msgs5 -- found version 5.8.1
[2.348s] -- Searching for dependencies of ignition-msgs5
[2.374s] -- Looking for ignition-math6 -- found version 6.15.1
[2.381s] -- Checking for module 'tinyxml2'
[2.403s] --   Found tinyxml2, version 9.0.0
[2.455s] -- Looking for ignition-msgs5 -- found version 5.8.1
[2.461s] -- Looking for ignition-common3 -- found version 3.14.0
[2.462s] -- Searching for dependencies of ignition-common3
[2.463s] -- Looking for dlfcn.h - found
[2.465s] -- Looking for libdl - found
[2.468s] -- Found DL: TRUE  
[2.490s] -- Found tinyobjloader: /usr/lib/x86_64-linux-gnu/cmake/tinyobjloader/tinyobjloader-config.cmake (found version "2.0.0") 
[2.491s] -- Searching for <ignition-common3> component [graphics]
[2.497s] -- Looking for ignition-common3-graphics -- found version 3.14.0
[2.497s] -- Searching for dependencies of ignition-common3-graphics
[2.498s] -- Looking for ignition-math6 -- found version 6.15.1
[2.507s] -- Looking for ignition-fuel_tools4 -- found version 4.4.0
[2.507s] -- Searching for dependencies of ignition-fuel_tools4
[2.629s] -- Found CURL: /usr/lib/x86_64-linux-gnu/libcurl.so (found version "7.81.0")  
[2.647s] -- Checking for module 'jsoncpp'
[2.666s] --   Found jsoncpp, version 1.9.5
[2.715s] -- Found JSONCPP: TRUE  
[2.727s] -- Checking for module 'libzip'
[2.752s] --   Found libzip, version 1.7.3
[2.797s] -- Found ZIP: TRUE  
[2.797s] -- Looking for ignition-common3 -- found version 3.14.0
[2.798s] -- Looking for ignition-math6 -- found version 6.15.1
[2.798s] -- Looking for ignition-msgs5 -- found version 5.8.1
[2.813s] -- Found gazebo_ros_pkgs: 3.9.0 (/opt/ros/humble/share/gazebo_ros_pkgs/cmake)
[2.818s] -- Found geometry_msgs: 4.2.4 (/opt/ros/humble/share/geometry_msgs/cmake)
[2.884s] -- Found rosidl_generator_c: 3.1.6 (/opt/ros/humble/share/rosidl_generator_c/cmake)
[2.895s] -- Found rosidl_adapter: 3.1.6 (/opt/ros/humble/share/rosidl_adapter/cmake)
[2.911s] -- Found rosidl_generator_cpp: 3.1.6 (/opt/ros/humble/share/rosidl_generator_cpp/cmake)
[2.934s] -- Using all available rosidl_typesupport_c: rosidl_typesupport_fastrtps_c;rosidl_typesupport_introspection_c
[2.964s] -- Using all available rosidl_typesupport_cpp: rosidl_typesupport_fastrtps_cpp;rosidl_typesupport_introspection_cpp
[3.032s] -- Found nav_msgs: 4.2.4 (/opt/ros/humble/share/nav_msgs/cmake)
[3.064s] -- Found rclcpp: 16.0.11 (/opt/ros/humble/share/rclcpp/cmake)
[3.140s] -- Found rmw_implementation_cmake: 6.1.2 (/opt/ros/humble/share/rmw_implementation_cmake/cmake)
[3.147s] -- Found rmw_fastrtps_cpp: 6.2.7 (/opt/ros/humble/share/rmw_fastrtps_cpp/cmake)
[3.286s] -- Found OpenSSL: /usr/lib/x86_64-linux-gnu/libcrypto.so (found version "3.0.2")  
[3.325s] -- Found FastRTPS: /opt/ros/humble/include  
[3.382s] -- Using RMW implementation 'rmw_fastrtps_cpp' as default
[3.401s] -- Found Threads: TRUE  
[3.469s] -- Found sensor_msgs: 4.2.4 (/opt/ros/humble/share/sensor_msgs/cmake)
[3.500s] -- Found tf2: 0.25.12 (/opt/ros/humble/share/tf2/cmake)
[3.620s] -- Configuring done
[3.693s] -- Generating done
[3.706s] -- Build files have been written to: /home/nikita/turtlebot3_ws/build/turtlebot3_gazebo
[3.724s] Invoked command in '/home/nikita/turtlebot3_ws/build/turtlebot3_gazebo' returned '0': CMAKE_PREFIX_PATH=${CMAKE_PREFIX_PATH}:/home/nikita/turtlebot3_ws/install/turtlebot3_teleop:/home/nikita/turtlebot3_ws/install/turtlebot3_example:/home/nikita/turtlebot3_ws/install/turtlebot3_autorace:/home/nikita/turtlebot3_ws/install/turtlebot3_autorace_mission:/home/nikita/turtlebot3_ws/install/turtlebot3_autorace_detect:/home/nikita/turtlebot3_ws/install/turtlebot3_autorace_camera:/home/nikita/AMR_coding/install/webcam:/home/nikita/AMR_coding/install/turtle_distance_package:/home/nikita/AMR_coding/install/turtle_distance_node:/home/nikita/AMR_coding/install/trt_rect_pkg:/home/nikita/AMR_coding/install/publisher_node:/home/nikita/AMR_coding/install/my_package:/opt/ros/humble /usr/bin/cmake /home/nikita/turtlebot3_ws/src/turtlebot3_simulations/turtlebot3_gazebo -DAMENT_CMAKE_SYMLINK_INSTALL=1 -DCMAKE_INSTALL_PREFIX=/home/nikita/turtlebot3_ws/install/turtlebot3_gazebo
[3.726s] Invoking command in '/home/nikita/turtlebot3_ws/build/turtlebot3_gazebo': CMAKE_PREFIX_PATH=${CMAKE_PREFIX_PATH}:/home/nikita/turtlebot3_ws/install/turtlebot3_teleop:/home/nikita/turtlebot3_ws/install/turtlebot3_example:/home/nikita/turtlebot3_ws/install/turtlebot3_autorace:/home/nikita/turtlebot3_ws/install/turtlebot3_autorace_mission:/home/nikita/turtlebot3_ws/install/turtlebot3_autorace_detect:/home/nikita/turtlebot3_ws/install/turtlebot3_autorace_camera:/home/nikita/AMR_coding/install/webcam:/home/nikita/AMR_coding/install/turtle_distance_package:/home/nikita/AMR_coding/install/turtle_distance_node:/home/nikita/AMR_coding/install/trt_rect_pkg:/home/nikita/AMR_coding/install/publisher_node:/home/nikita/AMR_coding/install/my_package:/opt/ros/humble /usr/bin/cmake --build /home/nikita/turtlebot3_ws/build/turtlebot3_gazebo -- -j8 -l8
[3.800s] [  8%] [32mBuilding CXX object CMakeFiles/turtlebot3_drive.dir/src/turtlebot3_drive.cpp.o[0m
[3.800s] [ 25%] [32mBuilding CXX object CMakeFiles/traffic_bar_plugin.dir/src/traffic_bar_plugin.cpp.o[0m
[3.800s] [ 25%] [32mBuilding CXX object CMakeFiles/traffic_light_plugin.dir/src/traffic_light_plugin.cpp.o[0m
[3.800s] [ 41%] [32mBuilding CXX object CMakeFiles/obstacle1.dir/src/obstacle1.cpp.o[0m
[3.800s] [ 50%] [32mBuilding CXX object CMakeFiles/obstacle2.dir/src/obstacle2.cpp.o[0m
[3.800s] [ 50%] [32mBuilding CXX object CMakeFiles/obstacles.dir/src/obstacles.cpp.o[0m
[20.161s] [ 58%] [32m[1mLinking CXX executable turtlebot3_drive[0m
[21.854s] [ 58%] Built target turtlebot3_drive
[22.782s] [ 66%] [32m[1mLinking CXX shared library libobstacles.so[0m
[22.919s] [ 75%] [32m[1mLinking CXX shared library libtraffic_bar_plugin.so[0m
[22.944s] [ 83%] [32m[1mLinking CXX shared library libobstacle2.so[0m
[22.944s] [ 91%] [32m[1mLinking CXX shared library libobstacle1.so[0m
[23.411s] [100%] [32m[1mLinking CXX shared library libtraffic_light_plugin.so[0m
[23.532s] [100%] Built target obstacle2
[23.537s] [100%] Built target obstacles
[23.539s] [100%] Built target traffic_bar_plugin
[23.542s] [100%] Built target obstacle1
[23.988s] [100%] Built target traffic_light_plugin
[24.005s] Invoked command in '/home/nikita/turtlebot3_ws/build/turtlebot3_gazebo' returned '0': CMAKE_PREFIX_PATH=${CMAKE_PREFIX_PATH}:/home/nikita/turtlebot3_ws/install/turtlebot3_teleop:/home/nikita/turtlebot3_ws/install/turtlebot3_example:/home/nikita/turtlebot3_ws/install/turtlebot3_autorace:/home/nikita/turtlebot3_ws/install/turtlebot3_autorace_mission:/home/nikita/turtlebot3_ws/install/turtlebot3_autorace_detect:/home/nikita/turtlebot3_ws/install/turtlebot3_autorace_camera:/home/nikita/AMR_coding/install/webcam:/home/nikita/AMR_coding/install/turtle_distance_package:/home/nikita/AMR_coding/install/turtle_distance_node:/home/nikita/AMR_coding/install/trt_rect_pkg:/home/nikita/AMR_coding/install/publisher_node:/home/nikita/AMR_coding/install/my_package:/opt/ros/humble /usr/bin/cmake --build /home/nikita/turtlebot3_ws/build/turtlebot3_gazebo -- -j8 -l8
[24.008s] Invoking command in '/home/nikita/turtlebot3_ws/build/turtlebot3_gazebo': CMAKE_PREFIX_PATH=${CMAKE_PREFIX_PATH}:/home/nikita/turtlebot3_ws/install/turtlebot3_teleop:/home/nikita/turtlebot3_ws/install/turtlebot3_example:/home/nikita/turtlebot3_ws/install/turtlebot3_autorace:/home/nikita/turtlebot3_ws/install/turtlebot3_autorace_mission:/home/nikita/turtlebot3_ws/install/turtlebot3_autorace_detect:/home/nikita/turtlebot3_ws/install/turtlebot3_autorace_camera:/home/nikita/AMR_coding/install/webcam:/home/nikita/AMR_coding/install/turtle_distance_package:/home/nikita/AMR_coding/install/turtle_distance_node:/home/nikita/AMR_coding/install/trt_rect_pkg:/home/nikita/AMR_coding/install/publisher_node:/home/nikita/AMR_coding/install/my_package:/opt/ros/humble /usr/bin/cmake --install /home/nikita/turtlebot3_ws/build/turtlebot3_gazebo
[24.019s] -- Install configuration: ""
[24.019s] -- Execute custom install script
[24.020s] -- Symlinking: /home/nikita/turtlebot3_ws/install/turtlebot3_gazebo/lib/turtlebot3_gazebo/turtlebot3_drive
[24.034s] -- Symlinking: /home/nikita/turtlebot3_ws/install/turtlebot3_gazebo/share/turtlebot3_gazebo//launch/empty_world.launch.py
[24.046s] -- Symlinking: /home/nikita/turtlebot3_ws/install/turtlebot3_gazebo/share/turtlebot3_gazebo//launch/multi_robot.launch.py
[24.058s] -- Symlinking: /home/nikita/turtlebot3_ws/install/turtlebot3_gazebo/share/turtlebot3_gazebo//launch/multi_spawn_turtlebot3.launch.py
[24.071s] -- Symlinking: /home/nikita/turtlebot3_ws/install/turtlebot3_gazebo/share/turtlebot3_gazebo//launch/robot_state_publisher.launch.py
[24.085s] -- Symlinking: /home/nikita/turtlebot3_ws/install/turtlebot3_gazebo/share/turtlebot3_gazebo//launch/spawn_turtlebot3.launch.py
[24.097s] -- Symlinking: /home/nikita/turtlebot3_ws/install/turtlebot3_gazebo/share/turtlebot3_gazebo//launch/turtlebot3_autorace_2020.launch.py
[24.109s] -- Symlinking: /home/nikita/turtlebot3_ws/install/turtlebot3_gazebo/share/turtlebot3_gazebo//launch/turtlebot3_dqn_stage1.launch.py
[24.122s] -- Symlinking: /home/nikita/turtlebot3_ws/install/turtlebot3_gazebo/share/turtlebot3_gazebo//launch/turtlebot3_dqn_stage2.launch.py
[24.135s] -- Symlinking: /home/nikita/turtlebot3_ws/install/turtlebot3_gazebo/share/turtlebot3_gazebo//launch/turtlebot3_dqn_stage3.launch.py
[24.148s] -- Symlinking: /home/nikita/turtlebot3_ws/install/turtlebot3_gazebo/share/turtlebot3_gazebo//launch/turtlebot3_dqn_stage4.launch.py
[24.160s] -- Symlinking: /home/nikita/turtlebot3_ws/install/turtlebot3_gazebo/share/turtlebot3_gazebo//launch/turtlebot3_house.launch.py
[24.173s] -- Symlinking: /home/nikita/turtlebot3_ws/install/turtlebot3_gazebo/share/turtlebot3_gazebo//launch/turtlebot3_world.launch.py
[24.190s] -- Symlinking: /home/nikita/turtlebot3_ws/install/turtlebot3_gazebo/share/turtlebot3_gazebo//models/turtlebot3_autorace_2020/checker/materials/checker.png
[24.203s] -- Symlinking: /home/nikita/turtlebot3_ws/install/turtlebot3_gazebo/share/turtlebot3_gazebo//models/turtlebot3_autorace_2020/checker/materials/scripts/checker.material
[24.217s] -- Symlinking: /home/nikita/turtlebot3_ws/install/turtlebot3_gazebo/share/turtlebot3_gazebo//models/turtlebot3_autorace_2020/checker/materials/textures/checker.png
[24.230s] -- Symlinking: /home/nikita/turtlebot3_ws/install/turtlebot3_gazebo/share/turtlebot3_gazebo//models/turtlebot3_autorace_2020/checker/model.config
[24.243s] -- Symlinking: /home/nikita/turtlebot3_ws/install/turtlebot3_gazebo/share/turtlebot3_gazebo//models/turtlebot3_autorace_2020/checker/model.sdf
[24.256s] -- Symlinking: /home/nikita/turtlebot3_ws/install/turtlebot3_gazebo/share/turtlebot3_gazebo//models/turtlebot3_autorace_2020/course/materials/scripts/course.material
[24.269s] -- Symlinking: /home/nikita/turtlebot3_ws/install/turtlebot3_gazebo/share/turtlebot3_gazebo//models/turtlebot3_autorace_2020/course/materials/textures/course.png
[24.284s] -- Symlinking: /home/nikita/turtlebot3_ws/install/turtlebot3_gazebo/share/turtlebot3_gazebo//models/turtlebot3_autorace_2020/course/model.config
[24.297s] -- Symlinking: /home/nikita/turtlebot3_ws/install/turtlebot3_gazebo/share/turtlebot3_gazebo//models/turtlebot3_autorace_2020/course/model.sdf
[24.309s] -- Symlinking: /home/nikita/turtlebot3_ws/install/turtlebot3_gazebo/share/turtlebot3_gazebo//models/turtlebot3_autorace_2020/traffic_bar/materials/scripts/traffic_bar.material
[24.323s] -- Symlinking: /home/nikita/turtlebot3_ws/install/turtlebot3_gazebo/share/turtlebot3_gazebo//models/turtlebot3_autorace_2020/traffic_bar/materials/textures/traffic_bar.png
[24.338s] -- Symlinking: /home/nikita/turtlebot3_ws/install/turtlebot3_gazebo/share/turtlebot3_gazebo//models/turtlebot3_autorace_2020/traffic_bar/model.config
[24.351s] -- Symlinking: /home/nikita/turtlebot3_ws/install/turtlebot3_gazebo/share/turtlebot3_gazebo//models/turtlebot3_autorace_2020/traffic_bar/model.sdf
[24.364s] -- Symlinking: /home/nikita/turtlebot3_ws/install/turtlebot3_gazebo/share/turtlebot3_gazebo//models/turtlebot3_autorace_2020/traffic_construction/materials/scripts/traffic_construction.material
[24.377s] -- Symlinking: /home/nikita/turtlebot3_ws/install/turtlebot3_gazebo/share/turtlebot3_gazebo//models/turtlebot3_autorace_2020/traffic_construction/materials/textures/traffic_construction.png
[24.392s] -- Symlinking: /home/nikita/turtlebot3_ws/install/turtlebot3_gazebo/share/turtlebot3_gazebo//models/turtlebot3_autorace_2020/traffic_construction/model.config
[24.405s] -- Symlinking: /home/nikita/turtlebot3_ws/install/turtlebot3_gazebo/share/turtlebot3_gazebo//models/turtlebot3_autorace_2020/traffic_construction/model.sdf
[24.420s] -- Symlinking: /home/nikita/turtlebot3_ws/install/turtlebot3_gazebo/share/turtlebot3_gazebo//models/turtlebot3_autorace_2020/traffic_intersection/materials/scripts/traffic_intersection.material
[24.433s] -- Symlinking: /home/nikita/turtlebot3_ws/install/turtlebot3_gazebo/share/turtlebot3_gazebo//models/turtlebot3_autorace_2020/traffic_intersection/materials/textures/traffic_intersection.png
[24.445s] -- Symlinking: /home/nikita/turtlebot3_ws/install/turtlebot3_gazebo/share/turtlebot3_gazebo//models/turtlebot3_autorace_2020/traffic_intersection/model.config
[24.458s] -- Symlinking: /home/nikita/turtlebot3_ws/install/turtlebot3_gazebo/share/turtlebot3_gazebo//models/turtlebot3_autorace_2020/traffic_intersection/model.sdf
[24.472s] -- Symlinking: /home/nikita/turtlebot3_ws/install/turtlebot3_gazebo/share/turtlebot3_gazebo//models/turtlebot3_autorace_2020/traffic_left/materials/scripts/traffic_is_left.material
[24.485s] -- Symlinking: /home/nikita/turtlebot3_ws/install/turtlebot3_gazebo/share/turtlebot3_gazebo//models/turtlebot3_autorace_2020/traffic_left/materials/textures/traffic_left.png
[24.498s] -- Symlinking: /home/nikita/turtlebot3_ws/install/turtlebot3_gazebo/share/turtlebot3_gazebo//models/turtlebot3_autorace_2020/traffic_left/model.config
[24.511s] -- Symlinking: /home/nikita/turtlebot3_ws/install/turtlebot3_gazebo/share/turtlebot3_gazebo//models/turtlebot3_autorace_2020/traffic_left/model.sdf
[24.525s] -- Symlinking: /home/nikita/turtlebot3_ws/install/turtlebot3_gazebo/share/turtlebot3_gazebo//models/turtlebot3_autorace_2020/traffic_light/materials/scripts/traffic_light.material
[24.539s] -- Symlinking: /home/nikita/turtlebot3_ws/install/turtlebot3_gazebo/share/turtlebot3_gazebo//models/turtlebot3_autorace_2020/traffic_light/materials/textures/traffic_light.png
[24.552s] -- Symlinking: /home/nikita/turtlebot3_ws/install/turtlebot3_gazebo/share/turtlebot3_gazebo//models/turtlebot3_autorace_2020/traffic_light/materials/textures/traffic_light_green.png
[24.565s] -- Symlinking: /home/nikita/turtlebot3_ws/install/turtlebot3_gazebo/share/turtlebot3_gazebo//models/turtlebot3_autorace_2020/traffic_light/materials/textures/traffic_light_red.png
[24.579s] -- Symlinking: /home/nikita/turtlebot3_ws/install/turtlebot3_gazebo/share/turtlebot3_gazebo//models/turtlebot3_autorace_2020/traffic_light/materials/textures/traffic_light_yellow.png
[24.592s] -- Symlinking: /home/nikita/turtlebot3_ws/install/turtlebot3_gazebo/share/turtlebot3_gazebo//models/turtlebot3_autorace_2020/traffic_light/model.config
[24.605s] -- Symlinking: /home/nikita/turtlebot3_ws/install/turtlebot3_gazebo/share/turtlebot3_gazebo//models/turtlebot3_autorace_2020/traffic_light/model.sdf
[24.618s] -- Symlinking: /home/nikita/turtlebot3_ws/install/turtlebot3_gazebo/share/turtlebot3_gazebo//models/turtlebot3_autorace_2020/traffic_noentry/materials/scripts/traffic_noentry.material
[24.631s] -- Symlinking: /home/nikita/turtlebot3_ws/install/turtlebot3_gazebo/share/turtlebot3_gazebo//models/turtlebot3_autorace_2020/traffic_noentry/materials/textures/traffic_noentry.png
[24.644s] -- Symlinking: /home/nikita/turtlebot3_ws/install/turtlebot3_gazebo/share/turtlebot3_gazebo//models/turtlebot3_autorace_2020/traffic_noentry/model.config
[24.656s] -- Symlinking: /home/nikita/turtlebot3_ws/install/turtlebot3_gazebo/share/turtlebot3_gazebo//models/turtlebot3_autorace_2020/traffic_noentry/model.sdf
[24.669s] -- Symlinking: /home/nikita/turtlebot3_ws/install/turtlebot3_gazebo/share/turtlebot3_gazebo//models/turtlebot3_autorace_2020/traffic_parking/materials/scripts/traffic_parking.material
[24.683s] -- Symlinking: /home/nikita/turtlebot3_ws/install/turtlebot3_gazebo/share/turtlebot3_gazebo//models/turtlebot3_autorace_2020/traffic_parking/materials/textures/traffic_parking.png
[24.699s] -- Symlinking: /home/nikita/turtlebot3_ws/install/turtlebot3_gazebo/share/turtlebot3_gazebo//models/turtlebot3_autorace_2020/traffic_parking/model.config
[24.715s] -- Symlinking: /home/nikita/turtlebot3_ws/install/turtlebot3_gazebo/share/turtlebot3_gazebo//models/turtlebot3_autorace_2020/traffic_parking/model.sdf
[24.729s] -- Symlinking: /home/nikita/turtlebot3_ws/install/turtlebot3_gazebo/share/turtlebot3_gazebo//models/turtlebot3_autorace_2020/traffic_pl_left/materials/scripts/traffic_pl_left.material
[24.744s] -- Symlinking: /home/nikita/turtlebot3_ws/install/turtlebot3_gazebo/share/turtlebot3_gazebo//models/turtlebot3_autorace_2020/traffic_pl_left/materials/textures/traffic_pl_left.png
[24.756s] -- Symlinking: /home/nikita/turtlebot3_ws/install/turtlebot3_gazebo/share/turtlebot3_gazebo//models/turtlebot3_autorace_2020/traffic_pl_left/model.config
[24.771s] -- Symlinking: /home/nikita/turtlebot3_ws/install/turtlebot3_gazebo/share/turtlebot3_gazebo//models/turtlebot3_autorace_2020/traffic_pl_left/model.sdf
[24.784s] -- Symlinking: /home/nikita/turtlebot3_ws/install/turtlebot3_gazebo/share/turtlebot3_gazebo//models/turtlebot3_autorace_2020/traffic_right/materials/scripts/traffic_right.material
[24.799s] -- Symlinking: /home/nikita/turtlebot3_ws/install/turtlebot3_gazebo/share/turtlebot3_gazebo//models/turtlebot3_autorace_2020/traffic_right/materials/textures/traffic_right.png
[24.815s] -- Symlinking: /home/nikita/turtlebot3_ws/install/turtlebot3_gazebo/share/turtlebot3_gazebo//models/turtlebot3_autorace_2020/traffic_right/model.config
[24.826s] -- Symlinking: /home/nikita/turtlebot3_ws/install/turtlebot3_gazebo/share/turtlebot3_gazebo//models/turtlebot3_autorace_2020/traffic_right/model.sdf
[24.841s] -- Symlinking: /home/nikita/turtlebot3_ws/install/turtlebot3_gazebo/share/turtlebot3_gazebo//models/turtlebot3_autorace_2020/traffic_stop/materials/scripts/traffic_stop.material
[24.854s] -- Symlinking: /home/nikita/turtlebot3_ws/install/turtlebot3_gazebo/share/turtlebot3_gazebo//models/turtlebot3_autorace_2020/traffic_stop/materials/textures/traffic_stop.png
[24.867s] -- Symlinking: /home/nikita/turtlebot3_ws/install/turtlebot3_gazebo/share/turtlebot3_gazebo//models/turtlebot3_autorace_2020/traffic_stop/model.config
[24.881s] -- Symlinking: /home/nikita/turtlebot3_ws/install/turtlebot3_gazebo/share/turtlebot3_gazebo//models/turtlebot3_autorace_2020/traffic_stop/model.sdf
[24.895s] -- Symlinking: /home/nikita/turtlebot3_ws/install/turtlebot3_gazebo/share/turtlebot3_gazebo//models/turtlebot3_autorace_2020/traffic_tunnel/materials/scripts/tunnel.material
[24.908s] -- Symlinking: /home/nikita/turtlebot3_ws/install/turtlebot3_gazebo/share/turtlebot3_gazebo//models/turtlebot3_autorace_2020/traffic_tunnel/materials/textures/tunnel.png
[24.921s] -- Symlinking: /home/nikita/turtlebot3_ws/install/turtlebot3_gazebo/share/turtlebot3_gazebo//models/turtlebot3_autorace_2020/traffic_tunnel/model.config
[24.934s] -- Symlinking: /home/nikita/turtlebot3_ws/install/turtlebot3_gazebo/share/turtlebot3_gazebo//models/turtlebot3_autorace_2020/traffic_tunnel/model.sdf
[24.949s] -- Symlinking: /home/nikita/turtlebot3_ws/install/turtlebot3_gazebo/share/turtlebot3_gazebo//models/turtlebot3_burger/model-1_4.sdf
[24.963s] -- Symlinking: /home/nikita/turtlebot3_ws/install/turtlebot3_gazebo/share/turtlebot3_gazebo//models/turtlebot3_burger/model.config
[24.976s] -- Symlinking: /home/nikita/turtlebot3_ws/install/turtlebot3_gazebo/share/turtlebot3_gazebo//models/turtlebot3_burger/model.sdf
[24.988s] -- Symlinking: /home/nikita/turtlebot3_ws/install/turtlebot3_gazebo/share/turtlebot3_gazebo//models/turtlebot3_burger_cam/model-1_4.sdf
[25.008s] -- Symlinking: /home/nikita/turtlebot3_ws/install/turtlebot3_gazebo/share/turtlebot3_gazebo//models/turtlebot3_burger_cam/model.config
[25.025s] -- Symlinking: /home/nikita/turtlebot3_ws/install/turtlebot3_gazebo/share/turtlebot3_gazebo//models/turtlebot3_burger_cam/model.sdf
[25.044s] -- Symlinking: /home/nikita/turtlebot3_ws/install/turtlebot3_gazebo/share/turtlebot3_gazebo//models/turtlebot3_common/meshes/bases/burger_base.stl
[25.061s] -- Symlinking: /home/nikita/turtlebot3_ws/install/turtlebot3_gazebo/share/turtlebot3_gazebo//models/turtlebot3_common/meshes/bases/waffle_base.stl
[25.078s] -- Symlinking: /home/nikita/turtlebot3_ws/install/turtlebot3_gazebo/share/turtlebot3_gazebo//models/turtlebot3_common/meshes/bases/waffle_pi_base.stl
[25.095s] -- Symlinking: /home/nikita/turtlebot3_ws/install/turtlebot3_gazebo/share/turtlebot3_gazebo//models/turtlebot3_common/meshes/burger_base.dae
[25.109s] -- Symlinking: /home/nikita/turtlebot3_ws/install/turtlebot3_gazebo/share/turtlebot3_gazebo//models/turtlebot3_common/meshes/lds.dae
[25.123s] -- Symlinking: /home/nikita/turtlebot3_ws/install/turtlebot3_gazebo/share/turtlebot3_gazebo//models/turtlebot3_common/meshes/r200.dae
[25.137s] -- Symlinking: /home/nikita/turtlebot3_ws/install/turtlebot3_gazebo/share/turtlebot3_gazebo//models/turtlebot3_common/meshes/sensors/astra.dae
[25.151s] -- Symlinking: /home/nikita/turtlebot3_ws/install/turtlebot3_gazebo/share/turtlebot3_gazebo//models/turtlebot3_common/meshes/sensors/astra.jpg
[25.165s] -- Symlinking: /home/nikita/turtlebot3_ws/install/turtlebot3_gazebo/share/turtlebot3_gazebo//models/turtlebot3_common/meshes/sensors/lds.stl
[25.179s] -- Symlinking: /home/nikita/turtlebot3_ws/install/turtlebot3_gazebo/share/turtlebot3_gazebo//models/turtlebot3_common/meshes/sensors/r200.dae
[25.193s] -- Symlinking: /home/nikita/turtlebot3_ws/install/turtlebot3_gazebo/share/turtlebot3_gazebo//models/turtlebot3_common/meshes/sensors/r200.jpg
[25.210s] -- Symlinking: /home/nikita/turtlebot3_ws/install/turtlebot3_gazebo/share/turtlebot3_gazebo//models/turtlebot3_common/meshes/tire.dae
[25.224s] -- Symlinking: /home/nikita/turtlebot3_ws/install/turtlebot3_gazebo/share/turtlebot3_gazebo//models/turtlebot3_common/meshes/waffle_base.dae
[25.237s] -- Symlinking: /home/nikita/turtlebot3_ws/install/turtlebot3_gazebo/share/turtlebot3_gazebo//models/turtlebot3_common/meshes/waffle_pi_base.dae
[25.249s] -- Symlinking: /home/nikita/turtlebot3_ws/install/turtlebot3_gazebo/share/turtlebot3_gazebo//models/turtlebot3_common/meshes/wheels/left_tire.stl
[25.262s] -- Symlinking: /home/nikita/turtlebot3_ws/install/turtlebot3_gazebo/share/turtlebot3_gazebo//models/turtlebot3_common/meshes/wheels/right_tire.stl
[25.274s] -- Symlinking: /home/nikita/turtlebot3_ws/install/turtlebot3_gazebo/share/turtlebot3_gazebo//models/turtlebot3_common/model.config
[25.287s] -- Symlinking: /home/nikita/turtlebot3_ws/install/turtlebot3_gazebo/share/turtlebot3_gazebo//models/turtlebot3_dqn_world/goal_box/model.config
[25.302s] -- Symlinking: /home/nikita/turtlebot3_ws/install/turtlebot3_gazebo/share/turtlebot3_gazebo//models/turtlebot3_dqn_world/goal_box/model.sdf
[25.315s] -- Symlinking: /home/nikita/turtlebot3_ws/install/turtlebot3_gazebo/share/turtlebot3_gazebo//models/turtlebot3_dqn_world/inner_walls/model.config
[25.329s] -- Symlinking: /home/nikita/turtlebot3_ws/install/turtlebot3_gazebo/share/turtlebot3_gazebo//models/turtlebot3_dqn_world/inner_walls/model.sdf
[25.342s] -- Symlinking: /home/nikita/turtlebot3_ws/install/turtlebot3_gazebo/share/turtlebot3_gazebo//models/turtlebot3_dqn_world/model.config
[25.357s] -- Symlinking: /home/nikita/turtlebot3_ws/install/turtlebot3_gazebo/share/turtlebot3_gazebo//models/turtlebot3_dqn_world/model.sdf
[25.370s] -- Symlinking: /home/nikita/turtlebot3_ws/install/turtlebot3_gazebo/share/turtlebot3_gazebo//models/turtlebot3_dqn_world/obstacle1/model.config
[25.391s] -- Symlinking: /home/nikita/turtlebot3_ws/install/turtlebot3_gazebo/share/turtlebot3_gazebo//models/turtlebot3_dqn_world/obstacle1/model.sdf
[25.407s] -- Symlinking: /home/nikita/turtlebot3_ws/install/turtlebot3_gazebo/share/turtlebot3_gazebo//models/turtlebot3_dqn_world/obstacle2/model.config
[25.420s] -- Symlinking: /home/nikita/turtlebot3_ws/install/turtlebot3_gazebo/share/turtlebot3_gazebo//models/turtlebot3_dqn_world/obstacle2/model.sdf
[25.434s] -- Symlinking: /home/nikita/turtlebot3_ws/install/turtlebot3_gazebo/share/turtlebot3_gazebo//models/turtlebot3_dqn_world/obstacles/model.config
[25.448s] -- Symlinking: /home/nikita/turtlebot3_ws/install/turtlebot3_gazebo/share/turtlebot3_gazebo//models/turtlebot3_dqn_world/obstacles/model.sdf
[25.462s] -- Symlinking: /home/nikita/turtlebot3_ws/install/turtlebot3_gazebo/share/turtlebot3_gazebo//models/turtlebot3_house/model.config
[25.479s] -- Symlinking: /home/nikita/turtlebot3_ws/install/turtlebot3_gazebo/share/turtlebot3_gazebo//models/turtlebot3_house/model.sdf
[25.494s] -- Symlinking: /home/nikita/turtlebot3_ws/install/turtlebot3_gazebo/share/turtlebot3_gazebo//models/turtlebot3_waffle/model-1_4.sdf
[25.510s] -- Symlinking: /home/nikita/turtlebot3_ws/install/turtlebot3_gazebo/share/turtlebot3_gazebo//models/turtlebot3_waffle/model.config
[25.525s] -- Symlinking: /home/nikita/turtlebot3_ws/install/turtlebot3_gazebo/share/turtlebot3_gazebo//models/turtlebot3_waffle/model.sdf
[25.538s] -- Symlinking: /home/nikita/turtlebot3_ws/install/turtlebot3_gazebo/share/turtlebot3_gazebo//models/turtlebot3_waffle_pi/model-1_4_.sdf
[25.550s] -- Symlinking: /home/nikita/turtlebot3_ws/install/turtlebot3_gazebo/share/turtlebot3_gazebo//models/turtlebot3_waffle_pi/model.config
[25.563s] -- Symlinking: /home/nikita/turtlebot3_ws/install/turtlebot3_gazebo/share/turtlebot3_gazebo//models/turtlebot3_waffle_pi/model.sdf
[25.576s] -- Symlinking: /home/nikita/turtlebot3_ws/install/turtlebot3_gazebo/share/turtlebot3_gazebo//models/turtlebot3_world/meshes/hexagon.dae
[25.590s] -- Symlinking: /home/nikita/turtlebot3_ws/install/turtlebot3_gazebo/share/turtlebot3_gazebo//models/turtlebot3_world/meshes/wall.dae
[25.605s] -- Symlinking: /home/nikita/turtlebot3_ws/install/turtlebot3_gazebo/share/turtlebot3_gazebo//models/turtlebot3_world/model-1_4.sdf
[25.618s] -- Symlinking: /home/nikita/turtlebot3_ws/install/turtlebot3_gazebo/share/turtlebot3_gazebo//models/turtlebot3_world/model.config
[25.629s] -- Symlinking: /home/nikita/turtlebot3_ws/install/turtlebot3_gazebo/share/turtlebot3_gazebo//models/turtlebot3_world/model.sdf
[25.642s] -- Symlinking: /home/nikita/turtlebot3_ws/install/turtlebot3_gazebo/share/turtlebot3_gazebo//rviz/tb3_gazebo.rviz
[25.654s] -- Symlinking: /home/nikita/turtlebot3_ws/install/turtlebot3_gazebo/share/turtlebot3_gazebo//urdf/common_properties.urdf
[25.666s] -- Symlinking: /home/nikita/turtlebot3_ws/install/turtlebot3_gazebo/share/turtlebot3_gazebo//urdf/turtlebot3_burger.urdf
[25.679s] -- Symlinking: /home/nikita/turtlebot3_ws/install/turtlebot3_gazebo/share/turtlebot3_gazebo//urdf/turtlebot3_burger_cam.urdf
[25.694s] -- Symlinking: /home/nikita/turtlebot3_ws/install/turtlebot3_gazebo/share/turtlebot3_gazebo//urdf/turtlebot3_waffle.urdf
[25.708s] -- Symlinking: /home/nikita/turtlebot3_ws/install/turtlebot3_gazebo/share/turtlebot3_gazebo//urdf/turtlebot3_waffle_pi.urdf
[25.723s] -- Symlinking: /home/nikita/turtlebot3_ws/install/turtlebot3_gazebo/share/turtlebot3_gazebo//worlds/empty_world.world
[25.742s] -- Symlinking: /home/nikita/turtlebot3_ws/install/turtlebot3_gazebo/share/turtlebot3_gazebo//worlds/turtlebot3_autorace_2020.world
[25.756s] -- Symlinking: /home/nikita/turtlebot3_ws/install/turtlebot3_gazebo/share/turtlebot3_gazebo//worlds/turtlebot3_dqn_stage1.world
[25.770s] -- Symlinking: /home/nikita/turtlebot3_ws/install/turtlebot3_gazebo/share/turtlebot3_gazebo//worlds/turtlebot3_dqn_stage2.world
[25.787s] -- Symlinking: /home/nikita/turtlebot3_ws/install/turtlebot3_gazebo/share/turtlebot3_gazebo//worlds/turtlebot3_dqn_stage3.world
[25.803s] -- Symlinking: /home/nikita/turtlebot3_ws/install/turtlebot3_gazebo/share/turtlebot3_gazebo//worlds/turtlebot3_dqn_stage4.world
[25.817s] -- Symlinking: /home/nikita/turtlebot3_ws/install/turtlebot3_gazebo/share/turtlebot3_gazebo//worlds/turtlebot3_house.world
[25.832s] -- Symlinking: /home/nikita/turtlebot3_ws/install/turtlebot3_gazebo/share/turtlebot3_gazebo//worlds/turtlebot3_world.world
[25.847s] -- Symlinking: /home/nikita/turtlebot3_ws/install/turtlebot3_gazebo/include//turtlebot3_gazebo/obstacle1.hpp
[25.860s] -- Symlinking: /home/nikita/turtlebot3_ws/install/turtlebot3_gazebo/include//turtlebot3_gazebo/obstacle2.hpp
[25.874s] -- Symlinking: /home/nikita/turtlebot3_ws/install/turtlebot3_gazebo/include//turtlebot3_gazebo/obstacles.hpp
[25.889s] -- Symlinking: /home/nikita/turtlebot3_ws/install/turtlebot3_gazebo/include//turtlebot3_gazebo/traffic_bar_plugin.hpp
[25.904s] -- Symlinking: /home/nikita/turtlebot3_ws/install/turtlebot3_gazebo/include//turtlebot3_gazebo/traffic_light_plugin.hpp
[25.918s] -- Symlinking: /home/nikita/turtlebot3_ws/install/turtlebot3_gazebo/include//turtlebot3_gazebo/turtlebot3_drive.hpp
[25.933s] -- Symlinking: /home/nikita/turtlebot3_ws/install/turtlebot3_gazebo/share/ament_index/resource_index/package_run_dependencies/turtlebot3_gazebo
[25.948s] -- Symlinking: /home/nikita/turtlebot3_ws/install/turtlebot3_gazebo/share/ament_index/resource_index/parent_prefix_path/turtlebot3_gazebo
[25.962s] -- Symlinking: /home/nikita/turtlebot3_ws/install/turtlebot3_gazebo/share/turtlebot3_gazebo/environment/ament_prefix_path.sh
[25.976s] -- Symlinking: /home/nikita/turtlebot3_ws/install/turtlebot3_gazebo/share/turtlebot3_gazebo/environment/ament_prefix_path.dsv
[25.989s] -- Symlinking: /home/nikita/turtlebot3_ws/install/turtlebot3_gazebo/share/turtlebot3_gazebo/environment/path.sh
[26.006s] -- Symlinking: /home/nikita/turtlebot3_ws/install/turtlebot3_gazebo/share/turtlebot3_gazebo/environment/path.dsv
[26.020s] -- Symlinking: /home/nikita/turtlebot3_ws/install/turtlebot3_gazebo/share/turtlebot3_gazebo/local_setup.bash
[26.033s] -- Symlinking: /home/nikita/turtlebot3_ws/install/turtlebot3_gazebo/share/turtlebot3_gazebo/local_setup.sh
[26.047s] -- Symlinking: /home/nikita/turtlebot3_ws/install/turtlebot3_gazebo/share/turtlebot3_gazebo/local_setup.zsh
[26.060s] -- Symlinking: /home/nikita/turtlebot3_ws/install/turtlebot3_gazebo/share/turtlebot3_gazebo/local_setup.dsv
[26.073s] -- Symlinking: /home/nikita/turtlebot3_ws/install/turtlebot3_gazebo/share/turtlebot3_gazebo/package.dsv
[26.088s] -- Symlinking: /home/nikita/turtlebot3_ws/install/turtlebot3_gazebo/share/ament_index/resource_index/packages/turtlebot3_gazebo
[26.105s] -- Symlinking: /home/nikita/turtlebot3_ws/install/turtlebot3_gazebo/share/turtlebot3_gazebo/cmake/ament_cmake_export_include_directories-extras.cmake
[26.119s] -- Symlinking: /home/nikita/turtlebot3_ws/install/turtlebot3_gazebo/share/turtlebot3_gazebo/cmake/ament_cmake_export_dependencies-extras.cmake
[26.132s] -- Symlinking: /home/nikita/turtlebot3_ws/install/turtlebot3_gazebo/share/turtlebot3_gazebo/cmake/turtlebot3_gazeboConfig.cmake
[26.147s] -- Symlinking: /home/nikita/turtlebot3_ws/install/turtlebot3_gazebo/share/turtlebot3_gazebo/cmake/turtlebot3_gazeboConfig-version.cmake
[26.161s] -- Symlinking: /home/nikita/turtlebot3_ws/install/turtlebot3_gazebo/share/turtlebot3_gazebo/package.xml
[26.177s] Invoked command in '/home/nikita/turtlebot3_ws/build/turtlebot3_gazebo' returned '0': CMAKE_PREFIX_PATH=${CMAKE_PREFIX_PATH}:/home/nikita/turtlebot3_ws/install/turtlebot3_teleop:/home/nikita/turtlebot3_ws/install/turtlebot3_example:/home/nikita/turtlebot3_ws/install/turtlebot3_autorace:/home/nikita/turtlebot3_ws/install/turtlebot3_autorace_mission:/home/nikita/turtlebot3_ws/install/turtlebot3_autorace_detect:/home/nikita/turtlebot3_ws/install/turtlebot3_autorace_camera:/home/nikita/AMR_coding/install/webcam:/home/nikita/AMR_coding/install/turtle_distance_package:/home/nikita/AMR_coding/install/turtle_distance_node:/home/nikita/AMR_coding/install/trt_rect_pkg:/home/nikita/AMR_coding/install/publisher_node:/home/nikita/AMR_coding/install/my_package:/opt/ros/humble /usr/bin/cmake --install /home/nikita/turtlebot3_ws/build/turtlebot3_gazebo
