[1.242s] Invoking command in '/home/nikita/turtlebot3_ws/src/turtlebot3_autorace/turtlebot3_autorace': AMENT_PREFIX_PATH=/home/nikita/turtlebot3_ws/src/install/turtlebot3_autorace_mission:/home/nikita/turtlebot3_ws/src/install/turtlebot3_autorace_detect:/home/nikita/turtlebot3_ws/src/install/turtlebot3_autorace_camera:${AMENT_PREFIX_PATH} PYTHONPATH=/home/nikita/turtlebot3_ws/src/build/turtlebot3_autorace/prefix_override:/usr/lib/python3/dist-packages/colcon_core/task/python/colcon_distutils_commands:/home/nikita/turtlebot3_ws/src/install/turtlebot3_autorace/lib/python3.10/site-packages:/home/nikita/turtlebot3_ws/src/install/turtlebot3_autorace_mission/lib/python3.10/site-packages:/home/nikita/turtlebot3_ws/src/install/turtlebot3_autorace_detect/lib/python3.10/site-packages:/home/nikita/turtlebot3_ws/src/install/turtlebot3_autorace_camera/lib/python3.10/site-packages:${PYTHONPATH} /usr/bin/python3 -W ignore:setup.py install is deprecated -W ignore:easy_install command is deprecated setup.py egg_info --egg-base ../../build/turtlebot3_autorace build --build-base /home/nikita/turtlebot3_ws/src/build/turtlebot3_autorace/build install --record /home/nikita/turtlebot3_ws/src/build/turtlebot3_autorace/install.log --single-version-externally-managed install_data
[1.574s] running egg_info
[1.575s] creating ../../build/turtlebot3_autorace/turtlebot3_autorace.egg-info
[1.575s] writing ../../build/turtlebot3_autorace/turtlebot3_autorace.egg-info/PKG-INFO
[1.577s] writing dependency_links to ../../build/turtlebot3_autorace/turtlebot3_autorace.egg-info/dependency_links.txt
[1.577s] writing entry points to ../../build/turtlebot3_autorace/turtlebot3_autorace.egg-info/entry_points.txt
[1.577s] writing requirements to ../../build/turtlebot3_autorace/turtlebot3_autorace.egg-info/requires.txt
[1.578s] writing top-level names to ../../build/turtlebot3_autorace/turtlebot3_autorace.egg-info/top_level.txt
[1.578s] writing manifest file '../../build/turtlebot3_autorace/turtlebot3_autorace.egg-info/SOURCES.txt'
[1.578s] reading manifest file '../../build/turtlebot3_autorace/turtlebot3_autorace.egg-info/SOURCES.txt'
[1.578s] writing manifest file '../../build/turtlebot3_autorace/turtlebot3_autorace.egg-info/SOURCES.txt'
[1.578s] running build
[1.578s] running build_py
[1.579s] creating /home/nikita/turtlebot3_ws/src/build/turtlebot3_autorace/build
[1.579s] creating /home/nikita/turtlebot3_ws/src/build/turtlebot3_autorace/build/lib
[1.579s] creating /home/nikita/turtlebot3_ws/src/build/turtlebot3_autorace/build/lib/turtlebot3_autorace
[1.582s] copying turtlebot3_autorace/__init__.py -> /home/nikita/turtlebot3_ws/src/build/turtlebot3_autorace/build/lib/turtlebot3_autorace
[1.582s] running install
[1.583s] running install_lib
[1.585s] creating /home/nikita/turtlebot3_ws/src/install/turtlebot3_autorace/lib/python3.10/site-packages/turtlebot3_autorace
[1.585s] copying /home/nikita/turtlebot3_ws/src/build/turtlebot3_autorace/build/lib/turtlebot3_autorace/__init__.py -> /home/nikita/turtlebot3_ws/src/install/turtlebot3_autorace/lib/python3.10/site-packages/turtlebot3_autorace
[1.586s] byte-compiling /home/nikita/turtlebot3_ws/src/install/turtlebot3_autorace/lib/python3.10/site-packages/turtlebot3_autorace/__init__.py to __init__.cpython-310.pyc
[1.586s] running install_data
[1.586s] creating /home/nikita/turtlebot3_ws/src/install/turtlebot3_autorace/share/ament_index
[1.586s] creating /home/nikita/turtlebot3_ws/src/install/turtlebot3_autorace/share/ament_index/resource_index
[1.586s] creating /home/nikita/turtlebot3_ws/src/install/turtlebot3_autorace/share/ament_index/resource_index/packages
[1.586s] copying resource/turtlebot3_autorace -> /home/nikita/turtlebot3_ws/src/install/turtlebot3_autorace/share/ament_index/resource_index/packages
[1.586s] copying package.xml -> /home/nikita/turtlebot3_ws/src/install/turtlebot3_autorace/share/turtlebot3_autorace
[1.586s] running install_egg_info
[1.590s] Copying ../../build/turtlebot3_autorace/turtlebot3_autorace.egg-info to /home/nikita/turtlebot3_ws/src/install/turtlebot3_autorace/lib/python3.10/site-packages/turtlebot3_autorace-1.2.1-py3.10.egg-info
[1.591s] running install_scripts
[1.616s] writing list of installed files to '/home/nikita/turtlebot3_ws/src/build/turtlebot3_autorace/install.log'
[1.660s] Invoked command in '/home/nikita/turtlebot3_ws/src/turtlebot3_autorace/turtlebot3_autorace' returned '0': AMENT_PREFIX_PATH=/home/nikita/turtlebot3_ws/src/install/turtlebot3_autorace_mission:/home/nikita/turtlebot3_ws/src/install/turtlebot3_autorace_detect:/home/nikita/turtlebot3_ws/src/install/turtlebot3_autorace_camera:${AMENT_PREFIX_PATH} PYTHONPATH=/home/nikita/turtlebot3_ws/src/build/turtlebot3_autorace/prefix_override:/usr/lib/python3/dist-packages/colcon_core/task/python/colcon_distutils_commands:/home/nikita/turtlebot3_ws/src/install/turtlebot3_autorace/lib/python3.10/site-packages:/home/nikita/turtlebot3_ws/src/install/turtlebot3_autorace_mission/lib/python3.10/site-packages:/home/nikita/turtlebot3_ws/src/install/turtlebot3_autorace_detect/lib/python3.10/site-packages:/home/nikita/turtlebot3_ws/src/install/turtlebot3_autorace_camera/lib/python3.10/site-packages:${PYTHONPATH} /usr/bin/python3 -W ignore:setup.py install is deprecated -W ignore:easy_install command is deprecated setup.py egg_info --egg-base ../../build/turtlebot3_autorace build --build-base /home/nikita/turtlebot3_ws/src/build/turtlebot3_autorace/build install --record /home/nikita/turtlebot3_ws/src/build/turtlebot3_autorace/install.log --single-version-externally-managed install_data
