[2.170s] Invoking command in '/home/nikita/turtlebot3_ws/build/turtlebot3_autorace_detect': PYTHONPATH=/home/nikita/turtlebot3_ws/build/turtlebot3_autorace_detect/prefix_override:/usr/lib/python3/dist-packages/colcon_core/task/python/colcon_distutils_commands:/home/nikita/turtlebot3_ws/install/turtlebot3_autorace_detect/lib/python3.10/site-packages:${PYTHONPATH} /usr/bin/python3 -W ignore:setup.py install is deprecated -W ignore:easy_install command is deprecated setup.py develop --editable --build-directory /home/nikita/turtlebot3_ws/build/turtlebot3_autorace_detect/build --no-deps symlink_data
[2.568s] running develop
[2.772s] running egg_info
[2.772s] creating turtlebot3_autorace_detect.egg-info
[2.772s] writing turtlebot3_autorace_detect.egg-info/PKG-INFO
[2.772s] writing dependency_links to turtlebot3_autorace_detect.egg-info/dependency_links.txt
[2.773s] writing entry points to turtlebot3_autorace_detect.egg-info/entry_points.txt
[2.773s] writing requirements to turtlebot3_autorace_detect.egg-info/requires.txt
[2.773s] writing top-level names to turtlebot3_autorace_detect.egg-info/top_level.txt
[2.773s] writing manifest file 'turtlebot3_autorace_detect.egg-info/SOURCES.txt'
[2.776s] reading manifest file 'turtlebot3_autorace_detect.egg-info/SOURCES.txt'
[2.777s] writing manifest file 'turtlebot3_autorace_detect.egg-info/SOURCES.txt'
[2.784s] running build_ext
[2.784s] Creating /home/nikita/turtlebot3_ws/install/turtlebot3_autorace_detect/lib/python3.10/site-packages/turtlebot3-autorace-detect.egg-link (link to .)
[2.784s] Installing detect_construction_sign script to /home/nikita/turtlebot3_ws/install/turtlebot3_autorace_detect/lib/turtlebot3_autorace_detect
[2.785s] Installing detect_intersection_sign script to /home/nikita/turtlebot3_ws/install/turtlebot3_autorace_detect/lib/turtlebot3_autorace_detect
[2.785s] Installing detect_lane script to /home/nikita/turtlebot3_ws/install/turtlebot3_autorace_detect/lib/turtlebot3_autorace_detect
[2.785s] Installing detect_level_crossing script to /home/nikita/turtlebot3_ws/install/turtlebot3_autorace_detect/lib/turtlebot3_autorace_detect
[2.785s] Installing detect_level_crossing_sign script to /home/nikita/turtlebot3_ws/install/turtlebot3_autorace_detect/lib/turtlebot3_autorace_detect
[2.785s] Installing detect_parking_sign script to /home/nikita/turtlebot3_ws/install/turtlebot3_autorace_detect/lib/turtlebot3_autorace_detect
[2.785s] Installing detect_traffic_light script to /home/nikita/turtlebot3_ws/install/turtlebot3_autorace_detect/lib/turtlebot3_autorace_detect
[2.785s] Installing detect_tunnel_sign script to /home/nikita/turtlebot3_ws/install/turtlebot3_autorace_detect/lib/turtlebot3_autorace_detect
[2.785s] 
[2.785s] Installed /home/nikita/turtlebot3_ws/build/turtlebot3_autorace_detect
[2.785s] running symlink_data
[2.786s] creating /home/nikita/turtlebot3_ws/install/turtlebot3_autorace_detect/share/ament_index
[2.786s] creating /home/nikita/turtlebot3_ws/install/turtlebot3_autorace_detect/share/ament_index/resource_index
[2.786s] creating /home/nikita/turtlebot3_ws/install/turtlebot3_autorace_detect/share/ament_index/resource_index/packages
[2.786s] symbolically linking /home/nikita/turtlebot3_ws/build/turtlebot3_autorace_detect/resource/turtlebot3_autorace_detect -> /home/nikita/turtlebot3_ws/install/turtlebot3_autorace_detect/share/ament_index/resource_index/packages
[2.786s] symbolically linking /home/nikita/turtlebot3_ws/build/turtlebot3_autorace_detect/package.xml -> /home/nikita/turtlebot3_ws/install/turtlebot3_autorace_detect/share/turtlebot3_autorace_detect
[2.786s] creating /home/nikita/turtlebot3_ws/install/turtlebot3_autorace_detect/share/turtlebot3_autorace_detect/launch
[2.786s] symbolically linking /home/nikita/turtlebot3_ws/build/turtlebot3_autorace_detect/launch/detect_traffic_light.launch.py -> /home/nikita/turtlebot3_ws/install/turtlebot3_autorace_detect/share/turtlebot3_autorace_detect/launch
[2.786s] symbolically linking /home/nikita/turtlebot3_ws/build/turtlebot3_autorace_detect/launch/detect_sign.launch.py -> /home/nikita/turtlebot3_ws/install/turtlebot3_autorace_detect/share/turtlebot3_autorace_detect/launch
[2.786s] symbolically linking /home/nikita/turtlebot3_ws/build/turtlebot3_autorace_detect/launch/detect_lane.launch.py -> /home/nikita/turtlebot3_ws/install/turtlebot3_autorace_detect/share/turtlebot3_autorace_detect/launch
[2.786s] symbolically linking /home/nikita/turtlebot3_ws/build/turtlebot3_autorace_detect/launch/detect_level_crossing.launch.py -> /home/nikita/turtlebot3_ws/install/turtlebot3_autorace_detect/share/turtlebot3_autorace_detect/launch
[2.786s] creating /home/nikita/turtlebot3_ws/install/turtlebot3_autorace_detect/share/turtlebot3_autorace_detect/param
[2.786s] creating /home/nikita/turtlebot3_ws/install/turtlebot3_autorace_detect/share/turtlebot3_autorace_detect/param/lane
[2.786s] symbolically linking /home/nikita/turtlebot3_ws/build/turtlebot3_autorace_detect/param/lane/lane.yaml -> /home/nikita/turtlebot3_ws/install/turtlebot3_autorace_detect/share/turtlebot3_autorace_detect/param/lane
[2.787s] creating /home/nikita/turtlebot3_ws/install/turtlebot3_autorace_detect/share/turtlebot3_autorace_detect/param/level
[2.787s] symbolically linking /home/nikita/turtlebot3_ws/build/turtlebot3_autorace_detect/param/level/level.yaml -> /home/nikita/turtlebot3_ws/install/turtlebot3_autorace_detect/share/turtlebot3_autorace_detect/param/level
[2.787s] creating /home/nikita/turtlebot3_ws/install/turtlebot3_autorace_detect/share/turtlebot3_autorace_detect/param/traffic_light
[2.787s] symbolically linking /home/nikita/turtlebot3_ws/build/turtlebot3_autorace_detect/param/traffic_light/traffic_light.yaml -> /home/nikita/turtlebot3_ws/install/turtlebot3_autorace_detect/share/turtlebot3_autorace_detect/param/traffic_light
[2.787s] creating /home/nikita/turtlebot3_ws/install/turtlebot3_autorace_detect/share/turtlebot3_autorace_detect/image
[2.787s] symbolically linking /home/nikita/turtlebot3_ws/build/turtlebot3_autorace_detect/image/stop.png -> /home/nikita/turtlebot3_ws/install/turtlebot3_autorace_detect/share/turtlebot3_autorace_detect/image
[2.787s] symbolically linking /home/nikita/turtlebot3_ws/build/turtlebot3_autorace_detect/image/parking.png -> /home/nikita/turtlebot3_ws/install/turtlebot3_autorace_detect/share/turtlebot3_autorace_detect/image
[2.787s] symbolically linking /home/nikita/turtlebot3_ws/build/turtlebot3_autorace_detect/image/right.png -> /home/nikita/turtlebot3_ws/install/turtlebot3_autorace_detect/share/turtlebot3_autorace_detect/image
[2.787s] symbolically linking /home/nikita/turtlebot3_ws/build/turtlebot3_autorace_detect/image/intersection.png -> /home/nikita/turtlebot3_ws/install/turtlebot3_autorace_detect/share/turtlebot3_autorace_detect/image
[2.787s] symbolically linking /home/nikita/turtlebot3_ws/build/turtlebot3_autorace_detect/image/construction.png -> /home/nikita/turtlebot3_ws/install/turtlebot3_autorace_detect/share/turtlebot3_autorace_detect/image
[2.787s] symbolically linking /home/nikita/turtlebot3_ws/build/turtlebot3_autorace_detect/image/left.png -> /home/nikita/turtlebot3_ws/install/turtlebot3_autorace_detect/share/turtlebot3_autorace_detect/image
[2.787s] symbolically linking /home/nikita/turtlebot3_ws/build/turtlebot3_autorace_detect/image/tunnel.png -> /home/nikita/turtlebot3_ws/install/turtlebot3_autorace_detect/share/turtlebot3_autorace_detect/image
[2.846s] Invoked command in '/home/nikita/turtlebot3_ws/build/turtlebot3_autorace_detect' returned '0': PYTHONPATH=/home/nikita/turtlebot3_ws/build/turtlebot3_autorace_detect/prefix_override:/usr/lib/python3/dist-packages/colcon_core/task/python/colcon_distutils_commands:/home/nikita/turtlebot3_ws/install/turtlebot3_autorace_detect/lib/python3.10/site-packages:${PYTHONPATH} /usr/bin/python3 -W ignore:setup.py install is deprecated -W ignore:easy_install command is deprecated setup.py develop --editable --build-directory /home/nikita/turtlebot3_ws/build/turtlebot3_autorace_detect/build --no-deps symlink_data
