[0.057s] Invoking command in '/home/nikita/turtlebot3_ws/src/build/turtlebot3_node': AMENT_PREFIX_PATH=/home/nikita/turtlebot3_ws/src/install/turtlebot3_msgs:/home/nikita/turtlebot3_ws/src/install/dynamixel_sdk:${AMENT_PREFIX_PATH} CMAKE_PREFIX_PATH=/home/nikita/turtlebot3_ws/src/install/turtlebot3_msgs:/home/nikita/turtlebot3_ws/src/install/dynamixel_sdk:/home/nikita/turtlebot3_ws/install/turtlebot3:/home/nikita/turtlebot3_ws/install/turtlebot3_simulations:/home/nikita/turtlebot3_ws/install/turtlebot3_bringup:/home/nikita/turtlebot3_ws/install/turtlebot3_node:/home/nikita/turtlebot3_ws/install/turtlebot3_navigation2:/home/nikita/turtlebot3_ws/install/turtlebot3_fake_node:/home/nikita/turtlebot3_ws/install/turtlebot3_msgs:/home/nikita/turtlebot3_ws/install/turtlebot3_gazebo:/home/nikita/turtlebot3_ws/install/turtlebot3_description:/home/nikita/turtlebot3_ws/install/turtlebot3_cartographer:/home/nikita/turtlebot3_ws/install/dynamixel_sdk_examples:/home/nikita/turtlebot3_ws/install/dynamixel_sdk_custom_interfaces:/home/nikita/turtlebot3_ws/install/dynamixel_sdk:/home/nikita/turtlebot3_ws/install/turtlebot3_teleop:/home/nikita/turtlebot3_ws/install/turtlebot3_example:/home/nikita/turtlebot3_ws/install/turtlebot3_autorace:/home/nikita/turtlebot3_ws/install/turtlebot3_autorace_mission:/home/nikita/turtlebot3_ws/install/turtlebot3_autorace_detect:/home/nikita/turtlebot3_ws/install/turtlebot3_autorace_camera:/home/nikita/AMR_coding/install/webcam:/home/nikita/AMR_coding/install/turtle_distance_package:/home/nikita/AMR_coding/install/turtle_distance_node:/home/nikita/AMR_coding/install/trt_rect_pkg:/home/nikita/AMR_coding/install/publisher_node:/home/nikita/AMR_coding/install/my_package:/opt/ros/humble LD_LIBRARY_PATH=/home/nikita/turtlebot3_ws/src/install/turtlebot3_msgs/lib:/home/nikita/turtlebot3_ws/src/install/dynamixel_sdk/lib:/home/nikita/turtlebot3_ws/install/turtlebot3_msgs/lib:/home/nikita/turtlebot3_ws/install/dynamixel_sdk_custom_interfaces/lib:/home/nikita/turtlebot3_ws/install/dynamixel_sdk/lib:/usr/lib/x86_64-linux-gnu/gazebo-11/plugins:/opt/ros/humble/opt/rviz_ogre_vendor/lib:/opt/ros/humble/lib/x86_64-linux-gnu:/opt/ros/humble/lib:/usr/lib/x86_64-linux-gnu/gazebo-11/plugins:/usr/lib/x86_64-linux-gnu/gazebo-11/plugins:/home/nikita/turtlebot3_ws/build/turtlebot3_gazebo:/home/nikita/turtlebot3_ws/build/turtlebot3_gazebo:/usr/lib/x86_64-linux-gnu/gazebo-11/plugins PYTHONPATH=/home/nikita/turtlebot3_ws/src/install/turtlebot3_msgs/local/lib/python3.10/dist-packages:/home/nikita/turtlebot3_ws/src/install/dynamixel_sdk/local/lib/python3.10/dist-packages:${PYTHONPATH} /usr/bin/cmake /home/nikita/turtlebot3_ws/src/turtlebot3/turtlebot3_node -DCMAKE_INSTALL_PREFIX=/home/nikita/turtlebot3_ws/src/install/turtlebot3_node
[0.509s] -- The C compiler identification is GNU 11.4.0
[0.509s] -- The CXX compiler identification is GNU 11.4.0
[0.509s] -- Detecting C compiler ABI info
[0.529s] -- Detecting C compiler ABI info - done
[0.550s] -- Check for working C compiler: /usr/bin/cc - skipped
[0.551s] -- Detecting C compile features
[0.551s] -- Detecting C compile features - done
[0.559s] -- Detecting CXX compiler ABI info
[0.777s] -- Detecting CXX compiler ABI info - done
[0.801s] -- Check for working CXX compiler: /usr/bin/c++ - skipped
[0.801s] -- Detecting CXX compile features
[0.803s] -- Detecting CXX compile features - done
[0.811s] -- Found ament_cmake: 1.3.11 (/opt/ros/humble/share/ament_cmake/cmake)
[1.118s] -- Found Python3: /usr/bin/python3 (found version "3.10.12") found components: Interpreter 
[1.344s] -- Found dynamixel_sdk: 3.8.3 (/home/nikita/turtlebot3_ws/src/install/dynamixel_sdk/share/dynamixel_sdk/cmake)
[1.358s] -- Found geometry_msgs: 4.2.4 (/opt/ros/humble/share/geometry_msgs/cmake)
[1.481s] -- Found rosidl_generator_c: 3.1.6 (/opt/ros/humble/share/rosidl_generator_c/cmake)
[1.500s] -- Found rosidl_adapter: 3.1.6 (/opt/ros/humble/share/rosidl_adapter/cmake)
[1.521s] -- Found rosidl_generator_cpp: 3.1.6 (/opt/ros/humble/share/rosidl_generator_cpp/cmake)
[1.575s] -- Using all available rosidl_typesupport_c: rosidl_typesupport_fastrtps_c;rosidl_typesupport_introspection_c
[1.652s] -- Using all available rosidl_typesupport_cpp: rosidl_typesupport_fastrtps_cpp;rosidl_typesupport_introspection_cpp
[1.831s] -- Found message_filters: 4.3.5 (/opt/ros/humble/share/message_filters/cmake)
[2.020s] -- Found rmw_implementation_cmake: 6.1.2 (/opt/ros/humble/share/rmw_implementation_cmake/cmake)
[2.030s] -- Found rmw_fastrtps_cpp: 6.2.7 (/opt/ros/humble/share/rmw_fastrtps_cpp/cmake)
[2.182s] -- Found OpenSSL: /usr/lib/x86_64-linux-gnu/libcrypto.so (found version "3.0.2")  
[2.231s] -- Found FastRTPS: /opt/ros/humble/include  
[2.309s] -- Using RMW implementation 'rmw_fastrtps_cpp' as default
[2.333s] -- Looking for pthread.h
[2.514s] -- Looking for pthread.h - found
[2.514s] -- Performing Test CMAKE_HAVE_LIBC_PTHREAD
[2.711s] -- Performing Test CMAKE_HAVE_LIBC_PTHREAD - Success
[2.713s] -- Found Threads: TRUE  
[2.830s] -- Found nav_msgs: 4.2.4 (/opt/ros/humble/share/nav_msgs/cmake)
[2.871s] -- Found sensor_msgs: 4.2.4 (/opt/ros/humble/share/sensor_msgs/cmake)
[2.922s] -- Found std_srvs: 4.2.4 (/opt/ros/humble/share/std_srvs/cmake)
[2.966s] -- Found tf2: 0.25.12 (/opt/ros/humble/share/tf2/cmake)
[3.019s] -- Found tf2_ros: 0.25.12 (/opt/ros/humble/share/tf2_ros/cmake)
[3.434s] -- Found turtlebot3_msgs: 2.3.0 (/home/nikita/turtlebot3_ws/src/install/turtlebot3_msgs/share/turtlebot3_msgs/cmake)
[3.755s] -- Configuring done
[3.803s] -- Generating done
[3.815s] -- Build files have been written to: /home/nikita/turtlebot3_ws/src/build/turtlebot3_node
[3.843s] Invoked command in '/home/nikita/turtlebot3_ws/src/build/turtlebot3_node' returned '0': AMENT_PREFIX_PATH=/home/nikita/turtlebot3_ws/src/install/turtlebot3_msgs:/home/nikita/turtlebot3_ws/src/install/dynamixel_sdk:${AMENT_PREFIX_PATH} CMAKE_PREFIX_PATH=/home/nikita/turtlebot3_ws/src/install/turtlebot3_msgs:/home/nikita/turtlebot3_ws/src/install/dynamixel_sdk:/home/nikita/turtlebot3_ws/install/turtlebot3:/home/nikita/turtlebot3_ws/install/turtlebot3_simulations:/home/nikita/turtlebot3_ws/install/turtlebot3_bringup:/home/nikita/turtlebot3_ws/install/turtlebot3_node:/home/nikita/turtlebot3_ws/install/turtlebot3_navigation2:/home/nikita/turtlebot3_ws/install/turtlebot3_fake_node:/home/nikita/turtlebot3_ws/install/turtlebot3_msgs:/home/nikita/turtlebot3_ws/install/turtlebot3_gazebo:/home/nikita/turtlebot3_ws/install/turtlebot3_description:/home/nikita/turtlebot3_ws/install/turtlebot3_cartographer:/home/nikita/turtlebot3_ws/install/dynamixel_sdk_examples:/home/nikita/turtlebot3_ws/install/dynamixel_sdk_custom_interfaces:/home/nikita/turtlebot3_ws/install/dynamixel_sdk:/home/nikita/turtlebot3_ws/install/turtlebot3_teleop:/home/nikita/turtlebot3_ws/install/turtlebot3_example:/home/nikita/turtlebot3_ws/install/turtlebot3_autorace:/home/nikita/turtlebot3_ws/install/turtlebot3_autorace_mission:/home/nikita/turtlebot3_ws/install/turtlebot3_autorace_detect:/home/nikita/turtlebot3_ws/install/turtlebot3_autorace_camera:/home/nikita/AMR_coding/install/webcam:/home/nikita/AMR_coding/install/turtle_distance_package:/home/nikita/AMR_coding/install/turtle_distance_node:/home/nikita/AMR_coding/install/trt_rect_pkg:/home/nikita/AMR_coding/install/publisher_node:/home/nikita/AMR_coding/install/my_package:/opt/ros/humble LD_LIBRARY_PATH=/home/nikita/turtlebot3_ws/src/install/turtlebot3_msgs/lib:/home/nikita/turtlebot3_ws/src/install/dynamixel_sdk/lib:/home/nikita/turtlebot3_ws/install/turtlebot3_msgs/lib:/home/nikita/turtlebot3_ws/install/dynamixel_sdk_custom_interfaces/lib:/home/nikita/turtlebot3_ws/install/dynamixel_sdk/lib:/usr/lib/x86_64-linux-gnu/gazebo-11/plugins:/opt/ros/humble/opt/rviz_ogre_vendor/lib:/opt/ros/humble/lib/x86_64-linux-gnu:/opt/ros/humble/lib:/usr/lib/x86_64-linux-gnu/gazebo-11/plugins:/usr/lib/x86_64-linux-gnu/gazebo-11/plugins:/home/nikita/turtlebot3_ws/build/turtlebot3_gazebo:/home/nikita/turtlebot3_ws/build/turtlebot3_gazebo:/usr/lib/x86_64-linux-gnu/gazebo-11/plugins PYTHONPATH=/home/nikita/turtlebot3_ws/src/install/turtlebot3_msgs/local/lib/python3.10/dist-packages:/home/nikita/turtlebot3_ws/src/install/dynamixel_sdk/local/lib/python3.10/dist-packages:${PYTHONPATH} /usr/bin/cmake /home/nikita/turtlebot3_ws/src/turtlebot3/turtlebot3_node -DCMAKE_INSTALL_PREFIX=/home/nikita/turtlebot3_ws/src/install/turtlebot3_node
[3.844s] Invoking command in '/home/nikita/turtlebot3_ws/src/build/turtlebot3_node': AMENT_PREFIX_PATH=/home/nikita/turtlebot3_ws/src/install/turtlebot3_msgs:/home/nikita/turtlebot3_ws/src/install/dynamixel_sdk:${AMENT_PREFIX_PATH} CMAKE_PREFIX_PATH=/home/nikita/turtlebot3_ws/src/install/turtlebot3_msgs:/home/nikita/turtlebot3_ws/src/install/dynamixel_sdk:/home/nikita/turtlebot3_ws/install/turtlebot3:/home/nikita/turtlebot3_ws/install/turtlebot3_simulations:/home/nikita/turtlebot3_ws/install/turtlebot3_bringup:/home/nikita/turtlebot3_ws/install/turtlebot3_node:/home/nikita/turtlebot3_ws/install/turtlebot3_navigation2:/home/nikita/turtlebot3_ws/install/turtlebot3_fake_node:/home/nikita/turtlebot3_ws/install/turtlebot3_msgs:/home/nikita/turtlebot3_ws/install/turtlebot3_gazebo:/home/nikita/turtlebot3_ws/install/turtlebot3_description:/home/nikita/turtlebot3_ws/install/turtlebot3_cartographer:/home/nikita/turtlebot3_ws/install/dynamixel_sdk_examples:/home/nikita/turtlebot3_ws/install/dynamixel_sdk_custom_interfaces:/home/nikita/turtlebot3_ws/install/dynamixel_sdk:/home/nikita/turtlebot3_ws/install/turtlebot3_teleop:/home/nikita/turtlebot3_ws/install/turtlebot3_example:/home/nikita/turtlebot3_ws/install/turtlebot3_autorace:/home/nikita/turtlebot3_ws/install/turtlebot3_autorace_mission:/home/nikita/turtlebot3_ws/install/turtlebot3_autorace_detect:/home/nikita/turtlebot3_ws/install/turtlebot3_autorace_camera:/home/nikita/AMR_coding/install/webcam:/home/nikita/AMR_coding/install/turtle_distance_package:/home/nikita/AMR_coding/install/turtle_distance_node:/home/nikita/AMR_coding/install/trt_rect_pkg:/home/nikita/AMR_coding/install/publisher_node:/home/nikita/AMR_coding/install/my_package:/opt/ros/humble LD_LIBRARY_PATH=/home/nikita/turtlebot3_ws/src/install/turtlebot3_msgs/lib:/home/nikita/turtlebot3_ws/src/install/dynamixel_sdk/lib:/home/nikita/turtlebot3_ws/install/turtlebot3_msgs/lib:/home/nikita/turtlebot3_ws/install/dynamixel_sdk_custom_interfaces/lib:/home/nikita/turtlebot3_ws/install/dynamixel_sdk/lib:/usr/lib/x86_64-linux-gnu/gazebo-11/plugins:/opt/ros/humble/opt/rviz_ogre_vendor/lib:/opt/ros/humble/lib/x86_64-linux-gnu:/opt/ros/humble/lib:/usr/lib/x86_64-linux-gnu/gazebo-11/plugins:/usr/lib/x86_64-linux-gnu/gazebo-11/plugins:/home/nikita/turtlebot3_ws/build/turtlebot3_gazebo:/home/nikita/turtlebot3_ws/build/turtlebot3_gazebo:/usr/lib/x86_64-linux-gnu/gazebo-11/plugins PYTHONPATH=/home/nikita/turtlebot3_ws/src/install/turtlebot3_msgs/local/lib/python3.10/dist-packages:/home/nikita/turtlebot3_ws/src/install/dynamixel_sdk/local/lib/python3.10/dist-packages:${PYTHONPATH} /usr/bin/cmake --build /home/nikita/turtlebot3_ws/src/build/turtlebot3_node -- -j8 -l8
[3.983s] [  7%] [32mBuilding CXX object CMakeFiles/turtlebot3_node_lib.dir/src/devices/motor_power.cpp.o[0m
[3.987s] [ 14%] [32mBuilding CXX object CMakeFiles/turtlebot3_node_lib.dir/src/devices/sound.cpp.o[0m
[3.994s] [ 21%] [32mBuilding CXX object CMakeFiles/turtlebot3_node_lib.dir/src/devices/reset.cpp.o[0m
[3.996s] [ 35%] [32mBuilding CXX object CMakeFiles/turtlebot3_node_lib.dir/src/diff_drive_controller.cpp.o[0m
[3.996s] [ 35%] [32mBuilding CXX object CMakeFiles/turtlebot3_node_lib.dir/src/dynamixel_sdk_wrapper.cpp.o[0m
[3.999s] [ 42%] [32mBuilding CXX object CMakeFiles/turtlebot3_node_lib.dir/src/turtlebot3.cpp.o[0m
[4.004s] [ 50%] [32mBuilding CXX object CMakeFiles/turtlebot3_node_lib.dir/src/odometry.cpp.o[0m
[4.010s] [ 57%] [32mBuilding CXX object CMakeFiles/turtlebot3_node_lib.dir/src/sensors/battery_state.cpp.o[0m
[5.703s] [ 64%] [32mBuilding CXX object CMakeFiles/turtlebot3_node_lib.dir/src/sensors/imu.cpp.o[0m
[12.345s] [ 71%] [32mBuilding CXX object CMakeFiles/turtlebot3_node_lib.dir/src/sensors/joint_state.cpp.o[0m
[12.811s] [ 78%] [32mBuilding CXX object CMakeFiles/turtlebot3_node_lib.dir/src/sensors/sensor_state.cpp.o[0m
[25.818s] [ 85%] [32m[1mLinking CXX static library libturtlebot3_node_lib.a[0m
[26.560s] [ 85%] Built target turtlebot3_node_lib
[26.582s] [ 92%] [32mBuilding CXX object CMakeFiles/turtlebot3_ros.dir/src/node_main.cpp.o[0m
[29.744s] [100%] [32m[1mLinking CXX executable turtlebot3_ros[0m
[31.793s] [100%] Built target turtlebot3_ros
[31.808s] Invoked command in '/home/nikita/turtlebot3_ws/src/build/turtlebot3_node' returned '0': AMENT_PREFIX_PATH=/home/nikita/turtlebot3_ws/src/install/turtlebot3_msgs:/home/nikita/turtlebot3_ws/src/install/dynamixel_sdk:${AMENT_PREFIX_PATH} CMAKE_PREFIX_PATH=/home/nikita/turtlebot3_ws/src/install/turtlebot3_msgs:/home/nikita/turtlebot3_ws/src/install/dynamixel_sdk:/home/nikita/turtlebot3_ws/install/turtlebot3:/home/nikita/turtlebot3_ws/install/turtlebot3_simulations:/home/nikita/turtlebot3_ws/install/turtlebot3_bringup:/home/nikita/turtlebot3_ws/install/turtlebot3_node:/home/nikita/turtlebot3_ws/install/turtlebot3_navigation2:/home/nikita/turtlebot3_ws/install/turtlebot3_fake_node:/home/nikita/turtlebot3_ws/install/turtlebot3_msgs:/home/nikita/turtlebot3_ws/install/turtlebot3_gazebo:/home/nikita/turtlebot3_ws/install/turtlebot3_description:/home/nikita/turtlebot3_ws/install/turtlebot3_cartographer:/home/nikita/turtlebot3_ws/install/dynamixel_sdk_examples:/home/nikita/turtlebot3_ws/install/dynamixel_sdk_custom_interfaces:/home/nikita/turtlebot3_ws/install/dynamixel_sdk:/home/nikita/turtlebot3_ws/install/turtlebot3_teleop:/home/nikita/turtlebot3_ws/install/turtlebot3_example:/home/nikita/turtlebot3_ws/install/turtlebot3_autorace:/home/nikita/turtlebot3_ws/install/turtlebot3_autorace_mission:/home/nikita/turtlebot3_ws/install/turtlebot3_autorace_detect:/home/nikita/turtlebot3_ws/install/turtlebot3_autorace_camera:/home/nikita/AMR_coding/install/webcam:/home/nikita/AMR_coding/install/turtle_distance_package:/home/nikita/AMR_coding/install/turtle_distance_node:/home/nikita/AMR_coding/install/trt_rect_pkg:/home/nikita/AMR_coding/install/publisher_node:/home/nikita/AMR_coding/install/my_package:/opt/ros/humble LD_LIBRARY_PATH=/home/nikita/turtlebot3_ws/src/install/turtlebot3_msgs/lib:/home/nikita/turtlebot3_ws/src/install/dynamixel_sdk/lib:/home/nikita/turtlebot3_ws/install/turtlebot3_msgs/lib:/home/nikita/turtlebot3_ws/install/dynamixel_sdk_custom_interfaces/lib:/home/nikita/turtlebot3_ws/install/dynamixel_sdk/lib:/usr/lib/x86_64-linux-gnu/gazebo-11/plugins:/opt/ros/humble/opt/rviz_ogre_vendor/lib:/opt/ros/humble/lib/x86_64-linux-gnu:/opt/ros/humble/lib:/usr/lib/x86_64-linux-gnu/gazebo-11/plugins:/usr/lib/x86_64-linux-gnu/gazebo-11/plugins:/home/nikita/turtlebot3_ws/build/turtlebot3_gazebo:/home/nikita/turtlebot3_ws/build/turtlebot3_gazebo:/usr/lib/x86_64-linux-gnu/gazebo-11/plugins PYTHONPATH=/home/nikita/turtlebot3_ws/src/install/turtlebot3_msgs/local/lib/python3.10/dist-packages:/home/nikita/turtlebot3_ws/src/install/dynamixel_sdk/local/lib/python3.10/dist-packages:${PYTHONPATH} /usr/bin/cmake --build /home/nikita/turtlebot3_ws/src/build/turtlebot3_node -- -j8 -l8
[31.809s] Invoking command in '/home/nikita/turtlebot3_ws/src/build/turtlebot3_node': AMENT_PREFIX_PATH=/home/nikita/turtlebot3_ws/src/install/turtlebot3_msgs:/home/nikita/turtlebot3_ws/src/install/dynamixel_sdk:${AMENT_PREFIX_PATH} CMAKE_PREFIX_PATH=/home/nikita/turtlebot3_ws/src/install/turtlebot3_msgs:/home/nikita/turtlebot3_ws/src/install/dynamixel_sdk:/home/nikita/turtlebot3_ws/install/turtlebot3:/home/nikita/turtlebot3_ws/install/turtlebot3_simulations:/home/nikita/turtlebot3_ws/install/turtlebot3_bringup:/home/nikita/turtlebot3_ws/install/turtlebot3_node:/home/nikita/turtlebot3_ws/install/turtlebot3_navigation2:/home/nikita/turtlebot3_ws/install/turtlebot3_fake_node:/home/nikita/turtlebot3_ws/install/turtlebot3_msgs:/home/nikita/turtlebot3_ws/install/turtlebot3_gazebo:/home/nikita/turtlebot3_ws/install/turtlebot3_description:/home/nikita/turtlebot3_ws/install/turtlebot3_cartographer:/home/nikita/turtlebot3_ws/install/dynamixel_sdk_examples:/home/nikita/turtlebot3_ws/install/dynamixel_sdk_custom_interfaces:/home/nikita/turtlebot3_ws/install/dynamixel_sdk:/home/nikita/turtlebot3_ws/install/turtlebot3_teleop:/home/nikita/turtlebot3_ws/install/turtlebot3_example:/home/nikita/turtlebot3_ws/install/turtlebot3_autorace:/home/nikita/turtlebot3_ws/install/turtlebot3_autorace_mission:/home/nikita/turtlebot3_ws/install/turtlebot3_autorace_detect:/home/nikita/turtlebot3_ws/install/turtlebot3_autorace_camera:/home/nikita/AMR_coding/install/webcam:/home/nikita/AMR_coding/install/turtle_distance_package:/home/nikita/AMR_coding/install/turtle_distance_node:/home/nikita/AMR_coding/install/trt_rect_pkg:/home/nikita/AMR_coding/install/publisher_node:/home/nikita/AMR_coding/install/my_package:/opt/ros/humble LD_LIBRARY_PATH=/home/nikita/turtlebot3_ws/src/install/turtlebot3_msgs/lib:/home/nikita/turtlebot3_ws/src/install/dynamixel_sdk/lib:/home/nikita/turtlebot3_ws/install/turtlebot3_msgs/lib:/home/nikita/turtlebot3_ws/install/dynamixel_sdk_custom_interfaces/lib:/home/nikita/turtlebot3_ws/install/dynamixel_sdk/lib:/usr/lib/x86_64-linux-gnu/gazebo-11/plugins:/opt/ros/humble/opt/rviz_ogre_vendor/lib:/opt/ros/humble/lib/x86_64-linux-gnu:/opt/ros/humble/lib:/usr/lib/x86_64-linux-gnu/gazebo-11/plugins:/usr/lib/x86_64-linux-gnu/gazebo-11/plugins:/home/nikita/turtlebot3_ws/build/turtlebot3_gazebo:/home/nikita/turtlebot3_ws/build/turtlebot3_gazebo:/usr/lib/x86_64-linux-gnu/gazebo-11/plugins PYTHONPATH=/home/nikita/turtlebot3_ws/src/install/turtlebot3_msgs/local/lib/python3.10/dist-packages:/home/nikita/turtlebot3_ws/src/install/dynamixel_sdk/local/lib/python3.10/dist-packages:${PYTHONPATH} /usr/bin/cmake --install /home/nikita/turtlebot3_ws/src/build/turtlebot3_node
[31.817s] -- Install configuration: ""
[31.817s] -- Installing: /home/nikita/turtlebot3_ws/src/install/turtlebot3_node/share/turtlebot3_node/param
[31.817s] -- Installing: /home/nikita/turtlebot3_ws/src/install/turtlebot3_node/share/turtlebot3_node/param/waffle.yaml
[31.818s] -- Installing: /home/nikita/turtlebot3_ws/src/install/turtlebot3_node/share/turtlebot3_node/param/burger.yaml
[31.818s] -- Installing: /home/nikita/turtlebot3_ws/src/install/turtlebot3_node/share/turtlebot3_node/param/waffle_pi.yaml
[31.818s] -- Installing: /home/nikita/turtlebot3_ws/src/install/turtlebot3_node/lib/turtlebot3_node/turtlebot3_ros
[31.832s] -- Set runtime path of "/home/nikita/turtlebot3_ws/src/install/turtlebot3_node/lib/turtlebot3_node/turtlebot3_ros" to ""
[31.832s] -- Installing: /home/nikita/turtlebot3_ws/src/install/turtlebot3_node/share/ament_index/resource_index/package_run_dependencies/turtlebot3_node
[31.832s] -- Installing: /home/nikita/turtlebot3_ws/src/install/turtlebot3_node/share/ament_index/resource_index/parent_prefix_path/turtlebot3_node
[31.833s] -- Installing: /home/nikita/turtlebot3_ws/src/install/turtlebot3_node/share/turtlebot3_node/environment/ament_prefix_path.sh
[31.833s] -- Installing: /home/nikita/turtlebot3_ws/src/install/turtlebot3_node/share/turtlebot3_node/environment/ament_prefix_path.dsv
[31.833s] -- Installing: /home/nikita/turtlebot3_ws/src/install/turtlebot3_node/share/turtlebot3_node/environment/path.sh
[31.833s] -- Installing: /home/nikita/turtlebot3_ws/src/install/turtlebot3_node/share/turtlebot3_node/environment/path.dsv
[31.833s] -- Installing: /home/nikita/turtlebot3_ws/src/install/turtlebot3_node/share/turtlebot3_node/local_setup.bash
[31.833s] -- Installing: /home/nikita/turtlebot3_ws/src/install/turtlebot3_node/share/turtlebot3_node/local_setup.sh
[31.833s] -- Installing: /home/nikita/turtlebot3_ws/src/install/turtlebot3_node/share/turtlebot3_node/local_setup.zsh
[31.833s] -- Installing: /home/nikita/turtlebot3_ws/src/install/turtlebot3_node/share/turtlebot3_node/local_setup.dsv
[31.834s] -- Installing: /home/nikita/turtlebot3_ws/src/install/turtlebot3_node/share/turtlebot3_node/package.dsv
[31.834s] -- Installing: /home/nikita/turtlebot3_ws/src/install/turtlebot3_node/share/ament_index/resource_index/packages/turtlebot3_node
[31.834s] -- Installing: /home/nikita/turtlebot3_ws/src/install/turtlebot3_node/share/turtlebot3_node/cmake/ament_cmake_export_include_directories-extras.cmake
[31.834s] -- Installing: /home/nikita/turtlebot3_ws/src/install/turtlebot3_node/share/turtlebot3_node/cmake/turtlebot3_nodeConfig.cmake
[31.834s] -- Installing: /home/nikita/turtlebot3_ws/src/install/turtlebot3_node/share/turtlebot3_node/cmake/turtlebot3_nodeConfig-version.cmake
[31.834s] -- Installing: /home/nikita/turtlebot3_ws/src/install/turtlebot3_node/share/turtlebot3_node/package.xml
[31.837s] Invoked command in '/home/nikita/turtlebot3_ws/src/build/turtlebot3_node' returned '0': AMENT_PREFIX_PATH=/home/nikita/turtlebot3_ws/src/install/turtlebot3_msgs:/home/nikita/turtlebot3_ws/src/install/dynamixel_sdk:${AMENT_PREFIX_PATH} CMAKE_PREFIX_PATH=/home/nikita/turtlebot3_ws/src/install/turtlebot3_msgs:/home/nikita/turtlebot3_ws/src/install/dynamixel_sdk:/home/nikita/turtlebot3_ws/install/turtlebot3:/home/nikita/turtlebot3_ws/install/turtlebot3_simulations:/home/nikita/turtlebot3_ws/install/turtlebot3_bringup:/home/nikita/turtlebot3_ws/install/turtlebot3_node:/home/nikita/turtlebot3_ws/install/turtlebot3_navigation2:/home/nikita/turtlebot3_ws/install/turtlebot3_fake_node:/home/nikita/turtlebot3_ws/install/turtlebot3_msgs:/home/nikita/turtlebot3_ws/install/turtlebot3_gazebo:/home/nikita/turtlebot3_ws/install/turtlebot3_description:/home/nikita/turtlebot3_ws/install/turtlebot3_cartographer:/home/nikita/turtlebot3_ws/install/dynamixel_sdk_examples:/home/nikita/turtlebot3_ws/install/dynamixel_sdk_custom_interfaces:/home/nikita/turtlebot3_ws/install/dynamixel_sdk:/home/nikita/turtlebot3_ws/install/turtlebot3_teleop:/home/nikita/turtlebot3_ws/install/turtlebot3_example:/home/nikita/turtlebot3_ws/install/turtlebot3_autorace:/home/nikita/turtlebot3_ws/install/turtlebot3_autorace_mission:/home/nikita/turtlebot3_ws/install/turtlebot3_autorace_detect:/home/nikita/turtlebot3_ws/install/turtlebot3_autorace_camera:/home/nikita/AMR_coding/install/webcam:/home/nikita/AMR_coding/install/turtle_distance_package:/home/nikita/AMR_coding/install/turtle_distance_node:/home/nikita/AMR_coding/install/trt_rect_pkg:/home/nikita/AMR_coding/install/publisher_node:/home/nikita/AMR_coding/install/my_package:/opt/ros/humble LD_LIBRARY_PATH=/home/nikita/turtlebot3_ws/src/install/turtlebot3_msgs/lib:/home/nikita/turtlebot3_ws/src/install/dynamixel_sdk/lib:/home/nikita/turtlebot3_ws/install/turtlebot3_msgs/lib:/home/nikita/turtlebot3_ws/install/dynamixel_sdk_custom_interfaces/lib:/home/nikita/turtlebot3_ws/install/dynamixel_sdk/lib:/usr/lib/x86_64-linux-gnu/gazebo-11/plugins:/opt/ros/humble/opt/rviz_ogre_vendor/lib:/opt/ros/humble/lib/x86_64-linux-gnu:/opt/ros/humble/lib:/usr/lib/x86_64-linux-gnu/gazebo-11/plugins:/usr/lib/x86_64-linux-gnu/gazebo-11/plugins:/home/nikita/turtlebot3_ws/build/turtlebot3_gazebo:/home/nikita/turtlebot3_ws/build/turtlebot3_gazebo:/usr/lib/x86_64-linux-gnu/gazebo-11/plugins PYTHONPATH=/home/nikita/turtlebot3_ws/src/install/turtlebot3_msgs/local/lib/python3.10/dist-packages:/home/nikita/turtlebot3_ws/src/install/dynamixel_sdk/local/lib/python3.10/dist-packages:${PYTHONPATH} /usr/bin/cmake --install /home/nikita/turtlebot3_ws/src/build/turtlebot3_node
