[0.030s] Invoking command in '/home/nikita/turtlebot3_ws/build/turtlebot3_navigation2': CMAKE_PREFIX_PATH=/home/nikita/AMR_coding/install/webcam:/home/nikita/AMR_coding/install/turtle_distance_package:/home/nikita/AMR_coding/install/turtle_distance_node:/home/nikita/AMR_coding/install/trt_rect_pkg:/home/nikita/AMR_coding/install/publisher_node:/home/nikita/AMR_coding/install/my_package:/opt/ros/humble /usr/bin/cmake /home/nikita/turtlebot3_ws/src/turtlebot3/turtlebot3_navigation2 -DAMENT_CMAKE_SYMLINK_INSTALL=1 -DCMAKE_INSTALL_PREFIX=/home/nikita/turtlebot3_ws/install/turtlebot3_navigation2
[0.154s] -- The C compiler identification is GNU 11.4.0
[0.281s] -- The CXX compiler identification is GNU 11.4.0
[0.294s] -- Detecting C compiler ABI info
[0.388s] -- Detecting C compiler ABI info - done
[0.400s] -- Check for working C compiler: /usr/bin/cc - skipped
[0.400s] -- Detecting C compile features
[0.401s] -- Detecting C compile features - done
[0.405s] -- Detecting CXX compiler ABI info
[0.525s] -- Detecting CXX compiler ABI info - done
[0.538s] -- Check for working CXX compiler: /usr/bin/c++ - skipped
[0.538s] -- Detecting CXX compile features
[0.538s] -- Detecting CXX compile features - done
[0.542s] -- Found ament_cmake: 1.3.11 (/opt/ros/humble/share/ament_cmake/cmake)
[0.755s] -- Found Python3: /usr/bin/python3 (found version "3.10.12") found components: Interpreter 
[0.851s] -- Override CMake install command with custom implementation using symlinks instead of copying resources
[0.984s] -- Configuring done
[0.985s] -- Generating done
[0.987s] -- Build files have been written to: /home/nikita/turtlebot3_ws/build/turtlebot3_navigation2
[0.998s] Invoked command in '/home/nikita/turtlebot3_ws/build/turtlebot3_navigation2' returned '0': CMAKE_PREFIX_PATH=/home/nikita/AMR_coding/install/webcam:/home/nikita/AMR_coding/install/turtle_distance_package:/home/nikita/AMR_coding/install/turtle_distance_node:/home/nikita/AMR_coding/install/trt_rect_pkg:/home/nikita/AMR_coding/install/publisher_node:/home/nikita/AMR_coding/install/my_package:/opt/ros/humble /usr/bin/cmake /home/nikita/turtlebot3_ws/src/turtlebot3/turtlebot3_navigation2 -DAMENT_CMAKE_SYMLINK_INSTALL=1 -DCMAKE_INSTALL_PREFIX=/home/nikita/turtlebot3_ws/install/turtlebot3_navigation2
[0.999s] Invoking command in '/home/nikita/turtlebot3_ws/build/turtlebot3_navigation2': CMAKE_PREFIX_PATH=/home/nikita/AMR_coding/install/webcam:/home/nikita/AMR_coding/install/turtle_distance_package:/home/nikita/AMR_coding/install/turtle_distance_node:/home/nikita/AMR_coding/install/trt_rect_pkg:/home/nikita/AMR_coding/install/publisher_node:/home/nikita/AMR_coding/install/my_package:/opt/ros/humble /usr/bin/cmake --build /home/nikita/turtlebot3_ws/build/turtlebot3_navigation2 -- -j8 -l8
[1.052s] Invoked command in '/home/nikita/turtlebot3_ws/build/turtlebot3_navigation2' returned '0': CMAKE_PREFIX_PATH=/home/nikita/AMR_coding/install/webcam:/home/nikita/AMR_coding/install/turtle_distance_package:/home/nikita/AMR_coding/install/turtle_distance_node:/home/nikita/AMR_coding/install/trt_rect_pkg:/home/nikita/AMR_coding/install/publisher_node:/home/nikita/AMR_coding/install/my_package:/opt/ros/humble /usr/bin/cmake --build /home/nikita/turtlebot3_ws/build/turtlebot3_navigation2 -- -j8 -l8
[1.066s] Invoking command in '/home/nikita/turtlebot3_ws/build/turtlebot3_navigation2': CMAKE_PREFIX_PATH=/home/nikita/AMR_coding/install/webcam:/home/nikita/AMR_coding/install/turtle_distance_package:/home/nikita/AMR_coding/install/turtle_distance_node:/home/nikita/AMR_coding/install/trt_rect_pkg:/home/nikita/AMR_coding/install/publisher_node:/home/nikita/AMR_coding/install/my_package:/opt/ros/humble /usr/bin/cmake --install /home/nikita/turtlebot3_ws/build/turtlebot3_navigation2
[1.074s] -- Install configuration: ""
[1.075s] -- Execute custom install script
[1.075s] -- Symlinking: /home/nikita/turtlebot3_ws/install/turtlebot3_navigation2/share/turtlebot3_navigation2/launch/navigation2.launch.py
[1.087s] -- Symlinking: /home/nikita/turtlebot3_ws/install/turtlebot3_navigation2/share/turtlebot3_navigation2/map/map.pgm
[1.098s] -- Symlinking: /home/nikita/turtlebot3_ws/install/turtlebot3_navigation2/share/turtlebot3_navigation2/map/map.yaml
[1.109s] -- Symlinking: /home/nikita/turtlebot3_ws/install/turtlebot3_navigation2/share/turtlebot3_navigation2/param/burger.yaml
[1.119s] -- Symlinking: /home/nikita/turtlebot3_ws/install/turtlebot3_navigation2/share/turtlebot3_navigation2/param/burger_cam.yaml
[1.136s] -- Symlinking: /home/nikita/turtlebot3_ws/install/turtlebot3_navigation2/share/turtlebot3_navigation2/param/humble/burger.yaml
[1.141s] -- Symlinking: /home/nikita/turtlebot3_ws/install/turtlebot3_navigation2/share/turtlebot3_navigation2/param/humble/burger_cam.yaml
[1.152s] -- Symlinking: /home/nikita/turtlebot3_ws/install/turtlebot3_navigation2/share/turtlebot3_navigation2/param/humble/waffle.yaml
[1.163s] -- Symlinking: /home/nikita/turtlebot3_ws/install/turtlebot3_navigation2/share/turtlebot3_navigation2/param/humble/waffle_pi.yaml
[1.175s] -- Symlinking: /home/nikita/turtlebot3_ws/install/turtlebot3_navigation2/share/turtlebot3_navigation2/param/waffle.yaml
[1.189s] -- Symlinking: /home/nikita/turtlebot3_ws/install/turtlebot3_navigation2/share/turtlebot3_navigation2/param/waffle_pi.yaml
[1.202s] -- Symlinking: /home/nikita/turtlebot3_ws/install/turtlebot3_navigation2/share/turtlebot3_navigation2/rviz/tb3_navigation2.rviz
[1.221s] -- Symlinking: /home/nikita/turtlebot3_ws/install/turtlebot3_navigation2/share/ament_index/resource_index/package_run_dependencies/turtlebot3_navigation2
[1.234s] -- Symlinking: /home/nikita/turtlebot3_ws/install/turtlebot3_navigation2/share/ament_index/resource_index/parent_prefix_path/turtlebot3_navigation2
[1.246s] -- Symlinking: /home/nikita/turtlebot3_ws/install/turtlebot3_navigation2/share/turtlebot3_navigation2/environment/ament_prefix_path.sh
[1.258s] -- Symlinking: /home/nikita/turtlebot3_ws/install/turtlebot3_navigation2/share/turtlebot3_navigation2/environment/ament_prefix_path.dsv
[1.271s] -- Symlinking: /home/nikita/turtlebot3_ws/install/turtlebot3_navigation2/share/turtlebot3_navigation2/environment/path.sh
[1.283s] -- Symlinking: /home/nikita/turtlebot3_ws/install/turtlebot3_navigation2/share/turtlebot3_navigation2/environment/path.dsv
[1.297s] -- Symlinking: /home/nikita/turtlebot3_ws/install/turtlebot3_navigation2/share/turtlebot3_navigation2/local_setup.bash
[1.309s] -- Symlinking: /home/nikita/turtlebot3_ws/install/turtlebot3_navigation2/share/turtlebot3_navigation2/local_setup.sh
[1.323s] -- Symlinking: /home/nikita/turtlebot3_ws/install/turtlebot3_navigation2/share/turtlebot3_navigation2/local_setup.zsh
[1.334s] -- Symlinking: /home/nikita/turtlebot3_ws/install/turtlebot3_navigation2/share/turtlebot3_navigation2/local_setup.dsv
[1.347s] -- Symlinking: /home/nikita/turtlebot3_ws/install/turtlebot3_navigation2/share/turtlebot3_navigation2/package.dsv
[1.359s] -- Symlinking: /home/nikita/turtlebot3_ws/install/turtlebot3_navigation2/share/ament_index/resource_index/packages/turtlebot3_navigation2
[1.370s] -- Symlinking: /home/nikita/turtlebot3_ws/install/turtlebot3_navigation2/share/turtlebot3_navigation2/cmake/turtlebot3_navigation2Config.cmake
[1.382s] -- Symlinking: /home/nikita/turtlebot3_ws/install/turtlebot3_navigation2/share/turtlebot3_navigation2/cmake/turtlebot3_navigation2Config-version.cmake
[1.395s] -- Symlinking: /home/nikita/turtlebot3_ws/install/turtlebot3_navigation2/share/turtlebot3_navigation2/package.xml
[1.422s] Invoked command in '/home/nikita/turtlebot3_ws/build/turtlebot3_navigation2' returned '0': CMAKE_PREFIX_PATH=/home/nikita/AMR_coding/install/webcam:/home/nikita/AMR_coding/install/turtle_distance_package:/home/nikita/AMR_coding/install/turtle_distance_node:/home/nikita/AMR_coding/install/trt_rect_pkg:/home/nikita/AMR_coding/install/publisher_node:/home/nikita/AMR_coding/install/my_package:/opt/ros/humble /usr/bin/cmake --install /home/nikita/turtlebot3_ws/build/turtlebot3_navigation2
