[0.028s] Invoking command in '/home/nikita/turtlebot3_ws/src/build/apriltag_ros': CMAKE_PREFIX_PATH=/home/nikita/turtlebot3_ws/src/install/apriltag:${CMAKE_PREFIX_PATH} LD_LIBRARY_PATH=/home/nikita/turtlebot3_ws/src/install/apriltag/lib:/home/nikita/turtlebot3_ws/install/turtlebot3_msgs/lib:/home/nikita/turtlebot3_ws/install/dynamixel_sdk_custom_interfaces/lib:/home/nikita/turtlebot3_ws/install/dynamixel_sdk/lib:/usr/lib/x86_64-linux-gnu/gazebo-11/plugins:/opt/ros/humble/opt/rviz_ogre_vendor/lib:/opt/ros/humble/lib/x86_64-linux-gnu:/opt/ros/humble/lib:/usr/lib/x86_64-linux-gnu/gazebo-11/plugins:/usr/lib/x86_64-linux-gnu/gazebo-11/plugins:/home/nikita/turtlebot3_ws/build/turtlebot3_gazebo:/home/nikita/turtlebot3_ws/build/turtlebot3_gazebo:/usr/lib/x86_64-linux-gnu/gazebo-11/plugins PATH=/home/nikita/turtlebot3_ws/src/install/apriltag/bin:${PATH} PKG_CONFIG_PATH=/home/nikita/turtlebot3_ws/src/install/apriltag/lib/x86_64-linux-gnu/pkgconfig:/home/nikita/turtlebot3_ws/src/install/apriltag/lib/pkgconfig PYTHONPATH=/home/nikita/turtlebot3_ws/src/install/apriltag/lib/python3.10/site-packages:${PYTHONPATH} /usr/bin/cmake /home/nikita/turtlebot3_ws/src/apriltag_ros/apriltag_ros -DCATKIN_INSTALL_INTO_PREFIX_ROOT=0 -DCMAKE_INSTALL_PREFIX=/home/nikita/turtlebot3_ws/src/install/apriltag_ros
[0.107s] -- The C compiler identification is GNU 11.4.0
[0.191s] -- The CXX compiler identification is GNU 11.4.0
[0.206s] -- Detecting C compiler ABI info
[0.305s] -- Detecting C compiler ABI info - done
[0.318s] -- Check for working C compiler: /usr/bin/cc - skipped
[0.318s] -- Detecting C compile features
[0.319s] -- Detecting C compile features - done
[0.324s] -- Detecting CXX compiler ABI info
[0.440s] -- Detecting CXX compiler ABI info - done
[0.454s] -- Check for working CXX compiler: /usr/bin/c++ - skipped
[0.455s] -- Detecting CXX compile features
[0.455s] -- Detecting CXX compile features - done
[0.470s] [31mCMake Error at CMakeLists.txt:6 (find_package):
[0.471s]   By not providing "Findcatkin.cmake" in CMAKE_MODULE_PATH this project has
[0.471s]   asked CMake to find a package configuration file provided by "catkin", but
[0.471s]   CMake did not find one.
[0.471s] 
[0.471s]   Could not find a package configuration file provided by "catkin" with any
[0.471s]   of the following names:
[0.471s] 
[0.471s]     catkinConfig.cmake
[0.471s]     catkin-config.cmake
[0.471s] 
[0.471s]   Add the installation prefix of "catkin" to CMAKE_PREFIX_PATH or set
[0.471s]   "catkin_DIR" to a directory containing one of the above files.  If "catkin"
[0.471s]   provides a separate development package or SDK, be sure it has been
[0.471s]   installed.
[0.471s] 
[0.472s] [0m
[0.472s] -- Configuring incomplete, errors occurred!
[0.472s] See also "/home/nikita/turtlebot3_ws/src/build/apriltag_ros/CMakeFiles/CMakeOutput.log".
[0.483s] Invoked command in '/home/nikita/turtlebot3_ws/src/build/apriltag_ros' returned '1': CMAKE_PREFIX_PATH=/home/nikita/turtlebot3_ws/src/install/apriltag:${CMAKE_PREFIX_PATH} LD_LIBRARY_PATH=/home/nikita/turtlebot3_ws/src/install/apriltag/lib:/home/nikita/turtlebot3_ws/install/turtlebot3_msgs/lib:/home/nikita/turtlebot3_ws/install/dynamixel_sdk_custom_interfaces/lib:/home/nikita/turtlebot3_ws/install/dynamixel_sdk/lib:/usr/lib/x86_64-linux-gnu/gazebo-11/plugins:/opt/ros/humble/opt/rviz_ogre_vendor/lib:/opt/ros/humble/lib/x86_64-linux-gnu:/opt/ros/humble/lib:/usr/lib/x86_64-linux-gnu/gazebo-11/plugins:/usr/lib/x86_64-linux-gnu/gazebo-11/plugins:/home/nikita/turtlebot3_ws/build/turtlebot3_gazebo:/home/nikita/turtlebot3_ws/build/turtlebot3_gazebo:/usr/lib/x86_64-linux-gnu/gazebo-11/plugins PATH=/home/nikita/turtlebot3_ws/src/install/apriltag/bin:${PATH} PKG_CONFIG_PATH=/home/nikita/turtlebot3_ws/src/install/apriltag/lib/x86_64-linux-gnu/pkgconfig:/home/nikita/turtlebot3_ws/src/install/apriltag/lib/pkgconfig PYTHONPATH=/home/nikita/turtlebot3_ws/src/install/apriltag/lib/python3.10/site-packages:${PYTHONPATH} /usr/bin/cmake /home/nikita/turtlebot3_ws/src/apriltag_ros/apriltag_ros -DCATKIN_INSTALL_INTO_PREFIX_ROOT=0 -DCMAKE_INSTALL_PREFIX=/home/nikita/turtlebot3_ws/src/install/apriltag_ros
