[0.087s] Invoking command in '/home/nikita/turtlebot3_ws/build/turtlebot3_description': CMAKE_PREFIX_PATH=${CMAKE_PREFIX_PATH}:/home/nikita/turtlebot3_ws/install/turtlebot3_teleop:/home/nikita/turtlebot3_ws/install/turtlebot3_example:/home/nikita/turtlebot3_ws/install/turtlebot3_autorace:/home/nikita/turtlebot3_ws/install/turtlebot3_autorace_mission:/home/nikita/turtlebot3_ws/install/turtlebot3_autorace_detect:/home/nikita/turtlebot3_ws/install/turtlebot3_autorace_camera:/home/nikita/AMR_coding/install/webcam:/home/nikita/AMR_coding/install/turtle_distance_package:/home/nikita/AMR_coding/install/turtle_distance_node:/home/nikita/AMR_coding/install/trt_rect_pkg:/home/nikita/AMR_coding/install/publisher_node:/home/nikita/AMR_coding/install/my_package:/opt/ros/humble /usr/bin/cmake --build /home/nikita/turtlebot3_ws/build/turtlebot3_description -- -j8 -l8
[1.578s] Invoked command in '/home/nikita/turtlebot3_ws/build/turtlebot3_description' returned '0': CMAKE_PREFIX_PATH=${CMAKE_PREFIX_PATH}:/home/nikita/turtlebot3_ws/install/turtlebot3_teleop:/home/nikita/turtlebot3_ws/install/turtlebot3_example:/home/nikita/turtlebot3_ws/install/turtlebot3_autorace:/home/nikita/turtlebot3_ws/install/turtlebot3_autorace_mission:/home/nikita/turtlebot3_ws/install/turtlebot3_autorace_detect:/home/nikita/turtlebot3_ws/install/turtlebot3_autorace_camera:/home/nikita/AMR_coding/install/webcam:/home/nikita/AMR_coding/install/turtle_distance_package:/home/nikita/AMR_coding/install/turtle_distance_node:/home/nikita/AMR_coding/install/trt_rect_pkg:/home/nikita/AMR_coding/install/publisher_node:/home/nikita/AMR_coding/install/my_package:/opt/ros/humble /usr/bin/cmake --build /home/nikita/turtlebot3_ws/build/turtlebot3_description -- -j8 -l8
[1.579s] Invoking command in '/home/nikita/turtlebot3_ws/build/turtlebot3_description': CMAKE_PREFIX_PATH=${CMAKE_PREFIX_PATH}:/home/nikita/turtlebot3_ws/install/turtlebot3_teleop:/home/nikita/turtlebot3_ws/install/turtlebot3_example:/home/nikita/turtlebot3_ws/install/turtlebot3_autorace:/home/nikita/turtlebot3_ws/install/turtlebot3_autorace_mission:/home/nikita/turtlebot3_ws/install/turtlebot3_autorace_detect:/home/nikita/turtlebot3_ws/install/turtlebot3_autorace_camera:/home/nikita/AMR_coding/install/webcam:/home/nikita/AMR_coding/install/turtle_distance_package:/home/nikita/AMR_coding/install/turtle_distance_node:/home/nikita/AMR_coding/install/trt_rect_pkg:/home/nikita/AMR_coding/install/publisher_node:/home/nikita/AMR_coding/install/my_package:/opt/ros/humble /usr/bin/cmake --install /home/nikita/turtlebot3_ws/build/turtlebot3_description
[1.620s] -- Install configuration: ""
[1.621s] -- Execute custom install script
[1.621s] -- Up-to-date symlink: /home/nikita/turtlebot3_ws/install/turtlebot3_description/share/turtlebot3_description/meshes/bases/burger_base.stl
[1.621s] -- Up-to-date symlink: /home/nikita/turtlebot3_ws/install/turtlebot3_description/share/turtlebot3_description/meshes/bases/waffle_base.stl
[1.622s] -- Up-to-date symlink: /home/nikita/turtlebot3_ws/install/turtlebot3_description/share/turtlebot3_description/meshes/bases/waffle_pi_base.stl
[1.622s] -- Up-to-date symlink: /home/nikita/turtlebot3_ws/install/turtlebot3_description/share/turtlebot3_description/meshes/sensors/astra.dae
[1.622s] -- Up-to-date symlink: /home/nikita/turtlebot3_ws/install/turtlebot3_description/share/turtlebot3_description/meshes/sensors/astra.jpg
[1.622s] -- Up-to-date symlink: /home/nikita/turtlebot3_ws/install/turtlebot3_description/share/turtlebot3_description/meshes/sensors/lds.stl
[1.623s] -- Up-to-date symlink: /home/nikita/turtlebot3_ws/install/turtlebot3_description/share/turtlebot3_description/meshes/sensors/r200.dae
[1.623s] -- Up-to-date symlink: /home/nikita/turtlebot3_ws/install/turtlebot3_description/share/turtlebot3_description/meshes/sensors/r200.jpg
[1.624s] -- Up-to-date symlink: /home/nikita/turtlebot3_ws/install/turtlebot3_description/share/turtlebot3_description/meshes/wheels/left_tire.stl
[1.625s] -- Up-to-date symlink: /home/nikita/turtlebot3_ws/install/turtlebot3_description/share/turtlebot3_description/meshes/wheels/right_tire.stl
[1.625s] -- Up-to-date symlink: /home/nikita/turtlebot3_ws/install/turtlebot3_description/share/turtlebot3_description/rviz/model.rviz
[1.625s] -- Up-to-date symlink: /home/nikita/turtlebot3_ws/install/turtlebot3_description/share/turtlebot3_description/urdf/common_properties.urdf
[1.626s] -- Up-to-date symlink: /home/nikita/turtlebot3_ws/install/turtlebot3_description/share/turtlebot3_description/urdf/turtlebot3_burger.urdf
[1.627s] -- Up-to-date symlink: /home/nikita/turtlebot3_ws/install/turtlebot3_description/share/turtlebot3_description/urdf/turtlebot3_waffle.urdf
[1.627s] -- Up-to-date symlink: /home/nikita/turtlebot3_ws/install/turtlebot3_description/share/turtlebot3_description/urdf/turtlebot3_waffle_pi.urdf
[1.627s] -- Up-to-date symlink: /home/nikita/turtlebot3_ws/install/turtlebot3_description/share/ament_index/resource_index/package_run_dependencies/turtlebot3_description
[1.631s] -- Up-to-date symlink: /home/nikita/turtlebot3_ws/install/turtlebot3_description/share/ament_index/resource_index/parent_prefix_path/turtlebot3_description
[1.631s] -- Up-to-date symlink: /home/nikita/turtlebot3_ws/install/turtlebot3_description/share/turtlebot3_description/environment/ament_prefix_path.sh
[1.631s] -- Up-to-date symlink: /home/nikita/turtlebot3_ws/install/turtlebot3_description/share/turtlebot3_description/environment/ament_prefix_path.dsv
[1.631s] -- Up-to-date symlink: /home/nikita/turtlebot3_ws/install/turtlebot3_description/share/turtlebot3_description/environment/path.sh
[1.631s] -- Up-to-date symlink: /home/nikita/turtlebot3_ws/install/turtlebot3_description/share/turtlebot3_description/environment/path.dsv
[1.632s] -- Up-to-date symlink: /home/nikita/turtlebot3_ws/install/turtlebot3_description/share/turtlebot3_description/local_setup.bash
[1.632s] -- Up-to-date symlink: /home/nikita/turtlebot3_ws/install/turtlebot3_description/share/turtlebot3_description/local_setup.sh
[1.632s] -- Up-to-date symlink: /home/nikita/turtlebot3_ws/install/turtlebot3_description/share/turtlebot3_description/local_setup.zsh
[1.632s] -- Up-to-date symlink: /home/nikita/turtlebot3_ws/install/turtlebot3_description/share/turtlebot3_description/local_setup.dsv
[1.632s] -- Symlinking: /home/nikita/turtlebot3_ws/install/turtlebot3_description/share/turtlebot3_description/package.dsv
[1.642s] -- Up-to-date symlink: /home/nikita/turtlebot3_ws/install/turtlebot3_description/share/ament_index/resource_index/packages/turtlebot3_description
[1.645s] -- Up-to-date symlink: /home/nikita/turtlebot3_ws/install/turtlebot3_description/share/turtlebot3_description/cmake/turtlebot3_descriptionConfig.cmake
[1.645s] -- Up-to-date symlink: /home/nikita/turtlebot3_ws/install/turtlebot3_description/share/turtlebot3_description/cmake/turtlebot3_descriptionConfig-version.cmake
[1.649s] -- Up-to-date symlink: /home/nikita/turtlebot3_ws/install/turtlebot3_description/share/turtlebot3_description/package.xml
[1.706s] Invoked command in '/home/nikita/turtlebot3_ws/build/turtlebot3_description' returned '0': CMAKE_PREFIX_PATH=${CMAKE_PREFIX_PATH}:/home/nikita/turtlebot3_ws/install/turtlebot3_teleop:/home/nikita/turtlebot3_ws/install/turtlebot3_example:/home/nikita/turtlebot3_ws/install/turtlebot3_autorace:/home/nikita/turtlebot3_ws/install/turtlebot3_autorace_mission:/home/nikita/turtlebot3_ws/install/turtlebot3_autorace_detect:/home/nikita/turtlebot3_ws/install/turtlebot3_autorace_camera:/home/nikita/AMR_coding/install/webcam:/home/nikita/AMR_coding/install/turtle_distance_package:/home/nikita/AMR_coding/install/turtle_distance_node:/home/nikita/AMR_coding/install/trt_rect_pkg:/home/nikita/AMR_coding/install/publisher_node:/home/nikita/AMR_coding/install/my_package:/opt/ros/humble /usr/bin/cmake --install /home/nikita/turtlebot3_ws/build/turtlebot3_description
