[0.054s] Invoking command in '/home/nikita/turtlebot3_ws/src/build/dynamixel_sdk': CMAKE_PREFIX_PATH=${CMAKE_PREFIX_PATH}:/home/nikita/turtlebot3_ws/install/turtlebot3_teleop:/home/nikita/turtlebot3_ws/install/turtlebot3_example:/home/nikita/turtlebot3_ws/install/turtlebot3_autorace:/home/nikita/turtlebot3_ws/install/turtlebot3_autorace_mission:/home/nikita/turtlebot3_ws/install/turtlebot3_autorace_detect:/home/nikita/turtlebot3_ws/install/turtlebot3_autorace_camera:/home/nikita/AMR_coding/install/webcam:/home/nikita/AMR_coding/install/turtle_distance_package:/home/nikita/AMR_coding/install/turtle_distance_node:/home/nikita/AMR_coding/install/trt_rect_pkg:/home/nikita/AMR_coding/install/publisher_node:/home/nikita/AMR_coding/install/my_package:/opt/ros/humble /usr/bin/cmake /home/nikita/turtlebot3_ws/src/DynamixelSDK/ros/dynamixel_sdk -DCMAKE_INSTALL_PREFIX=/home/nikita/turtlebot3_ws/src/install/dynamixel_sdk
[1.028s] -- The C compiler identification is GNU 11.4.0
[1.028s] -- The CXX compiler identification is GNU 11.4.0
[1.028s] -- Detecting C compiler ABI info
[1.028s] -- Detecting C compiler ABI info - done
[1.029s] -- Check for working C compiler: /usr/bin/cc - skipped
[1.029s] -- Detecting C compile features
[1.029s] -- Detecting C compile features - done
[1.029s] -- Detecting CXX compiler ABI info
[1.029s] -- Detecting CXX compiler ABI info - done
[1.029s] -- Check for working CXX compiler: /usr/bin/c++ - skipped
[1.029s] -- Detecting CXX compile features
[1.030s] -- Detecting CXX compile features - done
[1.030s] -- Found ament_cmake: 1.3.11 (/opt/ros/humble/share/ament_cmake/cmake)
[1.030s] -- Found Python3: /usr/bin/python3 (found version "3.10.12") found components: Interpreter 
[1.066s] -- Configuring done
[1.075s] -- Generating done
[1.081s] -- Build files have been written to: /home/nikita/turtlebot3_ws/src/build/dynamixel_sdk
[1.088s] Invoked command in '/home/nikita/turtlebot3_ws/src/build/dynamixel_sdk' returned '0': CMAKE_PREFIX_PATH=${CMAKE_PREFIX_PATH}:/home/nikita/turtlebot3_ws/install/turtlebot3_teleop:/home/nikita/turtlebot3_ws/install/turtlebot3_example:/home/nikita/turtlebot3_ws/install/turtlebot3_autorace:/home/nikita/turtlebot3_ws/install/turtlebot3_autorace_mission:/home/nikita/turtlebot3_ws/install/turtlebot3_autorace_detect:/home/nikita/turtlebot3_ws/install/turtlebot3_autorace_camera:/home/nikita/AMR_coding/install/webcam:/home/nikita/AMR_coding/install/turtle_distance_package:/home/nikita/AMR_coding/install/turtle_distance_node:/home/nikita/AMR_coding/install/trt_rect_pkg:/home/nikita/AMR_coding/install/publisher_node:/home/nikita/AMR_coding/install/my_package:/opt/ros/humble /usr/bin/cmake /home/nikita/turtlebot3_ws/src/DynamixelSDK/ros/dynamixel_sdk -DCMAKE_INSTALL_PREFIX=/home/nikita/turtlebot3_ws/src/install/dynamixel_sdk
[1.089s] Invoking command in '/home/nikita/turtlebot3_ws/src/build/dynamixel_sdk': CMAKE_PREFIX_PATH=${CMAKE_PREFIX_PATH}:/home/nikita/turtlebot3_ws/install/turtlebot3_teleop:/home/nikita/turtlebot3_ws/install/turtlebot3_example:/home/nikita/turtlebot3_ws/install/turtlebot3_autorace:/home/nikita/turtlebot3_ws/install/turtlebot3_autorace_mission:/home/nikita/turtlebot3_ws/install/turtlebot3_autorace_detect:/home/nikita/turtlebot3_ws/install/turtlebot3_autorace_camera:/home/nikita/AMR_coding/install/webcam:/home/nikita/AMR_coding/install/turtle_distance_package:/home/nikita/AMR_coding/install/turtle_distance_node:/home/nikita/AMR_coding/install/trt_rect_pkg:/home/nikita/AMR_coding/install/publisher_node:/home/nikita/AMR_coding/install/my_package:/opt/ros/humble /usr/bin/cmake --build /home/nikita/turtlebot3_ws/src/build/dynamixel_sdk -- -j8 -l8
[1.156s] [  7%] [32mBuilding CXX object CMakeFiles/dynamixel_sdk.dir/src/dynamixel_sdk/packet_handler.cpp.o[0m
[1.158s] [ 15%] [32mBuilding CXX object CMakeFiles/dynamixel_sdk.dir/src/dynamixel_sdk/protocol1_packet_handler.cpp.o[0m
[1.168s] [ 23%] [32mBuilding CXX object CMakeFiles/dynamixel_sdk.dir/src/dynamixel_sdk/group_sync_read.cpp.o[0m
[1.176s] [ 30%] [32mBuilding CXX object CMakeFiles/dynamixel_sdk.dir/src/dynamixel_sdk/protocol2_packet_handler.cpp.o[0m
[1.181s] [ 46%] [32mBuilding CXX object CMakeFiles/dynamixel_sdk.dir/src/dynamixel_sdk/group_sync_write.cpp.o[0m
[1.181s] [ 46%] [32mBuilding CXX object CMakeFiles/dynamixel_sdk.dir/src/dynamixel_sdk/group_bulk_read.cpp.o[0m
[1.185s] [ 46%] Built target ament_cmake_python_copy_dynamixel_sdk
[1.185s] [ 53%] [32mBuilding CXX object CMakeFiles/dynamixel_sdk.dir/src/dynamixel_sdk/group_bulk_write.cpp.o[0m
[1.401s] [ 61%] [32mBuilding CXX object CMakeFiles/dynamixel_sdk.dir/src/dynamixel_sdk/group_fast_bulk_read.cpp.o[0m
[1.578s] [ 69%] [32mBuilding CXX object CMakeFiles/dynamixel_sdk.dir/src/dynamixel_sdk/group_fast_sync_read.cpp.o[0m
[1.664s] [ 76%] [32mBuilding CXX object CMakeFiles/dynamixel_sdk.dir/src/dynamixel_sdk/group_handler.cpp.o[0m
[1.811s] running egg_info
[1.815s] creating dynamixel_sdk.egg-info
[1.815s] writing dynamixel_sdk.egg-info/PKG-INFO
[1.815s] writing dependency_links to dynamixel_sdk.egg-info/dependency_links.txt
[1.815s] writing top-level names to dynamixel_sdk.egg-info/top_level.txt
[1.815s] writing manifest file 'dynamixel_sdk.egg-info/SOURCES.txt'
[1.820s] reading manifest file 'dynamixel_sdk.egg-info/SOURCES.txt'
[1.821s] writing manifest file 'dynamixel_sdk.egg-info/SOURCES.txt'
[1.900s] [ 76%] Built target ament_cmake_python_build_dynamixel_sdk_egg
[1.906s] [ 84%] [32mBuilding CXX object CMakeFiles/dynamixel_sdk.dir/src/dynamixel_sdk/port_handler.cpp.o[0m
[1.924s] [ 92%] [32mBuilding CXX object CMakeFiles/dynamixel_sdk.dir/src/dynamixel_sdk/port_handler_linux.cpp.o[0m
[2.102s] [100%] [32m[1mLinking CXX shared library libdynamixel_sdk.so[0m
[2.267s] [100%] Built target dynamixel_sdk
[2.283s] Invoked command in '/home/nikita/turtlebot3_ws/src/build/dynamixel_sdk' returned '0': CMAKE_PREFIX_PATH=${CMAKE_PREFIX_PATH}:/home/nikita/turtlebot3_ws/install/turtlebot3_teleop:/home/nikita/turtlebot3_ws/install/turtlebot3_example:/home/nikita/turtlebot3_ws/install/turtlebot3_autorace:/home/nikita/turtlebot3_ws/install/turtlebot3_autorace_mission:/home/nikita/turtlebot3_ws/install/turtlebot3_autorace_detect:/home/nikita/turtlebot3_ws/install/turtlebot3_autorace_camera:/home/nikita/AMR_coding/install/webcam:/home/nikita/AMR_coding/install/turtle_distance_package:/home/nikita/AMR_coding/install/turtle_distance_node:/home/nikita/AMR_coding/install/trt_rect_pkg:/home/nikita/AMR_coding/install/publisher_node:/home/nikita/AMR_coding/install/my_package:/opt/ros/humble /usr/bin/cmake --build /home/nikita/turtlebot3_ws/src/build/dynamixel_sdk -- -j8 -l8
[2.284s] Invoking command in '/home/nikita/turtlebot3_ws/src/build/dynamixel_sdk': CMAKE_PREFIX_PATH=${CMAKE_PREFIX_PATH}:/home/nikita/turtlebot3_ws/install/turtlebot3_teleop:/home/nikita/turtlebot3_ws/install/turtlebot3_example:/home/nikita/turtlebot3_ws/install/turtlebot3_autorace:/home/nikita/turtlebot3_ws/install/turtlebot3_autorace_mission:/home/nikita/turtlebot3_ws/install/turtlebot3_autorace_detect:/home/nikita/turtlebot3_ws/install/turtlebot3_autorace_camera:/home/nikita/AMR_coding/install/webcam:/home/nikita/AMR_coding/install/turtle_distance_package:/home/nikita/AMR_coding/install/turtle_distance_node:/home/nikita/AMR_coding/install/trt_rect_pkg:/home/nikita/AMR_coding/install/publisher_node:/home/nikita/AMR_coding/install/my_package:/opt/ros/humble /usr/bin/cmake --install /home/nikita/turtlebot3_ws/src/build/dynamixel_sdk
[2.519s] -- Install configuration: ""
[2.519s] -- Installing: /home/nikita/turtlebot3_ws/src/install/dynamixel_sdk/include/
[2.519s] -- Installing: /home/nikita/turtlebot3_ws/src/install/dynamixel_sdk/include//dynamixel_sdk
[2.519s] -- Installing: /home/nikita/turtlebot3_ws/src/install/dynamixel_sdk/include//dynamixel_sdk/group_sync_read.h
[2.519s] -- Installing: /home/nikita/turtlebot3_ws/src/install/dynamixel_sdk/include//dynamixel_sdk/port_handler_linux.h
[2.519s] -- Installing: /home/nikita/turtlebot3_ws/src/install/dynamixel_sdk/include//dynamixel_sdk/group_fast_bulk_read.h
[2.519s] -- Installing: /home/nikita/turtlebot3_ws/src/install/dynamixel_sdk/include//dynamixel_sdk/group_handler.h
[2.520s] -- Installing: /home/nikita/turtlebot3_ws/src/install/dynamixel_sdk/include//dynamixel_sdk/port_handler_mac.h
[2.520s] -- Installing: /home/nikita/turtlebot3_ws/src/install/dynamixel_sdk/include//dynamixel_sdk/group_bulk_write.h
[2.520s] -- Installing: /home/nikita/turtlebot3_ws/src/install/dynamixel_sdk/include//dynamixel_sdk/group_bulk_read.h
[2.520s] -- Installing: /home/nikita/turtlebot3_ws/src/install/dynamixel_sdk/include//dynamixel_sdk/protocol2_packet_handler.h
[2.520s] -- Installing: /home/nikita/turtlebot3_ws/src/install/dynamixel_sdk/include//dynamixel_sdk/dynamixel_sdk.h
[2.520s] -- Installing: /home/nikita/turtlebot3_ws/src/install/dynamixel_sdk/include//dynamixel_sdk/packet_handler.h
[2.520s] -- Installing: /home/nikita/turtlebot3_ws/src/install/dynamixel_sdk/include//dynamixel_sdk/group_fast_sync_read.h
[2.520s] -- Installing: /home/nikita/turtlebot3_ws/src/install/dynamixel_sdk/include//dynamixel_sdk/protocol1_packet_handler.h
[2.520s] -- Installing: /home/nikita/turtlebot3_ws/src/install/dynamixel_sdk/include//dynamixel_sdk/port_handler_windows.h
[2.520s] -- Installing: /home/nikita/turtlebot3_ws/src/install/dynamixel_sdk/include//dynamixel_sdk/port_handler_arduino.h
[2.520s] -- Installing: /home/nikita/turtlebot3_ws/src/install/dynamixel_sdk/include//dynamixel_sdk/group_sync_write.h
[2.520s] -- Installing: /home/nikita/turtlebot3_ws/src/install/dynamixel_sdk/include//dynamixel_sdk/port_handler.h
[2.520s] -- Installing: /home/nikita/turtlebot3_ws/src/install/dynamixel_sdk/lib/libdynamixel_sdk.so
[2.521s] -- Installing: /home/nikita/turtlebot3_ws/src/install/dynamixel_sdk/share/dynamixel_sdk/environment/pythonpath.sh
[2.521s] -- Installing: /home/nikita/turtlebot3_ws/src/install/dynamixel_sdk/share/dynamixel_sdk/environment/pythonpath.dsv
[2.521s] -- Installing: /home/nikita/turtlebot3_ws/src/install/dynamixel_sdk/local/lib/python3.10/dist-packages/dynamixel_sdk-3.8.3-py3.10.egg-info
[2.521s] -- Installing: /home/nikita/turtlebot3_ws/src/install/dynamixel_sdk/local/lib/python3.10/dist-packages/dynamixel_sdk-3.8.3-py3.10.egg-info/dependency_links.txt
[2.521s] -- Installing: /home/nikita/turtlebot3_ws/src/install/dynamixel_sdk/local/lib/python3.10/dist-packages/dynamixel_sdk-3.8.3-py3.10.egg-info/PKG-INFO
[2.521s] -- Installing: /home/nikita/turtlebot3_ws/src/install/dynamixel_sdk/local/lib/python3.10/dist-packages/dynamixel_sdk-3.8.3-py3.10.egg-info/SOURCES.txt
[2.521s] -- Installing: /home/nikita/turtlebot3_ws/src/install/dynamixel_sdk/local/lib/python3.10/dist-packages/dynamixel_sdk-3.8.3-py3.10.egg-info/top_level.txt
[2.521s] -- Installing: /home/nikita/turtlebot3_ws/src/install/dynamixel_sdk/local/lib/python3.10/dist-packages/dynamixel_sdk
[2.521s] -- Installing: /home/nikita/turtlebot3_ws/src/install/dynamixel_sdk/local/lib/python3.10/dist-packages/dynamixel_sdk/__init__.py
[2.521s] -- Installing: /home/nikita/turtlebot3_ws/src/install/dynamixel_sdk/local/lib/python3.10/dist-packages/dynamixel_sdk/protocol1_packet_handler.cpp
[2.521s] -- Installing: /home/nikita/turtlebot3_ws/src/install/dynamixel_sdk/local/lib/python3.10/dist-packages/dynamixel_sdk/group_sync_write.py
[2.521s] -- Installing: /home/nikita/turtlebot3_ws/src/install/dynamixel_sdk/local/lib/python3.10/dist-packages/dynamixel_sdk/port_handler.cpp
[2.522s] -- Installing: /home/nikita/turtlebot3_ws/src/install/dynamixel_sdk/local/lib/python3.10/dist-packages/dynamixel_sdk/group_fast_bulk_read.cpp
[2.522s] -- Installing: /home/nikita/turtlebot3_ws/src/install/dynamixel_sdk/local/lib/python3.10/dist-packages/dynamixel_sdk/group_bulk_read.cpp
[2.522s] -- Installing: /home/nikita/turtlebot3_ws/src/install/dynamixel_sdk/local/lib/python3.10/dist-packages/dynamixel_sdk/robotis_def.py
[2.522s] -- Installing: /home/nikita/turtlebot3_ws/src/install/dynamixel_sdk/local/lib/python3.10/dist-packages/dynamixel_sdk/port_handler_mac.cpp
[2.522s] -- Installing: /home/nikita/turtlebot3_ws/src/install/dynamixel_sdk/local/lib/python3.10/dist-packages/dynamixel_sdk/port_handler_windows.cpp
[2.522s] -- Installing: /home/nikita/turtlebot3_ws/src/install/dynamixel_sdk/local/lib/python3.10/dist-packages/dynamixel_sdk/group_bulk_write.py
[2.523s] -- Installing: /home/nikita/turtlebot3_ws/src/install/dynamixel_sdk/local/lib/python3.10/dist-packages/dynamixel_sdk/protocol2_packet_handler.cpp
[2.523s] -- Installing: /home/nikita/turtlebot3_ws/src/install/dynamixel_sdk/local/lib/python3.10/dist-packages/dynamixel_sdk/packet_handler.py
[2.523s] -- Installing: /home/nikita/turtlebot3_ws/src/install/dynamixel_sdk/local/lib/python3.10/dist-packages/dynamixel_sdk/protocol1_packet_handler.py
[2.523s] -- Installing: /home/nikita/turtlebot3_ws/src/install/dynamixel_sdk/local/lib/python3.10/dist-packages/dynamixel_sdk/port_handler_arduino.cpp
[2.523s] -- Installing: /home/nikita/turtlebot3_ws/src/install/dynamixel_sdk/local/lib/python3.10/dist-packages/dynamixel_sdk/group_bulk_write.cpp
[2.523s] -- Installing: /home/nikita/turtlebot3_ws/src/install/dynamixel_sdk/local/lib/python3.10/dist-packages/dynamixel_sdk/group_sync_read.py
[2.523s] -- Installing: /home/nikita/turtlebot3_ws/src/install/dynamixel_sdk/local/lib/python3.10/dist-packages/dynamixel_sdk/group_handler.cpp
[2.523s] -- Installing: /home/nikita/turtlebot3_ws/src/install/dynamixel_sdk/local/lib/python3.10/dist-packages/dynamixel_sdk/group_sync_write.cpp
[2.523s] -- Installing: /home/nikita/turtlebot3_ws/src/install/dynamixel_sdk/local/lib/python3.10/dist-packages/dynamixel_sdk/group_sync_read.cpp
[2.523s] -- Installing: /home/nikita/turtlebot3_ws/src/install/dynamixel_sdk/local/lib/python3.10/dist-packages/dynamixel_sdk/group_fast_sync_read.cpp
[2.523s] -- Installing: /home/nikita/turtlebot3_ws/src/install/dynamixel_sdk/local/lib/python3.10/dist-packages/dynamixel_sdk/group_bulk_read.py
[2.523s] -- Installing: /home/nikita/turtlebot3_ws/src/install/dynamixel_sdk/local/lib/python3.10/dist-packages/dynamixel_sdk/protocol2_packet_handler.py
[2.524s] -- Installing: /home/nikita/turtlebot3_ws/src/install/dynamixel_sdk/local/lib/python3.10/dist-packages/dynamixel_sdk/port_handler_linux.cpp
[2.524s] -- Installing: /home/nikita/turtlebot3_ws/src/install/dynamixel_sdk/local/lib/python3.10/dist-packages/dynamixel_sdk/packet_handler.cpp
[2.524s] -- Installing: /home/nikita/turtlebot3_ws/src/install/dynamixel_sdk/local/lib/python3.10/dist-packages/dynamixel_sdk/port_handler.py
[2.524s] Listing '/home/nikita/turtlebot3_ws/src/install/dynamixel_sdk/local/lib/python3.10/dist-packages/dynamixel_sdk'...
[2.524s] Compiling '/home/nikita/turtlebot3_ws/src/install/dynamixel_sdk/local/lib/python3.10/dist-packages/dynamixel_sdk/__init__.py'...
[2.524s] Compiling '/home/nikita/turtlebot3_ws/src/install/dynamixel_sdk/local/lib/python3.10/dist-packages/dynamixel_sdk/group_bulk_read.py'...
[2.524s] Compiling '/home/nikita/turtlebot3_ws/src/install/dynamixel_sdk/local/lib/python3.10/dist-packages/dynamixel_sdk/group_bulk_write.py'...
[2.524s] Compiling '/home/nikita/turtlebot3_ws/src/install/dynamixel_sdk/local/lib/python3.10/dist-packages/dynamixel_sdk/group_sync_read.py'...
[2.525s] Compiling '/home/nikita/turtlebot3_ws/src/install/dynamixel_sdk/local/lib/python3.10/dist-packages/dynamixel_sdk/group_sync_write.py'...
[2.525s] Compiling '/home/nikita/turtlebot3_ws/src/install/dynamixel_sdk/local/lib/python3.10/dist-packages/dynamixel_sdk/packet_handler.py'...
[2.525s] Compiling '/home/nikita/turtlebot3_ws/src/install/dynamixel_sdk/local/lib/python3.10/dist-packages/dynamixel_sdk/port_handler.py'...
[2.525s] Compiling '/home/nikita/turtlebot3_ws/src/install/dynamixel_sdk/local/lib/python3.10/dist-packages/dynamixel_sdk/protocol1_packet_handler.py'...
[2.525s] Compiling '/home/nikita/turtlebot3_ws/src/install/dynamixel_sdk/local/lib/python3.10/dist-packages/dynamixel_sdk/protocol2_packet_handler.py'...
[2.525s] Compiling '/home/nikita/turtlebot3_ws/src/install/dynamixel_sdk/local/lib/python3.10/dist-packages/dynamixel_sdk/robotis_def.py'...
[2.525s] -- Installing: /home/nikita/turtlebot3_ws/src/install/dynamixel_sdk/share/dynamixel_sdk/environment/library_path.sh
[2.525s] -- Installing: /home/nikita/turtlebot3_ws/src/install/dynamixel_sdk/share/dynamixel_sdk/environment/library_path.dsv
[2.526s] -- Installing: /home/nikita/turtlebot3_ws/src/install/dynamixel_sdk/share/ament_index/resource_index/package_run_dependencies/dynamixel_sdk
[2.526s] -- Installing: /home/nikita/turtlebot3_ws/src/install/dynamixel_sdk/share/ament_index/resource_index/parent_prefix_path/dynamixel_sdk
[2.526s] -- Installing: /home/nikita/turtlebot3_ws/src/install/dynamixel_sdk/share/dynamixel_sdk/environment/ament_prefix_path.sh
[2.526s] -- Installing: /home/nikita/turtlebot3_ws/src/install/dynamixel_sdk/share/dynamixel_sdk/environment/ament_prefix_path.dsv
[2.526s] -- Installing: /home/nikita/turtlebot3_ws/src/install/dynamixel_sdk/share/dynamixel_sdk/environment/path.sh
[2.526s] -- Installing: /home/nikita/turtlebot3_ws/src/install/dynamixel_sdk/share/dynamixel_sdk/environment/path.dsv
[2.526s] -- Installing: /home/nikita/turtlebot3_ws/src/install/dynamixel_sdk/share/dynamixel_sdk/local_setup.bash
[2.526s] -- Installing: /home/nikita/turtlebot3_ws/src/install/dynamixel_sdk/share/dynamixel_sdk/local_setup.sh
[2.526s] -- Installing: /home/nikita/turtlebot3_ws/src/install/dynamixel_sdk/share/dynamixel_sdk/local_setup.zsh
[2.526s] -- Installing: /home/nikita/turtlebot3_ws/src/install/dynamixel_sdk/share/dynamixel_sdk/local_setup.dsv
[2.526s] -- Installing: /home/nikita/turtlebot3_ws/src/install/dynamixel_sdk/share/dynamixel_sdk/package.dsv
[2.526s] -- Installing: /home/nikita/turtlebot3_ws/src/install/dynamixel_sdk/share/ament_index/resource_index/packages/dynamixel_sdk
[2.526s] -- Installing: /home/nikita/turtlebot3_ws/src/install/dynamixel_sdk/share/dynamixel_sdk/cmake/ament_cmake_export_include_directories-extras.cmake
[2.527s] -- Installing: /home/nikita/turtlebot3_ws/src/install/dynamixel_sdk/share/dynamixel_sdk/cmake/ament_cmake_export_libraries-extras.cmake
[2.527s] -- Installing: /home/nikita/turtlebot3_ws/src/install/dynamixel_sdk/share/dynamixel_sdk/cmake/dynamixel_sdkConfig.cmake
[2.527s] -- Installing: /home/nikita/turtlebot3_ws/src/install/dynamixel_sdk/share/dynamixel_sdk/cmake/dynamixel_sdkConfig-version.cmake
[2.527s] -- Installing: /home/nikita/turtlebot3_ws/src/install/dynamixel_sdk/share/dynamixel_sdk/package.xml
[2.542s] Invoked command in '/home/nikita/turtlebot3_ws/src/build/dynamixel_sdk' returned '0': CMAKE_PREFIX_PATH=${CMAKE_PREFIX_PATH}:/home/nikita/turtlebot3_ws/install/turtlebot3_teleop:/home/nikita/turtlebot3_ws/install/turtlebot3_example:/home/nikita/turtlebot3_ws/install/turtlebot3_autorace:/home/nikita/turtlebot3_ws/install/turtlebot3_autorace_mission:/home/nikita/turtlebot3_ws/install/turtlebot3_autorace_detect:/home/nikita/turtlebot3_ws/install/turtlebot3_autorace_camera:/home/nikita/AMR_coding/install/webcam:/home/nikita/AMR_coding/install/turtle_distance_package:/home/nikita/AMR_coding/install/turtle_distance_node:/home/nikita/AMR_coding/install/trt_rect_pkg:/home/nikita/AMR_coding/install/publisher_node:/home/nikita/AMR_coding/install/my_package:/opt/ros/humble /usr/bin/cmake --install /home/nikita/turtlebot3_ws/src/build/dynamixel_sdk
