[0.039s] Invoking command in '/home/nikita/turtlebot3_ws/build/turtlebot3_description': CMAKE_PREFIX_PATH=/home/nikita/AMR_coding/install/webcam:/home/nikita/AMR_coding/install/turtle_distance_package:/home/nikita/AMR_coding/install/turtle_distance_node:/home/nikita/AMR_coding/install/trt_rect_pkg:/home/nikita/AMR_coding/install/publisher_node:/home/nikita/AMR_coding/install/my_package:/opt/ros/humble /usr/bin/cmake /home/nikita/turtlebot3_ws/src/turtlebot3/turtlebot3_description -DAMENT_CMAKE_SYMLINK_INSTALL=1 -DCMAKE_INSTALL_PREFIX=/home/nikita/turtlebot3_ws/install/turtlebot3_description
[0.170s] -- The C compiler identification is GNU 11.4.0
[0.303s] -- The CXX compiler identification is GNU 11.4.0
[0.312s] -- Detecting C compiler ABI info
[0.406s] -- Detecting C compiler ABI info - done
[0.417s] -- Check for working C compiler: /usr/bin/cc - skipped
[0.418s] -- Detecting C compile features
[0.418s] -- Detecting C compile features - done
[0.422s] -- Detecting CXX compiler ABI info
[0.545s] -- Detecting CXX compiler ABI info - done
[0.557s] -- Check for working CXX compiler: /usr/bin/c++ - skipped
[0.557s] -- Detecting CXX compile features
[0.558s] -- Detecting CXX compile features - done
[0.562s] -- Found ament_cmake: 1.3.11 (/opt/ros/humble/share/ament_cmake/cmake)
[0.769s] -- Found Python3: /usr/bin/python3 (found version "3.10.12") found components: Interpreter 
[0.856s] -- Override CMake install command with custom implementation using symlinks instead of copying resources
[0.914s] -- Found urdf: 2.6.1 (/opt/ros/humble/share/urdf/cmake)
[1.102s] -- Configuring done
[1.107s] -- Generating done
[1.108s] -- Build files have been written to: /home/nikita/turtlebot3_ws/build/turtlebot3_description
[1.122s] Invoked command in '/home/nikita/turtlebot3_ws/build/turtlebot3_description' returned '0': CMAKE_PREFIX_PATH=/home/nikita/AMR_coding/install/webcam:/home/nikita/AMR_coding/install/turtle_distance_package:/home/nikita/AMR_coding/install/turtle_distance_node:/home/nikita/AMR_coding/install/trt_rect_pkg:/home/nikita/AMR_coding/install/publisher_node:/home/nikita/AMR_coding/install/my_package:/opt/ros/humble /usr/bin/cmake /home/nikita/turtlebot3_ws/src/turtlebot3/turtlebot3_description -DAMENT_CMAKE_SYMLINK_INSTALL=1 -DCMAKE_INSTALL_PREFIX=/home/nikita/turtlebot3_ws/install/turtlebot3_description
[1.124s] Invoking command in '/home/nikita/turtlebot3_ws/build/turtlebot3_description': CMAKE_PREFIX_PATH=/home/nikita/AMR_coding/install/webcam:/home/nikita/AMR_coding/install/turtle_distance_package:/home/nikita/AMR_coding/install/turtle_distance_node:/home/nikita/AMR_coding/install/trt_rect_pkg:/home/nikita/AMR_coding/install/publisher_node:/home/nikita/AMR_coding/install/my_package:/opt/ros/humble /usr/bin/cmake --build /home/nikita/turtlebot3_ws/build/turtlebot3_description -- -j8 -l8
[1.178s] Invoked command in '/home/nikita/turtlebot3_ws/build/turtlebot3_description' returned '0': CMAKE_PREFIX_PATH=/home/nikita/AMR_coding/install/webcam:/home/nikita/AMR_coding/install/turtle_distance_package:/home/nikita/AMR_coding/install/turtle_distance_node:/home/nikita/AMR_coding/install/trt_rect_pkg:/home/nikita/AMR_coding/install/publisher_node:/home/nikita/AMR_coding/install/my_package:/opt/ros/humble /usr/bin/cmake --build /home/nikita/turtlebot3_ws/build/turtlebot3_description -- -j8 -l8
[1.180s] Invoking command in '/home/nikita/turtlebot3_ws/build/turtlebot3_description': CMAKE_PREFIX_PATH=/home/nikita/AMR_coding/install/webcam:/home/nikita/AMR_coding/install/turtle_distance_package:/home/nikita/AMR_coding/install/turtle_distance_node:/home/nikita/AMR_coding/install/trt_rect_pkg:/home/nikita/AMR_coding/install/publisher_node:/home/nikita/AMR_coding/install/my_package:/opt/ros/humble /usr/bin/cmake --install /home/nikita/turtlebot3_ws/build/turtlebot3_description
[1.399s] -- Install configuration: ""
[1.399s] -- Execute custom install script
[1.399s] -- Symlinking: /home/nikita/turtlebot3_ws/install/turtlebot3_description/share/turtlebot3_description/meshes/bases/burger_base.stl
[1.399s] -- Symlinking: /home/nikita/turtlebot3_ws/install/turtlebot3_description/share/turtlebot3_description/meshes/bases/waffle_base.stl
[1.400s] -- Symlinking: /home/nikita/turtlebot3_ws/install/turtlebot3_description/share/turtlebot3_description/meshes/bases/waffle_pi_base.stl
[1.400s] -- Symlinking: /home/nikita/turtlebot3_ws/install/turtlebot3_description/share/turtlebot3_description/meshes/sensors/astra.dae
[1.400s] -- Symlinking: /home/nikita/turtlebot3_ws/install/turtlebot3_description/share/turtlebot3_description/meshes/sensors/astra.jpg
[1.400s] -- Symlinking: /home/nikita/turtlebot3_ws/install/turtlebot3_description/share/turtlebot3_description/meshes/sensors/lds.stl
[1.400s] -- Symlinking: /home/nikita/turtlebot3_ws/install/turtlebot3_description/share/turtlebot3_description/meshes/sensors/r200.dae
[1.400s] -- Symlinking: /home/nikita/turtlebot3_ws/install/turtlebot3_description/share/turtlebot3_description/meshes/sensors/r200.jpg
[1.400s] -- Symlinking: /home/nikita/turtlebot3_ws/install/turtlebot3_description/share/turtlebot3_description/meshes/wheels/left_tire.stl
[1.400s] -- Symlinking: /home/nikita/turtlebot3_ws/install/turtlebot3_description/share/turtlebot3_description/meshes/wheels/right_tire.stl
[1.400s] -- Symlinking: /home/nikita/turtlebot3_ws/install/turtlebot3_description/share/turtlebot3_description/rviz/model.rviz
[1.400s] -- Symlinking: /home/nikita/turtlebot3_ws/install/turtlebot3_description/share/turtlebot3_description/urdf/common_properties.urdf
[1.400s] -- Symlinking: /home/nikita/turtlebot3_ws/install/turtlebot3_description/share/turtlebot3_description/urdf/turtlebot3_burger.urdf
[1.400s] -- Symlinking: /home/nikita/turtlebot3_ws/install/turtlebot3_description/share/turtlebot3_description/urdf/turtlebot3_waffle.urdf
[1.400s] -- Symlinking: /home/nikita/turtlebot3_ws/install/turtlebot3_description/share/turtlebot3_description/urdf/turtlebot3_waffle_pi.urdf
[1.400s] -- Symlinking: /home/nikita/turtlebot3_ws/install/turtlebot3_description/share/ament_index/resource_index/package_run_dependencies/turtlebot3_description
[1.401s] -- Symlinking: /home/nikita/turtlebot3_ws/install/turtlebot3_description/share/ament_index/resource_index/parent_prefix_path/turtlebot3_description
[1.424s] -- Symlinking: /home/nikita/turtlebot3_ws/install/turtlebot3_description/share/turtlebot3_description/environment/ament_prefix_path.sh
[1.448s] -- Symlinking: /home/nikita/turtlebot3_ws/install/turtlebot3_description/share/turtlebot3_description/environment/ament_prefix_path.dsv
[1.479s] -- Symlinking: /home/nikita/turtlebot3_ws/install/turtlebot3_description/share/turtlebot3_description/environment/path.sh
[1.507s] -- Symlinking: /home/nikita/turtlebot3_ws/install/turtlebot3_description/share/turtlebot3_description/environment/path.dsv
[1.523s] -- Symlinking: /home/nikita/turtlebot3_ws/install/turtlebot3_description/share/turtlebot3_description/local_setup.bash
[1.542s] -- Symlinking: /home/nikita/turtlebot3_ws/install/turtlebot3_description/share/turtlebot3_description/local_setup.sh
[1.555s] -- Symlinking: /home/nikita/turtlebot3_ws/install/turtlebot3_description/share/turtlebot3_description/local_setup.zsh
[1.570s] -- Symlinking: /home/nikita/turtlebot3_ws/install/turtlebot3_description/share/turtlebot3_description/local_setup.dsv
[1.582s] -- Symlinking: /home/nikita/turtlebot3_ws/install/turtlebot3_description/share/turtlebot3_description/package.dsv
[1.599s] -- Symlinking: /home/nikita/turtlebot3_ws/install/turtlebot3_description/share/ament_index/resource_index/packages/turtlebot3_description
[1.607s] -- Symlinking: /home/nikita/turtlebot3_ws/install/turtlebot3_description/share/turtlebot3_description/cmake/turtlebot3_descriptionConfig.cmake
[1.621s] -- Symlinking: /home/nikita/turtlebot3_ws/install/turtlebot3_description/share/turtlebot3_description/cmake/turtlebot3_descriptionConfig-version.cmake
[1.645s] -- Symlinking: /home/nikita/turtlebot3_ws/install/turtlebot3_description/share/turtlebot3_description/package.xml
[1.673s] Invoked command in '/home/nikita/turtlebot3_ws/build/turtlebot3_description' returned '0': CMAKE_PREFIX_PATH=/home/nikita/AMR_coding/install/webcam:/home/nikita/AMR_coding/install/turtle_distance_package:/home/nikita/AMR_coding/install/turtle_distance_node:/home/nikita/AMR_coding/install/trt_rect_pkg:/home/nikita/AMR_coding/install/publisher_node:/home/nikita/AMR_coding/install/my_package:/opt/ros/humble /usr/bin/cmake --install /home/nikita/turtlebot3_ws/build/turtlebot3_description
