[2.175s] Invoking command in '/home/nikita/turtlebot3_ws/build/turtlebot3_autorace_camera': PYTHONPATH=/home/nikita/turtlebot3_ws/build/turtlebot3_autorace_camera/prefix_override:/usr/lib/python3/dist-packages/colcon_core/task/python/colcon_distutils_commands:/home/nikita/turtlebot3_ws/install/turtlebot3_autorace_camera/lib/python3.10/site-packages:${PYTHONPATH} /usr/bin/python3 -W ignore:setup.py install is deprecated -W ignore:easy_install command is deprecated setup.py develop --editable --build-directory /home/nikita/turtlebot3_ws/build/turtlebot3_autorace_camera/build --no-deps symlink_data
[2.567s] running develop
[2.768s] running egg_info
[2.768s] creating turtlebot3_autorace_camera.egg-info
[2.769s] writing turtlebot3_autorace_camera.egg-info/PKG-INFO
[2.769s] writing dependency_links to turtlebot3_autorace_camera.egg-info/dependency_links.txt
[2.769s] writing entry points to turtlebot3_autorace_camera.egg-info/entry_points.txt
[2.769s] writing requirements to turtlebot3_autorace_camera.egg-info/requires.txt
[2.769s] writing top-level names to turtlebot3_autorace_camera.egg-info/top_level.txt
[2.770s] writing manifest file 'turtlebot3_autorace_camera.egg-info/SOURCES.txt'
[2.772s] reading manifest file 'turtlebot3_autorace_camera.egg-info/SOURCES.txt'
[2.773s] writing manifest file 'turtlebot3_autorace_camera.egg-info/SOURCES.txt'
[2.775s] running build_ext
[2.775s] Creating /home/nikita/turtlebot3_ws/install/turtlebot3_autorace_camera/lib/python3.10/site-packages/turtlebot3-autorace-camera.egg-link (link to .)
[2.776s] Installing image_compensation script to /home/nikita/turtlebot3_ws/install/turtlebot3_autorace_camera/lib/turtlebot3_autorace_camera
[2.777s] Installing image_projection script to /home/nikita/turtlebot3_ws/install/turtlebot3_autorace_camera/lib/turtlebot3_autorace_camera
[2.777s] 
[2.777s] Installed /home/nikita/turtlebot3_ws/build/turtlebot3_autorace_camera
[2.777s] running symlink_data
[2.777s] creating /home/nikita/turtlebot3_ws/install/turtlebot3_autorace_camera/share/ament_index
[2.777s] creating /home/nikita/turtlebot3_ws/install/turtlebot3_autorace_camera/share/ament_index/resource_index
[2.777s] creating /home/nikita/turtlebot3_ws/install/turtlebot3_autorace_camera/share/ament_index/resource_index/packages
[2.777s] symbolically linking /home/nikita/turtlebot3_ws/build/turtlebot3_autorace_camera/resource/turtlebot3_autorace_camera -> /home/nikita/turtlebot3_ws/install/turtlebot3_autorace_camera/share/ament_index/resource_index/packages
[2.777s] symbolically linking /home/nikita/turtlebot3_ws/build/turtlebot3_autorace_camera/package.xml -> /home/nikita/turtlebot3_ws/install/turtlebot3_autorace_camera/share/turtlebot3_autorace_camera
[2.778s] creating /home/nikita/turtlebot3_ws/install/turtlebot3_autorace_camera/share/turtlebot3_autorace_camera/launch
[2.778s] symbolically linking /home/nikita/turtlebot3_ws/build/turtlebot3_autorace_camera/launch/extrinsic_camera_calibration.launch.py -> /home/nikita/turtlebot3_ws/install/turtlebot3_autorace_camera/share/turtlebot3_autorace_camera/launch
[2.778s] symbolically linking /home/nikita/turtlebot3_ws/build/turtlebot3_autorace_camera/launch/intrinsic_camera_calibration.launch.py -> /home/nikita/turtlebot3_ws/install/turtlebot3_autorace_camera/share/turtlebot3_autorace_camera/launch
[2.778s] creating /home/nikita/turtlebot3_ws/install/turtlebot3_autorace_camera/share/turtlebot3_autorace_camera/calibration
[2.778s] creating /home/nikita/turtlebot3_ws/install/turtlebot3_autorace_camera/share/turtlebot3_autorace_camera/calibration/extrinsic_calibration
[2.778s] symbolically linking /home/nikita/turtlebot3_ws/build/turtlebot3_autorace_camera/calibration/extrinsic_calibration/projection.yaml -> /home/nikita/turtlebot3_ws/install/turtlebot3_autorace_camera/share/turtlebot3_autorace_camera/calibration/extrinsic_calibration
[2.778s] symbolically linking /home/nikita/turtlebot3_ws/build/turtlebot3_autorace_camera/calibration/extrinsic_calibration/compensation.yaml -> /home/nikita/turtlebot3_ws/install/turtlebot3_autorace_camera/share/turtlebot3_autorace_camera/calibration/extrinsic_calibration
[2.842s] Invoked command in '/home/nikita/turtlebot3_ws/build/turtlebot3_autorace_camera' returned '0': PYTHONPATH=/home/nikita/turtlebot3_ws/build/turtlebot3_autorace_camera/prefix_override:/usr/lib/python3/dist-packages/colcon_core/task/python/colcon_distutils_commands:/home/nikita/turtlebot3_ws/install/turtlebot3_autorace_camera/lib/python3.10/site-packages:${PYTHONPATH} /usr/bin/python3 -W ignore:setup.py install is deprecated -W ignore:easy_install command is deprecated setup.py develop --editable --build-directory /home/nikita/turtlebot3_ws/build/turtlebot3_autorace_camera/build --no-deps symlink_data
