[0.000000] (-) TimerEvent: {}
[0.003923] (-) JobUnselected: {'identifier': 'apriltag'}
[0.004008] (-) JobUnselected: {'identifier': 'dynamixel_sdk'}
[0.004081] (-) JobUnselected: {'identifier': 'dynamixel_sdk_custom_interfaces'}
[0.004108] (-) JobUnselected: {'identifier': 'dynamixel_sdk_examples'}
[0.004130] (-) JobUnselected: {'identifier': 'turtlebot3'}
[0.004153] (-) JobUnselected: {'identifier': 'turtlebot3_autorace'}
[0.004174] (-) JobUnselected: {'identifier': 'turtlebot3_autorace_camera'}
[0.004195] (-) JobUnselected: {'identifier': 'turtlebot3_autorace_detect'}
[0.004216] (-) JobUnselected: {'identifier': 'turtlebot3_autorace_mission'}
[0.004237] (-) JobUnselected: {'identifier': 'turtlebot3_bringup'}
[0.004258] (-) JobUnselected: {'identifier': 'turtlebot3_cartographer'}
[0.004279] (-) JobUnselected: {'identifier': 'turtlebot3_description'}
[0.004300] (-) JobUnselected: {'identifier': 'turtlebot3_example'}
[0.004365] (-) JobUnselected: {'identifier': 'turtlebot3_fake_node'}
[0.004387] (-) JobUnselected: {'identifier': 'turtlebot3_gazebo'}
[0.004409] (-) JobUnselected: {'identifier': 'turtlebot3_msgs'}
[0.004430] (-) JobUnselected: {'identifier': 'turtlebot3_navigation2'}
[0.004461] (-) JobUnselected: {'identifier': 'turtlebot3_node'}
[0.004498] (-) JobUnselected: {'identifier': 'turtlebot3_simulations'}
[0.004561] (-) JobUnselected: {'identifier': 'turtlebot3_teleop'}
[0.004594] (apriltag_ros) JobQueued: {'identifier': 'apriltag_ros', 'dependencies': OrderedDict([('apriltag', '/home/nikita/turtlebot3_ws/src/install/apriltag')])}
[0.004631] (apriltag_ros) JobStarted: {'identifier': 'apriltag_ros'}
[0.022294] (apriltag_ros) JobEnded: {'identifier': 'apriltag_ros', 'rc': 1}
[0.036593] (-) EventReactorShutdown: {}
