[0.690s] Invoking command in '/home/nikita/turtlebot3_ws/src/turtlebot3_autorace/turtlebot3_autorace_detect': PYTHONPATH=/home/nikita/turtlebot3_ws/build/turtlebot3_autorace_detect/prefix_override:/usr/lib/python3/dist-packages/colcon_core/task/python/colcon_distutils_commands:/home/nikita/turtlebot3_ws/install/turtlebot3_autorace_detect/lib/python3.10/site-packages:${PYTHONPATH} /usr/bin/python3 -W ignore:setup.py install is deprecated -W ignore:easy_install command is deprecated setup.py egg_info --egg-base ../../../build/turtlebot3_autorace_detect build --build-base /home/nikita/turtlebot3_ws/build/turtlebot3_autorace_detect/build install --record /home/nikita/turtlebot3_ws/build/turtlebot3_autorace_detect/install.log --single-version-externally-managed install_data
[0.961s] running egg_info
[0.962s] writing ../../../build/turtlebot3_autorace_detect/turtlebot3_autorace_detect.egg-info/PKG-INFO
[0.962s] writing dependency_links to ../../../build/turtlebot3_autorace_detect/turtlebot3_autorace_detect.egg-info/dependency_links.txt
[0.962s] writing entry points to ../../../build/turtlebot3_autorace_detect/turtlebot3_autorace_detect.egg-info/entry_points.txt
[0.962s] writing requirements to ../../../build/turtlebot3_autorace_detect/turtlebot3_autorace_detect.egg-info/requires.txt
[0.963s] writing top-level names to ../../../build/turtlebot3_autorace_detect/turtlebot3_autorace_detect.egg-info/top_level.txt
[0.964s] reading manifest file '../../../build/turtlebot3_autorace_detect/turtlebot3_autorace_detect.egg-info/SOURCES.txt'
[0.966s] writing manifest file '../../../build/turtlebot3_autorace_detect/turtlebot3_autorace_detect.egg-info/SOURCES.txt'
[0.967s] running build
[0.967s] running build_py
[0.967s] copying turtlebot3_autorace_detect/docking_mission.py -> /home/nikita/turtlebot3_ws/build/turtlebot3_autorace_detect/build/lib/turtlebot3_autorace_detect
[0.967s] running install
[0.967s] running install_lib
[0.968s] copying /home/nikita/turtlebot3_ws/build/turtlebot3_autorace_detect/build/lib/turtlebot3_autorace_detect/docking_mission.py -> /home/nikita/turtlebot3_ws/install/turtlebot3_autorace_detect/lib/python3.10/site-packages/turtlebot3_autorace_detect
[0.969s] byte-compiling /home/nikita/turtlebot3_ws/install/turtlebot3_autorace_detect/lib/python3.10/site-packages/turtlebot3_autorace_detect/docking_mission.py to docking_mission.cpython-310.pyc
[0.970s] running install_data
[0.971s] copying package.xml -> /home/nikita/turtlebot3_ws/install/turtlebot3_autorace_detect/share/turtlebot3_autorace_detect
[0.971s] running install_egg_info
[0.973s] removing '/home/nikita/turtlebot3_ws/install/turtlebot3_autorace_detect/lib/python3.10/site-packages/turtlebot3_autorace_detect-1.2.1-py3.10.egg-info' (and everything under it)
[0.973s] Copying ../../../build/turtlebot3_autorace_detect/turtlebot3_autorace_detect.egg-info to /home/nikita/turtlebot3_ws/install/turtlebot3_autorace_detect/lib/python3.10/site-packages/turtlebot3_autorace_detect-1.2.1-py3.10.egg-info
[0.974s] running install_scripts
[0.998s] Installing apriltag_docking script to /home/nikita/turtlebot3_ws/install/turtlebot3_autorace_detect/lib/turtlebot3_autorace_detect
[0.998s] Installing detect_apriltag script to /home/nikita/turtlebot3_ws/install/turtlebot3_autorace_detect/lib/turtlebot3_autorace_detect
[0.998s] Installing detect_construction_sign script to /home/nikita/turtlebot3_ws/install/turtlebot3_autorace_detect/lib/turtlebot3_autorace_detect
[0.998s] Installing detect_intersection_sign script to /home/nikita/turtlebot3_ws/install/turtlebot3_autorace_detect/lib/turtlebot3_autorace_detect
[0.998s] Installing detect_lane script to /home/nikita/turtlebot3_ws/install/turtlebot3_autorace_detect/lib/turtlebot3_autorace_detect
[0.998s] Installing detect_level_crossing script to /home/nikita/turtlebot3_ws/install/turtlebot3_autorace_detect/lib/turtlebot3_autorace_detect
[0.999s] Installing detect_level_crossing_sign script to /home/nikita/turtlebot3_ws/install/turtlebot3_autorace_detect/lib/turtlebot3_autorace_detect
[0.999s] Installing detect_parking_sign script to /home/nikita/turtlebot3_ws/install/turtlebot3_autorace_detect/lib/turtlebot3_autorace_detect
[0.999s] Installing detect_traffic_light script to /home/nikita/turtlebot3_ws/install/turtlebot3_autorace_detect/lib/turtlebot3_autorace_detect
[0.999s] Installing detect_tunnel_sign script to /home/nikita/turtlebot3_ws/install/turtlebot3_autorace_detect/lib/turtlebot3_autorace_detect
[0.999s] writing list of installed files to '/home/nikita/turtlebot3_ws/build/turtlebot3_autorace_detect/install.log'
[1.025s] Invoked command in '/home/nikita/turtlebot3_ws/src/turtlebot3_autorace/turtlebot3_autorace_detect' returned '0': PYTHONPATH=/home/nikita/turtlebot3_ws/build/turtlebot3_autorace_detect/prefix_override:/usr/lib/python3/dist-packages/colcon_core/task/python/colcon_distutils_commands:/home/nikita/turtlebot3_ws/install/turtlebot3_autorace_detect/lib/python3.10/site-packages:${PYTHONPATH} /usr/bin/python3 -W ignore:setup.py install is deprecated -W ignore:easy_install command is deprecated setup.py egg_info --egg-base ../../../build/turtlebot3_autorace_detect build --build-base /home/nikita/turtlebot3_ws/build/turtlebot3_autorace_detect/build install --record /home/nikita/turtlebot3_ws/build/turtlebot3_autorace_detect/install.log --single-version-externally-managed install_data
