[0.866s] Invoking command in '/home/nikita/turtlebot3_ws/build/turtlebot3_teleop': PYTHONPATH=/home/nikita/turtlebot3_ws/build/turtlebot3_teleop/prefix_override:/usr/lib/python3/dist-packages/colcon_core/task/python/colcon_distutils_commands:/home/nikita/turtlebot3_ws/install/turtlebot3_teleop/lib/python3.10/site-packages:${PYTHONPATH} /usr/bin/python3 -W ignore:setup.py install is deprecated -W ignore:easy_install command is deprecated setup.py develop --editable --build-directory /home/nikita/turtlebot3_ws/build/turtlebot3_teleop/build --no-deps symlink_data
[1.227s] running develop
[1.487s] running egg_info
[1.487s] creating turtlebot3_teleop.egg-info
[1.487s] writing turtlebot3_teleop.egg-info/PKG-INFO
[1.492s] writing dependency_links to turtlebot3_teleop.egg-info/dependency_links.txt
[1.492s] writing entry points to turtlebot3_teleop.egg-info/entry_points.txt
[1.492s] writing requirements to turtlebot3_teleop.egg-info/requires.txt
[1.492s] writing top-level names to turtlebot3_teleop.egg-info/top_level.txt
[1.492s] writing manifest file 'turtlebot3_teleop.egg-info/SOURCES.txt'
[1.492s] reading manifest file 'turtlebot3_teleop.egg-info/SOURCES.txt'
[1.492s] writing manifest file 'turtlebot3_teleop.egg-info/SOURCES.txt'
[1.500s] running build_ext
[1.500s] Creating /home/nikita/turtlebot3_ws/install/turtlebot3_teleop/lib/python3.10/site-packages/turtlebot3-teleop.egg-link (link to .)
[1.500s] Installing teleop_keyboard script to /home/nikita/turtlebot3_ws/install/turtlebot3_teleop/lib/turtlebot3_teleop
[1.500s] 
[1.500s] Installed /home/nikita/turtlebot3_ws/build/turtlebot3_teleop
[1.500s] running symlink_data
[1.502s] creating /home/nikita/turtlebot3_ws/install/turtlebot3_teleop/share/ament_index
[1.502s] creating /home/nikita/turtlebot3_ws/install/turtlebot3_teleop/share/ament_index/resource_index
[1.503s] creating /home/nikita/turtlebot3_ws/install/turtlebot3_teleop/share/ament_index/resource_index/packages
[1.508s] symbolically linking /home/nikita/turtlebot3_ws/build/turtlebot3_teleop/resource/turtlebot3_teleop -> /home/nikita/turtlebot3_ws/install/turtlebot3_teleop/share/ament_index/resource_index/packages
[1.509s] symbolically linking /home/nikita/turtlebot3_ws/build/turtlebot3_teleop/package.xml -> /home/nikita/turtlebot3_ws/install/turtlebot3_teleop/share/turtlebot3_teleop
[1.622s] Invoked command in '/home/nikita/turtlebot3_ws/build/turtlebot3_teleop' returned '0': PYTHONPATH=/home/nikita/turtlebot3_ws/build/turtlebot3_teleop/prefix_override:/usr/lib/python3/dist-packages/colcon_core/task/python/colcon_distutils_commands:/home/nikita/turtlebot3_ws/install/turtlebot3_teleop/lib/python3.10/site-packages:${PYTHONPATH} /usr/bin/python3 -W ignore:setup.py install is deprecated -W ignore:easy_install command is deprecated setup.py develop --editable --build-directory /home/nikita/turtlebot3_ws/build/turtlebot3_teleop/build --no-deps symlink_data
