[1.372s] Invoking command in '/home/nikita/turtlebot3_ws/build/turtlebot3_example': CMAKE_PREFIX_PATH=/home/nikita/turtlebot3_ws/install/turtlebot3_msgs:/home/nikita/turtlebot3_ws/install/turtlebot3:/home/nikita/turtlebot3_ws/install/turtlebot3_bringup:/home/nikita/turtlebot3_ws/install/turtlebot3_node:/home/nikita/turtlebot3_ws/install/turtlebot3_navigation2:/home/nikita/turtlebot3_ws/install/turtlebot3_description:/home/nikita/turtlebot3_ws/install/turtlebot3_cartographer:/home/nikita/turtlebot3_ws/install/dynamixel_sdk_examples:/home/nikita/turtlebot3_ws/install/dynamixel_sdk_custom_interfaces:/home/nikita/turtlebot3_ws/install/dynamixel_sdk LD_LIBRARY_PATH=/home/nikita/turtlebot3_ws/install/turtlebot3_msgs/lib:/home/nikita/turtlebot3_ws/install/dynamixel_sdk_custom_interfaces/lib:/home/nikita/turtlebot3_ws/install/dynamixel_sdk/lib:/usr/lib/x86_64-linux-gnu/gazebo-11/plugins:/opt/ros/humble/opt/rviz_ogre_vendor/lib:/opt/ros/humble/lib/x86_64-linux-gnu:/opt/ros/humble/lib:/usr/lib/x86_64-linux-gnu/gazebo-11/plugins:/usr/lib/x86_64-linux-gnu/gazebo-11/plugins:/home/nikita/turtlebot3_ws/build/turtlebot3_gazebo:/home/nikita/turtlebot3_ws/build/turtlebot3_gazebo:/usr/lib/x86_64-linux-gnu/gazebo-11/plugins PYTHONPATH=/home/nikita/turtlebot3_ws/build/turtlebot3_example/prefix_override:/usr/lib/python3/dist-packages/colcon_core/task/python/colcon_distutils_commands:/home/nikita/turtlebot3_ws/install/turtlebot3_example/lib/python3.10/site-packages:${PYTHONPATH} /usr/bin/python3 -W ignore:setup.py install is deprecated -W ignore:easy_install command is deprecated setup.py develop --editable --build-directory /home/nikita/turtlebot3_ws/build/turtlebot3_example/build --no-deps symlink_data
[1.791s] running develop
[2.023s] running egg_info
[2.023s] writing turtlebot3_example.egg-info/PKG-INFO
[2.023s] writing dependency_links to turtlebot3_example.egg-info/dependency_links.txt
[2.023s] writing entry points to turtlebot3_example.egg-info/entry_points.txt
[2.023s] writing requirements to turtlebot3_example.egg-info/requires.txt
[2.023s] writing top-level names to turtlebot3_example.egg-info/top_level.txt
[2.028s] reading manifest file 'turtlebot3_example.egg-info/SOURCES.txt'
[2.030s] writing manifest file 'turtlebot3_example.egg-info/SOURCES.txt'
[2.035s] running build_ext
[2.035s] Creating /home/nikita/turtlebot3_ws/install/turtlebot3_example/lib/python3.10/site-packages/turtlebot3-example.egg-link (link to .)
[2.040s] Installing turtlebot3_absolute_move script to /home/nikita/turtlebot3_ws/install/turtlebot3_example/lib/turtlebot3_example
[2.040s] Installing turtlebot3_interactive_marker script to /home/nikita/turtlebot3_ws/install/turtlebot3_example/lib/turtlebot3_example
[2.041s] Installing turtlebot3_obstacle_detection script to /home/nikita/turtlebot3_ws/install/turtlebot3_example/lib/turtlebot3_example
[2.041s] Installing turtlebot3_patrol_client script to /home/nikita/turtlebot3_ws/install/turtlebot3_example/lib/turtlebot3_example
[2.041s] Installing turtlebot3_patrol_server script to /home/nikita/turtlebot3_ws/install/turtlebot3_example/lib/turtlebot3_example
[2.041s] Installing turtlebot3_relative_move script to /home/nikita/turtlebot3_ws/install/turtlebot3_example/lib/turtlebot3_example
[2.041s] 
[2.041s] Installed /home/nikita/turtlebot3_ws/build/turtlebot3_example
[2.041s] running symlink_data
[2.111s] Invoked command in '/home/nikita/turtlebot3_ws/build/turtlebot3_example' returned '0': CMAKE_PREFIX_PATH=/home/nikita/turtlebot3_ws/install/turtlebot3_msgs:/home/nikita/turtlebot3_ws/install/turtlebot3:/home/nikita/turtlebot3_ws/install/turtlebot3_bringup:/home/nikita/turtlebot3_ws/install/turtlebot3_node:/home/nikita/turtlebot3_ws/install/turtlebot3_navigation2:/home/nikita/turtlebot3_ws/install/turtlebot3_description:/home/nikita/turtlebot3_ws/install/turtlebot3_cartographer:/home/nikita/turtlebot3_ws/install/dynamixel_sdk_examples:/home/nikita/turtlebot3_ws/install/dynamixel_sdk_custom_interfaces:/home/nikita/turtlebot3_ws/install/dynamixel_sdk LD_LIBRARY_PATH=/home/nikita/turtlebot3_ws/install/turtlebot3_msgs/lib:/home/nikita/turtlebot3_ws/install/dynamixel_sdk_custom_interfaces/lib:/home/nikita/turtlebot3_ws/install/dynamixel_sdk/lib:/usr/lib/x86_64-linux-gnu/gazebo-11/plugins:/opt/ros/humble/opt/rviz_ogre_vendor/lib:/opt/ros/humble/lib/x86_64-linux-gnu:/opt/ros/humble/lib:/usr/lib/x86_64-linux-gnu/gazebo-11/plugins:/usr/lib/x86_64-linux-gnu/gazebo-11/plugins:/home/nikita/turtlebot3_ws/build/turtlebot3_gazebo:/home/nikita/turtlebot3_ws/build/turtlebot3_gazebo:/usr/lib/x86_64-linux-gnu/gazebo-11/plugins PYTHONPATH=/home/nikita/turtlebot3_ws/build/turtlebot3_example/prefix_override:/usr/lib/python3/dist-packages/colcon_core/task/python/colcon_distutils_commands:/home/nikita/turtlebot3_ws/install/turtlebot3_example/lib/python3.10/site-packages:${PYTHONPATH} /usr/bin/python3 -W ignore:setup.py install is deprecated -W ignore:easy_install command is deprecated setup.py develop --editable --build-directory /home/nikita/turtlebot3_ws/build/turtlebot3_example/build --no-deps symlink_data
