[0.000000] (-) TimerEvent: {}
[0.000388] (-) JobUnselected: {'identifier': 'dynamixel_sdk'}
[0.000443] (-) JobUnselected: {'identifier': 'dynamixel_sdk_custom_interfaces'}
[0.000467] (-) JobUnselected: {'identifier': 'dynamixel_sdk_examples'}
[0.000488] (-) JobUnselected: {'identifier': 'turtlebot3'}
[0.000508] (-) JobUnselected: {'identifier': 'turtlebot3_autorace'}
[0.000528] (-) JobUnselected: {'identifier': 'turtlebot3_autorace_camera'}
[0.000547] (-) JobUnselected: {'identifier': 'turtlebot3_autorace_detect'}
[0.000566] (-) JobUnselected: {'identifier': 'turtlebot3_autorace_mission'}
[0.000586] (-) JobUnselected: {'identifier': 'turtlebot3_bringup'}
[0.000605] (-) JobUnselected: {'identifier': 'turtlebot3_cartographer'}
[0.000624] (-) JobUnselected: {'identifier': 'turtlebot3_description'}
[0.000643] (-) JobUnselected: {'identifier': 'turtlebot3_example'}
[0.000662] (-) JobUnselected: {'identifier': 'turtlebot3_fake_node'}
[0.000681] (-) JobUnselected: {'identifier': 'turtlebot3_gazebo'}
[0.000700] (-) JobUnselected: {'identifier': 'turtlebot3_msgs'}
[0.000754] (-) JobUnselected: {'identifier': 'turtlebot3_navigation2'}
[0.000778] (-) JobUnselected: {'identifier': 'turtlebot3_node'}
[0.000798] (-) JobUnselected: {'identifier': 'turtlebot3_simulations'}
[0.000818] (-) JobUnselected: {'identifier': 'turtlebot3_teleop'}
[0.000978] (-) EventReactorShutdown: {}
