[1.812s] Invoking command in '/home/nikita/turtlebot3_ws/src/turtlebot3_autorace_/turtlebot3_autorace_mission': PYTHONPATH=/home/nikita/turtlebot3_ws/build/turtlebot3_autorace_mission/prefix_override:/usr/lib/python3/dist-packages/colcon_core/task/python/colcon_distutils_commands:/home/nikita/turtlebot3_ws/install/turtlebot3_autorace_mission/lib/python3.10/site-packages:${PYTHONPATH} /usr/bin/python3 -W ignore:setup.py install is deprecated -W ignore:easy_install command is deprecated setup.py egg_info --egg-base ../../../build/turtlebot3_autorace_mission build --build-base /home/nikita/turtlebot3_ws/build/turtlebot3_autorace_mission/build install --record /home/nikita/turtlebot3_ws/build/turtlebot3_autorace_mission/install.log --single-version-externally-managed install_data
[2.162s] running egg_info
[2.163s] writing ../../../build/turtlebot3_autorace_mission/turtlebot3_autorace_mission.egg-info/PKG-INFO
[2.164s] writing dependency_links to ../../../build/turtlebot3_autorace_mission/turtlebot3_autorace_mission.egg-info/dependency_links.txt
[2.164s] writing entry points to ../../../build/turtlebot3_autorace_mission/turtlebot3_autorace_mission.egg-info/entry_points.txt
[2.164s] writing requirements to ../../../build/turtlebot3_autorace_mission/turtlebot3_autorace_mission.egg-info/requires.txt
[2.164s] writing top-level names to ../../../build/turtlebot3_autorace_mission/turtlebot3_autorace_mission.egg-info/top_level.txt
[2.168s] reading manifest file '../../../build/turtlebot3_autorace_mission/turtlebot3_autorace_mission.egg-info/SOURCES.txt'
[2.170s] writing manifest file '../../../build/turtlebot3_autorace_mission/turtlebot3_autorace_mission.egg-info/SOURCES.txt'
[2.170s] running build
[2.170s] running build_py
[2.171s] running install
[2.171s] running install_lib
[2.173s] running install_data
[2.173s] running install_egg_info
[2.176s] removing '/home/nikita/turtlebot3_ws/install/turtlebot3_autorace_mission/lib/python3.10/site-packages/turtlebot3_autorace_mission-1.2.1-py3.10.egg-info' (and everything under it)
[2.179s] Copying ../../../build/turtlebot3_autorace_mission/turtlebot3_autorace_mission.egg-info to /home/nikita/turtlebot3_ws/install/turtlebot3_autorace_mission/lib/python3.10/site-packages/turtlebot3_autorace_mission-1.2.1-py3.10.egg-info
[2.179s] running install_scripts
[2.208s] Installing avoid_construction script to /home/nikita/turtlebot3_ws/install/turtlebot3_autorace_mission/lib/turtlebot3_autorace_mission
[2.208s] Installing control_lane script to /home/nikita/turtlebot3_ws/install/turtlebot3_autorace_mission/lib/turtlebot3_autorace_mission
[2.208s] Installing mission_tunnel script to /home/nikita/turtlebot3_ws/install/turtlebot3_autorace_mission/lib/turtlebot3_autorace_mission
[2.209s] writing list of installed files to '/home/nikita/turtlebot3_ws/build/turtlebot3_autorace_mission/install.log'
[2.355s] Invoked command in '/home/nikita/turtlebot3_ws/src/turtlebot3_autorace_/turtlebot3_autorace_mission' returned '0': PYTHONPATH=/home/nikita/turtlebot3_ws/build/turtlebot3_autorace_mission/prefix_override:/usr/lib/python3/dist-packages/colcon_core/task/python/colcon_distutils_commands:/home/nikita/turtlebot3_ws/install/turtlebot3_autorace_mission/lib/python3.10/site-packages:${PYTHONPATH} /usr/bin/python3 -W ignore:setup.py install is deprecated -W ignore:easy_install command is deprecated setup.py egg_info --egg-base ../../../build/turtlebot3_autorace_mission build --build-base /home/nikita/turtlebot3_ws/build/turtlebot3_autorace_mission/build install --record /home/nikita/turtlebot3_ws/build/turtlebot3_autorace_mission/install.log --single-version-externally-managed install_data
