[1.255s] Invoking command in '/home/nikita/turtlebot3_ws/build/turtlebot3_teleop': PYTHONPATH=/home/nikita/turtlebot3_ws/build/turtlebot3_teleop/prefix_override:/usr/lib/python3/dist-packages/colcon_core/task/python/colcon_distutils_commands:/home/nikita/turtlebot3_ws/install/turtlebot3_teleop/lib/python3.10/site-packages:${PYTHONPATH} /usr/bin/python3 -W ignore:setup.py install is deprecated -W ignore:easy_install command is deprecated setup.py develop --uninstall --editable --build-directory /home/nikita/turtlebot3_ws/build/turtlebot3_teleop/build
[1.701s] running develop
[1.958s] Removing /home/nikita/turtlebot3_ws/install/turtlebot3_teleop/lib/python3.10/site-packages/turtlebot3-teleop.egg-link (link to .)
[2.094s] Invoked command in '/home/nikita/turtlebot3_ws/build/turtlebot3_teleop' returned '0': PYTHONPATH=/home/nikita/turtlebot3_ws/build/turtlebot3_teleop/prefix_override:/usr/lib/python3/dist-packages/colcon_core/task/python/colcon_distutils_commands:/home/nikita/turtlebot3_ws/install/turtlebot3_teleop/lib/python3.10/site-packages:${PYTHONPATH} /usr/bin/python3 -W ignore:setup.py install is deprecated -W ignore:easy_install command is deprecated setup.py develop --uninstall --editable --build-directory /home/nikita/turtlebot3_ws/build/turtlebot3_teleop/build
[2.096s] Invoking command in '/home/nikita/turtlebot3_ws/src/turtlebot3/turtlebot3_teleop': PYTHONPATH=/home/nikita/turtlebot3_ws/build/turtlebot3_teleop/prefix_override:/usr/lib/python3/dist-packages/colcon_core/task/python/colcon_distutils_commands:/home/nikita/turtlebot3_ws/install/turtlebot3_teleop/lib/python3.10/site-packages:${PYTHONPATH} /usr/bin/python3 -W ignore:setup.py install is deprecated -W ignore:easy_install command is deprecated setup.py egg_info --egg-base ../../../build/turtlebot3_teleop build --build-base /home/nikita/turtlebot3_ws/build/turtlebot3_teleop/build install --record /home/nikita/turtlebot3_ws/build/turtlebot3_teleop/install.log --single-version-externally-managed install_data --force
[2.532s] running egg_info
[2.534s] writing ../../../build/turtlebot3_teleop/turtlebot3_teleop.egg-info/PKG-INFO
[2.534s] writing dependency_links to ../../../build/turtlebot3_teleop/turtlebot3_teleop.egg-info/dependency_links.txt
[2.534s] writing entry points to ../../../build/turtlebot3_teleop/turtlebot3_teleop.egg-info/entry_points.txt
[2.535s] writing requirements to ../../../build/turtlebot3_teleop/turtlebot3_teleop.egg-info/requires.txt
[2.535s] writing top-level names to ../../../build/turtlebot3_teleop/turtlebot3_teleop.egg-info/top_level.txt
[2.538s] reading manifest file '../../../build/turtlebot3_teleop/turtlebot3_teleop.egg-info/SOURCES.txt'
[2.549s] writing manifest file '../../../build/turtlebot3_teleop/turtlebot3_teleop.egg-info/SOURCES.txt'
[2.549s] running build
[2.549s] running build_py
[2.550s] creating /home/nikita/turtlebot3_ws/build/turtlebot3_teleop/build
[2.550s] creating /home/nikita/turtlebot3_ws/build/turtlebot3_teleop/build/lib
[2.550s] creating /home/nikita/turtlebot3_ws/build/turtlebot3_teleop/build/lib/turtlebot3_teleop
[2.550s] copying turtlebot3_teleop/__init__.py -> /home/nikita/turtlebot3_ws/build/turtlebot3_teleop/build/lib/turtlebot3_teleop
[2.550s] creating /home/nikita/turtlebot3_ws/build/turtlebot3_teleop/build/lib/turtlebot3_teleop/script
[2.550s] copying turtlebot3_teleop/script/__init__.py -> /home/nikita/turtlebot3_ws/build/turtlebot3_teleop/build/lib/turtlebot3_teleop/script
[2.550s] copying turtlebot3_teleop/script/teleop_keyboard.py -> /home/nikita/turtlebot3_ws/build/turtlebot3_teleop/build/lib/turtlebot3_teleop/script
[2.550s] running install
[2.550s] running install_lib
[2.550s] creating /home/nikita/turtlebot3_ws/install/turtlebot3_teleop/lib/python3.10/site-packages/turtlebot3_teleop
[2.550s] copying /home/nikita/turtlebot3_ws/build/turtlebot3_teleop/build/lib/turtlebot3_teleop/__init__.py -> /home/nikita/turtlebot3_ws/install/turtlebot3_teleop/lib/python3.10/site-packages/turtlebot3_teleop
[2.550s] creating /home/nikita/turtlebot3_ws/install/turtlebot3_teleop/lib/python3.10/site-packages/turtlebot3_teleop/script
[2.550s] copying /home/nikita/turtlebot3_ws/build/turtlebot3_teleop/build/lib/turtlebot3_teleop/script/__init__.py -> /home/nikita/turtlebot3_ws/install/turtlebot3_teleop/lib/python3.10/site-packages/turtlebot3_teleop/script
[2.550s] copying /home/nikita/turtlebot3_ws/build/turtlebot3_teleop/build/lib/turtlebot3_teleop/script/teleop_keyboard.py -> /home/nikita/turtlebot3_ws/install/turtlebot3_teleop/lib/python3.10/site-packages/turtlebot3_teleop/script
[2.557s] byte-compiling /home/nikita/turtlebot3_ws/install/turtlebot3_teleop/lib/python3.10/site-packages/turtlebot3_teleop/__init__.py to __init__.cpython-310.pyc
[2.557s] byte-compiling /home/nikita/turtlebot3_ws/install/turtlebot3_teleop/lib/python3.10/site-packages/turtlebot3_teleop/script/__init__.py to __init__.cpython-310.pyc
[2.557s] byte-compiling /home/nikita/turtlebot3_ws/install/turtlebot3_teleop/lib/python3.10/site-packages/turtlebot3_teleop/script/teleop_keyboard.py to teleop_keyboard.cpython-310.pyc
[2.557s] running install_data
[2.557s] copying resource/turtlebot3_teleop -> /home/nikita/turtlebot3_ws/install/turtlebot3_teleop/share/ament_index/resource_index/packages
[2.557s] copying package.xml -> /home/nikita/turtlebot3_ws/install/turtlebot3_teleop/share/turtlebot3_teleop
[2.557s] running install_egg_info
[2.558s] Copying ../../../build/turtlebot3_teleop/turtlebot3_teleop.egg-info to /home/nikita/turtlebot3_ws/install/turtlebot3_teleop/lib/python3.10/site-packages/turtlebot3_teleop-2.2.8-py3.10.egg-info
[2.560s] running install_scripts
[2.592s] Installing teleop_keyboard script to /home/nikita/turtlebot3_ws/install/turtlebot3_teleop/lib/turtlebot3_teleop
[2.592s] writing list of installed files to '/home/nikita/turtlebot3_ws/build/turtlebot3_teleop/install.log'
[2.653s] Invoked command in '/home/nikita/turtlebot3_ws/src/turtlebot3/turtlebot3_teleop' returned '0': PYTHONPATH=/home/nikita/turtlebot3_ws/build/turtlebot3_teleop/prefix_override:/usr/lib/python3/dist-packages/colcon_core/task/python/colcon_distutils_commands:/home/nikita/turtlebot3_ws/install/turtlebot3_teleop/lib/python3.10/site-packages:${PYTHONPATH} /usr/bin/python3 -W ignore:setup.py install is deprecated -W ignore:easy_install command is deprecated setup.py egg_info --egg-base ../../../build/turtlebot3_teleop build --build-base /home/nikita/turtlebot3_ws/build/turtlebot3_teleop/build install --record /home/nikita/turtlebot3_ws/build/turtlebot3_teleop/install.log --single-version-externally-managed install_data --force
