[1.280s] Invoking command in '/home/nikita/turtlebot3_ws/build/turtlebot3_example': CMAKE_PREFIX_PATH=/home/nikita/turtlebot3_ws/install/turtlebot3_msgs:/home/nikita/turtlebot3_ws/install/turtlebot3:/home/nikita/turtlebot3_ws/install/turtlebot3_simulations:/home/nikita/turtlebot3_ws/install/turtlebot3_bringup:/home/nikita/turtlebot3_ws/install/turtlebot3_node:/home/nikita/turtlebot3_ws/install/turtlebot3_navigation2:/home/nikita/turtlebot3_ws/install/turtlebot3_fake_node:/home/nikita/turtlebot3_ws/install/turtlebot3_gazebo:/home/nikita/turtlebot3_ws/install/turtlebot3_description:/home/nikita/turtlebot3_ws/install/turtlebot3_cartographer:/home/nikita/turtlebot3_ws/install/dynamixel_sdk_examples:/home/nikita/turtlebot3_ws/install/dynamixel_sdk_custom_interfaces:/home/nikita/turtlebot3_ws/install/dynamixel_sdk LD_LIBRARY_PATH=/home/nikita/turtlebot3_ws/install/turtlebot3_msgs/lib:/home/nikita/turtlebot3_ws/install/dynamixel_sdk_custom_interfaces/lib:/home/nikita/turtlebot3_ws/install/dynamixel_sdk/lib:/usr/lib/x86_64-linux-gnu/gazebo-11/plugins:/opt/ros/humble/opt/rviz_ogre_vendor/lib:/opt/ros/humble/lib/x86_64-linux-gnu:/opt/ros/humble/lib:/usr/lib/x86_64-linux-gnu/gazebo-11/plugins:/usr/lib/x86_64-linux-gnu/gazebo-11/plugins:/home/nikita/turtlebot3_ws/build/turtlebot3_gazebo:/home/nikita/turtlebot3_ws/build/turtlebot3_gazebo:/usr/lib/x86_64-linux-gnu/gazebo-11/plugins PYTHONPATH=/home/nikita/turtlebot3_ws/build/turtlebot3_example/prefix_override:/usr/lib/python3/dist-packages/colcon_core/task/python/colcon_distutils_commands:/home/nikita/turtlebot3_ws/install/turtlebot3_example/lib/python3.10/site-packages:${PYTHONPATH} /usr/bin/python3 -W ignore:setup.py install is deprecated -W ignore:easy_install command is deprecated setup.py develop --uninstall --editable --build-directory /home/nikita/turtlebot3_ws/build/turtlebot3_example/build
[1.728s] running develop
[1.980s] Removing /home/nikita/turtlebot3_ws/install/turtlebot3_example/lib/python3.10/site-packages/turtlebot3-example.egg-link (link to .)
[2.050s] Invoked command in '/home/nikita/turtlebot3_ws/build/turtlebot3_example' returned '0': CMAKE_PREFIX_PATH=/home/nikita/turtlebot3_ws/install/turtlebot3_msgs:/home/nikita/turtlebot3_ws/install/turtlebot3:/home/nikita/turtlebot3_ws/install/turtlebot3_simulations:/home/nikita/turtlebot3_ws/install/turtlebot3_bringup:/home/nikita/turtlebot3_ws/install/turtlebot3_node:/home/nikita/turtlebot3_ws/install/turtlebot3_navigation2:/home/nikita/turtlebot3_ws/install/turtlebot3_fake_node:/home/nikita/turtlebot3_ws/install/turtlebot3_gazebo:/home/nikita/turtlebot3_ws/install/turtlebot3_description:/home/nikita/turtlebot3_ws/install/turtlebot3_cartographer:/home/nikita/turtlebot3_ws/install/dynamixel_sdk_examples:/home/nikita/turtlebot3_ws/install/dynamixel_sdk_custom_interfaces:/home/nikita/turtlebot3_ws/install/dynamixel_sdk LD_LIBRARY_PATH=/home/nikita/turtlebot3_ws/install/turtlebot3_msgs/lib:/home/nikita/turtlebot3_ws/install/dynamixel_sdk_custom_interfaces/lib:/home/nikita/turtlebot3_ws/install/dynamixel_sdk/lib:/usr/lib/x86_64-linux-gnu/gazebo-11/plugins:/opt/ros/humble/opt/rviz_ogre_vendor/lib:/opt/ros/humble/lib/x86_64-linux-gnu:/opt/ros/humble/lib:/usr/lib/x86_64-linux-gnu/gazebo-11/plugins:/usr/lib/x86_64-linux-gnu/gazebo-11/plugins:/home/nikita/turtlebot3_ws/build/turtlebot3_gazebo:/home/nikita/turtlebot3_ws/build/turtlebot3_gazebo:/usr/lib/x86_64-linux-gnu/gazebo-11/plugins PYTHONPATH=/home/nikita/turtlebot3_ws/build/turtlebot3_example/prefix_override:/usr/lib/python3/dist-packages/colcon_core/task/python/colcon_distutils_commands:/home/nikita/turtlebot3_ws/install/turtlebot3_example/lib/python3.10/site-packages:${PYTHONPATH} /usr/bin/python3 -W ignore:setup.py install is deprecated -W ignore:easy_install command is deprecated setup.py develop --uninstall --editable --build-directory /home/nikita/turtlebot3_ws/build/turtlebot3_example/build
[2.051s] Invoking command in '/home/nikita/turtlebot3_ws/src/turtlebot3/turtlebot3_example': CMAKE_PREFIX_PATH=/home/nikita/turtlebot3_ws/install/turtlebot3_msgs:/home/nikita/turtlebot3_ws/install/turtlebot3:/home/nikita/turtlebot3_ws/install/turtlebot3_simulations:/home/nikita/turtlebot3_ws/install/turtlebot3_bringup:/home/nikita/turtlebot3_ws/install/turtlebot3_node:/home/nikita/turtlebot3_ws/install/turtlebot3_navigation2:/home/nikita/turtlebot3_ws/install/turtlebot3_fake_node:/home/nikita/turtlebot3_ws/install/turtlebot3_gazebo:/home/nikita/turtlebot3_ws/install/turtlebot3_description:/home/nikita/turtlebot3_ws/install/turtlebot3_cartographer:/home/nikita/turtlebot3_ws/install/dynamixel_sdk_examples:/home/nikita/turtlebot3_ws/install/dynamixel_sdk_custom_interfaces:/home/nikita/turtlebot3_ws/install/dynamixel_sdk LD_LIBRARY_PATH=/home/nikita/turtlebot3_ws/install/turtlebot3_msgs/lib:/home/nikita/turtlebot3_ws/install/dynamixel_sdk_custom_interfaces/lib:/home/nikita/turtlebot3_ws/install/dynamixel_sdk/lib:/usr/lib/x86_64-linux-gnu/gazebo-11/plugins:/opt/ros/humble/opt/rviz_ogre_vendor/lib:/opt/ros/humble/lib/x86_64-linux-gnu:/opt/ros/humble/lib:/usr/lib/x86_64-linux-gnu/gazebo-11/plugins:/usr/lib/x86_64-linux-gnu/gazebo-11/plugins:/home/nikita/turtlebot3_ws/build/turtlebot3_gazebo:/home/nikita/turtlebot3_ws/build/turtlebot3_gazebo:/usr/lib/x86_64-linux-gnu/gazebo-11/plugins PYTHONPATH=/home/nikita/turtlebot3_ws/build/turtlebot3_example/prefix_override:/usr/lib/python3/dist-packages/colcon_core/task/python/colcon_distutils_commands:/home/nikita/turtlebot3_ws/install/turtlebot3_example/lib/python3.10/site-packages:${PYTHONPATH} /usr/bin/python3 -W ignore:setup.py install is deprecated -W ignore:easy_install command is deprecated setup.py egg_info --egg-base ../../../build/turtlebot3_example build --build-base /home/nikita/turtlebot3_ws/build/turtlebot3_example/build install --record /home/nikita/turtlebot3_ws/build/turtlebot3_example/install.log --single-version-externally-managed install_data --force
[2.433s] running egg_info
[2.434s] writing ../../../build/turtlebot3_example/turtlebot3_example.egg-info/PKG-INFO
[2.434s] writing dependency_links to ../../../build/turtlebot3_example/turtlebot3_example.egg-info/dependency_links.txt
[2.435s] writing entry points to ../../../build/turtlebot3_example/turtlebot3_example.egg-info/entry_points.txt
[2.435s] writing requirements to ../../../build/turtlebot3_example/turtlebot3_example.egg-info/requires.txt
[2.435s] writing top-level names to ../../../build/turtlebot3_example/turtlebot3_example.egg-info/top_level.txt
[2.438s] reading manifest file '../../../build/turtlebot3_example/turtlebot3_example.egg-info/SOURCES.txt'
[2.445s] writing manifest file '../../../build/turtlebot3_example/turtlebot3_example.egg-info/SOURCES.txt'
[2.445s] running build
[2.445s] running build_py
[2.445s] creating /home/nikita/turtlebot3_ws/build/turtlebot3_example/build
[2.445s] creating /home/nikita/turtlebot3_ws/build/turtlebot3_example/build/lib
[2.445s] creating /home/nikita/turtlebot3_ws/build/turtlebot3_example/build/lib/turtlebot3_example
[2.445s] copying turtlebot3_example/__init__.py -> /home/nikita/turtlebot3_ws/build/turtlebot3_example/build/lib/turtlebot3_example
[2.445s] creating /home/nikita/turtlebot3_ws/build/turtlebot3_example/build/lib/turtlebot3_example/turtlebot3_interactive_marker
[2.445s] copying turtlebot3_example/turtlebot3_interactive_marker/__init__.py -> /home/nikita/turtlebot3_ws/build/turtlebot3_example/build/lib/turtlebot3_example/turtlebot3_interactive_marker
[2.445s] copying turtlebot3_example/turtlebot3_interactive_marker/turtlebot3_interactive_marker.py -> /home/nikita/turtlebot3_ws/build/turtlebot3_example/build/lib/turtlebot3_example/turtlebot3_interactive_marker
[2.447s] creating /home/nikita/turtlebot3_ws/build/turtlebot3_example/build/lib/turtlebot3_example/turtlebot3_patrol
[2.447s] copying turtlebot3_example/turtlebot3_patrol/__init__.py -> /home/nikita/turtlebot3_ws/build/turtlebot3_example/build/lib/turtlebot3_example/turtlebot3_patrol
[2.448s] copying turtlebot3_example/turtlebot3_patrol/turtlebot3_patrol_server.py -> /home/nikita/turtlebot3_ws/build/turtlebot3_example/build/lib/turtlebot3_example/turtlebot3_patrol
[2.448s] copying turtlebot3_example/turtlebot3_patrol/turtlebot3_patrol_client.py -> /home/nikita/turtlebot3_ws/build/turtlebot3_example/build/lib/turtlebot3_example/turtlebot3_patrol
[2.448s] creating /home/nikita/turtlebot3_ws/build/turtlebot3_example/build/lib/turtlebot3_example/turtlebot3_relative_move
[2.449s] copying turtlebot3_example/turtlebot3_relative_move/__init__.py -> /home/nikita/turtlebot3_ws/build/turtlebot3_example/build/lib/turtlebot3_example/turtlebot3_relative_move
[2.449s] copying turtlebot3_example/turtlebot3_relative_move/turtlebot3_relative_move.py -> /home/nikita/turtlebot3_ws/build/turtlebot3_example/build/lib/turtlebot3_example/turtlebot3_relative_move
[2.449s] creating /home/nikita/turtlebot3_ws/build/turtlebot3_example/build/lib/turtlebot3_example/turtlebot3_obstacle_detection
[2.449s] copying turtlebot3_example/turtlebot3_obstacle_detection/__init__.py -> /home/nikita/turtlebot3_ws/build/turtlebot3_example/build/lib/turtlebot3_example/turtlebot3_obstacle_detection
[2.450s] copying turtlebot3_example/turtlebot3_obstacle_detection/turtlebot3_obstacle_detection.py -> /home/nikita/turtlebot3_ws/build/turtlebot3_example/build/lib/turtlebot3_example/turtlebot3_obstacle_detection
[2.451s] creating /home/nikita/turtlebot3_ws/build/turtlebot3_example/build/lib/turtlebot3_example/turtlebot3_absolute_move
[2.451s] copying turtlebot3_example/turtlebot3_absolute_move/__init__.py -> /home/nikita/turtlebot3_ws/build/turtlebot3_example/build/lib/turtlebot3_example/turtlebot3_absolute_move
[2.451s] copying turtlebot3_example/turtlebot3_absolute_move/turtlebot3_absolute_move.py -> /home/nikita/turtlebot3_ws/build/turtlebot3_example/build/lib/turtlebot3_example/turtlebot3_absolute_move
[2.451s] running install
[2.452s] running install_lib
[2.453s] creating /home/nikita/turtlebot3_ws/install/turtlebot3_example/lib/python3.10/site-packages/turtlebot3_example
[2.453s] copying /home/nikita/turtlebot3_ws/build/turtlebot3_example/build/lib/turtlebot3_example/__init__.py -> /home/nikita/turtlebot3_ws/install/turtlebot3_example/lib/python3.10/site-packages/turtlebot3_example
[2.453s] creating /home/nikita/turtlebot3_ws/install/turtlebot3_example/lib/python3.10/site-packages/turtlebot3_example/turtlebot3_interactive_marker
[2.453s] copying /home/nikita/turtlebot3_ws/build/turtlebot3_example/build/lib/turtlebot3_example/turtlebot3_interactive_marker/__init__.py -> /home/nikita/turtlebot3_ws/install/turtlebot3_example/lib/python3.10/site-packages/turtlebot3_example/turtlebot3_interactive_marker
[2.453s] copying /home/nikita/turtlebot3_ws/build/turtlebot3_example/build/lib/turtlebot3_example/turtlebot3_interactive_marker/turtlebot3_interactive_marker.py -> /home/nikita/turtlebot3_ws/install/turtlebot3_example/lib/python3.10/site-packages/turtlebot3_example/turtlebot3_interactive_marker
[2.453s] creating /home/nikita/turtlebot3_ws/install/turtlebot3_example/lib/python3.10/site-packages/turtlebot3_example/turtlebot3_patrol
[2.454s] copying /home/nikita/turtlebot3_ws/build/turtlebot3_example/build/lib/turtlebot3_example/turtlebot3_patrol/__init__.py -> /home/nikita/turtlebot3_ws/install/turtlebot3_example/lib/python3.10/site-packages/turtlebot3_example/turtlebot3_patrol
[2.454s] copying /home/nikita/turtlebot3_ws/build/turtlebot3_example/build/lib/turtlebot3_example/turtlebot3_patrol/turtlebot3_patrol_server.py -> /home/nikita/turtlebot3_ws/install/turtlebot3_example/lib/python3.10/site-packages/turtlebot3_example/turtlebot3_patrol
[2.454s] copying /home/nikita/turtlebot3_ws/build/turtlebot3_example/build/lib/turtlebot3_example/turtlebot3_patrol/turtlebot3_patrol_client.py -> /home/nikita/turtlebot3_ws/install/turtlebot3_example/lib/python3.10/site-packages/turtlebot3_example/turtlebot3_patrol
[2.454s] creating /home/nikita/turtlebot3_ws/install/turtlebot3_example/lib/python3.10/site-packages/turtlebot3_example/turtlebot3_relative_move
[2.454s] copying /home/nikita/turtlebot3_ws/build/turtlebot3_example/build/lib/turtlebot3_example/turtlebot3_relative_move/__init__.py -> /home/nikita/turtlebot3_ws/install/turtlebot3_example/lib/python3.10/site-packages/turtlebot3_example/turtlebot3_relative_move
[2.454s] copying /home/nikita/turtlebot3_ws/build/turtlebot3_example/build/lib/turtlebot3_example/turtlebot3_relative_move/turtlebot3_relative_move.py -> /home/nikita/turtlebot3_ws/install/turtlebot3_example/lib/python3.10/site-packages/turtlebot3_example/turtlebot3_relative_move
[2.454s] creating /home/nikita/turtlebot3_ws/install/turtlebot3_example/lib/python3.10/site-packages/turtlebot3_example/turtlebot3_obstacle_detection
[2.455s] copying /home/nikita/turtlebot3_ws/build/turtlebot3_example/build/lib/turtlebot3_example/turtlebot3_obstacle_detection/__init__.py -> /home/nikita/turtlebot3_ws/install/turtlebot3_example/lib/python3.10/site-packages/turtlebot3_example/turtlebot3_obstacle_detection
[2.455s] copying /home/nikita/turtlebot3_ws/build/turtlebot3_example/build/lib/turtlebot3_example/turtlebot3_obstacle_detection/turtlebot3_obstacle_detection.py -> /home/nikita/turtlebot3_ws/install/turtlebot3_example/lib/python3.10/site-packages/turtlebot3_example/turtlebot3_obstacle_detection
[2.455s] creating /home/nikita/turtlebot3_ws/install/turtlebot3_example/lib/python3.10/site-packages/turtlebot3_example/turtlebot3_absolute_move
[2.455s] copying /home/nikita/turtlebot3_ws/build/turtlebot3_example/build/lib/turtlebot3_example/turtlebot3_absolute_move/__init__.py -> /home/nikita/turtlebot3_ws/install/turtlebot3_example/lib/python3.10/site-packages/turtlebot3_example/turtlebot3_absolute_move
[2.455s] copying /home/nikita/turtlebot3_ws/build/turtlebot3_example/build/lib/turtlebot3_example/turtlebot3_absolute_move/turtlebot3_absolute_move.py -> /home/nikita/turtlebot3_ws/install/turtlebot3_example/lib/python3.10/site-packages/turtlebot3_example/turtlebot3_absolute_move
[2.456s] byte-compiling /home/nikita/turtlebot3_ws/install/turtlebot3_example/lib/python3.10/site-packages/turtlebot3_example/__init__.py to __init__.cpython-310.pyc
[2.456s] byte-compiling /home/nikita/turtlebot3_ws/install/turtlebot3_example/lib/python3.10/site-packages/turtlebot3_example/turtlebot3_interactive_marker/__init__.py to __init__.cpython-310.pyc
[2.456s] byte-compiling /home/nikita/turtlebot3_ws/install/turtlebot3_example/lib/python3.10/site-packages/turtlebot3_example/turtlebot3_interactive_marker/turtlebot3_interactive_marker.py to turtlebot3_interactive_marker.cpython-310.pyc
[2.458s] byte-compiling /home/nikita/turtlebot3_ws/install/turtlebot3_example/lib/python3.10/site-packages/turtlebot3_example/turtlebot3_patrol/__init__.py to __init__.cpython-310.pyc
[2.458s] byte-compiling /home/nikita/turtlebot3_ws/install/turtlebot3_example/lib/python3.10/site-packages/turtlebot3_example/turtlebot3_patrol/turtlebot3_patrol_server.py to turtlebot3_patrol_server.cpython-310.pyc
[2.459s] byte-compiling /home/nikita/turtlebot3_ws/install/turtlebot3_example/lib/python3.10/site-packages/turtlebot3_example/turtlebot3_patrol/turtlebot3_patrol_client.py to turtlebot3_patrol_client.cpython-310.pyc
[2.460s] byte-compiling /home/nikita/turtlebot3_ws/install/turtlebot3_example/lib/python3.10/site-packages/turtlebot3_example/turtlebot3_relative_move/__init__.py to __init__.cpython-310.pyc
[2.462s] byte-compiling /home/nikita/turtlebot3_ws/install/turtlebot3_example/lib/python3.10/site-packages/turtlebot3_example/turtlebot3_relative_move/turtlebot3_relative_move.py to turtlebot3_relative_move.cpython-310.pyc
[2.462s] byte-compiling /home/nikita/turtlebot3_ws/install/turtlebot3_example/lib/python3.10/site-packages/turtlebot3_example/turtlebot3_obstacle_detection/__init__.py to __init__.cpython-310.pyc
[2.462s] byte-compiling /home/nikita/turtlebot3_ws/install/turtlebot3_example/lib/python3.10/site-packages/turtlebot3_example/turtlebot3_obstacle_detection/turtlebot3_obstacle_detection.py to turtlebot3_obstacle_detection.cpython-310.pyc
[2.462s] byte-compiling /home/nikita/turtlebot3_ws/install/turtlebot3_example/lib/python3.10/site-packages/turtlebot3_example/turtlebot3_absolute_move/__init__.py to __init__.cpython-310.pyc
[2.462s] byte-compiling /home/nikita/turtlebot3_ws/install/turtlebot3_example/lib/python3.10/site-packages/turtlebot3_example/turtlebot3_absolute_move/turtlebot3_absolute_move.py to turtlebot3_absolute_move.cpython-310.pyc
[2.463s] running install_data
[2.463s] copying resource/turtlebot3_example -> /home/nikita/turtlebot3_ws/install/turtlebot3_example/share/ament_index/resource_index/packages
[2.463s] copying package.xml -> /home/nikita/turtlebot3_ws/install/turtlebot3_example/share/turtlebot3_example
[2.463s] running install_egg_info
[2.466s] Copying ../../../build/turtlebot3_example/turtlebot3_example.egg-info to /home/nikita/turtlebot3_ws/install/turtlebot3_example/lib/python3.10/site-packages/turtlebot3_example-2.2.8-py3.10.egg-info
[2.467s] running install_scripts
[2.498s] Installing turtlebot3_absolute_move script to /home/nikita/turtlebot3_ws/install/turtlebot3_example/lib/turtlebot3_example
[2.498s] Installing turtlebot3_interactive_marker script to /home/nikita/turtlebot3_ws/install/turtlebot3_example/lib/turtlebot3_example
[2.498s] Installing turtlebot3_obstacle_detection script to /home/nikita/turtlebot3_ws/install/turtlebot3_example/lib/turtlebot3_example
[2.498s] Installing turtlebot3_patrol_client script to /home/nikita/turtlebot3_ws/install/turtlebot3_example/lib/turtlebot3_example
[2.498s] Installing turtlebot3_patrol_server script to /home/nikita/turtlebot3_ws/install/turtlebot3_example/lib/turtlebot3_example
[2.498s] Installing turtlebot3_relative_move script to /home/nikita/turtlebot3_ws/install/turtlebot3_example/lib/turtlebot3_example
[2.499s] writing list of installed files to '/home/nikita/turtlebot3_ws/build/turtlebot3_example/install.log'
[2.545s] Invoked command in '/home/nikita/turtlebot3_ws/src/turtlebot3/turtlebot3_example' returned '0': CMAKE_PREFIX_PATH=/home/nikita/turtlebot3_ws/install/turtlebot3_msgs:/home/nikita/turtlebot3_ws/install/turtlebot3:/home/nikita/turtlebot3_ws/install/turtlebot3_simulations:/home/nikita/turtlebot3_ws/install/turtlebot3_bringup:/home/nikita/turtlebot3_ws/install/turtlebot3_node:/home/nikita/turtlebot3_ws/install/turtlebot3_navigation2:/home/nikita/turtlebot3_ws/install/turtlebot3_fake_node:/home/nikita/turtlebot3_ws/install/turtlebot3_gazebo:/home/nikita/turtlebot3_ws/install/turtlebot3_description:/home/nikita/turtlebot3_ws/install/turtlebot3_cartographer:/home/nikita/turtlebot3_ws/install/dynamixel_sdk_examples:/home/nikita/turtlebot3_ws/install/dynamixel_sdk_custom_interfaces:/home/nikita/turtlebot3_ws/install/dynamixel_sdk LD_LIBRARY_PATH=/home/nikita/turtlebot3_ws/install/turtlebot3_msgs/lib:/home/nikita/turtlebot3_ws/install/dynamixel_sdk_custom_interfaces/lib:/home/nikita/turtlebot3_ws/install/dynamixel_sdk/lib:/usr/lib/x86_64-linux-gnu/gazebo-11/plugins:/opt/ros/humble/opt/rviz_ogre_vendor/lib:/opt/ros/humble/lib/x86_64-linux-gnu:/opt/ros/humble/lib:/usr/lib/x86_64-linux-gnu/gazebo-11/plugins:/usr/lib/x86_64-linux-gnu/gazebo-11/plugins:/home/nikita/turtlebot3_ws/build/turtlebot3_gazebo:/home/nikita/turtlebot3_ws/build/turtlebot3_gazebo:/usr/lib/x86_64-linux-gnu/gazebo-11/plugins PYTHONPATH=/home/nikita/turtlebot3_ws/build/turtlebot3_example/prefix_override:/usr/lib/python3/dist-packages/colcon_core/task/python/colcon_distutils_commands:/home/nikita/turtlebot3_ws/install/turtlebot3_example/lib/python3.10/site-packages:${PYTHONPATH} /usr/bin/python3 -W ignore:setup.py install is deprecated -W ignore:easy_install command is deprecated setup.py egg_info --egg-base ../../../build/turtlebot3_example build --build-base /home/nikita/turtlebot3_ws/build/turtlebot3_example/build install --record /home/nikita/turtlebot3_ws/build/turtlebot3_example/install.log --single-version-externally-managed install_data --force
