[2.114s] Invoking command in '/home/nikita/turtlebot3_ws/src/turtlebot3_autorace/turtlebot3_autorace_camera': PYTHONPATH=/home/nikita/turtlebot3_ws/src/build/turtlebot3_autorace_camera/prefix_override:/usr/lib/python3/dist-packages/colcon_core/task/python/colcon_distutils_commands:/home/nikita/turtlebot3_ws/src/install/turtlebot3_autorace_camera/lib/python3.10/site-packages:${PYTHONPATH} /usr/bin/python3 -W ignore:setup.py install is deprecated -W ignore:easy_install command is deprecated setup.py egg_info --egg-base ../../build/turtlebot3_autorace_camera build --build-base /home/nikita/turtlebot3_ws/src/build/turtlebot3_autorace_camera/build install --record /home/nikita/turtlebot3_ws/src/build/turtlebot3_autorace_camera/install.log --single-version-externally-managed install_data
[2.415s] running egg_info
[2.415s] creating ../../build/turtlebot3_autorace_camera/turtlebot3_autorace_camera.egg-info
[2.416s] writing ../../build/turtlebot3_autorace_camera/turtlebot3_autorace_camera.egg-info/PKG-INFO
[2.416s] writing dependency_links to ../../build/turtlebot3_autorace_camera/turtlebot3_autorace_camera.egg-info/dependency_links.txt
[2.416s] writing entry points to ../../build/turtlebot3_autorace_camera/turtlebot3_autorace_camera.egg-info/entry_points.txt
[2.416s] writing requirements to ../../build/turtlebot3_autorace_camera/turtlebot3_autorace_camera.egg-info/requires.txt
[2.416s] writing top-level names to ../../build/turtlebot3_autorace_camera/turtlebot3_autorace_camera.egg-info/top_level.txt
[2.417s] writing manifest file '../../build/turtlebot3_autorace_camera/turtlebot3_autorace_camera.egg-info/SOURCES.txt'
[2.420s] reading manifest file '../../build/turtlebot3_autorace_camera/turtlebot3_autorace_camera.egg-info/SOURCES.txt'
[2.421s] writing manifest file '../../build/turtlebot3_autorace_camera/turtlebot3_autorace_camera.egg-info/SOURCES.txt'
[2.421s] running build
[2.422s] running build_py
[2.422s] creating /home/nikita/turtlebot3_ws/src/build/turtlebot3_autorace_camera/build
[2.422s] creating /home/nikita/turtlebot3_ws/src/build/turtlebot3_autorace_camera/build/lib
[2.422s] creating /home/nikita/turtlebot3_ws/src/build/turtlebot3_autorace_camera/build/lib/turtlebot3_autorace_camera
[2.422s] copying turtlebot3_autorace_camera/__init__.py -> /home/nikita/turtlebot3_ws/src/build/turtlebot3_autorace_camera/build/lib/turtlebot3_autorace_camera
[2.422s] copying turtlebot3_autorace_camera/image_projection.py -> /home/nikita/turtlebot3_ws/src/build/turtlebot3_autorace_camera/build/lib/turtlebot3_autorace_camera
[2.423s] copying turtlebot3_autorace_camera/image_compensation.py -> /home/nikita/turtlebot3_ws/src/build/turtlebot3_autorace_camera/build/lib/turtlebot3_autorace_camera
[2.424s] running install
[2.424s] running install_lib
[2.425s] creating /home/nikita/turtlebot3_ws/src/install/turtlebot3_autorace_camera/lib/python3.10/site-packages/turtlebot3_autorace_camera
[2.425s] copying /home/nikita/turtlebot3_ws/src/build/turtlebot3_autorace_camera/build/lib/turtlebot3_autorace_camera/__init__.py -> /home/nikita/turtlebot3_ws/src/install/turtlebot3_autorace_camera/lib/python3.10/site-packages/turtlebot3_autorace_camera
[2.425s] copying /home/nikita/turtlebot3_ws/src/build/turtlebot3_autorace_camera/build/lib/turtlebot3_autorace_camera/image_projection.py -> /home/nikita/turtlebot3_ws/src/install/turtlebot3_autorace_camera/lib/python3.10/site-packages/turtlebot3_autorace_camera
[2.425s] copying /home/nikita/turtlebot3_ws/src/build/turtlebot3_autorace_camera/build/lib/turtlebot3_autorace_camera/image_compensation.py -> /home/nikita/turtlebot3_ws/src/install/turtlebot3_autorace_camera/lib/python3.10/site-packages/turtlebot3_autorace_camera
[2.425s] byte-compiling /home/nikita/turtlebot3_ws/src/install/turtlebot3_autorace_camera/lib/python3.10/site-packages/turtlebot3_autorace_camera/__init__.py to __init__.cpython-310.pyc
[2.426s] byte-compiling /home/nikita/turtlebot3_ws/src/install/turtlebot3_autorace_camera/lib/python3.10/site-packages/turtlebot3_autorace_camera/image_projection.py to image_projection.cpython-310.pyc
[2.427s] byte-compiling /home/nikita/turtlebot3_ws/src/install/turtlebot3_autorace_camera/lib/python3.10/site-packages/turtlebot3_autorace_camera/image_compensation.py to image_compensation.cpython-310.pyc
[2.428s] running install_data
[2.428s] creating /home/nikita/turtlebot3_ws/src/install/turtlebot3_autorace_camera/share/ament_index
[2.429s] creating /home/nikita/turtlebot3_ws/src/install/turtlebot3_autorace_camera/share/ament_index/resource_index
[2.429s] creating /home/nikita/turtlebot3_ws/src/install/turtlebot3_autorace_camera/share/ament_index/resource_index/packages
[2.429s] copying resource/turtlebot3_autorace_camera -> /home/nikita/turtlebot3_ws/src/install/turtlebot3_autorace_camera/share/ament_index/resource_index/packages
[2.429s] copying package.xml -> /home/nikita/turtlebot3_ws/src/install/turtlebot3_autorace_camera/share/turtlebot3_autorace_camera
[2.429s] creating /home/nikita/turtlebot3_ws/src/install/turtlebot3_autorace_camera/share/turtlebot3_autorace_camera/launch
[2.429s] copying launch/extrinsic_camera_calibration.launch.py -> /home/nikita/turtlebot3_ws/src/install/turtlebot3_autorace_camera/share/turtlebot3_autorace_camera/launch
[2.429s] copying launch/intrinsic_camera_calibration.launch.py -> /home/nikita/turtlebot3_ws/src/install/turtlebot3_autorace_camera/share/turtlebot3_autorace_camera/launch
[2.429s] creating /home/nikita/turtlebot3_ws/src/install/turtlebot3_autorace_camera/share/turtlebot3_autorace_camera/calibration
[2.429s] creating /home/nikita/turtlebot3_ws/src/install/turtlebot3_autorace_camera/share/turtlebot3_autorace_camera/calibration/extrinsic_calibration
[2.429s] copying calibration/extrinsic_calibration/projection.yaml -> /home/nikita/turtlebot3_ws/src/install/turtlebot3_autorace_camera/share/turtlebot3_autorace_camera/calibration/extrinsic_calibration
[2.430s] copying calibration/extrinsic_calibration/compensation.yaml -> /home/nikita/turtlebot3_ws/src/install/turtlebot3_autorace_camera/share/turtlebot3_autorace_camera/calibration/extrinsic_calibration
[2.430s] running install_egg_info
[2.432s] Copying ../../build/turtlebot3_autorace_camera/turtlebot3_autorace_camera.egg-info to /home/nikita/turtlebot3_ws/src/install/turtlebot3_autorace_camera/lib/python3.10/site-packages/turtlebot3_autorace_camera-1.2.1-py3.10.egg-info
[2.433s] running install_scripts
[2.458s] Installing image_compensation script to /home/nikita/turtlebot3_ws/src/install/turtlebot3_autorace_camera/lib/turtlebot3_autorace_camera
[2.459s] Installing image_projection script to /home/nikita/turtlebot3_ws/src/install/turtlebot3_autorace_camera/lib/turtlebot3_autorace_camera
[2.459s] writing list of installed files to '/home/nikita/turtlebot3_ws/src/build/turtlebot3_autorace_camera/install.log'
[2.504s] Invoked command in '/home/nikita/turtlebot3_ws/src/turtlebot3_autorace/turtlebot3_autorace_camera' returned '0': PYTHONPATH=/home/nikita/turtlebot3_ws/src/build/turtlebot3_autorace_camera/prefix_override:/usr/lib/python3/dist-packages/colcon_core/task/python/colcon_distutils_commands:/home/nikita/turtlebot3_ws/src/install/turtlebot3_autorace_camera/lib/python3.10/site-packages:${PYTHONPATH} /usr/bin/python3 -W ignore:setup.py install is deprecated -W ignore:easy_install command is deprecated setup.py egg_info --egg-base ../../build/turtlebot3_autorace_camera build --build-base /home/nikita/turtlebot3_ws/src/build/turtlebot3_autorace_camera/build install --record /home/nikita/turtlebot3_ws/src/build/turtlebot3_autorace_camera/install.log --single-version-externally-managed install_data
