[0.000000] (-) TimerEvent: {}
[0.000422] (-) JobUnselected: {'identifier': 'dynamixel_sdk'}
[0.000505] (-) JobUnselected: {'identifier': 'dynamixel_sdk_custom_interfaces'}
[0.000538] (-) JobUnselected: {'identifier': 'dynamixel_sdk_examples'}
[0.000568] (-) JobUnselected: {'identifier': 'turtlebot3'}
[0.000596] (-) JobUnselected: {'identifier': 'turtlebot3_autorace'}
[0.000639] (-) JobUnselected: {'identifier': 'turtlebot3_autorace_camera'}
[0.000692] (-) JobUnselected: {'identifier': 'turtlebot3_autorace_detect'}
[0.000723] (-) JobUnselected: {'identifier': 'turtlebot3_autorace_mission'}
[0.000751] (-) JobUnselected: {'identifier': 'turtlebot3_bringup'}
[0.000779] (-) JobUnselected: {'identifier': 'turtlebot3_cartographer'}
[0.000806] (-) JobUnselected: {'identifier': 'turtlebot3_description'}
[0.000834] (-) JobUnselected: {'identifier': 'turtlebot3_example'}
[0.000861] (-) JobUnselected: {'identifier': 'turtlebot3_fake_node'}
[0.000888] (-) JobUnselected: {'identifier': 'turtlebot3_gazebo'}
[0.000916] (-) JobUnselected: {'identifier': 'turtlebot3_msgs'}
[0.000943] (-) JobUnselected: {'identifier': 'turtlebot3_navigation2'}
[0.000971] (-) JobUnselected: {'identifier': 'turtlebot3_node'}
[0.000998] (-) JobUnselected: {'identifier': 'turtlebot3_simulations'}
[0.001018] (-) JobUnselected: {'identifier': 'turtlebot3_teleop'}
[0.001213] (-) EventReactorShutdown: {}
